- query: SELECT * FROM title t,movie_companies mc,movie_info mi,movie_info_idx mi_idx,movie_keyword
    mk WHERE t.id=mc.movie_id AND t.id=mi.movie_id AND t.id=mi_idx.movie_id AND t.id=mk.movie_id
    AND t.production_year>2002 AND mi.info_type_id>1
  qep:
  - node: Nested loop inner join (cost=17.5e+6 rows=42.5e+6) (actual time=4.71..5.97e+6
      rows=6.8e+9 loops=1)
    actual_rows: 6800000000.0
    estimated_rows: 42500000.0
    q_error: 160.0
  - node: Nested loop inner join (cost=2.66e+6 rows=3.69e+6) (actual time=3.79..142489
      rows=71.2e+6 loops=1)
    actual_rows: 71200000.0
    estimated_rows: 3690000.0
    q_error: 19.29539295392954
  - node: Nested loop inner join (cost=1.37e+6 rows=1.14e+6) (actual time=3.03..42957
      rows=7.78e+6 loops=1)
    actual_rows: 7780000.0
    estimated_rows: 1140000.0
    q_error: 6.824561403508772
  - node: Nested loop inner join (cost=571898 rows=422998) (actual time=1.51..6706
      rows=585034 loops=1)
    actual_rows: 585034.0
    estimated_rows: 422998.0
    q_error: 1.3830656409722977
  - node: Table scan on mi_idx (cost=127705 rows=1.27e+6) (actual time=1.04..1526
      rows=1.38e+6 loops=1)
    actual_rows: 1380000.0
    estimated_rows: 1270000.0
    q_error: 1.0866141732283465
  - node: 'Filter: (t.production_year > 2002) (cost=0.25 rows=0.333) (actual time=0.00359..0.00363
      rows=0.424 loops=1.38e+6)'
    actual_rows: 0.424
    estimated_rows: 0.333
    q_error: 1.2732732732732732
  - node: Single-row index lookup on t using PRIMARY (id=mi_idx.movie_id) (cost=0.25
      rows=1) (actual time=0.00342..0.00344 rows=1 loops=1.38e+6)
    actual_rows: 1.0
    estimated_rows: 1.0
    q_error: 1.0
  - node: 'Filter: (mi.info_type_id > 1) (cost=1.34 rows=2.69) (actual time=0.0143..0.0608
      rows=13.3 loops=585034)'
    actual_rows: 13.3
    estimated_rows: 2.69
    q_error: 4.944237918215614
  - node: Index lookup on mi using movie_id_movie_info (movie_id=mi_idx.movie_id)
      (cost=1.34 rows=5.37) (actual time=0.0141..0.0581 rows=13.9 loops=585034)
    actual_rows: 13.9
    estimated_rows: 5.37
    q_error: 2.5884543761638734
  - node: Index lookup on mc using movie_id_movie_companies (movie_id=mi_idx.movie_id)
      (cost=0.811 rows=3.24) (actual time=0.00198..0.0123 rows=9.16 loops=7.78e+6)
    actual_rows: 9.16
    estimated_rows: 3.24
    q_error: 2.82716049382716
  - node: Index lookup on mk using movie_id_movie_keyword (movie_id=mi_idx.movie_id)
      (cost=2.88 rows=11.5) (actual time=0.00844..0.0776 rows=95.5 loops=71.2e+6)
    actual_rows: 95.5
    estimated_rows: 11.5
    q_error: 8.304347826086957

- query: SELECT * FROM title t,movie_info mi,movie_info_idx mi_idx WHERE t.id=mi.movie_id
    AND t.id=mi_idx.movie_id AND t.production_year>2004 AND mi.info_type_id>3
  qep:
  - node: Nested loop inner join (cost=1.37e+6 rows=1.14e+6) (actual time=0.0592..11908
      rows=5.41e+6 loops=1)
    actual_rows: 5410000.0
    estimated_rows: 1140000.0
    q_error: 4.745614035087719
  - node: Nested loop inner join (cost=571898 rows=422998) (actual time=0.044..1970
      rows=488617 loops=1)
    actual_rows: 488617.0
    estimated_rows: 422998.0
    q_error: 1.1551283930420475
  - node: Table scan on mi_idx (cost=127705 rows=1.27e+6) (actual time=0.0267..841
      rows=1.38e+6 loops=1)
    actual_rows: 1380000.0
    estimated_rows: 1270000.0
    q_error: 1.0866141732283465
  - node: 'Filter: (t.production_year > 2004) (cost=0.25 rows=0.333) (actual time=695e-6..720e-6
      rows=0.354 loops=1.38e+6)'
    actual_rows: 0.354
    estimated_rows: 0.333
    q_error: 1.0630630630630629
  - node: Single-row index lookup on t using PRIMARY (id=mi_idx.movie_id) (cost=0.25
      rows=1) (actual time=547e-6..569e-6 rows=1 loops=1.38e+6)
    actual_rows: 1.0
    estimated_rows: 1.0
    q_error: 1.0
  - node: 'Filter: (mi.info_type_id > 3) (cost=1.34 rows=2.69) (actual time=0.00266..0.0197
      rows=11.1 loops=488617)'
    actual_rows: 11.1
    estimated_rows: 2.69
    q_error: 4.12639405204461
  - node: Index lookup on mi using movie_id_movie_info (movie_id=mi_idx.movie_id)
      (cost=1.34 rows=5.37) (actual time=0.0022..0.0186 rows=13.7 loops=488617)
    actual_rows: 13.7
    estimated_rows: 5.37
    q_error: 2.5512104283054002

- query: SELECT * FROM title t,movie_keyword mk WHERE t.id=mk.movie_id AND mk.keyword_id=19480
  qep:
  - node: Nested loop inner join (cost=11.2 rows=16) (actual time=0.817..0.847 rows=16
      loops=1)
    actual_rows: 16.0
    estimated_rows: 16.0
    q_error: 1.0
  - node: Index lookup on mk using keyword_id_movie_keyword (keyword_id=19480) (cost=5.6
      rows=16) (actual time=0.805..0.808 rows=16 loops=1)
    actual_rows: 16.0
    estimated_rows: 16.0
    q_error: 1.0
  - node: Single-row index lookup on t using PRIMARY (id=mk.movie_id) (cost=0.256
      rows=1) (actual time=0.00226..0.0023 rows=1 loops=16)
    actual_rows: 1.0
    estimated_rows: 1.0
    q_error: 1.0

- query: SELECT * FROM movie_info_idx mi_idx WHERE mi_idx.info_type_id<101
  qep:
  - node: 'Filter: (mi_idx.info_type_id < 101) (cost=127705 rows=634560) (actual time=0.0165..741
      rows=919850 loops=1)'
    actual_rows: 919850.0
    estimated_rows: 634560.0
    q_error: 1.4495871154815936
  - node: Table scan on mi_idx (cost=127705 rows=1.27e+6) (actual time=0.0154..662
      rows=1.38e+6 loops=1)
    actual_rows: 1380000.0
    estimated_rows: 1270000.0
    q_error: 1.0866141732283465

- query: SELECT * FROM title t,movie_info mi WHERE t.id=mi.movie_id AND t.kind_id<7
    AND t.production_year=2000 AND mi.info_type_id=7
  qep:
  - node: Nested loop inner join (cost=510799 rows=132240) (actual time=2.27..3518
      rows=10111 loops=1)
    actual_rows: 10111.0
    estimated_rows: 132240.0
    q_error: 13.07882504203343
  - node: 'Filter: ((t.production_year = 2000) and (t.kind_id < 7)) (cost=266255 rows=130064)
      (actual time=0.576..2546 rows=17357 loops=1)'
    actual_rows: 17357.0
    estimated_rows: 130064.0
    q_error: 7.493460851529642
  - node: Table scan on t (cost=266255 rows=2.6e+6) (actual time=0.0188..2426 rows=2.53e+6
      loops=1)
    actual_rows: 2530000.0
    estimated_rows: 2600000.0
    q_error: 1.0276679841897234
  - node: 'Filter: (mi.info_type_id = 7) (cost=1.34 rows=1.02) (actual time=0.0526..0.0557
      rows=0.583 loops=17357)'
    actual_rows: 0.583
    estimated_rows: 1.02
    q_error: 1.7495711835334478
  - node: Index lookup on mi using movie_id_movie_info (movie_id=t.id) (cost=1.34
      rows=5.37) (actual time=0.016..0.055 rows=11.8 loops=17357)
    actual_rows: 11.8
    estimated_rows: 5.37
    q_error: 2.197392923649907

- query: SELECT * FROM title t,cast_info ci,movie_info mi WHERE t.id=ci.movie_id AND
    t.id=mi.movie_id AND ci.person_id<3176078 AND ci.role_id=8 AND mi.info_type_id=2
  qep:
  - node: Nested loop inner join (cost=4.44e+6 rows=1.96e+6) (actual time=0.281..49336
      rows=960788 loops=1)
    actual_rows: 960788.0
    estimated_rows: 1960000.0
    q_error: 2.0399921730912545
  - node: Nested loop inner join (cost=932624 rows=1.87e+6) (actual time=0.263..14912
      rows=1.41e+6 loops=1)
    actual_rows: 1410000.0
    estimated_rows: 1870000.0
    q_error: 1.326241134751773
  - node: 'Filter: (ci.person_id < 3176078) (cost=279191 rows=1.87e+6) (actual time=0.248..8294
      rows=1.41e+6 loops=1)'
    actual_rows: 1410000.0
    estimated_rows: 1870000.0
    q_error: 1.326241134751773
  - node: Index lookup on ci using role_id_cast_info (role_id=8) (cost=279191 rows=3.73e+6)
      (actual time=0.246..8144 rows=1.7e+6 loops=1)
    actual_rows: 1700000.0
    estimated_rows: 3730000.0
    q_error: 2.1941176470588237
  - node: Single-row index lookup on t using PRIMARY (id=ci.movie_id) (cost=0.25 rows=1)
      (actual time=0.00454..0.00457 rows=1 loops=1.41e+6)
    actual_rows: 1.0
    estimated_rows: 1.0
    q_error: 1.0
  - node: 'Filter: (mi.info_type_id = 2) (cost=1.34 rows=1.05) (actual time=0.0129..0.0243
      rows=0.683 loops=1.41e+6)'
    actual_rows: 0.683
    estimated_rows: 1.05
    q_error: 1.5373352855051243
  - node: Index lookup on mi using movie_id_movie_info (movie_id=ci.movie_id) (cost=1.34
      rows=5.37) (actual time=0.00601..0.0237 rows=8.53 loops=1.41e+6)
    actual_rows: 8.53
    estimated_rows: 5.37
    q_error: 1.5884543761638732

- query: SELECT * FROM title t,movie_companies mc WHERE t.id=mc.movie_id AND mc.company_type_id>1
  qep:
  - node: Nested loop inner join (cost=717249 rows=1.3e+6) (actual time=846..2907
      rows=1.33e+6 loops=1)
    actual_rows: 1330000.0
    estimated_rows: 1300000.0
    q_error: 1.023076923076923
  - node: 'Filter: (mc.company_type_id > 1) (cost=262291 rows=1.3e+6) (actual time=846..1690
      rows=1.33e+6 loops=1)'
    actual_rows: 1330000.0
    estimated_rows: 1300000.0
    q_error: 1.023076923076923
  - node: Table scan on mc (cost=262291 rows=2.6e+6) (actual time=0.0129..1544 rows=2.61e+6
      loops=1)
    actual_rows: 2610000.0
    estimated_rows: 2600000.0
    q_error: 1.0038461538461538
  - node: Single-row index lookup on t using PRIMARY (id=mc.movie_id) (cost=0.25 rows=1)
      (actual time=781e-6..801e-6 rows=1 loops=1.33e+6)
    actual_rows: 1.0
    estimated_rows: 1.0
    q_error: 1.0

- query: SELECT * FROM movie_companies mc WHERE mc.company_id>12740 AND mc.company_type_id>1
  qep:
  - node: 'Filter: ((mc.company_id > 12740) and (mc.company_type_id > 1)) (cost=262291
      rows=649940) (actual time=700..1475 rows=876047 loops=1)'
    actual_rows: 876047.0
    estimated_rows: 649940.0
    q_error: 1.3478890359110072
  - node: Table scan on mc (cost=262291 rows=2.6e+6) (actual time=0.0127..1277 rows=2.61e+6
      loops=1)
    actual_rows: 2610000.0
    estimated_rows: 2600000.0
    q_error: 1.0038461538461538

- query: SELECT * FROM title t,movie_companies mc,movie_info mi,movie_keyword mk WHERE
    t.id=mc.movie_id AND t.id=mi.movie_id AND t.id=mk.movie_id AND t.kind_id<7 AND
    mc.company_id<11471 AND mc.company_type_id=1 AND mi.info_type_id<2
  qep:
  - node: Nested loop inner join (cost=1.77e+6 rows=2.45e+6) (actual time=0.075..65070
      rows=23.4e+6 loops=1)
    actual_rows: 23400000.0
    estimated_rows: 2450000.0
    q_error: 9.551020408163266
  - node: Nested loop inner join (cost=910419 rows=212058) (actual time=0.0615..42101
      rows=551891 loops=1)
    actual_rows: 551891.0
    estimated_rows: 212058.0
    q_error: 2.6025474162729063
  - node: Nested loop inner join (cost=299416 rows=324970) (actual time=0.0383..3365
      rows=587228 loops=1)
    actual_rows: 587228.0
    estimated_rows: 324970.0
    q_error: 1.8070221866633842
  - node: 'Filter: (mc.company_id < 11471) (cost=71937 rows=649940) (actual time=0.0274..2261
      rows=904067 loops=1)'
    actual_rows: 904067.0
    estimated_rows: 649940.0
    q_error: 1.3910007077576392
  - node: Index lookup on mc using company_type_id_movie_companies (company_type_id=1)
      (cost=71937 rows=1.3e+6) (actual time=0.0259..2160 rows=1.27e+6 loops=1)
    actual_rows: 1270000.0
    estimated_rows: 1300000.0
    q_error: 1.0236220472440944
  - node: 'Filter: (t.kind_id < 7) (cost=0.25 rows=0.5) (actual time=0.00105..0.0011
      rows=0.65 loops=904067)'
    actual_rows: 0.65
    estimated_rows: 0.5
    q_error: 1.3
  - node: Single-row index lookup on t using PRIMARY (id=mc.movie_id) (cost=0.25 rows=1)
      (actual time=919e-6..941e-6 rows=1 loops=904067)
    actual_rows: 1.0
    estimated_rows: 1.0
    q_error: 1.0
  - node: 'Filter: (mi.info_type_id < 2) (cost=1.34 rows=0.653) (actual time=0.0514..0.0658
      rows=0.94 loops=587228)'
    actual_rows: 0.94
    estimated_rows: 0.653
    q_error: 1.4395099540581928
  - node: Index lookup on mi using movie_id_movie_info (movie_id=mc.movie_id) (cost=1.34
      rows=5.37) (actual time=0.00254..0.063 rows=51.1 loops=587228)
    actual_rows: 51.1
    estimated_rows: 5.37
    q_error: 9.51582867783985
  - node: Index lookup on mk using movie_id_movie_keyword (movie_id=mc.movie_id) (cost=2.88
      rows=11.5) (actual time=0.00943..0.0396 rows=42.4 loops=551891)
    actual_rows: 42.4
    estimated_rows: 11.5
    q_error: 3.6869565217391305

- query: SELECT * FROM title t,cast_info ci,movie_info mi WHERE t.id=ci.movie_id AND
    t.id=mi.movie_id AND t.kind_id<4
  qep:
  - node: Nested loop inner join (cost=40.5e+6 rows=108e+6) (actual time=0.729..549047
      rows=352e+6 loops=1)
    actual_rows: 352000000.0
    estimated_rows: 108000000.0
    q_error: 3.259259259259259
  - node: Nested loop inner join (cost=2.71e+6 rows=6.99e+6) (actual time=0.033..28130
      rows=9.87e+6 loops=1)
    actual_rows: 9870000.0
    estimated_rows: 6990000.0
    q_error: 1.4120171673819744
  - node: 'Filter: (t.kind_id < 4) (cost=266255 rows=1.3e+6) (actual time=0.0182..2828
      rows=854214 loops=1)'
    actual_rows: 854214.0
    estimated_rows: 1300000.0
    q_error: 1.5218668858154982
  - node: Table scan on t (cost=266255 rows=2.6e+6) (actual time=0.0144..2538 rows=2.53e+6
      loops=1)
    actual_rows: 2530000.0
    estimated_rows: 2600000.0
    q_error: 1.0276679841897234
  - node: Index lookup on mi using movie_id_movie_info (movie_id=t.id) (cost=1.34
      rows=5.37) (actual time=0.00438..0.0289 rows=11.6 loops=854214)
    actual_rows: 11.6
    estimated_rows: 5.37
    q_error: 2.160148975791434
  - node: Index lookup on ci using movie_id_cast_info (movie_id=t.id) (cost=3.87 rows=15.5)
      (actual time=0.00322..0.051 rows=35.6 loops=9.87e+6)
    actual_rows: 35.6
    estimated_rows: 15.5
    q_error: 2.296774193548387

- query: SELECT * FROM title t,cast_info ci WHERE t.id=ci.movie_id AND t.kind_id<7
  qep:
  - node: Nested loop inner join (cost=7.31e+6 rows=20.1e+6) (actual time=0.0843..44556
      rows=14.8e+6 loops=1)
    actual_rows: 14800000.0
    estimated_rows: 20100000.0
    q_error: 1.3581081081081081
  - node: 'Filter: (t.kind_id < 7) (cost=266255 rows=1.3e+6) (actual time=0.0205..2425
      rows=985048 loops=1)'
    actual_rows: 985048.0
    estimated_rows: 1300000.0
    q_error: 1.3197326424702147
  - node: Table scan on t (cost=266255 rows=2.6e+6) (actual time=0.0157..2244 rows=2.53e+6
      loops=1)
    actual_rows: 2530000.0
    estimated_rows: 2600000.0
    q_error: 1.0276679841897234
  - node: Index lookup on ci using movie_id_cast_info (movie_id=t.id) (cost=3.87 rows=15.5)
      (actual time=0.00433..0.0419 rows=15 loops=985048)
    actual_rows: 15.0
    estimated_rows: 15.5
    q_error: 1.0333333333333334

- query: SELECT * FROM movie_companies mc WHERE mc.company_type_id=1
  qep:
  - node: Index lookup on mc using company_type_id_movie_companies (company_type_id=1)
      (cost=136931 rows=1.3e+6) (actual time=0.023..1635 rows=1.27e+6 loops=1)
    actual_rows: 1270000.0
    estimated_rows: 1300000.0
    q_error: 1.0236220472440944

- query: SELECT * FROM movie_info mi WHERE mi.info_type_id=98
  qep:
  - node: Index lookup on mi using info_type_id_movie_info (info_type_id=98) (cost=134266
      rows=649070) (actual time=0.0231..914 rows=328857 loops=1)
    actual_rows: 328857.0
    estimated_rows: 649070.0
    q_error: 1.973715018990017

- query: SELECT * FROM title t,cast_info ci WHERE t.id=ci.movie_id AND t.production_year>2007
    AND ci.person_id=1699564 AND ci.role_id=1
  qep:
  - node: Nested loop inner join (cost=11.4 rows=4) (actual time=0.105..0.2 rows=9
      loops=1)
    actual_rows: 9.0
    estimated_rows: 4.0
    q_error: 2.25
  - node: 'Filter: (ci.role_id = 1) (cost=7.2 rows=12) (actual time=0.0313..0.104
      rows=24 loops=1)'
    actual_rows: 24.0
    estimated_rows: 12.0
    q_error: 2.0
  - node: Index lookup on ci using person_id_cast_info (person_id=1699564) (cost=7.2
      rows=24) (actual time=0.03..0.101 rows=24 loops=1)
    actual_rows: 24.0
    estimated_rows: 24.0
    q_error: 1.0
  - node: 'Filter: (t.production_year > 2007) (cost=0.253 rows=0.333) (actual time=0.0038..0.00383
      rows=0.375 loops=24)'
    actual_rows: 0.375
    estimated_rows: 0.333
    q_error: 1.1261261261261262
  - node: Single-row index lookup on t using PRIMARY (id=ci.movie_id) (cost=0.253
      rows=1) (actual time=0.0036..0.00362 rows=1 loops=24)
    actual_rows: 1.0
    estimated_rows: 1.0
    q_error: 1.0

- query: SELECT * FROM title t,movie_keyword mk WHERE t.id=mk.movie_id AND t.kind_id>1
    AND mk.keyword_id>16264
  qep:
  - node: Nested loop inner join (cost=984003 rows=805325) (actual time=19.7..2248
      rows=391125 loops=1)
    actual_rows: 391125.0
    estimated_rows: 805325.0
    q_error: 2.0589964844998403
  - node: 'Filter: (mk.keyword_id > 16264) (cost=420275 rows=1.61e+6) (actual time=19.6..1490
      rows=1.09e+6 loops=1)'
    actual_rows: 1090000.0
    estimated_rows: 1610000.0
    q_error: 1.4770642201834863
  - node: Table scan on mk (cost=420275 rows=4.18e+6) (actual time=1.82..1288 rows=4.52e+6
      loops=1)
    actual_rows: 4520000.0
    estimated_rows: 4180000.0
    q_error: 1.0813397129186604
  - node: 'Filter: (t.kind_id > 1) (cost=0.25 rows=0.5) (actual time=581e-6..604e-6
      rows=0.359 loops=1.09e+6)'
    actual_rows: 0.359
    estimated_rows: 0.5
    q_error: 1.392757660167131
  - node: Single-row index lookup on t using PRIMARY (id=mk.movie_id) (cost=0.25 rows=1)
      (actual time=447e-6..468e-6 rows=1 loops=1.09e+6)
    actual_rows: 1.0
    estimated_rows: 1.0
    q_error: 1.0

- query: SELECT * FROM title t,movie_companies mc,cast_info ci,movie_keyword mk WHERE
    t.id=mc.movie_id AND t.id=ci.movie_id AND t.id=mk.movie_id AND mc.company_type_id=2
    AND ci.role_id=10 AND mk.keyword_id<4030
  qep:
  - node: Nested loop inner join (cost=21.9e+6 rows=14.5e+6) (actual time=1.35..367438
      rows=90.8e+6 loops=1)
    actual_rows: 90800000.0
    estimated_rows: 14500000.0
    q_error: 6.2620689655172415
  - node: Nested loop inner join (cost=3.53e+6 rows=3.39e+6) (actual time=1.3..25408
      rows=3.93e+6 loops=1)
    actual_rows: 3930000.0
    estimated_rows: 3390000.0
    q_error: 1.1592920353982301
  - node: Nested loop inner join (cost=1.15e+6 rows=2.09e+6) (actual time=0.727..2808
      rows=2.14e+6 loops=1)
    actual_rows: 2140000.0
    estimated_rows: 2090000.0
    q_error: 1.0239234449760766
  - node: 'Filter: (mk.keyword_id < 4030) (cost=420275 rows=2.09e+6) (actual time=0.711..1354
      rows=2.14e+6 loops=1)'
    actual_rows: 2140000.0
    estimated_rows: 2090000.0
    q_error: 1.0239234449760766
  - node: Table scan on mk (cost=420275 rows=4.18e+6) (actual time=0.709..1026 rows=4.52e+6
      loops=1)
    actual_rows: 4520000.0
    estimated_rows: 4180000.0
    q_error: 1.0813397129186604
  - node: Single-row index lookup on t using PRIMARY (id=mk.movie_id) (cost=0.25 rows=1)
      (actual time=510e-6..533e-6 rows=1 loops=2.14e+6)
    actual_rows: 1.0
    estimated_rows: 1.0
    q_error: 1.0
  - node: 'Filter: (mc.company_type_id = 2) (cost=0.811 rows=1.62) (actual time=0.00852..0.0104
      rows=1.83 loops=2.14e+6)'
    actual_rows: 1.83
    estimated_rows: 1.62
    q_error: 1.1296296296296295
  - node: Index lookup on mc using movie_id_movie_companies (movie_id=mk.movie_id)
      (cost=0.811 rows=3.24) (actual time=0.00242..0.00981 rows=7.31 loops=2.14e+6)
    actual_rows: 7.31
    estimated_rows: 3.24
    q_error: 2.2561728395061724
  - node: 'Filter: (ci.role_id = 10) (cost=3.87 rows=4.29) (actual time=0.0578..0.0858
      rows=23.1 loops=3.93e+6)'
    actual_rows: 23.1
    estimated_rows: 4.29
    q_error: 5.384615384615385
  - node: Index lookup on ci using movie_id_cast_info (movie_id=mk.movie_id) (cost=3.87
      rows=15.5) (actual time=0.00205..0.0816 rows=70.1 loops=3.93e+6)
    actual_rows: 70.1
    estimated_rows: 15.5
    q_error: 4.52258064516129

- query: SELECT * FROM title t,cast_info ci,movie_info_idx mi_idx,movie_keyword mk
    WHERE t.id=ci.movie_id AND t.id=mi_idx.movie_id AND t.id=mk.movie_id AND ci.person_id<1717521
    AND ci.role_id>2 AND mi_idx.info_type_id<100 AND mk.keyword_id>3617
  qep:
  - node: Nested loop inner join (cost=13.7e+6 rows=14.2e+6) (actual time=720..77899
      rows=16.1e+6 loops=1)
    actual_rows: 16100000.0
    estimated_rows: 14200000.0
    q_error: 1.1338028169014085
  - node: Nested loop inner join (cost=3.79e+6 rows=2.45e+6) (actual time=0.727..44351
      rows=2.08e+6 loops=1)
    actual_rows: 2080000.0
    estimated_rows: 2450000.0
    q_error: 1.1778846153846154
  - node: Nested loop inner join (cost=349801 rows=634560) (actual time=0.665..2329
      rows=459925 loops=1)
    actual_rows: 459925.0
    estimated_rows: 634560.0
    q_error: 1.3797032124802957
  - node: 'Filter: (mi_idx.info_type_id < 100) (cost=127705 rows=634560) (actual time=0.648..1419
      rows=459925 loops=1)'
    actual_rows: 459925.0
    estimated_rows: 634560.0
    q_error: 1.3797032124802957
  - node: Table scan on mi_idx (cost=127705 rows=1.27e+6) (actual time=0.647..1313
      rows=1.38e+6 loops=1)
    actual_rows: 1380000.0
    estimated_rows: 1270000.0
    q_error: 1.0866141732283465
  - node: Single-row index lookup on t using PRIMARY (id=mi_idx.movie_id) (cost=0.25
      rows=1) (actual time=0.00179..0.00182 rows=1 loops=459925)
    actual_rows: 1.0
    estimated_rows: 1.0
    q_error: 1.0
  - node: 'Filter: ((ci.person_id < 1717521) and (ci.role_id > 2)) (cost=3.87 rows=3.87)
      (actual time=0.0567..0.091 rows=4.52 loops=459925)'
    actual_rows: 4.52
    estimated_rows: 3.87
    q_error: 1.1679586563307491
  - node: Index lookup on ci using movie_id_cast_info (movie_id=mi_idx.movie_id) (cost=3.87
      rows=15.5) (actual time=0.0057..0.0882 rows=29.6 loops=459925)
    actual_rows: 29.6
    estimated_rows: 15.5
    q_error: 1.9096774193548387
  - node: 'Filter: (mk.keyword_id > 3617) (cost=2.88 rows=5.77) (actual time=0.00605..0.0156
      rows=7.74 loops=2.08e+6)'
    actual_rows: 7.74
    estimated_rows: 5.77
    q_error: 1.3414211438474872
  - node: Index lookup on mk using movie_id_movie_keyword (movie_id=mi_idx.movie_id)
      (cost=2.88 rows=11.5) (actual time=0.00579..0.0147 rows=13.6 loops=2.08e+6)
    actual_rows: 13.6
    estimated_rows: 11.5
    q_error: 1.182608695652174

- query: SELECT * FROM title t,movie_info mi WHERE t.id=mi.movie_id
  qep:
  - node: Nested loop inner join (cost=5.16e+6 rows=14e+6) (actual time=0.708..40391
      rows=14.8e+6 loops=1)
    actual_rows: 14800000.0
    estimated_rows: 14000000.0
    q_error: 1.0571428571428572
  - node: Table scan on t (cost=266255 rows=2.6e+6) (actual time=0.237..2529 rows=2.53e+6
      loops=1)
    actual_rows: 2530000.0
    estimated_rows: 2600000.0
    q_error: 1.0276679841897234
  - node: Index lookup on mi using movie_id_movie_info (movie_id=t.id) (cost=1.34
      rows=5.37) (actual time=0.0038..0.0145 rows=5.87 loops=2.53e+6)
    actual_rows: 5.87
    estimated_rows: 5.37
    q_error: 1.0931098696461825

- query: SELECT * FROM title t,movie_keyword mk WHERE t.id=mk.movie_id AND t.kind_id=7
    AND t.production_year>2009
  qep:
  - node: Nested loop inner join (cost=1.88e+6 rows=696772) (actual time=0.686..2768
      rows=133181 loops=1)
    actual_rows: 133181.0
    estimated_rows: 696772.0
    q_error: 5.231767294133547
  - node: Table scan on mk (cost=420275 rows=4.18e+6) (actual time=0.66..878 rows=4.52e+6
      loops=1)
    actual_rows: 4520000.0
    estimated_rows: 4180000.0
    q_error: 1.0813397129186604
  - node: 'Filter: ((t.kind_id = 7) and (t.production_year > 2009)) (cost=0.25 rows=0.167)
      (actual time=344e-6..345e-6 rows=0.0294 loops=4.52e+6)'
    actual_rows: 0.0294
    estimated_rows: 0.167
    q_error: 5.680272108843538
  - node: Single-row index lookup on t using PRIMARY (id=mk.movie_id) (cost=0.25 rows=1)
      (actual time=195e-6..215e-6 rows=1 loops=4.52e+6)
    actual_rows: 1.0
    estimated_rows: 1.0
    q_error: 1.0

- query: SELECT * FROM title t,movie_info mi,movie_info_idx mi_idx WHERE t.id=mi.movie_id
    AND t.id=mi_idx.movie_id AND t.kind_id<4 AND t.production_year>1992 AND mi.info_type_id=1
    AND mi_idx.info_type_id>100
  qep:
  - node: Nested loop inner join (cost=548630 rows=69006) (actual time=0.0583..7004
      rows=139398 loops=1)
    actual_rows: 139398.0
    estimated_rows: 69006.0
    q_error: 2.020085209981741
  - node: Nested loop inner join (cost=349801 rows=105749) (actual time=0.0291..1570
      rows=163551 loops=1)
    actual_rows: 163551.0
    estimated_rows: 105749.0
    q_error: 1.546596185306717
  - node: 'Filter: (mi_idx.info_type_id > 100) (cost=127705 rows=634560) (actual time=0.0179..845
      rows=460185 loops=1)'
    actual_rows: 460185.0
    estimated_rows: 634560.0
    q_error: 1.3789236937318687
  - node: Table scan on mi_idx (cost=127705 rows=1.27e+6) (actual time=0.014..758
      rows=1.38e+6 loops=1)
    actual_rows: 1380000.0
    estimated_rows: 1270000.0
    q_error: 1.0866141732283465
  - node: 'Filter: ((t.kind_id < 4) and (t.production_year > 1992)) (cost=0.25 rows=0.167)
      (actual time=0.00146..0.00148 rows=0.355 loops=460185)'
    actual_rows: 0.355
    estimated_rows: 0.167
    q_error: 2.125748502994012
  - node: Single-row index lookup on t using PRIMARY (id=mi_idx.movie_id) (cost=0.25
      rows=1) (actual time=0.00129..0.00131 rows=1 loops=460185)
    actual_rows: 1.0
    estimated_rows: 1.0
    q_error: 1.0
  - node: 'Filter: (mi.info_type_id = 1) (cost=1.34 rows=0.653) (actual time=0.0248..0.033
      rows=0.852 loops=163551)'
    actual_rows: 0.852
    estimated_rows: 0.653
    q_error: 1.3047473200612556
  - node: Index lookup on mi using movie_id_movie_info (movie_id=mi_idx.movie_id)
      (cost=1.34 rows=5.37) (actual time=0.00311..0.0319 rows=19.1 loops=163551)
    actual_rows: 19.1
    estimated_rows: 5.37
    q_error: 3.5567970204841717

- query: SELECT * FROM movie_keyword mk WHERE mk.keyword_id<1759
  qep:
  - node: 'Filter: (mk.keyword_id < 1759) (cost=420275 rows=2.09e+6) (actual time=0.685..853
      rows=1.35e+6 loops=1)'
    actual_rows: 1350000.0
    estimated_rows: 2090000.0
    q_error: 1.548148148148148
  - node: Table scan on mk (cost=420275 rows=4.18e+6) (actual time=0.684..668 rows=4.52e+6
      loops=1)
    actual_rows: 4520000.0
    estimated_rows: 4180000.0
    q_error: 1.0813397129186604

- query: SELECT * FROM title t WHERE t.production_year>1998
  qep:
  - node: 'Filter: (t.production_year > 1998) (cost=266255 rows=867004) (actual time=0.0215..1791
      rows=1.49e+6 loops=1)'
    actual_rows: 1490000.0
    estimated_rows: 867004.0
    q_error: 1.7185618520791137
  - node: Table scan on t (cost=266255 rows=2.6e+6) (actual time=0.0163..1649 rows=2.53e+6
      loops=1)
    actual_rows: 2530000.0
    estimated_rows: 2600000.0
    q_error: 1.0276679841897234

- query: SELECT * FROM title t,cast_info ci,movie_info mi,movie_keyword mk WHERE t.id=ci.movie_id
    AND t.id=mi.movie_id AND t.id=mk.movie_id AND t.kind_id<2 AND t.production_year<2010
    AND ci.person_id>718144 AND ci.role_id>9 AND mk.keyword_id<359
  qep:
  - node: Nested loop inner join (cost=2.88e+6 rows=2.4e+6) (actual time=15.9..627276
      rows=522e+6 loops=1)
    actual_rows: 522000000.0
    estimated_rows: 2400000.0
    q_error: 217.5
  - node: Nested loop inner join (cost=2.04e+6 rows=447444) (actual time=15.9..39263
      rows=2.91e+6 loops=1)
    actual_rows: 2910000.0
    estimated_rows: 447444.0
    q_error: 6.503607155308821
  - node: Nested loop inner join (cost=957075 rows=199371) (actual time=15.6..2392
      rows=237445 loops=1)
    actual_rows: 237445.0
    estimated_rows: 199371.0
    q_error: 1.190970602545004
  - node: 'Index range scan on mk using keyword_id_movie_keyword over (keyword_id
      < 359), with index condition: (mk.keyword_id < 359) (cost=538355 rows=1.2e+6)
      (actual time=11.7..1195 rows=472545 loops=1)'
    actual_rows: 472545.0
    estimated_rows: 1200000.0
    q_error: 2.5394406881884266
  - node: 'Filter: ((t.kind_id < 2) and (t.production_year < 2010)) (cost=0.25 rows=0.167)
      (actual time=0.00233..0.00238 rows=0.502 loops=472545)'
    actual_rows: 0.502
    estimated_rows: 0.167
    q_error: 3.0059880239520957
  - node: Single-row index lookup on t using PRIMARY (id=mk.movie_id) (cost=0.25 rows=1)
      (actual time=0.00208..0.00211 rows=1 loops=472545)
    actual_rows: 1.0
    estimated_rows: 1.0
    q_error: 1.0
  - node: 'Filter: ((ci.person_id > 718144) and (ci.role_id > 9)) (cost=3.87 rows=2.24)
      (actual time=0.115..0.154 rows=12.3 loops=237445)'
    actual_rows: 12.3
    estimated_rows: 2.24
    q_error: 5.491071428571428
  - node: Index lookup on ci using movie_id_cast_info (movie_id=mk.movie_id) (cost=3.87
      rows=15.5) (actual time=0.00478..0.148 rows=51.5 loops=237445)
    actual_rows: 51.5
    estimated_rows: 15.5
    q_error: 3.3225806451612905
  - node: Index lookup on mi using movie_id_movie_info (movie_id=mk.movie_id) (cost=1.34
      rows=5.37) (actual time=0.00194..0.194 rows=179 loops=2.91e+6)
    actual_rows: 179.0
    estimated_rows: 5.37
    q_error: 33.333333333333336

- query: SELECT * FROM title t,movie_companies mc,movie_info_idx mi_idx WHERE t.id=mc.movie_id
    AND t.id=mi_idx.movie_id AND t.production_year>2006
  qep:
  - node: Nested loop inner join (cost=1.05e+6 rows=1.37e+6) (actual time=0.0561..3615
      rows=1.1e+6 loops=1)
    actual_rows: 1100000.0
    estimated_rows: 1370000.0
    q_error: 1.2454545454545454
  - node: Nested loop inner join (cost=571898 rows=422998) (actual time=0.0391..1814
      rows=369173 loops=1)
    actual_rows: 369173.0
    estimated_rows: 422998.0
    q_error: 1.1457988531122265
  - node: Table scan on mi_idx (cost=127705 rows=1.27e+6) (actual time=0.0206..794
      rows=1.38e+6 loops=1)
    actual_rows: 1380000.0
    estimated_rows: 1270000.0
    q_error: 1.0866141732283465
  - node: 'Filter: (t.production_year > 2006) (cost=0.25 rows=0.333) (actual time=632e-6..649e-6
      rows=0.268 loops=1.38e+6)'
    actual_rows: 0.268
    estimated_rows: 0.333
    q_error: 1.242537313432836
  - node: Single-row index lookup on t using PRIMARY (id=mi_idx.movie_id) (cost=0.25
      rows=1) (actual time=488e-6..509e-6 rows=1 loops=1.38e+6)
    actual_rows: 1.0
    estimated_rows: 1.0
    q_error: 1.0
  - node: Index lookup on mc using movie_id_movie_companies (movie_id=mi_idx.movie_id)
      (cost=0.811 rows=3.24) (actual time=0.00197..0.00463 rows=2.99 loops=369173)
    actual_rows: 2.99
    estimated_rows: 3.24
    q_error: 1.0836120401337792

- query: SELECT * FROM title t,movie_companies mc WHERE t.id=mc.movie_id AND t.kind_id=7
  qep:
  - node: Nested loop inner join (cost=1.17e+6 rows=1.3e+6) (actual time=0.0365..4348
      rows=717308 loops=1)
    actual_rows: 717308.0
    estimated_rows: 1300000.0
    q_error: 1.8123316622706007
  - node: Table scan on mc (cost=262291 rows=2.6e+6) (actual time=0.0118..1527 rows=2.61e+6
      loops=1)
    actual_rows: 2610000.0
    estimated_rows: 2600000.0
    q_error: 1.0038461538461538
  - node: 'Filter: (t.kind_id = 7) (cost=0.25 rows=0.5) (actual time=976e-6..993e-6
      rows=0.275 loops=2.61e+6)'
    actual_rows: 0.275
    estimated_rows: 0.5
    q_error: 1.8181818181818181
  - node: Single-row index lookup on t using PRIMARY (id=mc.movie_id) (cost=0.25 rows=1)
      (actual time=833e-6..854e-6 rows=1 loops=2.61e+6)
    actual_rows: 1.0
    estimated_rows: 1.0
    q_error: 1.0

- query: SELECT * FROM movie_info mi WHERE mi.info_type_id=17
  qep:
  - node: Index lookup on mi using info_type_id_movie_info (info_type_id=17) (cost=154306
      rows=849476) (actual time=0.0228..703 rows=368218 loops=1)
    actual_rows: 368218.0
    estimated_rows: 849476.0
    q_error: 2.3069920536204096

- query: SELECT * FROM cast_info ci WHERE ci.person_id<896422
  qep:
  - node: 'Filter: (ci.person_id < 896422) (cost=3.51e+6 rows=17.4e+6) (actual time=0.0113..23184
      rows=9.1e+6 loops=1)'
    actual_rows: 9100000.0
    estimated_rows: 17400000.0
    q_error: 1.9120879120879122
  - node: Table scan on ci (cost=3.51e+6 rows=34.8e+6) (actual time=0.0103..21480
      rows=36.2e+6 loops=1)
    actual_rows: 36200000.0
    estimated_rows: 34800000.0
    q_error: 1.0402298850574712

- query: SELECT * FROM title t,movie_info mi WHERE t.id=mi.movie_id AND t.kind_id<7
    AND t.production_year=1986
  qep:
  - node: Nested loop inner join (cost=510799 rows=698695) (actual time=0.068..1982
      rows=85426 loops=1)
    actual_rows: 85426.0
    estimated_rows: 698695.0
    q_error: 8.178950202514457
  - node: 'Filter: ((t.production_year = 1986) and (t.kind_id < 7)) (cost=266255 rows=130064)
      (actual time=0.0538..1789 rows=7852 loops=1)'
    actual_rows: 7852.0
    estimated_rows: 130064.0
    q_error: 16.56444218033622
  - node: Table scan on t (cost=266255 rows=2.6e+6) (actual time=0.013..1648 rows=2.53e+6
      loops=1)
    actual_rows: 2530000.0
    estimated_rows: 2600000.0
    q_error: 1.0276679841897234
  - node: Index lookup on mi using movie_id_movie_info (movie_id=t.id) (cost=1.34
      rows=5.37) (actual time=0.00464..0.0239 rows=10.9 loops=7852)
    actual_rows: 10.9
    estimated_rows: 5.37
    q_error: 2.0297951582867784

- query: SELECT * FROM title t,movie_companies mc,movie_info_idx mi_idx WHERE t.id=mc.movie_id
    AND t.id=mi_idx.movie_id AND t.kind_id>3 AND t.production_year>2007
  qep:
  - node: Nested loop inner join (cost=812003 rows=686014) (actual time=0.0552..2194
      rows=314907 loops=1)
    actual_rows: 314907.0
    estimated_rows: 686014.0
    q_error: 2.178465388193975
  - node: Nested loop inner join (cost=571898 rows=211499) (actual time=0.0459..1686
      rows=133110 loops=1)
    actual_rows: 133110.0
    estimated_rows: 211499.0
    q_error: 1.588903914056044
  - node: Table scan on mi_idx (cost=127705 rows=1.27e+6) (actual time=0.0155..751
      rows=1.38e+6 loops=1)
    actual_rows: 1380000.0
    estimated_rows: 1270000.0
    q_error: 1.0866141732283465
  - node: 'Filter: ((t.kind_id > 3) and (t.production_year > 2007)) (cost=0.25 rows=0.167)
      (actual time=595e-6..601e-6 rows=0.0965 loops=1.38e+6)'
    actual_rows: 0.0965
    estimated_rows: 0.167
    q_error: 1.7305699481865287
  - node: Single-row index lookup on t using PRIMARY (id=mi_idx.movie_id) (cost=0.25
      rows=1) (actual time=442e-6..462e-6 rows=1 loops=1.38e+6)
    actual_rows: 1.0
    estimated_rows: 1.0
    q_error: 1.0
  - node: Index lookup on mc using movie_id_movie_companies (movie_id=mi_idx.movie_id)
      (cost=0.811 rows=3.24) (actual time=0.0017..0.00361 rows=2.37 loops=133110)
    actual_rows: 2.37
    estimated_rows: 3.24
    q_error: 1.3670886075949367

- query: SELECT * FROM movie_keyword mk WHERE mk.keyword_id<245
  qep:
  - node: 'Index range scan on mk using keyword_id_movie_keyword over (keyword_id
      < 245), with index condition: (mk.keyword_id < 245) (cost=343708 rows=763796)
      (actual time=8.73..383 rows=297845 loops=1)'
    actual_rows: 297845.0
    estimated_rows: 763796.0
    q_error: 2.564407661703235

- query: SELECT * FROM title t,movie_companies mc WHERE t.id=mc.movie_id AND mc.company_id=31319
    AND mc.company_type_id=1
  qep:
  - node: Nested loop inner join (cost=3.8 rows=4) (actual time=0.0284..0.0456 rows=1
      loops=1)
    actual_rows: 1.0
    estimated_rows: 4.0
    q_error: 4.0
  - node: 'Filter: (mc.company_type_id = 1) (cost=2.4 rows=4) (actual time=0.0187..0.0356
      rows=1 loops=1)'
    actual_rows: 1.0
    estimated_rows: 4.0
    q_error: 4.0
  - node: Index lookup on mc using company_id_movie_companies (company_id=31319) (cost=2.4
      rows=8) (actual time=0.0176..0.0341 rows=8 loops=1)
    actual_rows: 8.0
    estimated_rows: 8.0
    q_error: 1.0
  - node: Single-row index lookup on t using PRIMARY (id=mc.movie_id) (cost=0.275
      rows=1) (actual time=0.0085..0.0085 rows=1 loops=1)
    actual_rows: 1.0
    estimated_rows: 1.0
    q_error: 1.0

- query: SELECT * FROM movie_companies mc WHERE mc.company_id<3598 AND mc.company_type_id=2
  qep:
  - node: 'Filter: (mc.company_id < 3598) (cost=71937 rows=649940) (actual time=0.0206..1859
      rows=278429 loops=1)'
    actual_rows: 278429.0
    estimated_rows: 649940.0
    q_error: 2.3343114402594556
  - node: Index lookup on mc using company_type_id_movie_companies (company_type_id=2)
      (cost=71937 rows=1.3e+6) (actual time=0.0154..1785 rows=1.33e+6 loops=1)
    actual_rows: 1330000.0
    estimated_rows: 1300000.0
    q_error: 1.023076923076923

- query: SELECT * FROM title t,movie_info mi,movie_info_idx mi_idx WHERE t.id=mi.movie_id
    AND t.id=mi_idx.movie_id AND t.production_year<2008
  qep:
  - node: Nested loop inner join (cost=1.37e+6 rows=2.27e+6) (actual time=0.0449..24988
      rows=16.8e+6 loops=1)
    actual_rows: 16800000.0
    estimated_rows: 2270000.0
    q_error: 7.400881057268722
  - node: Nested loop inner join (cost=571898 rows=422998) (actual time=0.0296..2096
      rows=1.07e+6 loops=1)
    actual_rows: 1070000.0
    estimated_rows: 422998.0
    q_error: 2.52956278753091
  - node: Table scan on mi_idx (cost=127705 rows=1.27e+6) (actual time=0.0174..856
      rows=1.38e+6 loops=1)
    actual_rows: 1380000.0
    estimated_rows: 1270000.0
    q_error: 1.0866141732283465
  - node: 'Filter: (t.production_year < 2008) (cost=0.25 rows=0.333) (actual time=721e-6..775e-6
      rows=0.774 loops=1.38e+6)'
    actual_rows: 0.774
    estimated_rows: 0.333
    q_error: 2.324324324324324
  - node: Single-row index lookup on t using PRIMARY (id=mi_idx.movie_id) (cost=0.25
      rows=1) (actual time=583e-6..604e-6 rows=1 loops=1.38e+6)
    actual_rows: 1.0
    estimated_rows: 1.0
    q_error: 1.0
  - node: Index lookup on mi using movie_id_movie_info (movie_id=mi_idx.movie_id)
      (cost=1.34 rows=5.37) (actual time=0.002..0.0206 rows=15.7 loops=1.07e+6)
    actual_rows: 15.7
    estimated_rows: 5.37
    q_error: 2.9236499068901303

- query: SELECT * FROM title t,movie_keyword mk WHERE t.id=mk.movie_id AND t.production_year>1994
    AND mk.keyword_id<2488
  qep:
  - node: Nested loop inner join (cost=1.15e+6 rows=696772) (actual time=0.682..2028
      rows=885729 loops=1)
    actual_rows: 885729.0
    estimated_rows: 696772.0
    q_error: 1.2711891407806284
  - node: 'Filter: (mk.keyword_id < 2488) (cost=420275 rows=2.09e+6) (actual time=0.67..1081
      rows=1.61e+6 loops=1)'
    actual_rows: 1610000.0
    estimated_rows: 2090000.0
    q_error: 1.2981366459627328
  - node: Table scan on mk (cost=420275 rows=4.18e+6) (actual time=0.669..868 rows=4.52e+6
      loops=1)
    actual_rows: 4520000.0
    estimated_rows: 4180000.0
    q_error: 1.0813397129186604
  - node: 'Filter: (t.production_year > 1994) (cost=0.25 rows=0.333) (actual time=459e-6..494e-6
      rows=0.551 loops=1.61e+6)'
    actual_rows: 0.551
    estimated_rows: 0.333
    q_error: 1.6546546546546548
  - node: Single-row index lookup on t using PRIMARY (id=mk.movie_id) (cost=0.25 rows=1)
      (actual time=340e-6..361e-6 rows=1 loops=1.61e+6)
    actual_rows: 1.0
    estimated_rows: 1.0
    q_error: 1.0

- query: SELECT * FROM title t,movie_companies mc,cast_info ci,movie_keyword mk WHERE
    t.id=mc.movie_id AND t.id=ci.movie_id AND t.id=mk.movie_id AND mc.company_type_id>1
  qep:
  - node: Nested loop inner join (cost=43.3e+6 rows=105e+6) (actual time=0.705..771932
      rows=607e+6 loops=1)
    actual_rows: 607000000.0
    estimated_rows: 105000000.0
    q_error: 5.780952380952381
  - node: Nested loop inner join (cost=6.63e+6 rows=6.78e+6) (actual time=0.696..48540
      rows=8.42e+6 loops=1)
    actual_rows: 8420000.0
    estimated_rows: 6780000.0
    q_error: 1.2418879056047198
  - node: Nested loop inner join (cost=1.88e+6 rows=4.18e+6) (actual time=0.68..3580
      rows=4.52e+6 loops=1)
    actual_rows: 4520000.0
    estimated_rows: 4180000.0
    q_error: 1.0813397129186604
  - node: Table scan on mk (cost=420275 rows=4.18e+6) (actual time=0.67..1134 rows=4.52e+6
      loops=1)
    actual_rows: 4520000.0
    estimated_rows: 4180000.0
    q_error: 1.0813397129186604
  - node: Single-row index lookup on t using PRIMARY (id=mk.movie_id) (cost=0.25 rows=1)
      (actual time=377e-6..399e-6 rows=1 loops=4.52e+6)
    actual_rows: 1.0
    estimated_rows: 1.0
    q_error: 1.0
  - node: 'Filter: (mc.company_type_id > 1) (cost=0.811 rows=1.62) (actual time=0.00791..0.00974
      rows=1.86 loops=4.52e+6)'
    actual_rows: 1.86
    estimated_rows: 1.62
    q_error: 1.1481481481481481
  - node: Index lookup on mc using movie_id_movie_companies (movie_id=mk.movie_id)
      (cost=0.811 rows=3.24) (actual time=0.00174..0.00912 rows=7.71 loops=4.52e+6)
    actual_rows: 7.71
    estimated_rows: 3.24
    q_error: 2.3796296296296293
  - node: Index lookup on ci using movie_id_cast_info (movie_id=mk.movie_id) (cost=3.87
      rows=15.5) (actual time=0.00168..0.0825 rows=72 loops=8.42e+6)
    actual_rows: 72.0
    estimated_rows: 15.5
    q_error: 4.645161290322581

- query: SELECT * FROM title t,movie_info mi,movie_info_idx mi_idx WHERE t.id=mi.movie_id
    AND t.id=mi_idx.movie_id AND t.production_year>1998 AND mi.info_type_id=17
  qep:
  - node: Nested loop inner join (cost=772950 rows=918078) (actual time=2.6..4778
      rows=376129 loops=1)
    actual_rows: 376129.0
    estimated_rows: 918078.0
    q_error: 2.4408593860085235
  - node: Nested loop inner join (cost=451623 rows=283130) (actual time=0.0314..1138
      rows=156046 loops=1)
    actual_rows: 156046.0
    estimated_rows: 283130.0
    q_error: 1.8144008817912667
  - node: Index lookup on mi using info_type_id_movie_info (info_type_id=17) (cost=154306
      rows=849476) (actual time=0.0177..616 rows=368218 loops=1)
    actual_rows: 368218.0
    estimated_rows: 849476.0
    q_error: 2.3069920536204096
  - node: 'Filter: (t.production_year > 1998) (cost=0.25 rows=0.333) (actual time=0.0013..0.00132
      rows=0.424 loops=368218)'
    actual_rows: 0.424
    estimated_rows: 0.333
    q_error: 1.2732732732732732
  - node: Single-row index lookup on t using PRIMARY (id=mi.movie_id) (cost=0.25 rows=1)
      (actual time=0.00117..0.00118 rows=1 loops=368218)
    actual_rows: 1.0
    estimated_rows: 1.0
    q_error: 1.0
  - node: Index lookup on mi_idx using movie_id_movie_info_idx (movie_id=mi.movie_id)
      (cost=0.811 rows=3.24) (actual time=0.0189..0.0231 rows=2.41 loops=156046)
    actual_rows: 2.41
    estimated_rows: 3.24
    q_error: 1.3443983402489628

- query: SELECT * FROM title t,cast_info ci,movie_info mi WHERE t.id=ci.movie_id AND
    t.id=mi.movie_id AND ci.role_id=2 AND mi.info_type_id=16
  qep:
  - node: Nested loop inner join (cost=28.1e+6 rows=32.9e+6) (actual time=0.0864..171614
      rows=14.8e+6 loops=1)
    actual_rows: 14800000.0
    estimated_rows: 32900000.0
    q_error: 2.222972972972973
  - node: Nested loop inner join (cost=2.22e+6 rows=4.78e+6) (actual time=0.0267..13122
      rows=3.04e+6 loops=1)
    actual_rows: 3040000.0
    estimated_rows: 4780000.0
    q_error: 1.5723684210526316
  - node: Index lookup on mi using info_type_id_movie_info (info_type_id=16) (cost=547515
      rows=4.78e+6) (actual time=0.0192..7459 rows=3.04e+6 loops=1)
    actual_rows: 3040000.0
    estimated_rows: 4780000.0
    q_error: 1.5723684210526316
  - node: Single-row index lookup on t using PRIMARY (id=mi.movie_id) (cost=0.25 rows=1)
      (actual time=0.00169..0.00172 rows=1 loops=3.04e+6)
    actual_rows: 1.0
    estimated_rows: 1.0
    q_error: 1.0
  - node: 'Filter: (ci.role_id = 2) (cost=3.87 rows=6.88) (actual time=0.0226..0.0518
      rows=4.87 loops=3.04e+6)'
    actual_rows: 4.87
    estimated_rows: 6.88
    q_error: 1.4127310061601641
  - node: Index lookup on ci using movie_id_cast_info (movie_id=mi.movie_id) (cost=3.87
      rows=15.5) (actual time=0.00336..0.05 rows=27.8 loops=3.04e+6)
    actual_rows: 27.8
    estimated_rows: 15.5
    q_error: 1.7935483870967743

- query: SELECT * FROM title t,movie_companies mc,movie_info mi,movie_info_idx mi_idx
    WHERE t.id=mc.movie_id AND t.id=mi.movie_id AND t.id=mi_idx.movie_id AND t.production_year>2000
    AND mc.company_id<7851 AND mi_idx.info_type_id>100
  qep:
  - node: Nested loop inner join (cost=1.23e+6 rows=1.84e+6) (actual time=0.0538..18970
      rows=13.6e+6 loops=1)
    actual_rows: 13600000.0
    estimated_rows: 1840000.0
    q_error: 7.391304347826087
  - node: Nested loop inner join (cost=589906 rows=343007) (actual time=0.0377..2918
      rows=305334 loops=1)
    actual_rows: 305334.0
    estimated_rows: 343007.0
    q_error: 1.1233829183779074
  - node: Nested loop inner join (cost=349801 rows=211499) (actual time=0.0276..1561
      rows=221388 loops=1)
    actual_rows: 221388.0
    estimated_rows: 211499.0
    q_error: 1.046756722254006
  - node: 'Filter: (mi_idx.info_type_id > 100) (cost=127705 rows=634560) (actual time=0.0161..831
      rows=460185 loops=1)'
    actual_rows: 460185.0
    estimated_rows: 634560.0
    q_error: 1.3789236937318687
  - node: Table scan on mi_idx (cost=127705 rows=1.27e+6) (actual time=0.0121..744
      rows=1.38e+6 loops=1)
    actual_rows: 1380000.0
    estimated_rows: 1270000.0
    q_error: 1.0866141732283465
  - node: 'Filter: (t.production_year > 2000) (cost=0.25 rows=0.333) (actual time=0.00145..0.00149
      rows=0.481 loops=460185)'
    actual_rows: 0.481
    estimated_rows: 0.333
    q_error: 1.4444444444444444
  - node: Single-row index lookup on t using PRIMARY (id=mi_idx.movie_id) (cost=0.25
      rows=1) (actual time=0.00131..0.00133 rows=1 loops=460185)
    actual_rows: 1.0
    estimated_rows: 1.0
    q_error: 1.0
  - node: 'Filter: (mc.company_id < 7851) (cost=0.811 rows=1.62) (actual time=0.00324..0.00597
      rows=1.38 loops=221388)'
    actual_rows: 1.38
    estimated_rows: 1.62
    q_error: 1.173913043478261
  - node: Index lookup on mc using movie_id_movie_companies (movie_id=mi_idx.movie_id)
      (cost=0.811 rows=3.24) (actual time=0.00245..0.00564 rows=2.93 loops=221388)
    actual_rows: 2.93
    estimated_rows: 3.24
    q_error: 1.10580204778157
  - node: Index lookup on mi using movie_id_movie_info (movie_id=mi_idx.movie_id)
      (cost=1.34 rows=5.37) (actual time=0.00212..0.0505 rows=44.6 loops=305334)
    actual_rows: 44.6
    estimated_rows: 5.37
    q_error: 8.305400372439479

- query: SELECT * FROM movie_keyword mk WHERE mk.keyword_id>21497
  qep:
  - node: 'Filter: (mk.keyword_id > 21497) (cost=420275 rows=1.54e+6) (actual time=12.4..893
      rows=854713 loops=1)'
    actual_rows: 854713.0
    estimated_rows: 1540000.0
    q_error: 1.8017743967858217
  - node: Table scan on mk (cost=420275 rows=4.18e+6) (actual time=0.716..714 rows=4.52e+6
      loops=1)
    actual_rows: 4520000.0
    estimated_rows: 4180000.0
    q_error: 1.0813397129186604

- query: SELECT * FROM cast_info ci WHERE ci.person_id>2982128
  qep:
  - node: 'Filter: (ci.person_id > 2982128) (cost=3.51e+6 rows=12e+6) (actual time=12156..19179
      rows=6.8e+6 loops=1)'
    actual_rows: 6800000.0
    estimated_rows: 12000000.0
    q_error: 1.7647058823529411
  - node: Table scan on ci (cost=3.51e+6 rows=34.8e+6) (actual time=0.0165..17573
      rows=36.2e+6 loops=1)
    actual_rows: 36200000.0
    estimated_rows: 34800000.0
    q_error: 1.0402298850574712

- query: SELECT * FROM movie_keyword mk WHERE mk.keyword_id<6412
  qep:
  - node: 'Filter: (mk.keyword_id < 6412) (cost=420275 rows=2.09e+6) (actual time=0.712..991
      rows=2.55e+6 loops=1)'
    actual_rows: 2550000.0
    estimated_rows: 2090000.0
    q_error: 1.2200956937799043
  - node: Table scan on mk (cost=420275 rows=4.18e+6) (actual time=0.711..752 rows=4.52e+6
      loops=1)
    actual_rows: 4520000.0
    estimated_rows: 4180000.0
    q_error: 1.0813397129186604

- query: SELECT * FROM title t,movie_companies mc,movie_keyword mk WHERE t.id=mc.movie_id
    AND t.id=mk.movie_id AND mc.company_id<95601
  qep:
  - node: Nested loop inner join (cost=5.97e+6 rows=15e+6) (actual time=0.0521..38781
      rows=32.5e+6 loops=1)
    actual_rows: 32500000.0
    estimated_rows: 15000000.0
    q_error: 2.1666666666666665
  - node: Nested loop inner join (cost=717249 rows=1.3e+6) (actual time=0.0325..4268
      rows=2.33e+6 loops=1)
    actual_rows: 2330000.0
    estimated_rows: 1300000.0
    q_error: 1.7923076923076924
  - node: 'Filter: (mc.company_id < 95601) (cost=262291 rows=1.3e+6) (actual time=0.0183..1804
      rows=2.33e+6 loops=1)'
    actual_rows: 2330000.0
    estimated_rows: 1300000.0
    q_error: 1.7923076923076924
  - node: Table scan on mc (cost=262291 rows=2.6e+6) (actual time=0.0171..1580 rows=2.61e+6
      loops=1)
    actual_rows: 2610000.0
    estimated_rows: 2600000.0
    q_error: 1.0038461538461538
  - node: Single-row index lookup on t using PRIMARY (id=mc.movie_id) (cost=0.25 rows=1)
      (actual time=904e-6..926e-6 rows=1 loops=2.33e+6)
    actual_rows: 1.0
    estimated_rows: 1.0
    q_error: 1.0
  - node: Index lookup on mk using movie_id_movie_keyword (movie_id=mc.movie_id) (cost=2.88
      rows=11.5) (actual time=0.00495..0.0141 rows=13.9 loops=2.33e+6)
    actual_rows: 13.9
    estimated_rows: 11.5
    q_error: 1.2086956521739132

- query: SELECT * FROM title t,cast_info ci,movie_info mi,movie_keyword mk WHERE t.id=ci.movie_id
    AND t.id=mi.movie_id AND t.id=mk.movie_id AND ci.person_id>2767669 AND mi.info_type_id=2
    AND mk.keyword_id>11171
  qep:
  - node: Nested loop inner join (cost=16.9e+6 rows=16.9e+6) (actual time=6.46..202350
      rows=19.7e+6 loops=1)
    actual_rows: 19700000.0
    estimated_rows: 16900000.0
    q_error: 1.165680473372781
  - node: Nested loop inner join (cost=5.08e+6 rows=2.19e+6) (actual time=6.33..100915
      rows=1.43e+6 loops=1)
    actual_rows: 1430000.0
    estimated_rows: 2190000.0
    q_error: 1.5314685314685315
  - node: Nested loop inner join (cost=1.15e+6 rows=2.09e+6) (actual time=6.3..2294
      rows=1.47e+6 loops=1)
    actual_rows: 1470000.0
    estimated_rows: 2090000.0
    q_error: 1.4217687074829932
  - node: 'Filter: (mk.keyword_id > 11171) (cost=420275 rows=2.09e+6) (actual time=6.28..1247
      rows=1.47e+6 loops=1)'
    actual_rows: 1470000.0
    estimated_rows: 2090000.0
    q_error: 1.4217687074829932
  - node: Table scan on mk (cost=420275 rows=4.18e+6) (actual time=0.928..983 rows=4.52e+6
      loops=1)
    actual_rows: 4520000.0
    estimated_rows: 4180000.0
    q_error: 1.0813397129186604
  - node: Single-row index lookup on t using PRIMARY (id=mk.movie_id) (cost=0.25 rows=1)
      (actual time=537e-6..560e-6 rows=1 loops=1.47e+6)
    actual_rows: 1.0
    estimated_rows: 1.0
    q_error: 1.0
  - node: 'Filter: (mi.info_type_id = 2) (cost=1.34 rows=1.05) (actual time=0.0421..0.0667
      rows=0.97 loops=1.47e+6)'
    actual_rows: 0.97
    estimated_rows: 1.05
    q_error: 1.0824742268041239
  - node: Index lookup on mi using movie_id_movie_info (movie_id=mk.movie_id) (cost=1.34
      rows=5.37) (actual time=0.0021..0.0637 rows=53.3 loops=1.47e+6)
    actual_rows: 53.3
    estimated_rows: 5.37
    q_error: 9.925512104283053
  - node: 'Filter: (ci.person_id > 2767669) (cost=3.87 rows=7.73) (actual time=0.0415..0.0701
      rows=13.7 loops=1.43e+6)'
    actual_rows: 13.7
    estimated_rows: 7.73
    q_error: 1.7723156532988356
  - node: Index lookup on ci using movie_id_cast_info (movie_id=mk.movie_id) (cost=3.87
      rows=15.5) (actual time=0.00225..0.0669 rows=49.5 loops=1.43e+6)
    actual_rows: 49.5
    estimated_rows: 15.5
    q_error: 3.193548387096774

- query: SELECT * FROM title t WHERE t.kind_id>4
  qep:
  - node: 'Filter: (t.kind_id > 4) (cost=266255 rows=1.3e+6) (actual time=0.0149..1715
      rows=1.56e+6 loops=1)'
    actual_rows: 1560000.0
    estimated_rows: 1300000.0
    q_error: 1.2
  - node: Table scan on t (cost=266255 rows=2.6e+6) (actual time=0.0139..1581 rows=2.53e+6
      loops=1)
    actual_rows: 2530000.0
    estimated_rows: 2600000.0
    q_error: 1.0276679841897234

- query: SELECT * FROM title t,movie_info_idx mi_idx,movie_keyword mk WHERE t.id=mi_idx.movie_id
    AND t.id=mk.movie_id AND mk.keyword_id=3054
  qep:
  - node: Nested loop inner join (cost=130 rows=230) (actual time=0.157..0.661 rows=177
      loops=1)
    actual_rows: 177.0
    estimated_rows: 230.0
    q_error: 1.2994350282485876
  - node: Nested loop inner join (cost=49.7 rows=71) (actual time=0.145..0.273 rows=71
      loops=1)
    actual_rows: 71.0
    estimated_rows: 71.0
    q_error: 1.0
  - node: Index lookup on mk using keyword_id_movie_keyword (keyword_id=3054) (cost=24.9
      rows=71) (actual time=0.137..0.145 rows=71 loops=1)
    actual_rows: 71.0
    estimated_rows: 71.0
    q_error: 1.0
  - node: Single-row index lookup on t using PRIMARY (id=mk.movie_id) (cost=0.251
      rows=1) (actual time=0.00169..0.0017 rows=1 loops=71)
    actual_rows: 1.0
    estimated_rows: 1.0
    q_error: 1.0
  - node: Index lookup on mi_idx using movie_id_movie_info_idx (movie_id=mk.movie_id)
      (cost=0.815 rows=3.24) (actual time=0.00347..0.00529 rows=2.49 loops=71)
    actual_rows: 2.49
    estimated_rows: 3.24
    q_error: 1.3012048192771084

- query: SELECT * FROM title t,movie_info mi,movie_info_idx mi_idx,movie_keyword mk
    WHERE t.id=mi.movie_id AND t.id=mi_idx.movie_id AND t.id=mk.movie_id AND mk.keyword_id<1887
  qep:
  - node: Nested loop inner join (cost=16.3e+6 rows=36.4e+6) (actual time=0.751..225609
      rows=194e+6 loops=1)
    actual_rows: 194000000.0
    estimated_rows: 36400000.0
    q_error: 5.329670329670329
  - node: Nested loop inner join (cost=3.52e+6 rows=6.78e+6) (actual time=0.741..9882
      rows=3.14e+6 loops=1)
    actual_rows: 3140000.0
    estimated_rows: 6780000.0
    q_error: 2.159235668789809
  - node: Nested loop inner join (cost=1.15e+6 rows=2.09e+6) (actual time=0.728..2329
      rows=1.4e+6 loops=1)
    actual_rows: 1400000.0
    estimated_rows: 2090000.0
    q_error: 1.4928571428571429
  - node: 'Filter: (mk.keyword_id < 1887) (cost=420275 rows=2.09e+6) (actual time=0.715..1272
      rows=1.4e+6 loops=1)'
    actual_rows: 1400000.0
    estimated_rows: 2090000.0
    q_error: 1.4928571428571429
  - node: Table scan on mk (cost=420275 rows=4.18e+6) (actual time=0.714..965 rows=4.52e+6
      loops=1)
    actual_rows: 4520000.0
    estimated_rows: 4180000.0
    q_error: 1.0813397129186604
  - node: Single-row index lookup on t using PRIMARY (id=mk.movie_id) (cost=0.25 rows=1)
      (actual time=585e-6..608e-6 rows=1 loops=1.4e+6)
    actual_rows: 1.0
    estimated_rows: 1.0
    q_error: 1.0
  - node: Index lookup on mi_idx using movie_id_movie_info_idx (movie_id=mk.movie_id)
      (cost=0.811 rows=3.24) (actual time=0.00306..0.00521 rows=2.25 loops=1.4e+6)
    actual_rows: 2.25
    estimated_rows: 3.24
    q_error: 1.4400000000000002
  - node: Index lookup on mi using movie_id_movie_info (movie_id=mk.movie_id) (cost=1.34
      rows=5.37) (actual time=0.00159..0.0658 rows=61.9 loops=3.14e+6)
    actual_rows: 61.9
    estimated_rows: 5.37
    q_error: 11.527001862197393

- query: SELECT * FROM movie_info_idx mi_idx WHERE mi_idx.info_type_id>99
  qep:
  - node: 'Filter: (mi_idx.info_type_id > 99) (cost=127705 rows=634560) (actual time=0.019..695
      rows=920110 loops=1)'
    actual_rows: 920110.0
    estimated_rows: 634560.0
    q_error: 1.4499968482097831
  - node: Table scan on mi_idx (cost=127705 rows=1.27e+6) (actual time=0.0152..627
      rows=1.38e+6 loops=1)
    actual_rows: 1380000.0
    estimated_rows: 1270000.0
    q_error: 1.0866141732283465

- query: SELECT * FROM title t,movie_companies mc,cast_info ci,movie_info mi,movie_keyword
    mk WHERE t.id=mc.movie_id AND t.id=ci.movie_id AND t.id=mi.movie_id AND t.id=mk.movie_id
    AND t.kind_id=7 AND t.production_year=2004 AND ci.role_id<2 AND mk.keyword_id<2909
  qep:
  - node: Nested loop inner join (cost=7.57e+6 rows=14.1e+6) (actual time=1.36..6905
      rows=3.64e+6 loops=1)
    actual_rows: 3640000.0
    estimated_rows: 14100000.0
    q_error: 3.8736263736263736
  - node: Nested loop inner join (cost=2.64e+6 rows=2.62e+6) (actual time=1.36..2895
      rows=218537 loops=1)
    actual_rows: 218537.0
    estimated_rows: 2620000.0
    q_error: 11.988816539075764
  - node: Nested loop inner join (cost=1.72e+6 rows=808396) (actual time=1.35..2561
      rows=76740 loops=1)
    actual_rows: 76740.0
    estimated_rows: 808396.0
    q_error: 10.534219442272608
  - node: Nested loop inner join (cost=1.15e+6 rows=104526) (actual time=1.33..2049
      rows=7755 loops=1)
    actual_rows: 7755.0
    estimated_rows: 104526.0
    q_error: 13.47852998065764
  - node: 'Filter: (mk.keyword_id < 2909) (cost=420275 rows=2.09e+6) (actual time=0.721..1076
      rows=1.8e+6 loops=1)'
    actual_rows: 1800000.0
    estimated_rows: 2090000.0
    q_error: 1.1611111111111112
  - node: Table scan on mk (cost=420275 rows=4.18e+6) (actual time=0.72..862 rows=4.52e+6
      loops=1)
    actual_rows: 4520000.0
    estimated_rows: 4180000.0
    q_error: 1.0813397129186604
  - node: 'Filter: ((t.production_year = 2004) and (t.kind_id = 7)) (cost=0.25 rows=0.05)
      (actual time=469e-6..469e-6 rows=0.00431 loops=1.8e+6)'
    actual_rows: 0.00431
    estimated_rows: 0.05
    q_error: 11.60092807424594
  - node: Single-row index lookup on t using PRIMARY (id=mk.movie_id) (cost=0.25 rows=1)
      (actual time=319e-6..339e-6 rows=1 loops=1.8e+6)
    actual_rows: 1.0
    estimated_rows: 1.0
    q_error: 1.0
  - node: 'Filter: (ci.role_id < 2) (cost=3.87 rows=7.73) (actual time=0.00337..0.0654
      rows=9.9 loops=7755)'
    actual_rows: 9.9
    estimated_rows: 7.73
    q_error: 1.2807244501940491
  - node: Index lookup on ci using movie_id_cast_info (movie_id=mk.movie_id) (cost=3.87
      rows=15.5) (actual time=0.00296..0.0631 rows=35.4 loops=7755)
    actual_rows: 35.4
    estimated_rows: 15.5
    q_error: 2.2838709677419353
  - node: Index lookup on mc using movie_id_movie_companies (movie_id=mk.movie_id)
      (cost=0.811 rows=3.24) (actual time=0.00152..0.00411 rows=2.85 loops=76740)
    actual_rows: 2.85
    estimated_rows: 3.24
    q_error: 1.1368421052631579
  - node: Index lookup on mi using movie_id_movie_info (movie_id=mk.movie_id) (cost=1.34
      rows=5.37) (actual time=0.00138..0.0175 rows=16.7 loops=218537)
    actual_rows: 16.7
    estimated_rows: 5.37
    q_error: 3.1098696461824953

- query: SELECT * FROM title t,movie_companies mc WHERE t.id=mc.movie_id AND mc.company_type_id=1
  qep:
  - node: Nested loop inner join (cost=591889 rows=1.3e+6) (actual time=0.0233..2595
      rows=1.27e+6 loops=1)
    actual_rows: 1270000.0
    estimated_rows: 1300000.0
    q_error: 1.0236220472440944
  - node: Index lookup on mc using company_type_id_movie_companies (company_type_id=1)
      (cost=136931 rows=1.3e+6) (actual time=0.0159..1516 rows=1.27e+6 loops=1)
    actual_rows: 1270000.0
    estimated_rows: 1300000.0
    q_error: 1.0236220472440944
  - node: Single-row index lookup on t using PRIMARY (id=mc.movie_id) (cost=0.25 rows=1)
      (actual time=705e-6..726e-6 rows=1 loops=1.27e+6)
    actual_rows: 1.0
    estimated_rows: 1.0
    q_error: 1.0

- query: SELECT * FROM title t,cast_info ci,movie_info mi WHERE t.id=ci.movie_id AND
    t.id=mi.movie_id AND t.kind_id=4 AND ci.person_id<2578432 AND ci.role_id=1 AND
    mi.info_type_id=6
  qep:
  - node: Nested loop inner join (cost=726157 rows=238307) (actual time=0.129..3031
      rows=91690 loops=1)
    actual_rows: 91690.0
    estimated_rows: 238307.0
    q_error: 2.599051150616207
  - node: Nested loop inner join (cost=392528 rows=61626) (actual time=0.119..2294
      rows=12188 loops=1)
    actual_rows: 12188.0
    estimated_rows: 61626.0
    q_error: 5.056284870364292
  - node: Index lookup on t using kind_id_title (kind_id=4) (cost=37278 rows=188944)
      (actual time=0.0362..360 rows=118234 loops=1)
    actual_rows: 118234.0
    estimated_rows: 188944.0
    q_error: 1.5980513219547676
  - node: 'Filter: (mi.info_type_id = 6) (cost=1.34 rows=0.326) (actual time=0.0157..0.0163
      rows=0.103 loops=118234)'
    actual_rows: 0.103
    estimated_rows: 0.326
    q_error: 3.1650485436893208
  - node: Index lookup on mi using movie_id_movie_info (movie_id=t.id) (cost=1.34
      rows=5.37) (actual time=0.00338..0.0157 rows=7.47 loops=118234)
    actual_rows: 7.47
    estimated_rows: 5.37
    q_error: 1.3910614525139664
  - node: 'Filter: ((ci.role_id = 1) and (ci.person_id < 2578432)) (cost=3.87 rows=3.87)
      (actual time=0.00719..0.0598 rows=7.52 loops=12188)'
    actual_rows: 7.52
    estimated_rows: 3.87
    q_error: 1.9431524547803616
  - node: Index lookup on ci using movie_id_cast_info (movie_id=t.id) (cost=3.87 rows=15.5)
      (actual time=0.00486..0.0581 rows=19.6 loops=12188)
    actual_rows: 19.6
    estimated_rows: 15.5
    q_error: 1.2645161290322582

- query: SELECT * FROM title t,movie_info_idx mi_idx,movie_keyword mk WHERE t.id=mi_idx.movie_id
    AND t.id=mk.movie_id AND t.kind_id>1 AND t.production_year=2004
  qep:
  - node: Nested loop inner join (cost=828194 rows=732275) (actual time=0.468..2007
      rows=122028 loops=1)
    actual_rows: 122028.0
    estimated_rows: 732275.0
    q_error: 6.0008768479365395
  - node: Nested loop inner join (cost=571898 rows=63456) (actual time=0.452..1809
      rows=31608 loops=1)
    actual_rows: 31608.0
    estimated_rows: 63456.0
    q_error: 2.0075930144267273
  - node: Table scan on mi_idx (cost=127705 rows=1.27e+6) (actual time=0.357..810
      rows=1.38e+6 loops=1)
    actual_rows: 1380000.0
    estimated_rows: 1270000.0
    q_error: 1.0866141732283465
  - node: 'Filter: ((t.production_year = 2004) and (t.kind_id > 1)) (cost=0.25 rows=0.05)
      (actual time=644e-6..645e-6 rows=0.0229 loops=1.38e+6)'
    actual_rows: 0.0229
    estimated_rows: 0.05
    q_error: 2.183406113537118
  - node: Single-row index lookup on t using PRIMARY (id=mi_idx.movie_id) (cost=0.25
      rows=1) (actual time=473e-6..494e-6 rows=1 loops=1.38e+6)
    actual_rows: 1.0
    estimated_rows: 1.0
    q_error: 1.0
  - node: Index lookup on mk using movie_id_movie_keyword (movie_id=mi_idx.movie_id)
      (cost=2.88 rows=11.5) (actual time=0.00426..0.00598 rows=3.86 loops=31608)
    actual_rows: 3.86
    estimated_rows: 11.5
    q_error: 2.9792746113989637

- query: SELECT * FROM title t,movie_companies mc,cast_info ci,movie_info_idx mi_idx,movie_keyword
    mk WHERE t.id=mc.movie_id AND t.id=ci.movie_id AND t.id=mi_idx.movie_id AND t.id=mk.movie_id
    AND t.production_year>1999 AND mc.company_type_id=2 AND mk.keyword_id=13886
  qep:
  - node: Nested loop inner join (cost=5400 rows=13095) (actual time=0.478..127 rows=90003
      loops=1)
    actual_rows: 90003.0
    estimated_rows: 13095.0
    q_error: 6.873081328751431
  - node: Nested loop inner join (cost=817 rows=847) (actual time=0.468..6.23 rows=782
      loops=1)
    actual_rows: 782.0
    estimated_rows: 847.0
    q_error: 1.0831202046035806
  - node: Nested loop inner join (cost=521 rows=261) (actual time=0.458..4.27 rows=289
      loops=1)
    actual_rows: 289.0
    estimated_rows: 261.0
    q_error: 1.10727969348659
  - node: Nested loop inner join (cost=338 rows=161) (actual time=0.443..1.81 rows=135
      loops=1)
    actual_rows: 135.0
    estimated_rows: 161.0
    q_error: 1.1925925925925926
  - node: Index lookup on mk using keyword_id_movie_keyword (keyword_id=13886) (cost=169
      rows=483) (actual time=0.432..0.767 rows=483 loops=1)
    actual_rows: 483.0
    estimated_rows: 483.0
    q_error: 1.0
  - node: 'Filter: (t.production_year > 1999) (cost=0.25 rows=0.333) (actual time=0.00203..0.00206
      rows=0.28 loops=483)'
    actual_rows: 0.28
    estimated_rows: 0.333
    q_error: 1.1892857142857143
  - node: Single-row index lookup on t using PRIMARY (id=mk.movie_id) (cost=0.25 rows=1)
      (actual time=0.00186..0.00188 rows=1 loops=483)
    actual_rows: 1.0
    estimated_rows: 1.0
    q_error: 1.0
  - node: 'Filter: (mc.company_type_id = 2) (cost=0.812 rows=1.62) (actual time=0.0147..0.0179
      rows=2.14 loops=135)'
    actual_rows: 2.14
    estimated_rows: 1.62
    q_error: 1.3209876543209877
  - node: Index lookup on mc using movie_id_movie_companies (movie_id=mk.movie_id)
      (cost=0.812 rows=3.24) (actual time=0.00506..0.017 rows=9.15 loops=135)
    actual_rows: 9.15
    estimated_rows: 3.24
    q_error: 2.824074074074074
  - node: Index lookup on mi_idx using movie_id_movie_info_idx (movie_id=mk.movie_id)
      (cost=0.812 rows=3.24) (actual time=0.0036..0.00659 rows=2.71 loops=289)
    actual_rows: 2.71
    estimated_rows: 3.24
    q_error: 1.1955719557195572
  - node: Index lookup on ci using movie_id_cast_info (movie_id=mk.movie_id) (cost=3.87
      rows=15.5) (actual time=0.00215..0.149 rows=115 loops=782)
    actual_rows: 115.0
    estimated_rows: 15.5
    q_error: 7.419354838709677

- query: SELECT * FROM title t,cast_info ci,movie_info mi,movie_info_idx mi_idx,movie_keyword
    mk WHERE t.id=ci.movie_id AND t.id=mi.movie_id AND t.id=mi_idx.movie_id AND t.id=mk.movie_id
    AND t.kind_id=1 AND t.production_year<2008 AND mi.info_type_id<2 AND mk.keyword_id<3291
  qep:
  - node: Nested loop inner join (cost=5.84e+6 rows=12.3e+6) (actual time=629..293166
      rows=219e+6 loops=1)
    actual_rows: 219000000.0
    estimated_rows: 12300000.0
    q_error: 17.804878048780488
  - node: Nested loop inner join (cost=1.53e+6 rows=796326) (actual time=629..31115
      rows=3.45e+6 loops=1)
    actual_rows: 3450000.0
    estimated_rows: 796326.0
    q_error: 4.332396531068934
  - node: Nested loop inner join (cost=969555 rows=138013) (actual time=629..20169
      rows=479725 loops=1)
    actual_rows: 479725.0
    estimated_rows: 138013.0
    q_error: 3.475940672255512
  - node: Nested loop inner join (cost=571898 rows=211499) (actual time=629..2096
      rows=500281 loops=1)
    actual_rows: 500281.0
    estimated_rows: 211499.0
    q_error: 2.3654059830070118
  - node: Table scan on mi_idx (cost=127705 rows=1.27e+6) (actual time=0.0141..826
      rows=1.38e+6 loops=1)
    actual_rows: 1380000.0
    estimated_rows: 1270000.0
    q_error: 1.0866141732283465
  - node: 'Filter: ((t.kind_id = 1) and (t.production_year < 2008)) (cost=0.25 rows=0.167)
      (actual time=788e-6..819e-6 rows=0.363 loops=1.38e+6)'
    actual_rows: 0.363
    estimated_rows: 0.167
    q_error: 2.1736526946107784
  - node: Single-row index lookup on t using PRIMARY (id=mi_idx.movie_id) (cost=0.25
      rows=1) (actual time=600e-6..622e-6 rows=1 loops=1.38e+6)
    actual_rows: 1.0
    estimated_rows: 1.0
    q_error: 1.0
  - node: 'Filter: (mi.info_type_id < 2) (cost=1.34 rows=0.653) (actual time=0.0263..0.036
      rows=0.959 loops=500281)'
    actual_rows: 0.959
    estimated_rows: 0.653
    q_error: 1.4686064318529861
  - node: Index lookup on mi using movie_id_movie_info (movie_id=mi_idx.movie_id)
      (cost=1.34 rows=5.37) (actual time=0.0025..0.0346 rows=22.1 loops=500281)
    actual_rows: 22.1
    estimated_rows: 5.37
    q_error: 4.115456238361267
  - node: 'Filter: (mk.keyword_id < 3291) (cost=2.88 rows=5.77) (actual time=0.00738..0.0223
      rows=7.19 loops=479725)'
    actual_rows: 7.19
    estimated_rows: 5.77
    q_error: 1.246100519930676
  - node: Index lookup on mk using movie_id_movie_keyword (movie_id=mi_idx.movie_id)
      (cost=2.88 rows=11.5) (actual time=0.00712..0.0208 rows=17.4 loops=479725)
    actual_rows: 17.4
    estimated_rows: 11.5
    q_error: 1.5130434782608695
  - node: Index lookup on ci using movie_id_cast_info (movie_id=mi_idx.movie_id) (cost=3.87
      rows=15.5) (actual time=0.00163..0.073 rows=63.4 loops=3.45e+6)
    actual_rows: 63.4
    estimated_rows: 15.5
    q_error: 4.090322580645161

- query: SELECT * FROM title t,cast_info ci,movie_keyword mk WHERE t.id=ci.movie_id
    AND t.id=mk.movie_id AND ci.person_id>3393072 AND ci.role_id=10
  qep:
  - node: Nested loop inner join (cost=7.68e+6 rows=19.5e+6) (actual time=0.0849..58829
      rows=33.3e+6 loops=1)
    actual_rows: 33300000.0
    estimated_rows: 19500000.0
    q_error: 1.7076923076923076
  - node: Nested loop inner join (cost=853020 rows=1.69e+6) (actual time=0.0399..15044
      rows=2.44e+6 loops=1)
    actual_rows: 2440000.0
    estimated_rows: 1690000.0
    q_error: 1.4437869822485208
  - node: 'Filter: (ci.person_id > 3393072) (cost=261501 rows=1.69e+6) (actual time=0.0322..10643
      rows=2.44e+6 loops=1)'
    actual_rows: 2440000.0
    estimated_rows: 1690000.0
    q_error: 1.4437869822485208
  - node: Index lookup on ci using role_id_cast_info (role_id=10) (cost=261501 rows=9.64e+6)
      (actual time=0.0205..10324 rows=4.32e+6 loops=1)
    actual_rows: 4320000.0
    estimated_rows: 9640000.0
    q_error: 2.2314814814814814
  - node: Single-row index lookup on t using PRIMARY (id=ci.movie_id) (cost=0.25 rows=1)
      (actual time=0.00164..0.00166 rows=1 loops=2.44e+6)
    actual_rows: 1.0
    estimated_rows: 1.0
    q_error: 1.0
  - node: Index lookup on mk using movie_id_movie_keyword (movie_id=ci.movie_id) (cost=2.88
      rows=11.5) (actual time=0.00562..0.0172 rows=13.6 loops=2.44e+6)
    actual_rows: 13.6
    estimated_rows: 11.5
    q_error: 1.182608695652174

- query: SELECT * FROM title t,cast_info ci,movie_keyword mk WHERE t.id=ci.movie_id
    AND t.id=mk.movie_id AND t.production_year=1989 AND mk.keyword_id>944
  qep:
  - node: Nested loop inner join (cost=2.28e+6 rows=3.23e+6) (actual time=4.23..4862
      rows=1.81e+6 loops=1)
    actual_rows: 1810000.0
    estimated_rows: 3230000.0
    q_error: 1.7845303867403315
  - node: Nested loop inner join (cost=1.15e+6 rows=209053) (actual time=4.2..2622
      rows=41023 loops=1)
    actual_rows: 41023.0
    estimated_rows: 209053.0
    q_error: 5.095994929673598
  - node: 'Filter: (mk.keyword_id > 944) (cost=420275 rows=2.09e+6) (actual time=4.08..1126
      rows=3.53e+6 loops=1)'
    actual_rows: 3530000.0
    estimated_rows: 2090000.0
    q_error: 1.6889952153110048
  - node: Table scan on mk (cost=420275 rows=4.18e+6) (actual time=3.37..884 rows=4.52e+6
      loops=1)
    actual_rows: 4520000.0
    estimated_rows: 4180000.0
    q_error: 1.0813397129186604
  - node: 'Filter: (t.production_year = 1989) (cost=0.25 rows=0.1) (actual time=351e-6..351e-6
      rows=0.0116 loops=3.53e+6)'
    actual_rows: 0.0116
    estimated_rows: 0.1
    q_error: 8.620689655172415
  - node: Single-row index lookup on t using PRIMARY (id=mk.movie_id) (cost=0.25 rows=1)
      (actual time=208e-6..229e-6 rows=1 loops=3.53e+6)
    actual_rows: 1.0
    estimated_rows: 1.0
    q_error: 1.0
  - node: Index lookup on ci using movie_id_cast_info (movie_id=mk.movie_id) (cost=3.87
      rows=15.5) (actual time=0.00197..0.0525 rows=44.1 loops=41023)
    actual_rows: 44.1
    estimated_rows: 15.5
    q_error: 2.8451612903225807

- query: SELECT * FROM title t,cast_info ci,movie_info mi,movie_info_idx mi_idx WHERE
    t.id=ci.movie_id AND t.id=mi.movie_id AND t.id=mi_idx.movie_id AND mi.info_type_id<4
  qep:
  - node: Nested loop inner join (cost=21.4e+6 rows=52.7e+6) (actual time=0.0806..191899
      rows=117e+6 loops=1)
    actual_rows: 117000000.0
    estimated_rows: 52700000.0
    q_error: 2.22011385199241
  - node: Nested loop inner join (cost=2.96e+6 rows=3.41e+6) (actual time=0.0698..34709
      rows=3.84e+6 loops=1)
    actual_rows: 3840000.0
    estimated_rows: 3410000.0
    q_error: 1.1260997067448681
  - node: Nested loop inner join (cost=571898 rows=1.27e+6) (actual time=0.0504..2161
      rows=1.38e+6 loops=1)
    actual_rows: 1380000.0
    estimated_rows: 1270000.0
    q_error: 1.0866141732283465
  - node: Table scan on mi_idx (cost=127705 rows=1.27e+6) (actual time=0.038..939
      rows=1.38e+6 loops=1)
    actual_rows: 1380000.0
    estimated_rows: 1270000.0
    q_error: 1.0866141732283465
  - node: Single-row index lookup on t using PRIMARY (id=mi_idx.movie_id) (cost=0.25
      rows=1) (actual time=718e-6..741e-6 rows=1 loops=1.38e+6)
    actual_rows: 1.0
    estimated_rows: 1.0
    q_error: 1.0
  - node: 'Filter: (mi.info_type_id < 4) (cost=1.34 rows=2.69) (actual time=0.0105..0.0233
      rows=2.78 loops=1.38e+6)'
    actual_rows: 2.78
    estimated_rows: 2.69
    q_error: 1.033457249070632
  - node: Index lookup on mi using movie_id_movie_info (movie_id=mi_idx.movie_id)
      (cost=1.34 rows=5.37) (actual time=0.00223..0.0222 rows=15.1 loops=1.38e+6)
    actual_rows: 15.1
    estimated_rows: 5.37
    q_error: 2.811918063314711
  - node: Index lookup on ci using movie_id_cast_info (movie_id=mi_idx.movie_id) (cost=3.87
      rows=15.5) (actual time=0.00183..0.0394 rows=30.6 loops=3.84e+6)
    actual_rows: 30.6
    estimated_rows: 15.5
    q_error: 1.974193548387097

- query: SELECT * FROM movie_info mi WHERE mi.info_type_id>7
  qep:
  - node: 'Filter: (mi.info_type_id > 7) (cost=1.39e+6 rows=6.81e+6) (actual time=0.0272..7926
      rows=7.55e+6 loops=1)'
    actual_rows: 7550000.0
    estimated_rows: 6810000.0
    q_error: 1.1086637298091042
  - node: Table scan on mi (cost=1.39e+6 rows=13.6e+6) (actual time=0.0258..7193 rows=14.8e+6
      loops=1)
    actual_rows: 14800000.0
    estimated_rows: 13600000.0
    q_error: 1.088235294117647

- query: SELECT * FROM title t,movie_info mi,movie_info_idx mi_idx,movie_keyword mk
    WHERE t.id=mi.movie_id AND t.id=mi_idx.movie_id AND t.id=mk.movie_id AND mi_idx.info_type_id<101
    AND mk.keyword_id<4333
  qep:
  - node: Nested loop inner join (cost=9.8e+6 rows=19.7e+6) (actual time=0.0831..236305
      rows=205e+6 loops=1)
    actual_rows: 205000000.0
    estimated_rows: 19700000.0
    q_error: 10.406091370558375
  - node: Nested loop inner join (cost=2.91e+6 rows=3.66e+6) (actual time=0.072..12112
      rows=3.3e+6 loops=1)
    actual_rows: 3300000.0
    estimated_rows: 3660000.0
    q_error: 1.1090909090909091
  - node: Nested loop inner join (cost=349801 rows=634560) (actual time=0.0496..1880
      rows=919850 loops=1)
    actual_rows: 919850.0
    estimated_rows: 634560.0
    q_error: 1.4495871154815936
  - node: 'Filter: (mi_idx.info_type_id < 101) (cost=127705 rows=634560) (actual time=0.0163..940
      rows=919850 loops=1)'
    actual_rows: 919850.0
    estimated_rows: 634560.0
    q_error: 1.4495871154815936
  - node: Table scan on mi_idx (cost=127705 rows=1.27e+6) (actual time=0.0154..828
      rows=1.38e+6 loops=1)
    actual_rows: 1380000.0
    estimated_rows: 1270000.0
    q_error: 1.0866141732283465
  - node: Single-row index lookup on t using PRIMARY (id=mi_idx.movie_id) (cost=0.25
      rows=1) (actual time=866e-6..889e-6 rows=1 loops=919850)
    actual_rows: 1.0
    estimated_rows: 1.0
    q_error: 1.0
  - node: 'Filter: (mk.keyword_id < 4333) (cost=2.88 rows=5.77) (actual time=0.00506..0.0108
      rows=3.58 loops=919850)'
    actual_rows: 3.58
    estimated_rows: 5.77
    q_error: 1.6117318435754189
  - node: Index lookup on mk using movie_id_movie_keyword (movie_id=mi_idx.movie_id)
      (cost=2.88 rows=11.5) (actual time=0.00486..0.0102 rows=7.53 loops=919850)
    actual_rows: 7.53
    estimated_rows: 11.5
    q_error: 1.5272244355909694
  - node: Index lookup on mi using movie_id_movie_info (movie_id=mi_idx.movie_id)
      (cost=1.34 rows=5.37) (actual time=0.00158..0.0651 rows=62 loops=3.3e+6)
    actual_rows: 62.0
    estimated_rows: 5.37
    q_error: 11.545623836126628

- query: SELECT * FROM title t,movie_info_idx mi_idx WHERE t.id=mi_idx.movie_id AND
    mi_idx.info_type_id=100
  qep:
  - node: Nested loop inner join (cost=287932 rows=634560) (actual time=0.0241..1381
      rows=459925 loops=1)
    actual_rows: 459925.0
    estimated_rows: 634560.0
    q_error: 1.3797032124802957
  - node: Index lookup on mi_idx using info_type_id_movie_info_idx (info_type_id=100)
      (cost=65836 rows=634560) (actual time=0.0162..706 rows=459925 loops=1)
    actual_rows: 459925.0
    estimated_rows: 634560.0
    q_error: 1.3797032124802957
  - node: Single-row index lookup on t using PRIMARY (id=mi_idx.movie_id) (cost=0.25
      rows=1) (actual time=0.0013..0.00133 rows=1 loops=459925)
    actual_rows: 1.0
    estimated_rows: 1.0
    q_error: 1.0

- query: SELECT * FROM title t,movie_companies mc,cast_info ci,movie_info mi WHERE
    t.id=mc.movie_id AND t.id=ci.movie_id AND t.id=mi.movie_id AND t.kind_id=1 AND
    ci.person_id<759216
  qep:
  - node: Nested loop inner join (cost=26.1e+6 rows=51.1e+6) (actual time=643..1.4e+6
      rows=1.16e+9 loops=1)
    actual_rows: 1160000000.0
    estimated_rows: 51100000.0
    q_error: 22.70058708414873
  - node: Nested loop inner join (cost=8.21e+6 rows=9.51e+6) (actual time=643..110258
      rows=10.9e+6 loops=1)
    actual_rows: 10900000.0
    estimated_rows: 9510000.0
    q_error: 1.146161934805468
  - node: Nested loop inner join (cost=1.17e+6 rows=1.3e+6) (actual time=643..8850
      rows=1.31e+6 loops=1)
    actual_rows: 1310000.0
    estimated_rows: 1300000.0
    q_error: 1.0076923076923077
  - node: Table scan on mc (cost=262291 rows=2.6e+6) (actual time=0.0148..4586 rows=2.61e+6
      loops=1)
    actual_rows: 2610000.0
    estimated_rows: 2600000.0
    q_error: 1.0038461538461538
  - node: 'Filter: (t.kind_id = 1) (cost=0.25 rows=0.5) (actual time=0.00146..0.0015
      rows=0.501 loops=2.61e+6)'
    actual_rows: 0.501
    estimated_rows: 0.5
    q_error: 1.002
  - node: Single-row index lookup on t using PRIMARY (id=mc.movie_id) (cost=0.25 rows=1)
      (actual time=0.00128..0.0013 rows=1 loops=2.61e+6)
    actual_rows: 1.0
    estimated_rows: 1.0
    q_error: 1.0
  - node: 'Filter: (ci.person_id < 759216) (cost=3.87 rows=7.31) (actual time=0.0063..0.0769
      rows=8.33 loops=1.31e+6)'
    actual_rows: 8.33
    estimated_rows: 7.31
    q_error: 1.1395348837209303
  - node: Index lookup on ci using movie_id_cast_info (movie_id=mc.movie_id) (cost=3.87
      rows=15.5) (actual time=0.00357..0.0742 rows=36.4 loops=1.31e+6)
    actual_rows: 36.4
    estimated_rows: 15.5
    q_error: 2.3483870967741933
  - node: Index lookup on mi using movie_id_movie_info (movie_id=mc.movie_id) (cost=1.34
      rows=5.37) (actual time=0.00178..0.113 rows=106 loops=10.9e+6)
    actual_rows: 106.0
    estimated_rows: 5.37
    q_error: 19.73929236499069

- query: SELECT * FROM title t,movie_info mi WHERE t.id=mi.movie_id AND mi.info_type_id=16
  qep:
  - node: Nested loop inner join (cost=2.22e+6 rows=4.78e+6) (actual time=0.0396..10857
      rows=3.04e+6 loops=1)
    actual_rows: 3040000.0
    estimated_rows: 4780000.0
    q_error: 1.5723684210526316
  - node: Index lookup on mi using info_type_id_movie_info (info_type_id=16) (cost=547515
      rows=4.78e+6) (actual time=0.0306..5968 rows=3.04e+6 loops=1)
    actual_rows: 3040000.0
    estimated_rows: 4780000.0
    q_error: 1.5723684210526316
  - node: Single-row index lookup on t using PRIMARY (id=mi.movie_id) (cost=0.25 rows=1)
      (actual time=0.00144..0.00146 rows=1 loops=3.04e+6)
    actual_rows: 1.0
    estimated_rows: 1.0
    q_error: 1.0

- query: SELECT * FROM title t,movie_companies mc,cast_info ci,movie_info_idx mi_idx,movie_keyword
    mk WHERE t.id=mc.movie_id AND t.id=ci.movie_id AND t.id=mi_idx.movie_id AND t.id=mk.movie_id
    AND t.kind_id<7 AND mc.company_id<428 AND ci.person_id<525577 AND ci.role_id=9
  qep:
  - node: Nested loop inner join (cost=5.31e+6 rows=3.11e+6) (actual time=3.78..53050
      rows=1.04e+6 loops=1)
    actual_rows: 1040000.0
    estimated_rows: 3110000.0
    q_error: 2.9903846153846154
  - node: Nested loop inner join (cost=4.22e+6 rows=269685) (actual time=2.65..51932
      rows=21861 loops=1)
    actual_rows: 21861.0
    estimated_rows: 269685.0
    q_error: 12.336352408398518
  - node: Nested loop inner join (cost=4.01e+6 rows=189621) (actual time=0.828..49129
      rows=59448 loops=1)
    actual_rows: 59448.0
    estimated_rows: 189621.0
    q_error: 3.189695195801373
  - node: Nested loop inner join (cost=571898 rows=634560) (actual time=0.033..2415
      rows=954317 loops=1)
    actual_rows: 954317.0
    estimated_rows: 634560.0
    q_error: 1.5039034921835603
  - node: Table scan on mi_idx (cost=127705 rows=1.27e+6) (actual time=0.02..978 rows=1.38e+6
      loops=1)
    actual_rows: 1380000.0
    estimated_rows: 1270000.0
    q_error: 1.0866141732283465
  - node: 'Filter: (t.kind_id < 7) (cost=0.25 rows=0.5) (actual time=850e-6..904e-6
      rows=0.692 loops=1.38e+6)'
    actual_rows: 0.692
    estimated_rows: 0.5
    q_error: 1.384
  - node: Single-row index lookup on t using PRIMARY (id=mi_idx.movie_id) (cost=0.25
      rows=1) (actual time=691e-6..716e-6 rows=1 loops=1.38e+6)
    actual_rows: 1.0
    estimated_rows: 1.0
    q_error: 1.0
  - node: 'Filter: ((ci.role_id = 9) and (ci.person_id < 525577)) (cost=3.87 rows=0.299)
      (actual time=0.0481..0.0488 rows=0.0623 loops=954317)'
    actual_rows: 0.0623
    estimated_rows: 0.299
    q_error: 4.799357945425361
  - node: Index lookup on ci using movie_id_cast_info (movie_id=mi_idx.movie_id) (cost=3.87
      rows=15.5) (actual time=0.00253..0.0468 rows=27 loops=954317)
    actual_rows: 27.0
    estimated_rows: 15.5
    q_error: 1.7419354838709677
  - node: 'Filter: (mc.company_id < 428) (cost=0.811 rows=1.42) (actual time=0.0364..0.047
      rows=0.368 loops=59448)'
    actual_rows: 0.368
    estimated_rows: 1.42
    q_error: 3.858695652173913
  - node: Index lookup on mc using movie_id_movie_companies (movie_id=mi_idx.movie_id)
      (cost=0.811 rows=3.24) (actual time=0.0232..0.0464 rows=4.48 loops=59448)
    actual_rows: 4.48
    estimated_rows: 3.24
    q_error: 1.3827160493827162
  - node: Index lookup on mk using movie_id_movie_keyword (movie_id=mi_idx.movie_id)
      (cost=2.88 rows=11.5) (actual time=0.0115..0.0486 rows=47.7 loops=21861)
    actual_rows: 47.7
    estimated_rows: 11.5
    q_error: 4.147826086956522

- query: SELECT * FROM cast_info ci WHERE ci.role_id=9
  qep:
  - node: Index lookup on ci using role_id_cast_info (role_id=9) (cost=289894 rows=1.97e+6)
      (actual time=0.0211..2580 rows=1.09e+6 loops=1)
    actual_rows: 1090000.0
    estimated_rows: 1970000.0
    q_error: 1.8073394495412844

- query: SELECT * FROM title t,movie_info_idx mi_idx WHERE t.id=mi_idx.movie_id AND
    t.production_year=2009
  qep:
  - node: Nested loop inner join (cost=561476 rows=843488) (actual time=0.827..2677
      rows=60340 loops=1)
    actual_rows: 60340.0
    estimated_rows: 843488.0
    q_error: 13.978919456413657
  - node: 'Filter: (t.production_year = 2009) (cost=266255 rows=260127) (actual time=0.123..1813
      rows=128696 loops=1)'
    actual_rows: 128696.0
    estimated_rows: 260127.0
    q_error: 2.021251631752347
  - node: Table scan on t (cost=266255 rows=2.6e+6) (actual time=0.0149..1691 rows=2.53e+6
      loops=1)
    actual_rows: 2530000.0
    estimated_rows: 2600000.0
    q_error: 1.0276679841897234
  - node: Index lookup on mi_idx using movie_id_movie_info_idx (movie_id=t.id) (cost=0.811
      rows=3.24) (actual time=0.00614..0.00658 rows=0.469 loops=128696)
    actual_rows: 0.469
    estimated_rows: 3.24
    q_error: 6.908315565031984

- query: SELECT * FROM title t,movie_companies mc,cast_info ci,movie_info_idx mi_idx,movie_keyword
    mk WHERE t.id=mc.movie_id AND t.id=ci.movie_id AND t.id=mi_idx.movie_id AND t.id=mk.movie_id
    AND t.kind_id=3 AND mc.company_id>19054 AND mc.company_type_id=2 AND ci.person_id>1108086
    AND ci.role_id<10 AND mk.keyword_id=3644
  qep:
  - node: Nested loop inner join (cost=5676 rows=3101) (actual time=2.94..12.7 rows=72
      loops=1)
    actual_rows: 72.0
    estimated_rows: 3101.0
    q_error: 43.06944444444444
  - node: Nested loop inner join (cost=4591 rows=956) (actual time=2.93..12.5 rows=24
      loops=1)
    actual_rows: 24.0
    estimated_rows: 956.0
    q_error: 39.833333333333336
  - node: Nested loop inner join (cost=3252 rows=247) (actual time=2.91..12.4 rows=3
      loops=1)
    actual_rows: 3.0
    estimated_rows: 247.0
    q_error: 82.33333333333333
  - node: Nested loop inner join (cost=2906 rows=305) (actual time=2.89..12.3 rows=3
      loops=1)
    actual_rows: 3.0
    estimated_rows: 305.0
    q_error: 101.66666666666667
  - node: Index lookup on mk using keyword_id_movie_keyword (keyword_id=3644) (cost=1453
      rows=4151) (actual time=0.594..7.12 rows=4151 loops=1)
    actual_rows: 4151.0
    estimated_rows: 4151.0
    q_error: 1.0
  - node: 'Filter: (t.kind_id = 3) (cost=0.25 rows=0.0735) (actual time=0.0012..0.0012
      rows=723e-6 loops=4151)'
    actual_rows: 0.000723
    estimated_rows: 0.0735
    q_error: 101.65975103734439
  - node: Single-row index lookup on t using PRIMARY (id=mk.movie_id) (cost=0.25 rows=1)
      (actual time=0.00108..0.0011 rows=1 loops=4151)
    actual_rows: 1.0
    estimated_rows: 1.0
    q_error: 1.0
  - node: 'Filter: ((mc.company_type_id = 2) and (mc.company_id > 19054)) (cost=0.811
      rows=0.811) (actual time=0.0111..0.0128 rows=1 loops=3)'
    actual_rows: 1.0
    estimated_rows: 0.811
    q_error: 1.2330456226880393
  - node: Index lookup on mc using movie_id_movie_companies (movie_id=mk.movie_id)
      (cost=0.811 rows=3.24) (actual time=0.00697..0.0116 rows=3.67 loops=3)
    actual_rows: 3.67
    estimated_rows: 3.24
    q_error: 1.132716049382716
  - node: 'Filter: ((ci.person_id > 1108086) and (ci.role_id < 10)) (cost=3.87 rows=3.87)
      (actual time=0.0153..0.0565 rows=8 loops=3)'
    actual_rows: 8.0
    estimated_rows: 3.87
    q_error: 2.0671834625322996
  - node: Index lookup on ci using movie_id_cast_info (movie_id=mk.movie_id) (cost=3.87
      rows=15.5) (actual time=0.00597..0.0548 rows=25.3 loops=3)
    actual_rows: 25.3
    estimated_rows: 15.5
    q_error: 1.632258064516129
  - node: Index lookup on mi_idx using movie_id_movie_info_idx (movie_id=mk.movie_id)
      (cost=0.811 rows=3.24) (actual time=0.00337..0.00517 rows=3 loops=24)
    actual_rows: 3.0
    estimated_rows: 3.24
    q_error: 1.08

- query: SELECT * FROM title t,movie_companies mc,movie_info mi,movie_info_idx mi_idx,movie_keyword
    mk WHERE t.id=mc.movie_id AND t.id=mi.movie_id AND t.id=mi_idx.movie_id AND t.id=mk.movie_id
    AND mi_idx.info_type_id=99
  qep:
  - node: Nested loop inner join (cost=49.5e+6 rows=128e+6) (actual time=0.0824..4.28e+6
      rows=4.83e+9 loops=1)
    actual_rows: 4830000000.0
    estimated_rows: 128000000.0
    q_error: 37.734375
  - node: Nested loop inner join (cost=4.88e+6 rows=11.1e+6) (actual time=0.0657..112370
      rows=58e+6 loops=1)
    actual_rows: 58000000.0
    estimated_rows: 11100000.0
    q_error: 5.225225225225225
  - node: Nested loop inner join (cost=1.01e+6 rows=2.06e+6) (actual time=0.0521..6913
      rows=1.35e+6 loops=1)
    actual_rows: 1350000.0
    estimated_rows: 2060000.0
    q_error: 1.525925925925926
  - node: Nested loop inner join (cost=287932 rows=634560) (actual time=0.0379..2586
      rows=459925 loops=1)
    actual_rows: 459925.0
    estimated_rows: 634560.0
    q_error: 1.3797032124802957
  - node: Index lookup on mi_idx using info_type_id_movie_info_idx (info_type_id=99)
      (cost=65836 rows=634560) (actual time=0.0269..1635 rows=459925 loops=1)
    actual_rows: 459925.0
    estimated_rows: 634560.0
    q_error: 1.3797032124802957
  - node: Single-row index lookup on t using PRIMARY (id=mi_idx.movie_id) (cost=0.25
      rows=1) (actual time=0.00186..0.00189 rows=1 loops=459925)
    actual_rows: 1.0
    estimated_rows: 1.0
    q_error: 1.0
  - node: Index lookup on mc using movie_id_movie_companies (movie_id=mi_idx.movie_id)
      (cost=0.811 rows=3.24) (actual time=0.00417..0.00916 rows=2.95 loops=459925)
    actual_rows: 2.95
    estimated_rows: 3.24
    q_error: 1.0983050847457627
  - node: Index lookup on mi using movie_id_movie_info (movie_id=mi_idx.movie_id)
      (cost=1.34 rows=5.37) (actual time=0.00282..0.0757 rows=42.8 loops=1.35e+6)
    actual_rows: 42.8
    estimated_rows: 5.37
    q_error: 7.970204841713221
  - node: Index lookup on mk using movie_id_movie_keyword (movie_id=mi_idx.movie_id)
      (cost=2.88 rows=11.5) (actual time=0.00855..0.068 rows=83.3 loops=58e+6)
    actual_rows: 83.3
    estimated_rows: 11.5
    q_error: 7.243478260869565

- query: SELECT * FROM movie_keyword mk WHERE mk.keyword_id<382
  qep:
  - node: 'Filter: (mk.keyword_id < 382) (cost=420275 rows=1.38e+6) (actual time=0.956..956
      rows=520878 loops=1)'
    actual_rows: 520878.0
    estimated_rows: 1380000.0
    q_error: 2.6493727897895476
  - node: Table scan on mk (cost=420275 rows=4.18e+6) (actual time=0.953..781 rows=4.52e+6
      loops=1)
    actual_rows: 4520000.0
    estimated_rows: 4180000.0
    q_error: 1.0813397129186604

- query: SELECT * FROM movie_info mi WHERE mi.info_type_id>13
  qep:
  - node: 'Filter: (mi.info_type_id > 13) (cost=1.39e+6 rows=6.81e+6) (actual time=116..8387
      rows=5.87e+6 loops=1)'
    actual_rows: 5870000.0
    estimated_rows: 6810000.0
    q_error: 1.160136286201022
  - node: Table scan on mi (cost=1.39e+6 rows=13.6e+6) (actual time=0.0161..7672 rows=14.8e+6
      loops=1)
    actual_rows: 14800000.0
    estimated_rows: 13600000.0
    q_error: 1.088235294117647

- query: SELECT * FROM title t,cast_info ci,movie_keyword mk WHERE t.id=ci.movie_id
    AND t.id=mk.movie_id
  qep:
  - node: Nested loop inner join (cost=24.5e+6 rows=64.7e+6) (actual time=0.78..281903
      rows=216e+6 loops=1)
    actual_rows: 216000000.0
    estimated_rows: 64700000.0
    q_error: 3.338485316846986
  - node: Nested loop inner join (cost=1.88e+6 rows=4.18e+6) (actual time=0.767..3578
      rows=4.52e+6 loops=1)
    actual_rows: 4520000.0
    estimated_rows: 4180000.0
    q_error: 1.0813397129186604
  - node: Table scan on mk (cost=420275 rows=4.18e+6) (actual time=0.753..1192 rows=4.52e+6
      loops=1)
    actual_rows: 4520000.0
    estimated_rows: 4180000.0
    q_error: 1.0813397129186604
  - node: Single-row index lookup on t using PRIMARY (id=mk.movie_id) (cost=0.25 rows=1)
      (actual time=361e-6..383e-6 rows=1 loops=4.52e+6)
    actual_rows: 1.0
    estimated_rows: 1.0
    q_error: 1.0
  - node: Index lookup on ci using movie_id_cast_info (movie_id=mk.movie_id) (cost=3.87
      rows=15.5) (actual time=0.00214..0.0592 rows=47.7 loops=4.52e+6)
    actual_rows: 47.7
    estimated_rows: 15.5
    q_error: 3.07741935483871

- query: SELECT * FROM title t,movie_info_idx mi_idx,movie_keyword mk WHERE t.id=mi_idx.movie_id
    AND t.id=mk.movie_id AND t.kind_id<4
  qep:
  - node: Nested loop inner join (cost=3.13e+6 rows=7.32e+6) (actual time=0.0475..11799
      rows=8.58e+6 loops=1)
    actual_rows: 8580000.0
    estimated_rows: 7320000.0
    q_error: 1.1721311475409837
  - node: Nested loop inner join (cost=571898 rows=634560) (actual time=0.0298..1931
      rows=854105 loops=1)
    actual_rows: 854105.0
    estimated_rows: 634560.0
    q_error: 1.3459798915784165
  - node: Table scan on mi_idx (cost=127705 rows=1.27e+6) (actual time=0.0161..817
      rows=1.38e+6 loops=1)
    actual_rows: 1380000.0
    estimated_rows: 1270000.0
    q_error: 1.0866141732283465
  - node: 'Filter: (t.kind_id < 4) (cost=0.25 rows=0.5) (actual time=660e-6..700e-6
      rows=0.619 loops=1.38e+6)'
    actual_rows: 0.619
    estimated_rows: 0.5
    q_error: 1.238
  - node: Single-row index lookup on t using PRIMARY (id=mi_idx.movie_id) (cost=0.25
      rows=1) (actual time=524e-6..545e-6 rows=1 loops=1.38e+6)
    actual_rows: 1.0
    estimated_rows: 1.0
    q_error: 1.0
  - node: Index lookup on mk using movie_id_movie_keyword (movie_id=mi_idx.movie_id)
      (cost=2.88 rows=11.5) (actual time=0.005..0.011 rows=10 loops=854105)
    actual_rows: 10.0
    estimated_rows: 11.5
    q_error: 1.15

- query: SELECT * FROM title t,cast_info ci WHERE t.id=ci.movie_id AND t.production_year=2011
  qep:
  - node: Nested loop inner join (cost=1.67e+6 rows=4.02e+6) (actual time=0.0537..10325
      rows=2.48e+6 loops=1)
    actual_rows: 2480000.0
    estimated_rows: 4020000.0
    q_error: 1.6209677419354838
  - node: 'Filter: (t.production_year = 2011) (cost=266255 rows=260127) (actual time=0.0348..1926
      rows=160017 loops=1)'
    actual_rows: 160017.0
    estimated_rows: 260127.0
    q_error: 1.6256210277657999
  - node: Table scan on t (cost=266255 rows=2.6e+6) (actual time=0.0191..1797 rows=2.53e+6
      loops=1)
    actual_rows: 2530000.0
    estimated_rows: 2600000.0
    q_error: 1.0276679841897234
  - node: Index lookup on ci using movie_id_cast_info (movie_id=t.id) (cost=3.87 rows=15.5)
      (actual time=0.00693..0.0516 rows=15.5 loops=160017)
    actual_rows: 15.5
    estimated_rows: 15.5
    q_error: 1.0

- query: SELECT * FROM title t,movie_info mi WHERE t.id=mi.movie_id AND mi.info_type_id<8
  qep:
  - node: Nested loop inner join (cost=3.77e+6 rows=6.81e+6) (actual time=1396..16520
      rows=7.29e+6 loops=1)
    actual_rows: 7290000.0
    estimated_rows: 6810000.0
    q_error: 1.0704845814977975
  - node: 'Filter: (mi.info_type_id < 8) (cost=1.39e+6 rows=6.81e+6) (actual time=1396..8936
      rows=7.29e+6 loops=1)'
    actual_rows: 7290000.0
    estimated_rows: 6810000.0
    q_error: 1.0704845814977975
  - node: Table scan on mi (cost=1.39e+6 rows=13.6e+6) (actual time=0.0147..8114 rows=14.8e+6
      loops=1)
    actual_rows: 14800000.0
    estimated_rows: 13600000.0
    q_error: 1.088235294117647
  - node: Single-row index lookup on t using PRIMARY (id=mi.movie_id) (cost=0.25 rows=1)
      (actual time=902e-6..922e-6 rows=1 loops=7.29e+6)
    actual_rows: 1.0
    estimated_rows: 1.0
    q_error: 1.0

- query: SELECT * FROM title t,movie_info mi,movie_info_idx mi_idx,movie_keyword mk
    WHERE t.id=mi.movie_id AND t.id=mi_idx.movie_id AND t.id=mk.movie_id AND t.kind_id=1
    AND t.production_year>2005 AND mi_idx.info_type_id=99 AND mk.keyword_id=6830
  qep:
  - node: Nested loop inner join (cost=863 rows=897) (actual time=0.952..25.7 rows=8966
      loops=1)
    actual_rows: 8966.0
    estimated_rows: 897.0
    q_error: 9.995540691192865
  - node: Nested loop inner join (cost=549 rows=167) (actual time=0.934..7.7 rows=102
      loops=1)
    actual_rows: 102.0
    estimated_rows: 167.0
    q_error: 1.6372549019607843
  - node: Nested loop inner join (cost=433 rows=103) (actual time=0.91..3.03 rows=133
      loops=1)
    actual_rows: 133.0
    estimated_rows: 103.0
    q_error: 1.2912621359223302
  - node: Index lookup on mk using keyword_id_movie_keyword (keyword_id=6830) (cost=216
      rows=618) (actual time=0.813..1.48 rows=618 loops=1)
    actual_rows: 618.0
    estimated_rows: 618.0
    q_error: 1.0
  - node: 'Filter: ((t.kind_id = 1) and (t.production_year > 2005)) (cost=0.25 rows=0.167)
      (actual time=0.0024..0.00242 rows=0.215 loops=618)'
    actual_rows: 0.215
    estimated_rows: 0.167
    q_error: 1.2874251497005986
  - node: Single-row index lookup on t using PRIMARY (id=mk.movie_id) (cost=0.25 rows=1)
      (actual time=0.00221..0.00223 rows=1 loops=618)
    actual_rows: 1.0
    estimated_rows: 1.0
    q_error: 1.0
  - node: 'Filter: (mi_idx.info_type_id = 99) (cost=0.812 rows=1.62) (actual time=0.0318..0.035
      rows=0.767 loops=133)'
    actual_rows: 0.767
    estimated_rows: 1.62
    q_error: 2.1121251629726205
  - node: Index lookup on mi_idx using movie_id_movie_info_idx (movie_id=mk.movie_id)
      (cost=0.812 rows=3.24) (actual time=0.0316..0.0346 rows=2.31 loops=133)
    actual_rows: 2.31
    estimated_rows: 3.24
    q_error: 1.4025974025974026
  - node: Index lookup on mi using movie_id_movie_info (movie_id=mk.movie_id) (cost=1.35
      rows=5.37) (actual time=0.00678..0.173 rows=87.9 loops=102)
    actual_rows: 87.9
    estimated_rows: 5.37
    q_error: 16.368715083798882

- query: SELECT * FROM title t,movie_companies mc,movie_info_idx mi_idx,movie_keyword
    mk WHERE t.id=mc.movie_id AND t.id=mi_idx.movie_id AND t.id=mk.movie_id AND t.kind_id=7
    AND t.production_year<2012 AND mi_idx.info_type_id=99 AND mk.keyword_id>1515
  qep:
  - node: Nested loop inner join (cost=1.41e+6 rows=1.98e+6) (actual time=3.66..3322
      rows=1.02e+6 loops=1)
    actual_rows: 1020000.0
    estimated_rows: 1980000.0
    q_error: 1.9411764705882353
  - node: Nested loop inner join (cost=715049 rows=610168) (actual time=3.39..1976
      rows=277200 loops=1)
    actual_rows: 277200.0
    estimated_rows: 610168.0
    q_error: 2.201183261183261
  - node: Nested loop inner join (cost=287932 rows=105749) (actual time=0.046..1250
      rows=131569 loops=1)
    actual_rows: 131569.0
    estimated_rows: 105749.0
    q_error: 1.2441630653717766
  - node: Index lookup on mi_idx using info_type_id_movie_info_idx (info_type_id=99)
      (cost=65836 rows=634560) (actual time=0.0226..551 rows=459925 loops=1)
    actual_rows: 459925.0
    estimated_rows: 634560.0
    q_error: 1.3797032124802957
  - node: 'Filter: ((t.kind_id = 7) and (t.production_year < 2012)) (cost=0.25 rows=0.167)
      (actual time=0.00141..0.00142 rows=0.286 loops=459925)'
    actual_rows: 0.286
    estimated_rows: 0.167
    q_error: 1.712574850299401
  - node: Single-row index lookup on t using PRIMARY (id=mi_idx.movie_id) (cost=0.25
      rows=1) (actual time=0.00123..0.00125 rows=1 loops=459925)
    actual_rows: 1.0
    estimated_rows: 1.0
    q_error: 1.0
  - node: 'Filter: (mk.keyword_id > 1515) (cost=2.88 rows=5.77) (actual time=0.00387..0.00533
      rows=2.11 loops=131569)'
    actual_rows: 2.11
    estimated_rows: 5.77
    q_error: 2.734597156398104
  - node: Index lookup on mk using movie_id_movie_keyword (movie_id=mi_idx.movie_id)
      (cost=2.88 rows=11.5) (actual time=0.00372..0.00503 rows=2.65 loops=131569)
    actual_rows: 2.65
    estimated_rows: 11.5
    q_error: 4.339622641509434
  - node: Index lookup on mc using movie_id_movie_companies (movie_id=mi_idx.movie_id)
      (cost=0.811 rows=3.24) (actual time=0.0015..0.00458 rows=3.67 loops=277200)
    actual_rows: 3.67
    estimated_rows: 3.24
    q_error: 1.132716049382716

- query: SELECT * FROM title t,movie_companies mc,cast_info ci,movie_info_idx mi_idx,movie_keyword
    mk WHERE t.id=mc.movie_id AND t.id=ci.movie_id AND t.id=mi_idx.movie_id AND t.id=mk.movie_id
    AND t.kind_id<7 AND t.production_year>1936 AND ci.person_id>1487650 AND ci.role_id<8
    AND mk.keyword_id=16264
  qep:
  - node: Nested loop inner join (cost=501427 rows=752830) (actual time=7.99..4460
      rows=539979 loops=1)
    actual_rows: 539979.0
    estimated_rows: 752830.0
    q_error: 1.394183847890381
  - node: Nested loop inner join (cost=237937 rows=232098) (actual time=7.97..3545
      rows=275277 loops=1)
    actual_rows: 275277.0
    estimated_rows: 232098.0
    q_error: 1.1860377943799603
  - node: Nested loop inner join (cost=156702 rows=71578) (actual time=7.91..2094
      rows=355510 loops=1)
    actual_rows: 355510.0
    estimated_rows: 71578.0
    q_error: 4.966749559920646
  - node: Nested loop inner join (cost=56493 rows=18510) (actual time=7.9..193 rows=58072
      loops=1)
    actual_rows: 58072.0
    estimated_rows: 18510.0
    q_error: 3.1373311723392763
  - node: Index lookup on mk using keyword_id_movie_keyword (keyword_id=16264) (cost=17618
      rows=111072) (actual time=7.88..80.2 rows=58448 loops=1)
    actual_rows: 58448.0
    estimated_rows: 111072.0
    q_error: 1.900355871886121
  - node: 'Filter: ((t.kind_id < 7) and (t.production_year > 1936)) (cost=0.25 rows=0.167)
      (actual time=0.00172..0.00179 rows=0.994 loops=58448)'
    actual_rows: 0.994
    estimated_rows: 0.167
    q_error: 5.952095808383233
  - node: Single-row index lookup on t using PRIMARY (id=mk.movie_id) (cost=0.25 rows=1)
      (actual time=0.00155..0.00157 rows=1 loops=58448)
    actual_rows: 1.0
    estimated_rows: 1.0
    q_error: 1.0
  - node: 'Filter: ((ci.person_id > 1487650) and (ci.role_id < 8)) (cost=3.87 rows=3.87)
      (actual time=0.0126..0.0323 rows=6.12 loops=58072)'
    actual_rows: 6.12
    estimated_rows: 3.87
    q_error: 1.5813953488372092
  - node: Index lookup on ci using movie_id_cast_info (movie_id=mk.movie_id) (cost=3.87
      rows=15.5) (actual time=0.00388..0.0312 rows=10.6 loops=58072)
    actual_rows: 10.6
    estimated_rows: 15.5
    q_error: 1.4622641509433962
  - node: Index lookup on mi_idx using movie_id_movie_info_idx (movie_id=mk.movie_id)
      (cost=0.811 rows=3.24) (actual time=0.00326..0.00396 rows=0.774 loops=355510)
    actual_rows: 0.774
    estimated_rows: 3.24
    q_error: 4.186046511627907
  - node: Index lookup on mc using movie_id_movie_companies (movie_id=mk.movie_id)
      (cost=0.811 rows=3.24) (actual time=0.00157..0.0031 rows=1.96 loops=275277)
    actual_rows: 1.96
    estimated_rows: 3.24
    q_error: 1.653061224489796

- query: SELECT * FROM title t,cast_info ci,movie_keyword mk WHERE t.id=ci.movie_id
    AND t.id=mk.movie_id AND ci.person_id>784764
  qep:
  - node: Nested loop inner join (cost=24.5e+6 rows=32.3e+6) (actual time=0.702..285904
      rows=165e+6 loops=1)
    actual_rows: 165000000.0
    estimated_rows: 32300000.0
    q_error: 5.108359133126935
  - node: Nested loop inner join (cost=1.88e+6 rows=4.18e+6) (actual time=0.69..3446
      rows=4.52e+6 loops=1)
    actual_rows: 4520000.0
    estimated_rows: 4180000.0
    q_error: 1.0813397129186604
  - node: Table scan on mk (cost=420275 rows=4.18e+6) (actual time=0.677..1150 rows=4.52e+6
      loops=1)
    actual_rows: 4520000.0
    estimated_rows: 4180000.0
    q_error: 1.0813397129186604
  - node: Single-row index lookup on t using PRIMARY (id=mk.movie_id) (cost=0.25 rows=1)
      (actual time=347e-6..369e-6 rows=1 loops=4.52e+6)
    actual_rows: 1.0
    estimated_rows: 1.0
    q_error: 1.0
  - node: 'Filter: (ci.person_id > 784764) (cost=3.87 rows=7.73) (actual time=0.0118..0.0607
      rows=36.6 loops=4.52e+6)'
    actual_rows: 36.6
    estimated_rows: 7.73
    q_error: 4.734799482535576
  - node: Index lookup on ci using movie_id_cast_info (movie_id=mk.movie_id) (cost=3.87
      rows=15.5) (actual time=0.0018..0.0575 rows=47.7 loops=4.52e+6)
    actual_rows: 47.7
    estimated_rows: 15.5
    q_error: 3.07741935483871

- query: SELECT * FROM title t,cast_info ci,movie_info mi,movie_info_idx mi_idx,movie_keyword
    mk WHERE t.id=ci.movie_id AND t.id=mi.movie_id AND t.id=mi_idx.movie_id AND t.id=mk.movie_id
    AND mi.info_type_id<8 AND mi_idx.info_type_id>100
  qep:
  - node: Nested loop inner join (cost=115e+6 rows=304e+6) (actual time=0.103..6.02e+6
      rows=5.06e+9 loops=1)
    actual_rows: 5060000000.0
    estimated_rows: 304000000.0
    q_error: 16.644736842105264
  - node: Nested loop inner join (cost=8.43e+6 rows=19.7e+6) (actual time=0.0926..125348
      rows=57e+6 loops=1)
    actual_rows: 57000000.0
    estimated_rows: 19700000.0
    q_error: 2.8934010152284264
  - node: Nested loop inner join (cost=1.54e+6 rows=1.7e+6) (actual time=0.0793..51395
      rows=2.93e+6 loops=1)
    actual_rows: 2930000.0
    estimated_rows: 1700000.0
    q_error: 1.723529411764706
  - node: Nested loop inner join (cost=349801 rows=634560) (actual time=0.0526..3111
      rows=460185 loops=1)
    actual_rows: 460185.0
    estimated_rows: 634560.0
    q_error: 1.3789236937318687
  - node: 'Filter: (mi_idx.info_type_id > 100) (cost=127705 rows=634560) (actual time=0.0337..1840
      rows=460185 loops=1)'
    actual_rows: 460185.0
    estimated_rows: 634560.0
    q_error: 1.3789236937318687
  - node: Table scan on mi_idx (cost=127705 rows=1.27e+6) (actual time=0.0257..1707
      rows=1.38e+6 loops=1)
    actual_rows: 1380000.0
    estimated_rows: 1270000.0
    q_error: 1.0866141732283465
  - node: Single-row index lookup on t using PRIMARY (id=mi_idx.movie_id) (cost=0.25
      rows=1) (actual time=0.00253..0.00256 rows=1 loops=460185)
    actual_rows: 1.0
    estimated_rows: 1.0
    q_error: 1.0
  - node: 'Filter: (mi.info_type_id < 8) (cost=1.34 rows=2.69) (actual time=0.0559..0.104
      rows=6.36 loops=460185)'
    actual_rows: 6.36
    estimated_rows: 2.69
    q_error: 2.3643122676579926
  - node: Index lookup on mi using movie_id_movie_info (movie_id=mi_idx.movie_id)
      (cost=1.34 rows=5.37) (actual time=0.0219..0.102 rows=15.3 loops=460185)
    actual_rows: 15.3
    estimated_rows: 5.37
    q_error: 2.8491620111731844
  - node: Index lookup on mk using movie_id_movie_keyword (movie_id=mi_idx.movie_id)
      (cost=2.88 rows=11.5) (actual time=0.00735..0.0242 rows=19.5 loops=2.93e+6)
    actual_rows: 19.5
    estimated_rows: 11.5
    q_error: 1.6956521739130435
  - node: Index lookup on ci using movie_id_cast_info (movie_id=mi_idx.movie_id) (cost=3.87
      rows=15.5) (actual time=0.00155..0.0992 rows=88.7 loops=57e+6)
    actual_rows: 88.7
    estimated_rows: 15.5
    q_error: 5.72258064516129

- query: SELECT * FROM movie_info_idx mi_idx WHERE mi_idx.info_type_id=99
  qep:
  - node: Index lookup on mi_idx using info_type_id_movie_info_idx (info_type_id=99)
      (cost=65836 rows=634560) (actual time=0.891..892 rows=459925 loops=1)
    actual_rows: 459925.0
    estimated_rows: 634560.0
    q_error: 1.3797032124802957

- query: SELECT * FROM title t,movie_info mi,movie_info_idx mi_idx WHERE t.id=mi.movie_id
    AND t.id=mi_idx.movie_id AND t.kind_id=7
  qep:
  - node: Nested loop inner join (cost=1.76e+6 rows=3.41e+6) (actual time=0.276..6681
      rows=3.63e+6 loops=1)
    actual_rows: 3630000.0
    estimated_rows: 3410000.0
    q_error: 1.064516129032258
  - node: Nested loop inner join (cost=571898 rows=634560) (actual time=0.231..1836
      rows=425718 loops=1)
    actual_rows: 425718.0
    estimated_rows: 634560.0
    q_error: 1.4905641762857103
  - node: Table scan on mi_idx (cost=127705 rows=1.27e+6) (actual time=0.201..775
      rows=1.38e+6 loops=1)
    actual_rows: 1380000.0
    estimated_rows: 1270000.0
    q_error: 1.0866141732283465
  - node: 'Filter: (t.kind_id = 7) (cost=0.25 rows=0.5) (actual time=662e-6..681e-6
      rows=0.308 loops=1.38e+6)'
    actual_rows: 0.308
    estimated_rows: 0.5
    q_error: 1.6233766233766234
  - node: Single-row index lookup on t using PRIMARY (id=mi_idx.movie_id) (cost=0.25
      rows=1) (actual time=525e-6..545e-6 rows=1 loops=1.38e+6)
    actual_rows: 1.0
    estimated_rows: 1.0
    q_error: 1.0
  - node: Index lookup on mi using movie_id_movie_info (movie_id=mi_idx.movie_id)
      (cost=1.34 rows=5.37) (actual time=0.00195..0.0109 rows=8.54 loops=425718)
    actual_rows: 8.54
    estimated_rows: 5.37
    q_error: 1.5903165735567968

- query: SELECT * FROM title t WHERE t.kind_id=7 AND t.production_year>2007
  qep:
  - node: 'Filter: (t.production_year > 2007) (cost=61734 rows=433502) (actual time=0.292..6036
      rows=518327 loops=1)'
    actual_rows: 518327.0
    estimated_rows: 433502.0
    q_error: 1.1956738377216252
  - node: Index lookup on t using kind_id_title (kind_id=7) (cost=61734 rows=1.3e+6)
      (actual time=0.278..5956 rows=1.54e+6 loops=1)
    actual_rows: 1540000.0
    estimated_rows: 1300000.0
    q_error: 1.1846153846153846

- query: SELECT * FROM cast_info ci WHERE ci.person_id<1957527
  qep:
  - node: 'Filter: (ci.person_id < 1957527) (cost=3.51e+6 rows=17.4e+6) (actual time=0.0142..26869
      rows=19.5e+6 loops=1)'
    actual_rows: 19500000.0
    estimated_rows: 17400000.0
    q_error: 1.1206896551724137
  - node: Table scan on ci (cost=3.51e+6 rows=34.8e+6) (actual time=0.0133..24845
      rows=36.2e+6 loops=1)
    actual_rows: 36200000.0
    estimated_rows: 34800000.0
    q_error: 1.0402298850574712

- query: SELECT * FROM title t,movie_info mi,movie_keyword mk WHERE t.id=mi.movie_id
    AND t.id=mk.movie_id AND t.kind_id>1 AND t.production_year=1988 AND mi.info_type_id<5
  qep:
  - node: Nested loop inner join (cost=1.92e+6 rows=4.03e+6) (actual time=1.29..2566
      rows=69264 loops=1)
    actual_rows: 69264.0
    estimated_rows: 4030000.0
    q_error: 58.18318318318318
  - node: Nested loop inner join (cost=510799 rows=349348) (actual time=1..2398 rows=21883
      loops=1)
    actual_rows: 21883.0
    estimated_rows: 349348.0
    q_error: 15.964355892702098
  - node: 'Filter: ((t.production_year = 1988) and (t.kind_id > 1)) (cost=266255 rows=130064)
      (actual time=0.967..1887 rows=15001 loops=1)'
    actual_rows: 15001.0
    estimated_rows: 130064.0
    q_error: 8.670355309646023
  - node: Table scan on t (cost=266255 rows=2.6e+6) (actual time=0.624..1739 rows=2.53e+6
      loops=1)
    actual_rows: 2530000.0
    estimated_rows: 2600000.0
    q_error: 1.0276679841897234
  - node: 'Filter: (mi.info_type_id < 5) (cost=1.34 rows=2.69) (actual time=0.0221..0.0339
      rows=1.46 loops=15001)'
    actual_rows: 1.46
    estimated_rows: 2.69
    q_error: 1.8424657534246576
  - node: Index lookup on mi using movie_id_movie_info (movie_id=t.id) (cost=1.34
      rows=5.37) (actual time=0.0187..0.0334 rows=4.24 loops=15001)
    actual_rows: 4.24
    estimated_rows: 5.37
    q_error: 1.266509433962264
  - node: Index lookup on mk using movie_id_movie_keyword (movie_id=t.id) (cost=2.88
      rows=11.5) (actual time=0.00604..0.00739 rows=3.17 loops=21883)
    actual_rows: 3.17
    estimated_rows: 11.5
    q_error: 3.6277602523659307

- query: SELECT * FROM title t,movie_companies mc,movie_info mi,movie_keyword mk WHERE
    t.id=mc.movie_id AND t.id=mi.movie_id AND t.id=mk.movie_id AND t.production_year<2008
    AND mc.company_id>5190 AND mc.company_type_id<2
  qep:
  - node: Nested loop inner join (cost=5.59e+6 rows=6.07e+6) (actual time=2722..1.67e+6
      rows=1.51e+9 loops=1)
    actual_rows: 1510000000.0
    estimated_rows: 6070000.0
    q_error: 248.76441515650743
  - node: Nested loop inner join (cost=3.47e+6 rows=1.13e+6) (actual time=2722..48727
      rows=10.5e+6 loops=1)
    actual_rows: 10500000.0
    estimated_rows: 1130000.0
    q_error: 9.29203539823009
  - node: Nested loop inner join (cost=1.88e+6 rows=1.39e+6) (actual time=1.08..4300
      rows=3.61e+6 loops=1)
    actual_rows: 3610000.0
    estimated_rows: 1390000.0
    q_error: 2.597122302158273
  - node: Table scan on mk (cost=420275 rows=4.18e+6) (actual time=1.07..1260 rows=4.52e+6
      loops=1)
    actual_rows: 4520000.0
    estimated_rows: 4180000.0
    q_error: 1.0813397129186604
  - node: 'Filter: (t.production_year < 2008) (cost=0.25 rows=0.333) (actual time=478e-6..540e-6
      rows=0.799 loops=4.52e+6)'
    actual_rows: 0.799
    estimated_rows: 0.333
    q_error: 2.3993993993993996
  - node: Single-row index lookup on t using PRIMARY (id=mk.movie_id) (cost=0.25 rows=1)
      (actual time=337e-6..360e-6 rows=1 loops=4.52e+6)
    actual_rows: 1.0
    estimated_rows: 1.0
    q_error: 1.0
  - node: 'Filter: ((mc.company_id > 5190) and (mc.company_type_id < 2)) (cost=0.811
      rows=0.811) (actual time=0.00448..0.012 rows=2.92 loops=3.61e+6)'
    actual_rows: 2.92
    estimated_rows: 0.811
    q_error: 3.600493218249075
  - node: Index lookup on mc using movie_id_movie_companies (movie_id=mk.movie_id)
      (cost=0.811 rows=3.24) (actual time=0.00262..0.011 rows=7.63 loops=3.61e+6)
    actual_rows: 7.63
    estimated_rows: 3.24
    q_error: 2.3549382716049383
  - node: Index lookup on mi using movie_id_movie_info (movie_id=mk.movie_id) (cost=1.34
      rows=5.37) (actual time=0.00159..0.148 rows=144 loops=10.5e+6)
    actual_rows: 144.0
    estimated_rows: 5.37
    q_error: 26.81564245810056

- query: SELECT * FROM movie_info mi WHERE mi.info_type_id>16
  qep:
  - node: 'Filter: (mi.info_type_id > 16) (cost=1.39e+6 rows=4e+6) (actual time=514..8477
      rows=2.23e+6 loops=1)'
    actual_rows: 2230000.0
    estimated_rows: 4000000.0
    q_error: 1.7937219730941705
  - node: Table scan on mi (cost=1.39e+6 rows=13.6e+6) (actual time=0.0144..7812 rows=14.8e+6
      loops=1)
    actual_rows: 14800000.0
    estimated_rows: 13600000.0
    q_error: 1.088235294117647

- query: SELECT * FROM title t WHERE t.kind_id=1 AND t.production_year<1997
  qep:
  - node: 'Filter: (t.production_year < 1997) (cost=61734 rows=433502) (actual time=0.0433..1150
      rows=353075 loops=1)'
    actual_rows: 353075.0
    estimated_rows: 433502.0
    q_error: 1.227790129575869
  - node: Index lookup on t using kind_id_title (kind_id=1) (cost=61734 rows=1.3e+6)
      (actual time=0.0184..1116 rows=662825 loops=1)
    actual_rows: 662825.0
    estimated_rows: 1300000.0
    q_error: 1.9613020027910837

- query: SELECT * FROM title t,movie_companies mc,movie_info_idx mi_idx WHERE t.id=mc.movie_id
    AND t.id=mi_idx.movie_id AND mi_idx.info_type_id>99
  qep:
  - node: Nested loop inner join (cost=1.07e+6 rows=2.06e+6) (actual time=0.0481..6244
      rows=2.72e+6 loops=1)
    actual_rows: 2720000.0
    estimated_rows: 2060000.0
    q_error: 1.3203883495145632
  - node: Nested loop inner join (cost=349801 rows=634560) (actual time=0.0309..1737
      rows=920110 loops=1)
    actual_rows: 920110.0
    estimated_rows: 634560.0
    q_error: 1.4499968482097831
  - node: 'Filter: (mi_idx.info_type_id > 99) (cost=127705 rows=634560) (actual time=0.0181..920
      rows=920110 loops=1)'
    actual_rows: 920110.0
    estimated_rows: 634560.0
    q_error: 1.4499968482097831
  - node: Table scan on mi_idx (cost=127705 rows=1.27e+6) (actual time=0.0143..808
      rows=1.38e+6 loops=1)
    actual_rows: 1380000.0
    estimated_rows: 1270000.0
    q_error: 1.0866141732283465
  - node: Single-row index lookup on t using PRIMARY (id=mi_idx.movie_id) (cost=0.25
      rows=1) (actual time=739e-6..760e-6 rows=1 loops=920110)
    actual_rows: 1.0
    estimated_rows: 1.0
    q_error: 1.0
  - node: Index lookup on mc using movie_id_movie_companies (movie_id=mi_idx.movie_id)
      (cost=0.811 rows=3.24) (actual time=0.00202..0.00465 rows=2.95 loops=920110)
    actual_rows: 2.95
    estimated_rows: 3.24
    q_error: 1.0983050847457627

- query: SELECT * FROM title t,movie_info mi,movie_info_idx mi_idx,movie_keyword mk
    WHERE t.id=mi.movie_id AND t.id=mi_idx.movie_id AND t.id=mk.movie_id AND mi.info_type_id<15
    AND mi_idx.info_type_id<101 AND mk.keyword_id>34557
  qep:
  - node: Nested loop inner join (cost=6.28e+6 rows=5.63e+6) (actual time=36.2..73871
      rows=19.2e+6 loops=1)
    actual_rows: 19200000.0
    estimated_rows: 5630000.0
    q_error: 3.4103019538188275
  - node: Nested loop inner join (cost=2.34e+6 rows=2.1e+6) (actual time=36.1..7580
      rows=816744 loops=1)
    actual_rows: 816744.0
    estimated_rows: 2100000.0
    q_error: 2.571185095941935
  - node: Nested loop inner join (cost=872817 rows=1.29e+6) (actual time=35.4..1544
      rows=525849 loops=1)
    actual_rows: 525849.0
    estimated_rows: 1290000.0
    q_error: 2.4531757215474403
  - node: 'Filter: (mk.keyword_id > 34557) (cost=420275 rows=1.29e+6) (actual time=35.4..1112
      rows=525849 loops=1)'
    actual_rows: 525849.0
    estimated_rows: 1290000.0
    q_error: 2.4531757215474403
  - node: Table scan on mk (cost=420275 rows=4.18e+6) (actual time=0.675..920 rows=4.52e+6
      loops=1)
    actual_rows: 4520000.0
    estimated_rows: 4180000.0
    q_error: 1.0813397129186604
  - node: Single-row index lookup on t using PRIMARY (id=mk.movie_id) (cost=0.25 rows=1)
      (actual time=657e-6..680e-6 rows=1 loops=525849)
    actual_rows: 1.0
    estimated_rows: 1.0
    q_error: 1.0
  - node: 'Filter: (mi_idx.info_type_id < 101) (cost=0.811 rows=1.62) (actual time=0.00877..0.0113
      rows=1.55 loops=525849)'
    actual_rows: 1.55
    estimated_rows: 1.62
    q_error: 1.0451612903225806
  - node: Index lookup on mi_idx using movie_id_movie_info_idx (movie_id=mk.movie_id)
      (cost=0.811 rows=3.24) (actual time=0.00864..0.011 rows=2.34 loops=525849)
    actual_rows: 2.34
    estimated_rows: 3.24
    q_error: 1.3846153846153848
  - node: 'Filter: (mi.info_type_id < 15) (cost=1.34 rows=2.69) (actual time=0.00608..0.0799
      rows=23.5 loops=816744)'
    actual_rows: 23.5
    estimated_rows: 2.69
    q_error: 8.736059479553903
  - node: Index lookup on mi using movie_id_movie_info (movie_id=mk.movie_id) (cost=1.34
      rows=5.37) (actual time=0.00182..0.0753 rows=69.3 loops=816744)
    actual_rows: 69.3
    estimated_rows: 5.37
    q_error: 12.905027932960893

- query: SELECT * FROM title t,cast_info ci,movie_info mi,movie_info_idx mi_idx WHERE
    t.id=ci.movie_id AND t.id=mi.movie_id AND t.id=mi_idx.movie_id AND t.production_year<1966
    AND mi.info_type_id=3 AND mi_idx.info_type_id<100
  qep:
  - node: Nested loop inner join (cost=2.15e+6 rows=4.01e+6) (actual time=0.615..10057
      rows=2.38e+6 loops=1)
    actual_rows: 2380000.0
    estimated_rows: 4010000.0
    q_error: 1.684873949579832
  - node: Nested loop inner join (cost=747458 rows=259023) (actual time=0.568..4325
      rows=93716 loops=1)
    actual_rows: 93716.0
    estimated_rows: 259023.0
    q_error: 2.763914379615007
  - node: Nested loop inner join (cost=349801 rows=211499) (actual time=0.55..1816
      rows=59798 loops=1)
    actual_rows: 59798.0
    estimated_rows: 211499.0
    q_error: 3.536890865915248
  - node: 'Filter: (mi_idx.info_type_id < 100) (cost=127705 rows=634560) (actual time=0.0127..1000
      rows=459925 loops=1)'
    actual_rows: 459925.0
    estimated_rows: 634560.0
    q_error: 1.3797032124802957
  - node: Table scan on mi_idx (cost=127705 rows=1.27e+6) (actual time=0.0119..894
      rows=1.38e+6 loops=1)
    actual_rows: 1380000.0
    estimated_rows: 1270000.0
    q_error: 1.0866141732283465
  - node: 'Filter: (t.production_year < 1966) (cost=0.25 rows=0.333) (actual time=0.00166..0.00167
      rows=0.13 loops=459925)'
    actual_rows: 0.13
    estimated_rows: 0.333
    q_error: 2.5615384615384618
  - node: Single-row index lookup on t using PRIMARY (id=mi_idx.movie_id) (cost=0.25
      rows=1) (actual time=0.00147..0.00149 rows=1 loops=459925)
    actual_rows: 1.0
    estimated_rows: 1.0
    q_error: 1.0
  - node: 'Filter: (mi.info_type_id = 3) (cost=1.34 rows=1.22) (actual time=0.0234..0.0417
      rows=1.57 loops=59798)'
    actual_rows: 1.57
    estimated_rows: 1.22
    q_error: 1.2868852459016393
  - node: Index lookup on mi using movie_id_movie_info (movie_id=mi_idx.movie_id)
      (cost=1.34 rows=5.37) (actual time=0.00436..0.0401 rows=18.3 loops=59798)
    actual_rows: 18.3
    estimated_rows: 5.37
    q_error: 3.4078212290502794
  - node: Index lookup on ci using movie_id_cast_info (movie_id=mi_idx.movie_id) (cost=3.87
      rows=15.5) (actual time=0.00827..0.0596 rows=25.4 loops=93716)
    actual_rows: 25.4
    estimated_rows: 15.5
    q_error: 1.6387096774193548

- query: SELECT * FROM title t,movie_companies mc,movie_keyword mk WHERE t.id=mc.movie_id
    AND t.id=mk.movie_id AND mc.company_id>1688 AND mc.company_type_id>1
  qep:
  - node: Nested loop inner join (cost=3.11e+6 rows=7.5e+6) (actual time=797..13472
      rows=7.35e+6 loops=1)
    actual_rows: 7350000.0
    estimated_rows: 7500000.0
    q_error: 1.0204081632653061
  - node: Nested loop inner join (cost=489770 rows=649940) (actual time=797..3213
      rows=1.1e+6 loops=1)
    actual_rows: 1100000.0
    estimated_rows: 649940.0
    q_error: 1.6924639197464382
  - node: 'Filter: ((mc.company_id > 1688) and (mc.company_type_id > 1)) (cost=262291
      rows=649940) (actual time=797..1844 rows=1.1e+6 loops=1)'
    actual_rows: 1100000.0
    estimated_rows: 649940.0
    q_error: 1.6924639197464382
  - node: Table scan on mc (cost=262291 rows=2.6e+6) (actual time=0.0122..1594 rows=2.61e+6
      loops=1)
    actual_rows: 2610000.0
    estimated_rows: 2600000.0
    q_error: 1.0038461538461538
  - node: Single-row index lookup on t using PRIMARY (id=mc.movie_id) (cost=0.25 rows=1)
      (actual time=0.00108..0.0011 rows=1 loops=1.1e+6)
    actual_rows: 1.0
    estimated_rows: 1.0
    q_error: 1.0
  - node: Index lookup on mk using movie_id_movie_keyword (movie_id=mc.movie_id) (cost=2.88
      rows=11.5) (actual time=0.00452..0.00885 rows=6.65 loops=1.1e+6)
    actual_rows: 6.65
    estimated_rows: 11.5
    q_error: 1.7293233082706767

- query: SELECT * FROM title t,cast_info ci,movie_info_idx mi_idx,movie_keyword mk
    WHERE t.id=ci.movie_id AND t.id=mi_idx.movie_id AND t.id=mk.movie_id AND ci.person_id<3686892
    AND ci.role_id<3 AND mi_idx.info_type_id<100 AND mk.keyword_id<789
  qep:
  - node: Nested loop inner join (cost=13.7e+6 rows=14.2e+6) (actual time=0.113..148801
      rows=16.4e+6 loops=1)
    actual_rows: 16400000.0
    estimated_rows: 14200000.0
    q_error: 1.1549295774647887
  - node: Nested loop inner join (cost=3.79e+6 rows=2.45e+6) (actual time=0.103..44027
      rows=7.15e+6 loops=1)
    actual_rows: 7150000.0
    estimated_rows: 2450000.0
    q_error: 2.9183673469387754
  - node: Nested loop inner join (cost=349801 rows=634560) (actual time=0.0241..1901
      rows=459925 loops=1)
    actual_rows: 459925.0
    estimated_rows: 634560.0
    q_error: 1.3797032124802957
  - node: 'Filter: (mi_idx.info_type_id < 100) (cost=127705 rows=634560) (actual time=0.0137..992
      rows=459925 loops=1)'
    actual_rows: 459925.0
    estimated_rows: 634560.0
    q_error: 1.3797032124802957
  - node: Table scan on mi_idx (cost=127705 rows=1.27e+6) (actual time=0.0125..882
      rows=1.38e+6 loops=1)
    actual_rows: 1380000.0
    estimated_rows: 1270000.0
    q_error: 1.0866141732283465
  - node: Single-row index lookup on t using PRIMARY (id=mi_idx.movie_id) (cost=0.25
      rows=1) (actual time=0.00178..0.00181 rows=1 loops=459925)
    actual_rows: 1.0
    estimated_rows: 1.0
    q_error: 1.0
  - node: 'Filter: ((ci.person_id < 3686892) and (ci.role_id < 3)) (cost=3.87 rows=3.87)
      (actual time=0.00934..0.0907 rows=15.6 loops=459925)'
    actual_rows: 15.6
    estimated_rows: 3.87
    q_error: 4.0310077519379846
  - node: Index lookup on ci using movie_id_cast_info (movie_id=mi_idx.movie_id) (cost=3.87
      rows=15.5) (actual time=0.00797..0.0874 rows=29.6 loops=459925)
    actual_rows: 29.6
    estimated_rows: 15.5
    q_error: 1.9096774193548387
  - node: 'Filter: (mk.keyword_id < 789) (cost=2.88 rows=5.77) (actual time=0.00565..0.0144
      rows=2.3 loops=7.15e+6)'
    actual_rows: 2.3
    estimated_rows: 5.77
    q_error: 2.508695652173913
  - node: Index lookup on mk using movie_id_movie_keyword (movie_id=mi_idx.movie_id)
      (cost=2.88 rows=11.5) (actual time=0.0049..0.0137 rows=14.7 loops=7.15e+6)
    actual_rows: 14.7
    estimated_rows: 11.5
    q_error: 1.2782608695652173

- query: SELECT * FROM title t,movie_keyword mk WHERE t.id=mk.movie_id AND mk.keyword_id<4089
  qep:
  - node: Nested loop inner join (cost=1.15e+6 rows=2.09e+6) (actual time=0.771..2001
      rows=2.16e+6 loops=1)
    actual_rows: 2160000.0
    estimated_rows: 2090000.0
    q_error: 1.0334928229665072
  - node: 'Filter: (mk.keyword_id < 4089) (cost=420275 rows=2.09e+6) (actual time=0.756..1093
      rows=2.16e+6 loops=1)'
    actual_rows: 2160000.0
    estimated_rows: 2090000.0
    q_error: 1.0334928229665072
  - node: Table scan on mk (cost=420275 rows=4.18e+6) (actual time=0.754..861 rows=4.52e+6
      loops=1)
    actual_rows: 4520000.0
    estimated_rows: 4180000.0
    q_error: 1.0813397129186604
  - node: Single-row index lookup on t using PRIMARY (id=mk.movie_id) (cost=0.25 rows=1)
      (actual time=288e-6..308e-6 rows=1 loops=2.16e+6)
    actual_rows: 1.0
    estimated_rows: 1.0
    q_error: 1.0

- query: SELECT * FROM title t,movie_companies mc,cast_info ci,movie_keyword mk WHERE
    t.id=mc.movie_id AND t.id=ci.movie_id AND t.id=mk.movie_id AND t.kind_id=7 AND
    t.production_year>2012
  qep:
  - node: Nested loop inner join (cost=14.9e+6 rows=35e+6) (actual time=4.94..4026
      rows=1.08e+6 loops=1)
    actual_rows: 1080000.0
    estimated_rows: 35000000.0
    q_error: 32.407407407407405
  - node: Nested loop inner join (cost=2.67e+6 rows=2.26e+6) (actual time=4.93..2756
      rows=17366 loops=1)
    actual_rows: 17366.0
    estimated_rows: 2260000.0
    q_error: 130.13935275826327
  - node: Nested loop inner join (cost=1.88e+6 rows=696772) (actual time=2.17..2721
      rows=8805 loops=1)
    actual_rows: 8805.0
    estimated_rows: 696772.0
    q_error: 79.13367404883589
  - node: Table scan on mk (cost=420275 rows=4.18e+6) (actual time=0.679..877 rows=4.52e+6
      loops=1)
    actual_rows: 4520000.0
    estimated_rows: 4180000.0
    q_error: 1.0813397129186604
  - node: 'Filter: ((t.kind_id = 7) and (t.production_year > 2012)) (cost=0.25 rows=0.167)
      (actual time=337e-6..337e-6 rows=0.00195 loops=4.52e+6)'
    actual_rows: 0.00195
    estimated_rows: 0.167
    q_error: 85.64102564102565
  - node: Single-row index lookup on t using PRIMARY (id=mk.movie_id) (cost=0.25 rows=1)
      (actual time=190e-6..210e-6 rows=1 loops=4.52e+6)
    actual_rows: 1.0
    estimated_rows: 1.0
    q_error: 1.0
  - node: Index lookup on mc using movie_id_movie_companies (movie_id=mk.movie_id)
      (cost=0.811 rows=3.24) (actual time=0.00176..0.00377 rows=1.97 loops=8805)
    actual_rows: 1.97
    estimated_rows: 3.24
    q_error: 1.6446700507614214
  - node: Index lookup on ci using movie_id_cast_info (movie_id=mk.movie_id) (cost=3.87
      rows=15.5) (actual time=0.00162..0.0701 rows=62.4 loops=17366)
    actual_rows: 62.4
    estimated_rows: 15.5
    q_error: 4.025806451612903

- query: SELECT * FROM title t,movie_keyword mk WHERE t.id=mk.movie_id AND t.production_year=1998
  qep:
  - node: Nested loop inner join (cost=1.32e+6 rows=3e+6) (actual time=0.304..2036
      rows=89863 loops=1)
    actual_rows: 89863.0
    estimated_rows: 3000000.0
    q_error: 33.38415143051089
  - node: 'Filter: (t.production_year = 1998) (cost=266255 rows=260127) (actual time=0.246..1814
      rows=46583 loops=1)'
    actual_rows: 46583.0
    estimated_rows: 260127.0
    q_error: 5.584161604018633
  - node: Table scan on t (cost=266255 rows=2.6e+6) (actual time=0.0182..1683 rows=2.53e+6
      loops=1)
    actual_rows: 2530000.0
    estimated_rows: 2600000.0
    q_error: 1.0276679841897234
  - node: Index lookup on mk using movie_id_movie_keyword (movie_id=t.id) (cost=2.88
      rows=11.5) (actual time=0.00346..0.00457 rows=1.93 loops=46583)
    actual_rows: 1.93
    estimated_rows: 11.5
    q_error: 5.958549222797927

- query: SELECT * FROM cast_info ci WHERE ci.role_id<2
  qep:
  - node: 'Filter: (ci.role_id < 2) (cost=3.51e+6 rows=17.4e+6) (actual time=0.0125..19323
      rows=12.7e+6 loops=1)'
    actual_rows: 12700000.0
    estimated_rows: 17400000.0
    q_error: 1.3700787401574803
  - node: Table scan on ci (cost=3.51e+6 rows=34.8e+6) (actual time=0.0115..17590
      rows=36.2e+6 loops=1)
    actual_rows: 36200000.0
    estimated_rows: 34800000.0
    q_error: 1.0402298850574712

- query: SELECT * FROM title t,movie_info_idx mi_idx WHERE t.id=mi_idx.movie_id AND
    mi_idx.info_type_id<100
  qep:
  - node: Nested loop inner join (cost=349801 rows=634560) (actual time=0.0232..1401
      rows=459925 loops=1)
    actual_rows: 459925.0
    estimated_rows: 634560.0
    q_error: 1.3797032124802957
  - node: 'Filter: (mi_idx.info_type_id < 100) (cost=127705 rows=634560) (actual time=0.0135..822
      rows=459925 loops=1)'
    actual_rows: 459925.0
    estimated_rows: 634560.0
    q_error: 1.3797032124802957
  - node: Table scan on mi_idx (cost=127705 rows=1.27e+6) (actual time=0.0128..739
      rows=1.38e+6 loops=1)
    actual_rows: 1380000.0
    estimated_rows: 1270000.0
    q_error: 1.0866141732283465
  - node: Single-row index lookup on t using PRIMARY (id=mi_idx.movie_id) (cost=0.25
      rows=1) (actual time=0.00112..0.00114 rows=1 loops=459925)
    actual_rows: 1.0
    estimated_rows: 1.0
    q_error: 1.0

- query: SELECT * FROM title t,movie_info mi,movie_keyword mk WHERE t.id=mi.movie_id
    AND t.id=mk.movie_id AND mk.keyword_id=769
  qep:
  - node: Nested loop inner join (cost=8182 rows=17034) (actual time=0.909..393 rows=202649
      loops=1)
    actual_rows: 202649.0
    estimated_rows: 17034.0
    q_error: 11.896735939884936
  - node: Nested loop inner join (cost=2220 rows=3171) (actual time=0.901..11.7 rows=3171
      loops=1)
    actual_rows: 3171.0
    estimated_rows: 3171.0
    q_error: 1.0
  - node: Index lookup on mk using keyword_id_movie_keyword (keyword_id=769) (cost=1110
      rows=3171) (actual time=0.89..5.1 rows=3171 loops=1)
    actual_rows: 3171.0
    estimated_rows: 3171.0
    q_error: 1.0
  - node: Single-row index lookup on t using PRIMARY (id=mk.movie_id) (cost=0.25 rows=1)
      (actual time=0.00195..0.00197 rows=1 loops=3171)
    actual_rows: 1.0
    estimated_rows: 1.0
    q_error: 1.0
  - node: Index lookup on mi using movie_id_movie_info (movie_id=mk.movie_id) (cost=1.34
      rows=5.37) (actual time=0.0056..0.117 rows=63.9 loops=3171)
    actual_rows: 63.9
    estimated_rows: 5.37
    q_error: 11.899441340782122

- query: SELECT * FROM movie_info mi WHERE mi.info_type_id<15
  qep:
  - node: 'Filter: (mi.info_type_id < 15) (cost=1.39e+6 rows=6.81e+6) (actual time=0.0109..7982
      rows=8.97e+6 loops=1)'
    actual_rows: 8970000.0
    estimated_rows: 6810000.0
    q_error: 1.3171806167400881
  - node: Table scan on mi (cost=1.39e+6 rows=13.6e+6) (actual time=0.01..7149 rows=14.8e+6
      loops=1)
    actual_rows: 14800000.0
    estimated_rows: 13600000.0
    q_error: 1.088235294117647

- query: SELECT * FROM title t,movie_info_idx mi_idx,movie_keyword mk WHERE t.id=mi_idx.movie_id
    AND t.id=mk.movie_id AND t.kind_id<7 AND t.production_year=1998 AND mk.keyword_id<2402
  qep:
  - node: Nested loop inner join (cost=828194 rows=366138) (actual time=4.85..1914
      rows=74468 loops=1)
    actual_rows: 74468.0
    estimated_rows: 366138.0
    q_error: 4.916715904818177
  - node: Nested loop inner join (cost=571898 rows=63456) (actual time=0.373..1678
      rows=18985 loops=1)
    actual_rows: 18985.0
    estimated_rows: 63456.0
    q_error: 3.3424282328153807
  - node: Table scan on mi_idx (cost=127705 rows=1.27e+6) (actual time=0.0131..747
      rows=1.38e+6 loops=1)
    actual_rows: 1380000.0
    estimated_rows: 1270000.0
    q_error: 1.0866141732283465
  - node: 'Filter: ((t.production_year = 1998) and (t.kind_id < 7)) (cost=0.25 rows=0.05)
      (actual time=602e-6..603e-6 rows=0.0138 loops=1.38e+6)'
    actual_rows: 0.0138
    estimated_rows: 0.05
    q_error: 3.6231884057971016
  - node: Single-row index lookup on t using PRIMARY (id=mi_idx.movie_id) (cost=0.25
      rows=1) (actual time=436e-6..456e-6 rows=1 loops=1.38e+6)
    actual_rows: 1.0
    estimated_rows: 1.0
    q_error: 1.0
  - node: 'Filter: (mk.keyword_id < 2402) (cost=2.88 rows=5.77) (actual time=0.00581..0.0121
      rows=3.92 loops=18985)'
    actual_rows: 3.92
    estimated_rows: 5.77
    q_error: 1.471938775510204
  - node: Index lookup on mk using movie_id_movie_keyword (movie_id=mi_idx.movie_id)
      (cost=2.88 rows=11.5) (actual time=0.00556..0.0115 rows=10.5 loops=18985)
    actual_rows: 10.5
    estimated_rows: 11.5
    q_error: 1.0952380952380953

- query: SELECT * FROM title t,movie_companies mc,cast_info ci,movie_info_idx mi_idx,movie_keyword
    mk WHERE t.id=mc.movie_id AND t.id=ci.movie_id AND t.id=mi_idx.movie_id AND t.id=mk.movie_id
    AND t.kind_id<2 AND mc.company_id>80011 AND ci.person_id=613664 AND ci.role_id=1
  qep:
  - node: Nested loop inner join (cost=1397 rows=3124) (actual time=0.529..1.63 rows=21
      loops=1)
    actual_rows: 21.0
    estimated_rows: 3124.0
    q_error: 148.76190476190476
  - node: Nested loop inner join (cost=304 rows=271) (actual time=0.321..1.54 rows=30
      loops=1)
    actual_rows: 30.0
    estimated_rows: 271.0
    q_error: 9.033333333333333
  - node: Nested loop inner join (cost=209 rows=83.5) (actual time=0.3..1.46 rows=12
      loops=1)
    actual_rows: 12.0
    estimated_rows: 83.5
    q_error: 6.958333333333333
  - node: Nested loop inner join (cost=131 rows=69) (actual time=0.235..1.25 rows=24
      loops=1)
    actual_rows: 24.0
    estimated_rows: 69.0
    q_error: 2.875
  - node: 'Filter: (ci.role_id = 1) (cost=82.8 rows=138) (actual time=0.223..0.866
      rows=270 loops=1)'
    actual_rows: 270.0
    estimated_rows: 138.0
    q_error: 1.9565217391304348
  - node: Index lookup on ci using person_id_cast_info (person_id=613664) (cost=82.8
      rows=276) (actual time=0.222..0.852 rows=276 loops=1)
    actual_rows: 276.0
    estimated_rows: 276.0
    q_error: 1.0
  - node: 'Filter: (t.kind_id < 2) (cost=0.25 rows=0.5) (actual time=0.00135..0.00136
      rows=0.0889 loops=270)'
    actual_rows: 0.0889
    estimated_rows: 0.5
    q_error: 5.624296962879639
  - node: Single-row index lookup on t using PRIMARY (id=ci.movie_id) (cost=0.25 rows=1)
      (actual time=0.00125..0.00126 rows=1 loops=270)
    actual_rows: 1.0
    estimated_rows: 1.0
    q_error: 1.0
  - node: 'Filter: (mc.company_id > 80011) (cost=0.813 rows=1.21) (actual time=0.00794..0.00842
      rows=0.5 loops=24)'
    actual_rows: 0.5
    estimated_rows: 1.21
    q_error: 2.42
  - node: Index lookup on mc using movie_id_movie_companies (movie_id=ci.movie_id)
      (cost=0.813 rows=3.24) (actual time=0.00545..0.00822 rows=2.67 loops=24)
    actual_rows: 2.67
    estimated_rows: 3.24
    q_error: 1.2134831460674158
  - node: Index lookup on mi_idx using movie_id_movie_info_idx (movie_id=ci.movie_id)
      (cost=0.815 rows=3.24) (actual time=0.00527..0.00716 rows=2.5 loops=12)
    actual_rows: 2.5
    estimated_rows: 3.24
    q_error: 1.296
  - node: Index lookup on mk using movie_id_movie_keyword (movie_id=ci.movie_id) (cost=2.89
      rows=11.5) (actual time=0.00258..0.00277 rows=0.7 loops=30)
    actual_rows: 0.7
    estimated_rows: 11.5
    q_error: 16.42857142857143

- query: SELECT * FROM movie_keyword mk WHERE mk.keyword_id>1828
  qep:
  - node: 'Filter: (mk.keyword_id > 1828) (cost=420275 rows=2.09e+6) (actual time=1.35..903
      rows=3.14e+6 loops=1)'
    actual_rows: 3140000.0
    estimated_rows: 2090000.0
    q_error: 1.5023923444976077
  - node: Table scan on mk (cost=420275 rows=4.18e+6) (actual time=1.02..685 rows=4.52e+6
      loops=1)
    actual_rows: 4520000.0
    estimated_rows: 4180000.0
    q_error: 1.0813397129186604

- query: SELECT * FROM cast_info ci WHERE ci.person_id>880054
  qep:
  - node: 'Filter: (ci.person_id > 880054) (cost=3.51e+6 rows=17.4e+6) (actual time=3192..20021
      rows=27.3e+6 loops=1)'
    actual_rows: 27300000.0
    estimated_rows: 17400000.0
    q_error: 1.5689655172413792
  - node: Table scan on ci (cost=3.51e+6 rows=34.8e+6) (actual time=0.0129..17964
      rows=36.2e+6 loops=1)
    actual_rows: 36200000.0
    estimated_rows: 34800000.0
    q_error: 1.0402298850574712

- query: SELECT * FROM title t,movie_info mi WHERE t.id=mi.movie_id AND t.kind_id>1
    AND t.production_year=2003 AND mi.info_type_id>17
  qep:
  - node: Nested loop inner join (cost=510799 rows=123981) (actual time=0.569..2530
      rows=17266 loops=1)
    actual_rows: 17266.0
    estimated_rows: 123981.0
    q_error: 7.180644040310437
  - node: 'Filter: ((t.production_year = 2003) and (t.kind_id > 1)) (cost=266255 rows=130064)
      (actual time=0.353..1874 rows=56995 loops=1)'
    actual_rows: 56995.0
    estimated_rows: 130064.0
    q_error: 2.282024739012194
  - node: Table scan on t (cost=266255 rows=2.6e+6) (actual time=0.298..1719 rows=2.53e+6
      loops=1)
    actual_rows: 2530000.0
    estimated_rows: 2600000.0
    q_error: 1.0276679841897234
  - node: 'Filter: (mi.info_type_id > 17) (cost=1.34 rows=0.953) (actual time=0.00965..0.0114
      rows=0.303 loops=56995)'
    actual_rows: 0.303
    estimated_rows: 0.953
    q_error: 3.145214521452145
  - node: Index lookup on mi using movie_id_movie_info (movie_id=t.id) (cost=1.34
      rows=5.37) (actual time=0.00583..0.011 rows=3.79 loops=56995)
    actual_rows: 3.79
    estimated_rows: 5.37
    q_error: 1.4168865435356202

- query: SELECT * FROM title t,movie_keyword mk WHERE t.id=mk.movie_id AND t.kind_id=7
    AND t.production_year>1986 AND mk.keyword_id>1733
  qep:
  - node: Nested loop inner join (cost=1.15e+6 rows=348386) (actual time=1.38..2442
      rows=372207 loops=1)
    actual_rows: 372207.0
    estimated_rows: 348386.0
    q_error: 1.0683753078481915
  - node: 'Filter: (mk.keyword_id > 1733) (cost=420275 rows=2.09e+6) (actual time=1.35..1080
      rows=3.2e+6 loops=1)'
    actual_rows: 3200000.0
    estimated_rows: 2090000.0
    q_error: 1.5311004784688995
  - node: Table scan on mk (cost=420275 rows=4.18e+6) (actual time=1.03..847 rows=4.52e+6
      loops=1)
    actual_rows: 4520000.0
    estimated_rows: 4180000.0
    q_error: 1.0813397129186604
  - node: 'Filter: ((t.kind_id = 7) and (t.production_year > 1986)) (cost=0.25 rows=0.167)
      (actual time=346e-6..352e-6 rows=0.116 loops=3.2e+6)'
    actual_rows: 0.116
    estimated_rows: 0.167
    q_error: 1.4396551724137931
  - node: Single-row index lookup on t using PRIMARY (id=mk.movie_id) (cost=0.25 rows=1)
      (actual time=205e-6..225e-6 rows=1 loops=3.2e+6)
    actual_rows: 1.0
    estimated_rows: 1.0
    q_error: 1.0

- query: SELECT * FROM title t WHERE t.kind_id=1 AND t.production_year<2002
  qep:
  - node: 'Filter: (t.production_year < 2002) (cost=61734 rows=433502) (actual time=0.0422..786
      rows=391036 loops=1)'
    actual_rows: 391036.0
    estimated_rows: 433502.0
    q_error: 1.10859869679518
  - node: Index lookup on t using kind_id_title (kind_id=1) (cost=61734 rows=1.3e+6)
      (actual time=0.0177..749 rows=662825 loops=1)
    actual_rows: 662825.0
    estimated_rows: 1300000.0
    q_error: 1.9613020027910837

- query: SELECT * FROM title t,cast_info ci,movie_info mi WHERE t.id=ci.movie_id AND
    t.id=mi.movie_id AND t.kind_id<7 AND t.production_year>1993 AND ci.person_id>2542204
  qep:
  - node: Nested loop inner join (cost=8.92e+6 rows=18e+6) (actual time=0.0487..138957
      rows=94.9e+6 loops=1)
    actual_rows: 94900000.0
    estimated_rows: 18000000.0
    q_error: 5.272222222222222
  - node: Nested loop inner join (cost=2.61e+6 rows=3.35e+6) (actual time=0.0367..28851
      rows=3.22e+6 loops=1)
    actual_rows: 3220000.0
    estimated_rows: 3350000.0
    q_error: 1.0403726708074534
  - node: 'Filter: ((t.kind_id < 7) and (t.production_year > 1993)) (cost=266255 rows=433502)
      (actual time=0.0203..2042 rows=555560 loops=1)'
    actual_rows: 555560.0
    estimated_rows: 433502.0
    q_error: 1.2815627148202315
  - node: Table scan on t (cost=266255 rows=2.6e+6) (actual time=0.0156..1824 rows=2.53e+6
      loops=1)
    actual_rows: 2530000.0
    estimated_rows: 2600000.0
    q_error: 1.0276679841897234
  - node: 'Filter: (ci.person_id > 2542204) (cost=3.87 rows=7.73) (actual time=0.0269..0.0478
      rows=5.8 loops=555560)'
    actual_rows: 5.8
    estimated_rows: 7.73
    q_error: 1.3327586206896553
  - node: Index lookup on ci using movie_id_cast_info (movie_id=t.id) (cost=3.87 rows=15.5)
      (actual time=0.00403..0.0464 rows=16.5 loops=555560)
    actual_rows: 16.5
    estimated_rows: 15.5
    q_error: 1.064516129032258
  - node: Index lookup on mi using movie_id_movie_info (movie_id=t.id) (cost=1.34
      rows=5.37) (actual time=0.00188..0.0327 rows=29.5 loops=3.22e+6)
    actual_rows: 29.5
    estimated_rows: 5.37
    q_error: 5.493482309124767

- query: SELECT * FROM title t,movie_info mi,movie_info_idx mi_idx,movie_keyword mk
    WHERE t.id=mi.movie_id AND t.id=mi_idx.movie_id AND t.id=mk.movie_id AND mi.info_type_id=3
    AND mk.keyword_id>819
  qep:
  - node: Nested loop inner join (cost=7.99e+6 rows=8.3e+6) (actual time=0.951..251694
      rows=18.9e+6 loops=1)
    actual_rows: 18900000.0
    estimated_rows: 8300000.0
    q_error: 2.2771084337349397
  - node: Nested loop inner join (cost=5.08e+6 rows=2.56e+6) (actual time=0.867..224045
      rows=7.27e+6 loops=1)
    actual_rows: 7270000.0
    estimated_rows: 2560000.0
    q_error: 2.83984375
  - node: Nested loop inner join (cost=1.15e+6 rows=2.09e+6) (actual time=0.847..3025
      rows=3.66e+6 loops=1)
    actual_rows: 3660000.0
    estimated_rows: 2090000.0
    q_error: 1.7511961722488039
  - node: 'Filter: (mk.keyword_id > 819) (cost=420275 rows=2.09e+6) (actual time=0.834..1349
      rows=3.66e+6 loops=1)'
    actual_rows: 3660000.0
    estimated_rows: 2090000.0
    q_error: 1.7511961722488039
  - node: Table scan on mk (cost=420275 rows=4.18e+6) (actual time=0.705..1000 rows=4.52e+6
      loops=1)
    actual_rows: 4520000.0
    estimated_rows: 4180000.0
    q_error: 1.0813397129186604
  - node: Single-row index lookup on t using PRIMARY (id=mk.movie_id) (cost=0.25 rows=1)
      (actual time=307e-6..329e-6 rows=1 loops=3.66e+6)
    actual_rows: 1.0
    estimated_rows: 1.0
    q_error: 1.0
  - node: 'Filter: (mi.info_type_id = 3) (cost=1.34 rows=1.22) (actual time=0.0406..0.0602
      rows=1.99 loops=3.66e+6)'
    actual_rows: 1.99
    estimated_rows: 1.22
    q_error: 1.6311475409836065
  - node: Index lookup on mi using movie_id_movie_info (movie_id=mk.movie_id) (cost=1.34
      rows=5.37) (actual time=0.00163..0.0569 rows=54.5 loops=3.66e+6)
    actual_rows: 54.5
    estimated_rows: 5.37
    q_error: 10.148975791433891
  - node: Index lookup on mi_idx using movie_id_movie_info_idx (movie_id=mk.movie_id)
      (cost=0.811 rows=3.24) (actual time=0.00156..0.00357 rows=2.6 loops=7.27e+6)
    actual_rows: 2.6
    estimated_rows: 3.24
    q_error: 1.2461538461538462

- query: SELECT * FROM title t,movie_companies mc,movie_info mi WHERE t.id=mc.movie_id
    AND t.id=mi.movie_id AND t.kind_id<7 AND t.production_year=2007 AND mc.company_type_id>1
    AND mi.info_type_id>16
  qep:
  - node: Nested loop inner join (cost=743817 rows=332883) (actual time=0.234..3550
      rows=186944 loops=1)
    actual_rows: 186944.0
    estimated_rows: 332883.0
    q_error: 1.780656239301609
  - node: Nested loop inner join (cost=510799 rows=205257) (actual time=0.222..2665
      rows=78282 loops=1)
    actual_rows: 78282.0
    estimated_rows: 205257.0
    q_error: 2.6220203878286195
  - node: 'Filter: ((t.production_year = 2007) and (t.kind_id < 7)) (cost=266255 rows=130064)
      (actual time=0.206..1846 rows=35489 loops=1)'
    actual_rows: 35489.0
    estimated_rows: 130064.0
    q_error: 3.6649102538814846
  - node: Table scan on t (cost=266255 rows=2.6e+6) (actual time=0.012..1677 rows=2.53e+6
      loops=1)
    actual_rows: 2530000.0
    estimated_rows: 2600000.0
    q_error: 1.0276679841897234
  - node: 'Filter: (mi.info_type_id > 16) (cost=1.34 rows=1.58) (actual time=0.00995..0.0229
      rows=2.21 loops=35489)'
    actual_rows: 2.21
    estimated_rows: 1.58
    q_error: 1.3987341772151898
  - node: Index lookup on mi using movie_id_movie_info (movie_id=t.id) (cost=1.34
      rows=5.37) (actual time=0.00356..0.022 rows=11.5 loops=35489)
    actual_rows: 11.5
    estimated_rows: 5.37
    q_error: 2.1415270018621975
  - node: 'Filter: (mc.company_type_id > 1) (cost=0.811 rows=1.62) (actual time=0.00911..0.0111
      rows=2.39 loops=78282)'
    actual_rows: 2.39
    estimated_rows: 1.62
    q_error: 1.4753086419753085
  - node: Index lookup on mc using movie_id_movie_companies (movie_id=t.id) (cost=0.811
      rows=3.24) (actual time=0.0021..0.0104 rows=9.41 loops=78282)
    actual_rows: 9.41
    estimated_rows: 3.24
    q_error: 2.904320987654321

- query: SELECT * FROM title t,movie_keyword mk WHERE t.id=mk.movie_id AND t.kind_id>1
    AND t.production_year<2007
  qep:
  - node: Nested loop inner join (cost=1.88e+6 rows=696772) (actual time=0.682..2860
      rows=1.14e+6 loops=1)
    actual_rows: 1140000.0
    estimated_rows: 696772.0
    q_error: 1.636116261847491
  - node: Table scan on mk (cost=420275 rows=4.18e+6) (actual time=0.67..878 rows=4.52e+6
      loops=1)
    actual_rows: 4520000.0
    estimated_rows: 4180000.0
    q_error: 1.0813397129186604
  - node: 'Filter: ((t.kind_id > 1) and (t.production_year < 2007)) (cost=0.25 rows=0.167)
      (actual time=339e-6..355e-6 rows=0.253 loops=4.52e+6)'
    actual_rows: 0.253
    estimated_rows: 0.167
    q_error: 1.5149700598802394
  - node: Single-row index lookup on t using PRIMARY (id=mk.movie_id) (cost=0.25 rows=1)
      (actual time=196e-6..216e-6 rows=1 loops=4.52e+6)
    actual_rows: 1.0
    estimated_rows: 1.0
    q_error: 1.0

- query: SELECT * FROM movie_info_idx mi_idx WHERE mi_idx.info_type_id=100
  qep:
  - node: Index lookup on mi_idx using info_type_id_movie_info_idx (info_type_id=100)
      (cost=65836 rows=634560) (actual time=0.0176..566 rows=459925 loops=1)
    actual_rows: 459925.0
    estimated_rows: 634560.0
    q_error: 1.3797032124802957

- query: SELECT * FROM title t,cast_info ci,movie_info mi,movie_info_idx mi_idx,movie_keyword
    mk WHERE t.id=ci.movie_id AND t.id=mi.movie_id AND t.id=mi_idx.movie_id AND t.id=mk.movie_id
    AND ci.person_id=2029088 AND mi.info_type_id>13 AND mi_idx.info_type_id=99
  qep:
  - node: Nested loop inner join (cost=135 rows=302) (actual time=0.0716..0.179 rows=11
      loops=1)
    actual_rows: 11.0
    estimated_rows: 302.0
    q_error: 27.454545454545453
  - node: Nested loop inner join (cost=29.3 rows=26.1) (actual time=0.0611..0.145
      rows=7 loops=1)
    actual_rows: 7.0
    estimated_rows: 26.1
    q_error: 3.7285714285714286
  - node: Nested loop inner join (cost=11 rows=9.73) (actual time=0.0477..0.0925 rows=3
      loops=1)
    actual_rows: 3.0
    estimated_rows: 9.73
    q_error: 3.2433333333333336
  - node: Nested loop inner join (cost=4.2 rows=6) (actual time=0.0256..0.0552 rows=6
      loops=1)
    actual_rows: 6.0
    estimated_rows: 6.0
    q_error: 1.0
  - node: Index lookup on ci using person_id_cast_info (person_id=2029088) (cost=2.1
      rows=6) (actual time=0.0173..0.036 rows=6 loops=1)
    actual_rows: 6.0
    estimated_rows: 6.0
    q_error: 1.0
  - node: Single-row index lookup on t using PRIMARY (id=ci.movie_id) (cost=0.267
      rows=1) (actual time=0.0029..0.00295 rows=1 loops=6)
    actual_rows: 1.0
    estimated_rows: 1.0
    q_error: 1.0
  - node: 'Filter: (mi_idx.info_type_id = 99) (cost=0.838 rows=1.62) (actual time=0.00483..0.00602
      rows=0.5 loops=6)'
    actual_rows: 0.5
    estimated_rows: 1.62
    q_error: 3.24
  - node: Index lookup on mi_idx using movie_id_movie_info_idx (movie_id=ci.movie_id)
      (cost=0.838 rows=3.24) (actual time=0.00467..0.00577 rows=1.5 loops=6)
    actual_rows: 1.5
    estimated_rows: 3.24
    q_error: 2.16
  - node: 'Filter: (mi.info_type_id > 13) (cost=1.37 rows=2.69) (actual time=0.0083..0.0172
      rows=2.33 loops=3)'
    actual_rows: 2.33
    estimated_rows: 2.69
    q_error: 1.1545064377682404
  - node: Index lookup on mi using movie_id_movie_info (movie_id=ci.movie_id) (cost=1.37
      rows=5.37) (actual time=0.00663..0.0168 rows=6 loops=3)
    actual_rows: 6.0
    estimated_rows: 5.37
    q_error: 1.1173184357541899
  - node: Index lookup on mk using movie_id_movie_keyword (movie_id=ci.movie_id) (cost=2.93
      rows=11.5) (actual time=0.00426..0.00463 rows=1.57 loops=7)
    actual_rows: 1.57
    estimated_rows: 11.5
    q_error: 7.32484076433121

- query: SELECT * FROM title t,movie_keyword mk WHERE t.id=mk.movie_id AND t.production_year=2001
    AND mk.keyword_id>16999
  qep:
  - node: Nested loop inner join (cost=1.02e+6 rows=171265) (actual time=10.9..1508
      rows=24692 loops=1)
    actual_rows: 24692.0
    estimated_rows: 171265.0
    q_error: 6.9360521626437714
  - node: 'Filter: (mk.keyword_id > 16999) (cost=420275 rows=1.71e+6) (actual time=10.7..981
      rows=1.04e+6 loops=1)'
    actual_rows: 1040000.0
    estimated_rows: 1710000.0
    q_error: 1.6442307692307692
  - node: Table scan on mk (cost=420275 rows=4.18e+6) (actual time=0.683..803 rows=4.52e+6
      loops=1)
    actual_rows: 4520000.0
    estimated_rows: 4180000.0
    q_error: 1.0813397129186604
  - node: 'Filter: (t.production_year = 2001) (cost=0.25 rows=0.1) (actual time=435e-6..436e-6
      rows=0.0237 loops=1.04e+6)'
    actual_rows: 0.0237
    estimated_rows: 0.1
    q_error: 4.219409282700423
  - node: Single-row index lookup on t using PRIMARY (id=mk.movie_id) (cost=0.25 rows=1)
      (actual time=299e-6..319e-6 rows=1 loops=1.04e+6)
    actual_rows: 1.0
    estimated_rows: 1.0
    q_error: 1.0

- query: SELECT * FROM title t,movie_info mi WHERE t.id=mi.movie_id AND t.production_year<2012
  qep:
  - node: Nested loop inner join (cost=1.9e+6 rows=4.66e+6) (actual time=0.0388..29111
      rows=13.8e+6 loops=1)
    actual_rows: 13800000.0
    estimated_rows: 4660000.0
    q_error: 2.96137339055794
  - node: 'Filter: (t.production_year < 2012) (cost=266255 rows=867004) (actual time=0.0236..2267
      rows=2.22e+6 loops=1)'
    actual_rows: 2220000.0
    estimated_rows: 867004.0
    q_error: 2.5605418198762635
  - node: Table scan on t (cost=266255 rows=2.6e+6) (actual time=0.0201..2035 rows=2.53e+6
      loops=1)
    actual_rows: 2530000.0
    estimated_rows: 2600000.0
    q_error: 1.0276679841897234
  - node: Index lookup on mi using movie_id_movie_info (movie_id=t.id) (cost=1.34
      rows=5.37) (actual time=0.00288..0.0116 rows=6.2 loops=2.22e+6)
    actual_rows: 6.2
    estimated_rows: 5.37
    q_error: 1.154562383612663

- query: SELECT * FROM title t,movie_companies mc WHERE t.id=mc.movie_id AND t.production_year>1963
    AND mc.company_id<19
  qep:
  - node: Nested loop inner join (cost=120527 rows=50214) (actual time=0.0353..284
      rows=60892 loops=1)
    actual_rows: 60892.0
    estimated_rows: 50214.0
    q_error: 1.21264985860517
  - node: 'Index range scan on mc using company_id_movie_companies over (company_id
      < 19), with index condition: (mc.company_id < 19) (cost=67796 rows=150658) (actual
      time=0.0247..148 rows=84071 loops=1)'
    actual_rows: 84071.0
    estimated_rows: 150658.0
    q_error: 1.792032924551867
  - node: 'Filter: (t.production_year > 1963) (cost=0.25 rows=0.333) (actual time=0.00143..0.00148
      rows=0.724 loops=84071)'
    actual_rows: 0.724
    estimated_rows: 0.333
    q_error: 2.174174174174174
  - node: Single-row index lookup on t using PRIMARY (id=mc.movie_id) (cost=0.25 rows=1)
      (actual time=0.00129..0.00131 rows=1 loops=84071)
    actual_rows: 1.0
    estimated_rows: 1.0
    q_error: 1.0

- query: SELECT * FROM movie_info mi WHERE mi.info_type_id<16
  qep:
  - node: 'Filter: (mi.info_type_id < 16) (cost=1.39e+6 rows=6.81e+6) (actual time=0.011..8115
      rows=9.57e+6 loops=1)'
    actual_rows: 9570000.0
    estimated_rows: 6810000.0
    q_error: 1.4052863436123348
  - node: Table scan on mi (cost=1.39e+6 rows=13.6e+6) (actual time=0.0103..7243 rows=14.8e+6
      loops=1)
    actual_rows: 14800000.0
    estimated_rows: 13600000.0
    q_error: 1.088235294117647

- query: SELECT * FROM title t,cast_info ci,movie_info_idx mi_idx WHERE t.id=ci.movie_id
    AND t.id=mi_idx.movie_id AND t.production_year>1981 AND ci.person_id<413342 AND
    mi_idx.info_type_id=100
  qep:
  - node: Nested loop inner join (cost=1.43e+6 rows=833684) (actual time=0.075..28968
      rows=1.25e+6 loops=1)
    actual_rows: 1250000.0
    estimated_rows: 833684.0
    q_error: 1.4993690654972387
  - node: Nested loop inner join (cost=287932 rows=211499) (actual time=0.0236..1577
      rows=346755 loops=1)
    actual_rows: 346755.0
    estimated_rows: 211499.0
    q_error: 1.6395112979257584
  - node: Index lookup on mi_idx using info_type_id_movie_info_idx (info_type_id=100)
      (cost=65836 rows=634560) (actual time=0.015..686 rows=459925 loops=1)
    actual_rows: 459925.0
    estimated_rows: 634560.0
    q_error: 1.3797032124802957
  - node: 'Filter: (t.production_year > 1981) (cost=0.25 rows=0.333) (actual time=0.00174..0.0018
      rows=0.754 loops=459925)'
    actual_rows: 0.754
    estimated_rows: 0.333
    q_error: 2.264264264264264
  - node: Single-row index lookup on t using PRIMARY (id=mi_idx.movie_id) (cost=0.25
      rows=1) (actual time=0.00157..0.00159 rows=1 loops=459925)
    actual_rows: 1.0
    estimated_rows: 1.0
    q_error: 1.0
  - node: 'Filter: (ci.person_id < 413342) (cost=3.87 rows=3.94) (actual time=0.0114..0.0786
      rows=3.59 loops=346755)'
    actual_rows: 3.59
    estimated_rows: 3.94
    q_error: 1.0974930362116992
  - node: Index lookup on ci using movie_id_cast_info (movie_id=mi_idx.movie_id) (cost=3.87
      rows=15.5) (actual time=0.00363..0.0763 rows=31.3 loops=346755)
    actual_rows: 31.3
    estimated_rows: 15.5
    q_error: 2.0193548387096776

- query: SELECT * FROM title t,movie_companies mc,movie_info mi,movie_info_idx mi_idx,movie_keyword
    mk WHERE t.id=mc.movie_id AND t.id=mi.movie_id AND t.id=mi_idx.movie_id AND t.id=mk.movie_id
    AND t.production_year<2011 AND mc.company_id>1060 AND mk.keyword_id<31445
  qep:
  - node: Nested loop inner join (cost=10.1e+6 rows=19.7e+6) (actual time=0.772..10.7e+6
      rows=9.71e+9 loops=1)
    actual_rows: 9710000000.0
    estimated_rows: 19700000.0
    q_error: 492.89340101522845
  - node: Nested loop inner join (cost=3.23e+6 rows=3.66e+6) (actual time=0.755..158905
      rows=66.3e+6 loops=1)
    actual_rows: 66300000.0
    estimated_rows: 3660000.0
    q_error: 18.114754098360656
  - node: Nested loop inner join (cost=1.94e+6 rows=1.13e+6) (actual time=0.72..51865
      rows=22.9e+6 loops=1)
    actual_rows: 22900000.0
    estimated_rows: 1130000.0
    q_error: 20.265486725663717
  - node: Nested loop inner join (cost=1.15e+6 rows=696772) (actual time=0.703..5337
      rows=3.67e+6 loops=1)
    actual_rows: 3670000.0
    estimated_rows: 696772.0
    q_error: 5.267146211386221
  - node: 'Filter: (mk.keyword_id < 31445) (cost=420275 rows=2.09e+6) (actual time=0.692..2055
      rows=3.94e+6 loops=1)'
    actual_rows: 3940000.0
    estimated_rows: 2090000.0
    q_error: 1.8851674641148326
  - node: Table scan on mk (cost=420275 rows=4.18e+6) (actual time=0.691..1457 rows=4.52e+6
      loops=1)
    actual_rows: 4520000.0
    estimated_rows: 4180000.0
    q_error: 1.0813397129186604
  - node: 'Filter: (t.production_year < 2011) (cost=0.25 rows=0.333) (actual time=588e-6..674e-6
      rows=0.93 loops=3.94e+6)'
    actual_rows: 0.93
    estimated_rows: 0.333
    q_error: 2.7927927927927927
  - node: Single-row index lookup on t using PRIMARY (id=mk.movie_id) (cost=0.25 rows=1)
      (actual time=436e-6..462e-6 rows=1 loops=3.94e+6)
    actual_rows: 1.0
    estimated_rows: 1.0
    q_error: 1.0
  - node: 'Filter: (mc.company_id > 1060) (cost=0.811 rows=1.62) (actual time=0.0025..0.0121
      rows=6.24 loops=3.67e+6)'
    actual_rows: 6.24
    estimated_rows: 1.62
    q_error: 3.8518518518518516
  - node: Index lookup on mc using movie_id_movie_companies (movie_id=mk.movie_id)
      (cost=0.811 rows=3.24) (actual time=0.00187..0.0108 rows=7.72 loops=3.67e+6)
    actual_rows: 7.72
    estimated_rows: 3.24
    q_error: 2.382716049382716
  - node: Index lookup on mi_idx using movie_id_movie_info_idx (movie_id=mk.movie_id)
      (cost=0.811 rows=3.24) (actual time=0.00171..0.00443 rows=2.9 loops=22.9e+6)
    actual_rows: 2.9
    estimated_rows: 3.24
    q_error: 1.1172413793103448
  - node: Index lookup on mi using movie_id_movie_info (movie_id=mk.movie_id) (cost=1.34
      rows=5.37) (actual time=0.00153..0.152 rows=147 loops=66.3e+6)
    actual_rows: 147.0
    estimated_rows: 5.37
    q_error: 27.37430167597765

- query: SELECT * FROM title t,movie_companies mc,movie_info mi,movie_info_idx mi_idx
    WHERE t.id=mc.movie_id AND t.id=mi.movie_id AND t.id=mi_idx.movie_id AND mc.company_id<11369
    AND mi.info_type_id>107
  qep:
  - node: Nested loop inner join (cost=386790 rows=538703) (actual time=0.091..3620
      rows=1.71e+6 loops=1)
    actual_rows: 1710000.0
    estimated_rows: 538703.0
    q_error: 3.1742908430062577
  - node: Nested loop inner join (cost=198244 rows=166133) (actual time=0.0801..1453
      rows=552582 loops=1)
    actual_rows: 552582.0
    estimated_rows: 166133.0
    q_error: 3.3261423076691568
  - node: Nested loop inner join (cost=81951 rows=102438) (actual time=0.0363..210
      rows=50267 loops=1)
    actual_rows: 50267.0
    estimated_rows: 102438.0
    q_error: 2.0378777329062805
  - node: 'Index range scan on mi using info_type_id_movie_info over (107 < info_type_id),
      with index condition: (mi.info_type_id > 107) (cost=46097 rows=102438) (actual
      time=0.0264..143 rows=50267 loops=1)'
    actual_rows: 50267.0
    estimated_rows: 102438.0
    q_error: 2.0378777329062805
  - node: Single-row index lookup on t using PRIMARY (id=mi.movie_id) (cost=0.25 rows=1)
      (actual time=0.00117..0.00119 rows=1 loops=50267)
    actual_rows: 1.0
    estimated_rows: 1.0
    q_error: 1.0
  - node: 'Filter: (mc.company_id < 11369) (cost=0.811 rows=1.62) (actual time=0.00346..0.0241
      rows=11 loops=50267)'
    actual_rows: 11.0
    estimated_rows: 1.62
    q_error: 6.790123456790123
  - node: Index lookup on mc using movie_id_movie_companies (movie_id=mi.movie_id)
      (cost=0.811 rows=3.24) (actual time=0.00242..0.0226 rows=20.2 loops=50267)
    actual_rows: 20.2
    estimated_rows: 3.24
    q_error: 6.234567901234567
  - node: Index lookup on mi_idx using movie_id_movie_info_idx (movie_id=mi.movie_id)
      (cost=0.811 rows=3.24) (actual time=0.00133..0.00368 rows=3.09 loops=552582)
    actual_rows: 3.09
    estimated_rows: 3.24
    q_error: 1.0485436893203886

- query: SELECT * FROM title t,movie_companies mc WHERE t.id=mc.movie_id AND t.kind_id<7
    AND t.production_year=2006 AND mc.company_id<79751 AND mc.company_type_id>1
  qep:
  - node: Nested loop inner join (cost=413910 rows=105468) (actual time=0.0531..2050
      rows=20567 loops=1)
    actual_rows: 20567.0
    estimated_rows: 105468.0
    q_error: 5.128020615549181
  - node: 'Filter: ((t.production_year = 2006) and (t.kind_id < 7)) (cost=266255 rows=130064)
      (actual time=0.0186..1871 rows=33905 loops=1)'
    actual_rows: 33905.0
    estimated_rows: 130064.0
    q_error: 3.83613036425306
  - node: Table scan on t (cost=266255 rows=2.6e+6) (actual time=0.0133..1728 rows=2.53e+6
      loops=1)
    actual_rows: 2530000.0
    estimated_rows: 2600000.0
    q_error: 1.0276679841897234
  - node: 'Filter: ((mc.company_id < 79751) and (mc.company_type_id > 1)) (cost=0.811
      rows=0.811) (actual time=0.00457..0.0051 rows=0.607 loops=33905)'
    actual_rows: 0.607
    estimated_rows: 0.811
    q_error: 1.3360790774299836
  - node: Index lookup on mc using movie_id_movie_companies (movie_id=t.id) (cost=0.811
      rows=3.24) (actual time=0.00286..0.00481 rows=2.1 loops=33905)
    actual_rows: 2.1
    estimated_rows: 3.24
    q_error: 1.542857142857143

- query: SELECT * FROM title t,movie_companies mc,movie_keyword mk WHERE t.id=mc.movie_id
    AND t.id=mk.movie_id AND mc.company_id>13331 AND mk.keyword_id=115
  qep:
  - node: Nested loop inner join (cost=8290 rows=7326) (actual time=2.01..56.7 rows=8910
      loops=1)
    actual_rows: 8910.0
    estimated_rows: 7326.0
    q_error: 1.2162162162162162
  - node: Nested loop inner join (cost=3162 rows=4517) (actual time=1.98..18.1 rows=4517
      loops=1)
    actual_rows: 4517.0
    estimated_rows: 4517.0
    q_error: 1.0
  - node: Index lookup on mk using keyword_id_movie_keyword (keyword_id=115) (cost=1581
      rows=4517) (actual time=1.97..10.4 rows=4517 loops=1)
    actual_rows: 4517.0
    estimated_rows: 4517.0
    q_error: 1.0
  - node: Single-row index lookup on t using PRIMARY (id=mk.movie_id) (cost=0.25 rows=1)
      (actual time=0.00156..0.00158 rows=1 loops=4517)
    actual_rows: 1.0
    estimated_rows: 1.0
    q_error: 1.0
  - node: 'Filter: (mc.company_id > 13331) (cost=0.811 rows=1.62) (actual time=0.00489..0.00838
      rows=1.97 loops=4517)'
    actual_rows: 1.97
    estimated_rows: 1.62
    q_error: 1.2160493827160492
  - node: Index lookup on mc using movie_id_movie_companies (movie_id=mk.movie_id)
      (cost=0.811 rows=3.24) (actual time=0.00277..0.00801 rows=5.25 loops=4517)
    actual_rows: 5.25
    estimated_rows: 3.24
    q_error: 1.6203703703703702

- query: SELECT * FROM title t,movie_companies mc,movie_info mi,movie_info_idx mi_idx,movie_keyword
    mk WHERE t.id=mc.movie_id AND t.id=mi.movie_id AND t.id=mi_idx.movie_id AND t.id=mk.movie_id
    AND mc.company_id<5569 AND mc.company_type_id=1 AND mi.info_type_id>1 AND mi_idx.info_type_id=99
    AND mk.keyword_id<10833
  qep:
  - node: Nested loop inner join (cost=7.52e+6 rows=7.97e+6) (actual time=0.0624..1.92e+6
      rows=1.36e+9 loops=1)
    actual_rows: 1360000000.0
    estimated_rows: 7970000.0
    q_error: 170.63989962358846
  - node: Nested loop inner join (cost=1.93e+6 rows=1.38e+6) (actual time=0.0498..50354
      rows=23.3e+6 loops=1)
    actual_rows: 23300000.0
    estimated_rows: 1380000.0
    q_error: 16.884057971014492
  - node: Nested loop inner join (cost=966319 rows=514561) (actual time=0.0415..4709
      rows=449899 loops=1)
    actual_rows: 449899.0
    estimated_rows: 514561.0
    q_error: 1.1437255917439249
  - node: Nested loop inner join (cost=786222 rows=514561) (actual time=0.0352..4123
      rows=449899 loops=1)
    actual_rows: 449899.0
    estimated_rows: 514561.0
    q_error: 1.1437255917439249
  - node: Index lookup on mi_idx using info_type_id_movie_info_idx (info_type_id=99)
      (cost=65836 rows=634560) (actual time=0.0248..874 rows=459925 loops=1)
    actual_rows: 459925.0
    estimated_rows: 634560.0
    q_error: 1.3797032124802957
  - node: 'Filter: ((mc.company_type_id = 1) and (mc.company_id < 5569)) (cost=0.811
      rows=0.811) (actual time=0.00378..0.00692 rows=0.978 loops=459925)'
    actual_rows: 0.978
    estimated_rows: 0.811
    q_error: 1.2059186189889024
  - node: Index lookup on mc using movie_id_movie_companies (movie_id=mi_idx.movie_id)
      (cost=0.811 rows=3.24) (actual time=0.00267..0.00632 rows=2.95 loops=459925)
    actual_rows: 2.95
    estimated_rows: 3.24
    q_error: 1.0983050847457627
  - node: Single-row index lookup on t using PRIMARY (id=mi_idx.movie_id) (cost=0.25
      rows=1) (actual time=0.00107..0.0011 rows=1 loops=449899)
    actual_rows: 1.0
    estimated_rows: 1.0
    q_error: 1.0
  - node: 'Filter: (mi.info_type_id > 1) (cost=1.34 rows=2.69) (actual time=0.00292..0.099
      rows=51.8 loops=449899)'
    actual_rows: 51.8
    estimated_rows: 2.69
    q_error: 19.256505576208177
  - node: Index lookup on mi using movie_id_movie_info (movie_id=mi_idx.movie_id)
      (cost=1.34 rows=5.37) (actual time=0.00277..0.094 rows=52.8 loops=449899)
    actual_rows: 52.8
    estimated_rows: 5.37
    q_error: 9.83240223463687
  - node: 'Filter: (mk.keyword_id < 10833) (cost=2.88 rows=5.77) (actual time=0.00901..0.0778
      rows=58.4 loops=23.3e+6)'
    actual_rows: 58.4
    estimated_rows: 5.77
    q_error: 10.121317157712305
  - node: Index lookup on mk using movie_id_movie_keyword (movie_id=mi_idx.movie_id)
      (cost=2.88 rows=11.5) (actual time=0.00884..0.0728 rows=90.4 loops=23.3e+6)
    actual_rows: 90.4
    estimated_rows: 11.5
    q_error: 7.860869565217392

- query: SELECT * FROM title t,movie_companies mc WHERE t.id=mc.movie_id AND t.production_year<2009
  qep:
  - node: Nested loop inner join (cost=1.17e+6 rows=866501) (actual time=0.0266..4495
      rows=2.06e+6 loops=1)
    actual_rows: 2060000.0
    estimated_rows: 866501.0
    q_error: 2.377377521780125
  - node: Table scan on mc (cost=262291 rows=2.6e+6) (actual time=0.0153..1580 rows=2.61e+6
      loops=1)
    actual_rows: 2610000.0
    estimated_rows: 2600000.0
    q_error: 1.0038461538461538
  - node: 'Filter: (t.production_year < 2009) (cost=0.25 rows=0.333) (actual time=953e-6..0.001
      rows=0.79 loops=2.61e+6)'
    actual_rows: 0.79
    estimated_rows: 0.333
    q_error: 2.3723723723723724
  - node: Single-row index lookup on t using PRIMARY (id=mc.movie_id) (cost=0.25 rows=1)
      (actual time=820e-6..841e-6 rows=1 loops=2.61e+6)
    actual_rows: 1.0
    estimated_rows: 1.0
    q_error: 1.0

- query: SELECT * FROM title t,movie_keyword mk WHERE t.id=mk.movie_id AND t.kind_id=1
  qep:
  - node: Nested loop inner join (cost=1.88e+6 rows=2.09e+6) (actual time=569..2931
      rows=2.89e+6 loops=1)
    actual_rows: 2890000.0
    estimated_rows: 2090000.0
    q_error: 1.3827751196172249
  - node: Table scan on mk (cost=420275 rows=4.18e+6) (actual time=0.718..895 rows=4.52e+6
      loops=1)
    actual_rows: 4520000.0
    estimated_rows: 4180000.0
    q_error: 1.0813397129186604
  - node: 'Filter: (t.kind_id = 1) (cost=0.25 rows=0.5) (actual time=312e-6..351e-6
      rows=0.638 loops=4.52e+6)'
    actual_rows: 0.638
    estimated_rows: 0.5
    q_error: 1.276
  - node: Single-row index lookup on t using PRIMARY (id=mk.movie_id) (cost=0.25 rows=1)
      (actual time=195e-6..215e-6 rows=1 loops=4.52e+6)
    actual_rows: 1.0
    estimated_rows: 1.0
    q_error: 1.0

- query: SELECT * FROM title t,movie_companies mc WHERE t.id=mc.movie_id AND t.production_year>2006
    AND mc.company_id<190835
  qep:
  - node: Nested loop inner join (cost=717249 rows=433250) (actual time=0.0317..4296
      rows=709105 loops=1)
    actual_rows: 709105.0
    estimated_rows: 433250.0
    q_error: 1.6367109059434506
  - node: 'Filter: (mc.company_id < 190835) (cost=262291 rows=1.3e+6) (actual time=0.0142..1662
      rows=2.56e+6 loops=1)'
    actual_rows: 2560000.0
    estimated_rows: 1300000.0
    q_error: 1.9692307692307693
  - node: Table scan on mc (cost=262291 rows=2.6e+6) (actual time=0.0131..1467 rows=2.61e+6
      loops=1)
    actual_rows: 2610000.0
    estimated_rows: 2600000.0
    q_error: 1.0038461538461538
  - node: 'Filter: (t.production_year > 2006) (cost=0.25 rows=0.333) (actual time=923e-6..940e-6
      rows=0.277 loops=2.56e+6)'
    actual_rows: 0.277
    estimated_rows: 0.333
    q_error: 1.2021660649819494
  - node: Single-row index lookup on t using PRIMARY (id=mc.movie_id) (cost=0.25 rows=1)
      (actual time=774e-6..795e-6 rows=1 loops=2.56e+6)
    actual_rows: 1.0
    estimated_rows: 1.0
    q_error: 1.0

- query: SELECT * FROM title t,movie_info mi,movie_keyword mk WHERE t.id=mi.movie_id
    AND t.id=mk.movie_id AND t.kind_id<7 AND mi.info_type_id<16 AND mk.keyword_id<7565
  qep:
  - node: Nested loop inner join (cost=3.12e+6 rows=2.81e+6) (actual time=0.679..152304
      rows=63.1e+6 loops=1)
    actual_rows: 63100000.0
    estimated_rows: 2810000.0
    q_error: 22.455516014234874
  - node: Nested loop inner join (cost=1.15e+6 rows=1.05e+6) (actual time=0.668..3072
      rows=2.32e+6 loops=1)
    actual_rows: 2320000.0
    estimated_rows: 1050000.0
    q_error: 2.2095238095238097
  - node: 'Filter: (mk.keyword_id < 7565) (cost=420275 rows=2.09e+6) (actual time=0.657..1277
      rows=2.68e+6 loops=1)'
    actual_rows: 2680000.0
    estimated_rows: 2090000.0
    q_error: 1.2822966507177034
  - node: Table scan on mk (cost=420275 rows=4.18e+6) (actual time=0.656..974 rows=4.52e+6
      loops=1)
    actual_rows: 4520000.0
    estimated_rows: 4180000.0
    q_error: 1.0813397129186604
  - node: 'Filter: (t.kind_id < 7) (cost=0.25 rows=0.5) (actual time=494e-6..552e-6
      rows=0.865 loops=2.68e+6)'
    actual_rows: 0.865
    estimated_rows: 0.5
    q_error: 1.73
  - node: Single-row index lookup on t using PRIMARY (id=mk.movie_id) (cost=0.25 rows=1)
      (actual time=380e-6..401e-6 rows=1 loops=2.68e+6)
    actual_rows: 1.0
    estimated_rows: 1.0
    q_error: 1.0
  - node: 'Filter: (mi.info_type_id < 16) (cost=1.34 rows=2.69) (actual time=0.00334..0.063
      rows=27.2 loops=2.32e+6)'
    actual_rows: 27.2
    estimated_rows: 2.69
    q_error: 10.111524163568774
  - node: Index lookup on mi using movie_id_movie_info (movie_id=mk.movie_id) (cost=1.34
      rows=5.37) (actual time=0.0017..0.0593 rows=56.4 loops=2.32e+6)
    actual_rows: 56.4
    estimated_rows: 5.37
    q_error: 10.502793296089385

- query: SELECT * FROM title t,movie_info mi,movie_info_idx mi_idx,movie_keyword mk
    WHERE t.id=mi.movie_id AND t.id=mi_idx.movie_id AND t.id=mk.movie_id AND t.kind_id=7
    AND t.production_year=2001 AND mi_idx.info_type_id>100 AND mk.keyword_id<78213
  qep:
  - node: Nested loop inner join (cost=822152 rows=983436) (actual time=2.85..1557
      rows=89132 loops=1)
    actual_rows: 89132.0
    estimated_rows: 983436.0
    q_error: 11.033478436476237
  - node: Nested loop inner join (cost=477949 rows=183069) (actual time=2.83..1455
      rows=7709 loops=1)
    actual_rows: 7709.0
    estimated_rows: 183069.0
    q_error: 23.747438059411078
  - node: Nested loop inner join (cost=349801 rows=31728) (actual time=1.09..1433
      rows=3956 loops=1)
    actual_rows: 3956.0
    estimated_rows: 31728.0
    q_error: 8.020222446916076
  - node: 'Filter: (mi_idx.info_type_id > 100) (cost=127705 rows=634560) (actual time=0.0176..802
      rows=460185 loops=1)'
    actual_rows: 460185.0
    estimated_rows: 634560.0
    q_error: 1.3789236937318687
  - node: Table scan on mi_idx (cost=127705 rows=1.27e+6) (actual time=0.0133..720
      rows=1.38e+6 loops=1)
    actual_rows: 1380000.0
    estimated_rows: 1270000.0
    q_error: 1.0866141732283465
  - node: 'Filter: ((t.production_year = 2001) and (t.kind_id = 7)) (cost=0.25 rows=0.05)
      (actual time=0.0013..0.0013 rows=0.0086 loops=460185)'
    actual_rows: 0.0086
    estimated_rows: 0.05
    q_error: 5.813953488372094
  - node: Single-row index lookup on t using PRIMARY (id=mi_idx.movie_id) (cost=0.25
      rows=1) (actual time=0.00112..0.00114 rows=1 loops=460185)
    actual_rows: 1.0
    estimated_rows: 1.0
    q_error: 1.0
  - node: 'Filter: (mk.keyword_id < 78213) (cost=2.88 rows=5.77) (actual time=0.00445..0.00545
      rows=1.95 loops=3956)'
    actual_rows: 1.95
    estimated_rows: 5.77
    q_error: 2.9589743589743587
  - node: Index lookup on mk using movie_id_movie_keyword (movie_id=mi_idx.movie_id)
      (cost=2.88 rows=11.5) (actual time=0.00434..0.00521 rows=1.95 loops=3956)
    actual_rows: 1.95
    estimated_rows: 11.5
    q_error: 5.897435897435898
  - node: Index lookup on mi using movie_id_movie_info (movie_id=mi_idx.movie_id)
      (cost=1.34 rows=5.37) (actual time=0.00165..0.0126 rows=11.6 loops=7709)
    actual_rows: 11.6
    estimated_rows: 5.37
    q_error: 2.160148975791434

- query: SELECT * FROM title t,movie_companies mc,cast_info ci,movie_info mi WHERE
    t.id=mc.movie_id AND t.id=ci.movie_id AND t.id=mi.movie_id AND t.kind_id<7 AND
    t.production_year=1959 AND mc.company_id=7851 AND mc.company_type_id<2 AND mi.info_type_id>9
  qep:
  - node: Nested loop inner join (cost=6332 rows=7427) (actual time=1.63..15.6 rows=224
      loops=1)
    actual_rows: 224.0
    estimated_rows: 7427.0
    q_error: 33.15625
  - node: Nested loop inner join (cost=3733 rows=480) (actual time=1.42..12.4 rows=17
      loops=1)
    actual_rows: 17.0
    estimated_rows: 480.0
    q_error: 28.235294117647058
  - node: Nested loop inner join (cost=3397 rows=179) (actual time=0.0786..11.4 rows=63
      loops=1)
    actual_rows: 63.0
    estimated_rows: 179.0
    q_error: 2.8412698412698414
  - node: 'Filter: (mc.company_type_id < 2) (cost=2145 rows=3575) (actual time=0.0226..7.85
      rows=2462 loops=1)'
    actual_rows: 2462.0
    estimated_rows: 3575.0
    q_error: 1.4520714865962632
  - node: Index lookup on mc using company_id_movie_companies (company_id=7851) (cost=2145
      rows=7151) (actual time=0.0213..7.59 rows=7151 loops=1)
    actual_rows: 7151.0
    estimated_rows: 7151.0
    q_error: 1.0
  - node: 'Filter: ((t.production_year = 1959) and (t.kind_id < 7)) (cost=0.25 rows=0.05)
      (actual time=0.00137..0.00137 rows=0.0256 loops=2462)'
    actual_rows: 0.0256
    estimated_rows: 0.05
    q_error: 1.953125
  - node: Single-row index lookup on t using PRIMARY (id=mc.movie_id) (cost=0.25 rows=1)
      (actual time=0.00125..0.00127 rows=1 loops=2462)
    actual_rows: 1.0
    estimated_rows: 1.0
    q_error: 1.0
  - node: 'Filter: (mi.info_type_id > 9) (cost=1.34 rows=2.69) (actual time=0.0134..0.0156
      rows=0.27 loops=63)'
    actual_rows: 0.27
    estimated_rows: 2.69
    q_error: 9.962962962962962
  - node: Index lookup on mi using movie_id_movie_info (movie_id=mc.movie_id) (cost=1.34
      rows=5.37) (actual time=0.00497..0.0152 rows=5.63 loops=63)
    actual_rows: 5.63
    estimated_rows: 5.37
    q_error: 1.048417132216015
  - node: Index lookup on ci using movie_id_cast_info (movie_id=mc.movie_id) (cost=3.87
      rows=15.5) (actual time=0.0234..0.191 rows=13.2 loops=17)
    actual_rows: 13.2
    estimated_rows: 15.5
    q_error: 1.1742424242424243

- query: SELECT * FROM title t,movie_info mi WHERE t.id=mi.movie_id AND mi.info_type_id<7
  qep:
  - node: Nested loop inner join (cost=3.77e+6 rows=6.81e+6) (actual time=1282..15182
      rows=5.88e+6 loops=1)
    actual_rows: 5880000.0
    estimated_rows: 6810000.0
    q_error: 1.1581632653061225
  - node: 'Filter: (mi.info_type_id < 7) (cost=1.39e+6 rows=6.81e+6) (actual time=1282..8563
      rows=5.88e+6 loops=1)'
    actual_rows: 5880000.0
    estimated_rows: 6810000.0
    q_error: 1.1581632653061225
  - node: Table scan on mi (cost=1.39e+6 rows=13.6e+6) (actual time=0.0126..7815 rows=14.8e+6
      loops=1)
    actual_rows: 14800000.0
    estimated_rows: 13600000.0
    q_error: 1.088235294117647
  - node: Single-row index lookup on t using PRIMARY (id=mi.movie_id) (cost=0.25 rows=1)
      (actual time=986e-6..0.00101 rows=1 loops=5.88e+6)
    actual_rows: 1.0
    estimated_rows: 1.0
    q_error: 1.0

- query: SELECT * FROM title t,movie_info_idx mi_idx,movie_keyword mk WHERE t.id=mi_idx.movie_id
    AND t.id=mk.movie_id AND t.kind_id=1
  qep:
  - node: Nested loop inner join (cost=3.13e+6 rows=7.32e+6) (actual time=583..10027
      rows=7.55e+6 loops=1)
    actual_rows: 7550000.0
    estimated_rows: 7320000.0
    q_error: 1.0314207650273224
  - node: Nested loop inner join (cost=571898 rows=634560) (actual time=583..1794
      rows=629900 loops=1)
    actual_rows: 629900.0
    estimated_rows: 634560.0
    q_error: 1.0073979996824893
  - node: Table scan on mi_idx (cost=127705 rows=1.27e+6) (actual time=0.0136..767
      rows=1.38e+6 loops=1)
    actual_rows: 1380000.0
    estimated_rows: 1270000.0
    q_error: 1.0866141732283465
  - node: 'Filter: (t.kind_id = 1) (cost=0.25 rows=0.5) (actual time=618e-6..648e-6
      rows=0.456 loops=1.38e+6)'
    actual_rows: 0.456
    estimated_rows: 0.5
    q_error: 1.0964912280701753
  - node: Single-row index lookup on t using PRIMARY (id=mi_idx.movie_id) (cost=0.25
      rows=1) (actual time=487e-6..507e-6 rows=1 loops=1.38e+6)
    actual_rows: 1.0
    estimated_rows: 1.0
    q_error: 1.0
  - node: Index lookup on mk using movie_id_movie_keyword (movie_id=mi_idx.movie_id)
      (cost=2.88 rows=11.5) (actual time=0.0052..0.0124 rows=12 loops=629900)
    actual_rows: 12.0
    estimated_rows: 11.5
    q_error: 1.0434782608695652

- query: SELECT * FROM title t,movie_info mi,movie_info_idx mi_idx,movie_keyword mk
    WHERE t.id=mi.movie_id AND t.id=mi_idx.movie_id AND t.id=mk.movie_id AND mi.info_type_id<7
  qep:
  - node: Nested loop inner join (cost=16.7e+6 rows=39.3e+6) (actual time=0.0472..156312
      rows=130e+6 loops=1)
    actual_rows: 130000000.0
    estimated_rows: 39300000.0
    q_error: 3.3078880407124682
  - node: Nested loop inner join (cost=2.96e+6 rows=3.41e+6) (actual time=0.0336..33599
      rows=6.97e+6 loops=1)
    actual_rows: 6970000.0
    estimated_rows: 3410000.0
    q_error: 2.0439882697947214
  - node: Nested loop inner join (cost=571898 rows=1.27e+6) (actual time=0.0222..1992
      rows=1.38e+6 loops=1)
    actual_rows: 1380000.0
    estimated_rows: 1270000.0
    q_error: 1.0866141732283465
  - node: Table scan on mi_idx (cost=127705 rows=1.27e+6) (actual time=0.0127..883
      rows=1.38e+6 loops=1)
    actual_rows: 1380000.0
    estimated_rows: 1270000.0
    q_error: 1.0866141732283465
  - node: Single-row index lookup on t using PRIMARY (id=mi_idx.movie_id) (cost=0.25
      rows=1) (actual time=641e-6..663e-6 rows=1 loops=1.38e+6)
    actual_rows: 1.0
    estimated_rows: 1.0
    q_error: 1.0
  - node: 'Filter: (mi.info_type_id < 7) (cost=1.34 rows=2.69) (actual time=0.00869..0.0226
      rows=5.05 loops=1.38e+6)'
    actual_rows: 5.05
    estimated_rows: 2.69
    q_error: 1.8773234200743494
  - node: Index lookup on mi using movie_id_movie_info (movie_id=mi_idx.movie_id)
      (cost=1.34 rows=5.37) (actual time=0.00203..0.0213 rows=15.1 loops=1.38e+6)
    actual_rows: 15.1
    estimated_rows: 5.37
    q_error: 2.811918063314711
  - node: Index lookup on mk using movie_id_movie_keyword (movie_id=mi_idx.movie_id)
      (cost=2.88 rows=11.5) (actual time=0.00515..0.0167 rows=18.7 loops=6.97e+6)
    actual_rows: 18.7
    estimated_rows: 11.5
    q_error: 1.626086956521739

- query: SELECT * FROM title t,cast_info ci,movie_info mi,movie_keyword mk WHERE t.id=ci.movie_id
    AND t.id=mi.movie_id AND t.id=mk.movie_id AND t.production_year<2011 AND ci.person_id<3035842
    AND ci.role_id>10
  qep:
  - node: Nested loop inner join (cost=2.53e+6 rows=5.74e+6) (actual time=0.753..103523
      rows=115e+6 loops=1)
    actual_rows: 115000000.0
    estimated_rows: 5740000.0
    q_error: 20.034843205574912
  - node: Nested loop inner join (cost=521103 rows=497169) (actual time=0.061..5163
      rows=1.78e+6 loops=1)
    actual_rows: 1780000.0
    estimated_rows: 497169.0
    q_error: 3.580271497217244
  - node: Nested loop inner join (cost=347094 rows=92549) (actual time=0.0503..1172
      rows=85568 loops=1)
    actual_rows: 85568.0
    estimated_rows: 92549.0
    q_error: 1.0815842370979805
  - node: 'Filter: (ci.person_id < 3035842) (cost=249908 rows=277675) (actual time=0.0263..919
      rows=105260 loops=1)'
    actual_rows: 105260.0
    estimated_rows: 277675.0
    q_error: 2.6379916397491923
  - node: 'Index range scan on ci using role_id_cast_info over (10 < role_id), with
      index condition: (ci.role_id > 10) (cost=249908 rows=555350) (actual time=0.0255..894
      rows=316118 loops=1)'
    actual_rows: 316118.0
    estimated_rows: 555350.0
    q_error: 1.7567806958161194
  - node: 'Filter: (t.production_year < 2011) (cost=0.25 rows=0.333) (actual time=0.00217..0.00224
      rows=0.813 loops=105260)'
    actual_rows: 0.813
    estimated_rows: 0.333
    q_error: 2.441441441441441
  - node: Single-row index lookup on t using PRIMARY (id=ci.movie_id) (cost=0.25 rows=1)
      (actual time=0.00201..0.00204 rows=1 loops=105260)
    actual_rows: 1.0
    estimated_rows: 1.0
    q_error: 1.0
  - node: Index lookup on mi using movie_id_movie_info (movie_id=ci.movie_id) (cost=1.34
      rows=5.37) (actual time=0.0039..0.0456 rows=20.8 loops=85568)
    actual_rows: 20.8
    estimated_rows: 5.37
    q_error: 3.8733705772811917
  - node: Index lookup on mk using movie_id_movie_keyword (movie_id=ci.movie_id) (cost=2.88
      rows=11.5) (actual time=0.00746..0.0524 rows=64.8 loops=1.78e+6)
    actual_rows: 64.8
    estimated_rows: 11.5
    q_error: 5.634782608695652

- query: SELECT * FROM title t,movie_companies mc,cast_info ci,movie_info_idx mi_idx,movie_keyword
    mk WHERE t.id=mc.movie_id AND t.id=ci.movie_id AND t.id=mi_idx.movie_id AND t.id=mk.movie_id
    AND mc.company_type_id=2
  qep:
  - node: Nested loop inner join (cost=133e+6 rows=340e+6) (actual time=0.754..2.2e+6
      rows=1.8e+9 loops=1)
    actual_rows: 1800000000.0
    estimated_rows: 340000000.0
    q_error: 5.294117647058823
  - node: Nested loop inner join (cost=14.3e+6 rows=22e+6) (actual time=0.745..88024
      rows=23.1e+6 loops=1)
    actual_rows: 23100000.0
    estimated_rows: 22000000.0
    q_error: 1.05
  - node: Nested loop inner join (cost=6.63e+6 rows=6.78e+6) (actual time=0.735..49382
      rows=8.42e+6 loops=1)
    actual_rows: 8420000.0
    estimated_rows: 6780000.0
    q_error: 1.2418879056047198
  - node: Nested loop inner join (cost=1.88e+6 rows=4.18e+6) (actual time=0.713..3763
      rows=4.52e+6 loops=1)
    actual_rows: 4520000.0
    estimated_rows: 4180000.0
    q_error: 1.0813397129186604
  - node: Table scan on mk (cost=420275 rows=4.18e+6) (actual time=0.703..1247 rows=4.52e+6
      loops=1)
    actual_rows: 4520000.0
    estimated_rows: 4180000.0
    q_error: 1.0813397129186604
  - node: Single-row index lookup on t using PRIMARY (id=mk.movie_id) (cost=0.25 rows=1)
      (actual time=380e-6..403e-6 rows=1 loops=4.52e+6)
    actual_rows: 1.0
    estimated_rows: 1.0
    q_error: 1.0
  - node: 'Filter: (mc.company_type_id = 2) (cost=0.811 rows=1.62) (actual time=0.00797..0.00988
      rows=1.86 loops=4.52e+6)'
    actual_rows: 1.86
    estimated_rows: 1.62
    q_error: 1.1481481481481481
  - node: Index lookup on mc using movie_id_movie_companies (movie_id=mk.movie_id)
      (cost=0.811 rows=3.24) (actual time=0.00177..0.00914 rows=7.71 loops=4.52e+6)
    actual_rows: 7.71
    estimated_rows: 3.24
    q_error: 2.3796296296296293
  - node: Index lookup on mi_idx using movie_id_movie_info_idx (movie_id=mk.movie_id)
      (cost=0.811 rows=3.24) (actual time=0.00174..0.00436 rows=2.75 loops=8.42e+6)
    actual_rows: 2.75
    estimated_rows: 3.24
    q_error: 1.1781818181818182
  - node: Index lookup on ci using movie_id_cast_info (movie_id=mk.movie_id) (cost=3.87
      rows=15.5) (actual time=0.00156..0.0873 rows=78 loops=23.1e+6)
    actual_rows: 78.0
    estimated_rows: 15.5
    q_error: 5.032258064516129

- query: SELECT * FROM title t,movie_info mi WHERE t.id=mi.movie_id AND t.kind_id=7
    AND mi.info_type_id=6
  qep:
  - node: Nested loop inner join (cost=441460 rows=413446) (actual time=0.441..1521
      rows=127537 loops=1)
    actual_rows: 127537.0
    estimated_rows: 413446.0
    q_error: 3.241772975685487
  - node: Index lookup on mi using info_type_id_movie_info (info_type_id=6) (cost=152048
      rows=826892) (actual time=0.402..819 rows=474443 loops=1)
    actual_rows: 474443.0
    estimated_rows: 826892.0
    q_error: 1.7428690063927594
  - node: 'Filter: (t.kind_id = 7) (cost=0.25 rows=0.5) (actual time=0.00136..0.00138
      rows=0.269 loops=474443)'
    actual_rows: 0.269
    estimated_rows: 0.5
    q_error: 1.858736059479554
  - node: Single-row index lookup on t using PRIMARY (id=mi.movie_id) (cost=0.25 rows=1)
      (actual time=0.0012..0.00122 rows=1 loops=474443)
    actual_rows: 1.0
    estimated_rows: 1.0
    q_error: 1.0

- query: SELECT * FROM movie_keyword mk WHERE mk.keyword_id>74318
  qep:
  - node: 'Index range scan on mk using keyword_id_movie_keyword over (74318 < keyword_id),
      with index condition: (mk.keyword_id > 74318) (cost=150126 rows=333612) (actual
      time=13.5..217 rows=145378 loops=1)'
    actual_rows: 145378.0
    estimated_rows: 333612.0
    q_error: 2.2947901333076532

- query: SELECT * FROM title t,movie_companies mc,movie_info mi,movie_info_idx mi_idx,movie_keyword
    mk WHERE t.id=mc.movie_id AND t.id=mi.movie_id AND t.id=mi_idx.movie_id AND t.id=mk.movie_id
    AND t.kind_id=7 AND t.production_year>2004 AND mi_idx.info_type_id<101 AND mk.keyword_id<44523
  qep:
  - node: Nested loop inner join (cost=5.19e+6 rows=10.6e+6) (actual time=0.0648..42472
      rows=36.2e+6 loops=1)
    actual_rows: 36200000.0
    estimated_rows: 10600000.0
    q_error: 3.4150943396226414
  - node: Nested loop inner join (cost=1.47e+6 rows=1.98e+6) (actual time=0.0573..4415
      rows=1.57e+6 loops=1)
    actual_rows: 1570000.0
    estimated_rows: 1980000.0
    q_error: 1.2611464968152866
  - node: Nested loop inner join (cost=776919 rows=610168) (actual time=0.0511..2313
      rows=329860 loops=1)
    actual_rows: 329860.0
    estimated_rows: 610168.0
    q_error: 1.8497786939913903
  - node: Nested loop inner join (cost=349801 rows=105749) (actual time=0.0343..1650
      rows=115898 loops=1)
    actual_rows: 115898.0
    estimated_rows: 105749.0
    q_error: 1.0959725387474113
  - node: 'Filter: (mi_idx.info_type_id < 101) (cost=127705 rows=634560) (actual time=0.0101..830
      rows=919850 loops=1)'
    actual_rows: 919850.0
    estimated_rows: 634560.0
    q_error: 1.4495871154815936
  - node: Table scan on mi_idx (cost=127705 rows=1.27e+6) (actual time=0.0095..741
      rows=1.38e+6 loops=1)
    actual_rows: 1380000.0
    estimated_rows: 1270000.0
    q_error: 1.0866141732283465
  - node: 'Filter: ((t.kind_id = 7) and (t.production_year > 2004)) (cost=0.25 rows=0.167)
      (actual time=804e-6..812e-6 rows=0.126 loops=919850)'
    actual_rows: 0.126
    estimated_rows: 0.167
    q_error: 1.3253968253968256
  - node: Single-row index lookup on t using PRIMARY (id=mi_idx.movie_id) (cost=0.25
      rows=1) (actual time=641e-6..661e-6 rows=1 loops=919850)
    actual_rows: 1.0
    estimated_rows: 1.0
    q_error: 1.0
  - node: 'Filter: (mk.keyword_id < 44523) (cost=2.88 rows=5.77) (actual time=0.00362..0.00549
      rows=2.85 loops=115898)'
    actual_rows: 2.85
    estimated_rows: 5.77
    q_error: 2.0245614035087716
  - node: Index lookup on mk using movie_id_movie_keyword (movie_id=mi_idx.movie_id)
      (cost=2.88 rows=11.5) (actual time=0.00351..0.0051 rows=3.07 loops=115898)
    actual_rows: 3.07
    estimated_rows: 11.5
    q_error: 3.7459283387622153
  - node: Index lookup on mc using movie_id_movie_companies (movie_id=mi_idx.movie_id)
      (cost=0.811 rows=3.24) (actual time=0.00155..0.00607 rows=4.76 loops=329860)
    actual_rows: 4.76
    estimated_rows: 3.24
    q_error: 1.4691358024691357
  - node: Index lookup on mi using movie_id_movie_info (movie_id=mi_idx.movie_id)
      (cost=1.34 rows=5.37) (actual time=0.00135..0.0231 rows=23.1 loops=1.57e+6)
    actual_rows: 23.1
    estimated_rows: 5.37
    q_error: 4.301675977653631

- query: SELECT * FROM title t,movie_keyword mk WHERE t.id=mk.movie_id AND t.production_year<1946
  qep:
  - node: Nested loop inner join (cost=1.88e+6 rows=1.39e+6) (actual time=26.3..2777
      rows=440186 loops=1)
    actual_rows: 440186.0
    estimated_rows: 1390000.0
    q_error: 3.1577560394923965
  - node: Table scan on mk (cost=420275 rows=4.18e+6) (actual time=0.669..878 rows=4.52e+6
      loops=1)
    actual_rows: 4520000.0
    estimated_rows: 4180000.0
    q_error: 1.0813397129186604
  - node: 'Filter: (t.production_year < 1946) (cost=0.25 rows=0.333) (actual time=338e-6..344e-6
      rows=0.0973 loops=4.52e+6)'
    actual_rows: 0.0973
    estimated_rows: 0.333
    q_error: 3.4224049331963005
  - node: Single-row index lookup on t using PRIMARY (id=mk.movie_id) (cost=0.25 rows=1)
      (actual time=198e-6..219e-6 rows=1 loops=4.52e+6)
    actual_rows: 1.0
    estimated_rows: 1.0
    q_error: 1.0

- query: SELECT * FROM cast_info ci WHERE ci.person_id<3002411
  qep:
  - node: 'Filter: (ci.person_id < 3002411) (cost=3.51e+6 rows=17.4e+6) (actual time=0.0125..20197
      rows=29.7e+6 loops=1)'
    actual_rows: 29700000.0
    estimated_rows: 17400000.0
    q_error: 1.706896551724138
  - node: Table scan on ci (cost=3.51e+6 rows=34.8e+6) (actual time=0.0117..18093
      rows=36.2e+6 loops=1)
    actual_rows: 36200000.0
    estimated_rows: 34800000.0
    q_error: 1.0402298850574712

- query: SELECT * FROM title t,movie_companies mc,cast_info ci,movie_info mi WHERE
    t.id=mc.movie_id AND t.id=ci.movie_id AND t.id=mi.movie_id AND ci.person_id>1021231
    AND ci.role_id<10 AND mi.info_type_id=2
  qep:
  - node: Nested loop inner join (cost=20.8e+6 rows=10.5e+6) (actual time=0.0493..247109
      rows=38.1e+6 loops=1)
    actual_rows: 38100000.0
    estimated_rows: 10500000.0
    q_error: 3.6285714285714286
  - node: Nested loop inner join (cost=6.06e+6 rows=2.72e+6) (actual time=0.0406..102139
      rows=2.39e+6 loops=1)
    actual_rows: 2390000.0
    estimated_rows: 2720000.0
    q_error: 1.1380753138075315
  - node: Nested loop inner join (cost=1.17e+6 rows=2.6e+6) (actual time=0.0255..5086
      rows=2.61e+6 loops=1)
    actual_rows: 2610000.0
    estimated_rows: 2600000.0
    q_error: 1.0038461538461538
  - node: Table scan on mc (cost=262291 rows=2.6e+6) (actual time=0.014..1755 rows=2.61e+6
      loops=1)
    actual_rows: 2610000.0
    estimated_rows: 2600000.0
    q_error: 1.0038461538461538
  - node: Single-row index lookup on t using PRIMARY (id=mc.movie_id) (cost=0.25 rows=1)
      (actual time=0.0011..0.00113 rows=1 loops=2.61e+6)
    actual_rows: 1.0
    estimated_rows: 1.0
    q_error: 1.0
  - node: 'Filter: (mi.info_type_id = 2) (cost=1.34 rows=1.05) (actual time=0.0195..0.0371
      rows=0.916 loops=2.61e+6)'
    actual_rows: 0.916
    estimated_rows: 1.05
    q_error: 1.1462882096069869
  - node: Index lookup on mi using movie_id_movie_info (movie_id=mc.movie_id) (cost=1.34
      rows=5.37) (actual time=0.00264..0.0353 rows=25.8 loops=2.61e+6)
    actual_rows: 25.8
    estimated_rows: 5.37
    q_error: 4.804469273743017
  - node: 'Filter: ((ci.person_id > 1021231) and (ci.role_id < 10)) (cost=3.87 rows=3.87)
      (actual time=0.0156..0.0597 rows=15.9 loops=2.39e+6)'
    actual_rows: 15.9
    estimated_rows: 3.87
    q_error: 4.108527131782946
  - node: Index lookup on ci using movie_id_cast_info (movie_id=mc.movie_id) (cost=3.87
      rows=15.5) (actual time=0.00344..0.0564 rows=32 loops=2.39e+6)
    actual_rows: 32.0
    estimated_rows: 15.5
    q_error: 2.064516129032258

- query: SELECT * FROM title t,movie_info mi WHERE t.id=mi.movie_id AND t.kind_id<7
    AND t.production_year<2005
  qep:
  - node: Nested loop inner join (cost=1.08e+6 rows=2.33e+6) (actual time=1.17..14661
      rows=6.95e+6 loops=1)
    actual_rows: 6950000.0
    estimated_rows: 2330000.0
    q_error: 2.982832618025751
  - node: 'Filter: ((t.kind_id < 7) and (t.production_year < 2005)) (cost=266255 rows=433502)
      (actual time=1.15..2016 rows=609532 loops=1)'
    actual_rows: 609532.0
    estimated_rows: 433502.0
    q_error: 1.4060650239214583
  - node: Table scan on t (cost=266255 rows=2.6e+6) (actual time=1.15..1817 rows=2.53e+6
      loops=1)
    actual_rows: 2530000.0
    estimated_rows: 2600000.0
    q_error: 1.0276679841897234
  - node: Index lookup on mi using movie_id_movie_info (movie_id=t.id) (cost=1.34
      rows=5.37) (actual time=0.00293..0.0201 rows=11.4 loops=609532)
    actual_rows: 11.4
    estimated_rows: 5.37
    q_error: 2.122905027932961

- query: SELECT * FROM title t,movie_keyword mk WHERE t.id=mk.movie_id AND t.production_year<2012
    AND mk.keyword_id=14698
  qep:
  - node: Nested loop inner join (cost=27.3 rows=13) (actual time=0.139..0.211 rows=38
      loops=1)
    actual_rows: 38.0
    estimated_rows: 13.0
    q_error: 2.923076923076923
  - node: Index lookup on mk using keyword_id_movie_keyword (keyword_id=14698) (cost=13.7
      rows=39) (actual time=0.128..0.133 rows=39 loops=1)
    actual_rows: 39.0
    estimated_rows: 39.0
    q_error: 1.0
  - node: 'Filter: (t.production_year < 2012) (cost=0.251 rows=0.333) (actual time=0.00183..0.00188
      rows=0.974 loops=39)'
    actual_rows: 0.974
    estimated_rows: 0.333
    q_error: 2.9249249249249245
  - node: Single-row index lookup on t using PRIMARY (id=mk.movie_id) (cost=0.251
      rows=1) (actual time=0.00173..0.00175 rows=1 loops=39)
    actual_rows: 1.0
    estimated_rows: 1.0
    q_error: 1.0

- query: SELECT * FROM title t,movie_info mi,movie_keyword mk WHERE t.id=mi.movie_id
    AND t.id=mk.movie_id AND mi.info_type_id>8 AND mk.keyword_id>10225
  qep:
  - node: Nested loop inner join (cost=5.08e+6 rows=5.62e+6) (actual time=4.82..100887
      rows=60.6e+6 loops=1)
    actual_rows: 60600000.0
    estimated_rows: 5620000.0
    q_error: 10.782918149466193
  - node: Nested loop inner join (cost=1.15e+6 rows=2.09e+6) (actual time=4.8..2075
      rows=1.54e+6 loops=1)
    actual_rows: 1540000.0
    estimated_rows: 2090000.0
    q_error: 1.3571428571428572
  - node: 'Filter: (mk.keyword_id > 10225) (cost=420275 rows=2.09e+6) (actual time=4.78..1157
      rows=1.54e+6 loops=1)'
    actual_rows: 1540000.0
    estimated_rows: 2090000.0
    q_error: 1.3571428571428572
  - node: Table scan on mk (cost=420275 rows=4.18e+6) (actual time=0.706..915 rows=4.52e+6
      loops=1)
    actual_rows: 4520000.0
    estimated_rows: 4180000.0
    q_error: 1.0813397129186604
  - node: Single-row index lookup on t using PRIMARY (id=mk.movie_id) (cost=0.25 rows=1)
      (actual time=445e-6..466e-6 rows=1 loops=1.54e+6)
    actual_rows: 1.0
    estimated_rows: 1.0
    q_error: 1.0
  - node: 'Filter: (mi.info_type_id > 8) (cost=1.34 rows=2.69) (actual time=0.00356..0.0621
      rows=39.2 loops=1.54e+6)'
    actual_rows: 39.2
    estimated_rows: 2.69
    q_error: 14.572490706319703
  - node: Index lookup on mi using movie_id_movie_info (movie_id=mk.movie_id) (cost=1.34
      rows=5.37) (actual time=0.00177..0.0582 rows=53.7 loops=1.54e+6)
    actual_rows: 53.7
    estimated_rows: 5.37
    q_error: 10.0

- query: SELECT * FROM title t,movie_companies mc,cast_info ci,movie_info mi,movie_info_idx
    mi_idx WHERE t.id=mc.movie_id AND t.id=ci.movie_id AND t.id=mi.movie_id AND t.id=mi_idx.movie_id
    AND t.kind_id=1 AND t.production_year=1979 AND mc.company_id>8488 AND ci.person_id>1502694
    AND ci.role_id>1 AND mi.info_type_id=8 AND mi_idx.info_type_id=101
  qep:
  - node: Nested loop inner join (cost=692754 rows=220802) (actual time=570..1844
      rows=84804 loops=1)
    actual_rows: 84804.0
    estimated_rows: 220802.0
    q_error: 2.6036743549832555
  - node: Nested loop inner join (cost=538192 rows=136147) (actual time=570..1644
      rows=26000 loops=1)
    actual_rows: 26000.0
    estimated_rows: 136147.0
    q_error: 5.236423076923077
  - node: Nested loop inner join (cost=347586 rows=35208) (actual time=570..1464 rows=2152
      loops=1)
    actual_rows: 2152.0
    estimated_rows: 35208.0
    q_error: 16.360594795539033
  - node: Nested loop inner join (cost=287932 rows=31728) (actual time=570..1372 rows=1896
      loops=1)
    actual_rows: 1896.0
    estimated_rows: 31728.0
    q_error: 16.734177215189874
  - node: Index lookup on mi_idx using info_type_id_movie_info_idx (info_type_id=101)
      (cost=65836 rows=634560) (actual time=0.0167..659 rows=459925 loops=1)
    actual_rows: 459925.0
    estimated_rows: 634560.0
    q_error: 1.3797032124802957
  - node: 'Filter: ((t.production_year = 1979) and (t.kind_id = 1)) (cost=0.25 rows=0.05)
      (actual time=0.00146..0.00146 rows=0.00412 loops=459925)'
    actual_rows: 0.00412
    estimated_rows: 0.05
    q_error: 12.135922330097086
  - node: Single-row index lookup on t using PRIMARY (id=mi_idx.movie_id) (cost=0.25
      rows=1) (actual time=0.00127..0.00129 rows=1 loops=459925)
    actual_rows: 1.0
    estimated_rows: 1.0
    q_error: 1.0
  - node: 'Filter: (mi.info_type_id = 8) (cost=1.34 rows=1.11) (actual time=0.0264..0.0482
      rows=1.14 loops=1896)'
    actual_rows: 1.14
    estimated_rows: 1.11
    q_error: 1.0270270270270268
  - node: Index lookup on mi using movie_id_movie_info (movie_id=mi_idx.movie_id)
      (cost=1.34 rows=5.37) (actual time=0.00506..0.0465 rows=19.4 loops=1896)
    actual_rows: 19.4
    estimated_rows: 5.37
    q_error: 3.6126629422718803
  - node: 'Filter: ((ci.person_id > 1502694) and (ci.role_id > 1)) (cost=3.87 rows=3.87)
      (actual time=0.0404..0.0829 rows=12.1 loops=2152)'
    actual_rows: 12.1
    estimated_rows: 3.87
    q_error: 3.126614987080103
  - node: Index lookup on ci using movie_id_cast_info (movie_id=mi_idx.movie_id) (cost=3.87
      rows=15.5) (actual time=0.00444..0.0799 rows=28.8 loops=2152)
    actual_rows: 28.8
    estimated_rows: 15.5
    q_error: 1.8580645161290323
  - node: 'Filter: (mc.company_id > 8488) (cost=0.811 rows=1.62) (actual time=0.00259..0.00741
      rows=3.26 loops=26000)'
    actual_rows: 3.26
    estimated_rows: 1.62
    q_error: 2.0123456790123453
  - node: Index lookup on mc using movie_id_movie_companies (movie_id=mi_idx.movie_id)
      (cost=0.811 rows=3.24) (actual time=0.00175..0.00691 rows=5.36 loops=26000)
    actual_rows: 5.36
    estimated_rows: 3.24
    q_error: 1.654320987654321

- query: SELECT * FROM title t,movie_companies mc,cast_info ci,movie_info mi,movie_keyword
    mk WHERE t.id=mc.movie_id AND t.id=ci.movie_id AND t.id=mi.movie_id AND t.id=mk.movie_id
    AND ci.person_id<2894607 AND mi.info_type_id<2
  qep:
  - node: Nested loop inner join (cost=48e+6 rows=68.4e+6) (actual time=0.874..3.89e+6
      rows=3.06e+9 loops=1)
    actual_rows: 3060000000.0
    estimated_rows: 68400000.0
    q_error: 44.73684210526316
  - node: Nested loop inner join (cost=24e+6 rows=21.1e+6) (actual time=0.863..698719
      rows=193e+6 loops=1)
    actual_rows: 193000000.0
    estimated_rows: 21100000.0
    q_error: 9.14691943127962
  - node: Nested loop inner join (cost=9.24e+6 rows=2.73e+6) (actual time=0.85..303925
      rows=4.55e+6 loops=1)
    actual_rows: 4550000.0
    estimated_rows: 2730000.0
    q_error: 1.6666666666666667
  - node: Nested loop inner join (cost=8.28e+6 rows=2.73e+6) (actual time=0.842..301293
      rows=4.55e+6 loops=1)
    actual_rows: 4550000.0
    estimated_rows: 2730000.0
    q_error: 1.6666666666666667
  - node: Table scan on mk (cost=420275 rows=4.18e+6) (actual time=0.8..1378 rows=4.52e+6
      loops=1)
    actual_rows: 4520000.0
    estimated_rows: 4180000.0
    q_error: 1.0813397129186604
  - node: 'Filter: (mi.info_type_id < 2) (cost=1.34 rows=0.653) (actual time=0.0505..0.0661
      rows=1 loops=4.52e+6)'
    actual_rows: 1.0
    estimated_rows: 0.653
    q_error: 1.5313935681470137
  - node: Index lookup on mi using movie_id_movie_info (movie_id=mk.movie_id) (cost=1.34
      rows=5.37) (actual time=0.00195..0.063 rows=52 loops=4.52e+6)
    actual_rows: 52.0
    estimated_rows: 5.37
    q_error: 9.683426443202979
  - node: Single-row index lookup on t using PRIMARY (id=mk.movie_id) (cost=0.25 rows=1)
      (actual time=368e-6..393e-6 rows=1 loops=4.55e+6)
    actual_rows: 1.0
    estimated_rows: 1.0
    q_error: 1.0
  - node: 'Filter: (ci.person_id < 2894607) (cost=3.87 rows=7.73) (actual time=0.00214..0.0845
      rows=42.5 loops=4.55e+6)'
    actual_rows: 42.5
    estimated_rows: 7.73
    q_error: 5.498059508408796
  - node: Index lookup on ci using movie_id_cast_info (movie_id=mk.movie_id) (cost=3.87
      rows=15.5) (actual time=0.00197..0.0797 rows=56.4 loops=4.55e+6)
    actual_rows: 56.4
    estimated_rows: 15.5
    q_error: 3.638709677419355
  - node: Index lookup on mc using movie_id_movie_companies (movie_id=mk.movie_id)
      (cost=0.811 rows=3.24) (actual time=0.00133..0.0157 rows=15.8 loops=193e+6)
    actual_rows: 15.8
    estimated_rows: 3.24
    q_error: 4.8765432098765435

- query: SELECT * FROM title t,movie_info_idx mi_idx,movie_keyword mk WHERE t.id=mi_idx.movie_id
    AND t.id=mk.movie_id AND t.production_year=1970 AND mi_idx.info_type_id>100 AND
    mk.keyword_id>54529
  qep:
  - node: Nested loop inner join (cost=563887 rows=100081) (actual time=20.6..1011
      rows=1613 loops=1)
    actual_rows: 1613.0
    estimated_rows: 100081.0
    q_error: 62.04649721016739
  - node: Nested loop inner join (cost=493831 rows=61729) (actual time=20.6..996 rows=1827
      loops=1)
    actual_rows: 1827.0
    estimated_rows: 61729.0
    q_error: 33.787082649151614
  - node: 'Index range scan on mk using keyword_id_movie_keyword over (54529 < keyword_id),
      with index condition: (mk.keyword_id > 54529) (cost=277780 rows=617288) (actual
      time=20.5..506 rows=294859 loops=1)'
    actual_rows: 294859.0
    estimated_rows: 617288.0
    q_error: 2.093502318057105
  - node: 'Filter: (t.production_year = 1970) (cost=0.25 rows=0.1) (actual time=0.00158..0.00158
      rows=0.0062 loops=294859)'
    actual_rows: 0.0062
    estimated_rows: 0.1
    q_error: 16.129032258064516
  - node: Single-row index lookup on t using PRIMARY (id=mk.movie_id) (cost=0.25 rows=1)
      (actual time=0.0014..0.00142 rows=1 loops=294859)
    actual_rows: 1.0
    estimated_rows: 1.0
    q_error: 1.0
  - node: 'Filter: (mi_idx.info_type_id > 100) (cost=0.811 rows=1.62) (actual time=0.00783..0.00834
      rows=0.883 loops=1827)'
    actual_rows: 0.883
    estimated_rows: 1.62
    q_error: 1.8346545866364667
  - node: Index lookup on mi_idx using movie_id_movie_info_idx (movie_id=mk.movie_id)
      (cost=0.811 rows=3.24) (actual time=0.005..0.00795 rows=2.65 loops=1827)
    actual_rows: 2.65
    estimated_rows: 3.24
    q_error: 1.2226415094339624

- query: SELECT * FROM title t,movie_info mi WHERE t.id=mi.movie_id AND t.production_year>1998
    AND mi.info_type_id>103
  qep:
  - node: Nested loop inner join (cost=456341 rows=190123) (actual time=8.59..1351
      rows=363871 loops=1)
    actual_rows: 363871.0
    estimated_rows: 190123.0
    q_error: 1.9138715463147542
  - node: 'Index range scan on mi using info_type_id_movie_info over (103 < info_type_id),
      with index condition: (mi.info_type_id > 103) (cost=256692 rows=570426) (actual
      time=0.0195..818 rows=465636 loops=1)'
    actual_rows: 465636.0
    estimated_rows: 570426.0
    q_error: 1.2250470324459448
  - node: 'Filter: (t.production_year > 1998) (cost=0.25 rows=0.333) (actual time=959e-6..0.00101
      rows=0.781 loops=465636)'
    actual_rows: 0.781
    estimated_rows: 0.333
    q_error: 2.3453453453453452
  - node: Single-row index lookup on t using PRIMARY (id=mi.movie_id) (cost=0.25 rows=1)
      (actual time=830e-6..852e-6 rows=1 loops=465636)
    actual_rows: 1.0
    estimated_rows: 1.0
    q_error: 1.0

- query: SELECT * FROM title t,movie_companies mc,cast_info ci,movie_keyword mk WHERE
    t.id=mc.movie_id AND t.id=ci.movie_id AND t.id=mk.movie_id AND mc.company_id>2561
    AND ci.person_id>607862 AND ci.role_id<2 AND mk.keyword_id<1724
  qep:
  - node: Nested loop inner join (cost=21.6e+6 rows=13.1e+6) (actual time=0.739..273965
      rows=108e+6 loops=1)
    actual_rows: 108000000.0
    estimated_rows: 13100000.0
    q_error: 8.244274809160306
  - node: Nested loop inner join (cost=12.5e+6 rows=8.08e+6) (actual time=0.73..91764
      rows=13.7e+6 loops=1)
    actual_rows: 13700000.0
    estimated_rows: 8080000.0
    q_error: 1.6955445544554455
  - node: Nested loop inner join (cost=1.15e+6 rows=2.09e+6) (actual time=0.684..2246
      rows=1.31e+6 loops=1)
    actual_rows: 1310000.0
    estimated_rows: 2090000.0
    q_error: 1.5954198473282444
  - node: 'Filter: (mk.keyword_id < 1724) (cost=420275 rows=2.09e+6) (actual time=0.673..1197
      rows=1.31e+6 loops=1)'
    actual_rows: 1310000.0
    estimated_rows: 2090000.0
    q_error: 1.5954198473282444
  - node: Table scan on mk (cost=420275 rows=4.18e+6) (actual time=0.672..952 rows=4.52e+6
      loops=1)
    actual_rows: 4520000.0
    estimated_rows: 4180000.0
    q_error: 1.0813397129186604
  - node: Single-row index lookup on t using PRIMARY (id=mk.movie_id) (cost=0.25 rows=1)
      (actual time=630e-6..653e-6 rows=1 loops=1.31e+6)
    actual_rows: 1.0
    estimated_rows: 1.0
    q_error: 1.0
  - node: 'Filter: ((ci.person_id > 607862) and (ci.role_id < 2)) (cost=3.87 rows=3.87)
      (actual time=0.0127..0.0676 rows=10.4 loops=1.31e+6)'
    actual_rows: 10.4
    estimated_rows: 3.87
    q_error: 2.6873385012919897
  - node: Index lookup on ci using movie_id_cast_info (movie_id=mk.movie_id) (cost=3.87
      rows=15.5) (actual time=0.00252..0.0636 rows=44.2 loops=1.31e+6)
    actual_rows: 44.2
    estimated_rows: 15.5
    q_error: 2.851612903225807
  - node: 'Filter: (mc.company_id > 2561) (cost=0.811 rows=1.62) (actual time=0.00239..0.0129
      rows=7.89 loops=13.7e+6)'
    actual_rows: 7.89
    estimated_rows: 1.62
    q_error: 4.87037037037037
  - node: Index lookup on mc using movie_id_movie_companies (movie_id=mk.movie_id)
      (cost=0.811 rows=3.24) (actual time=0.0014..0.0119 rows=11.9 loops=13.7e+6)
    actual_rows: 11.9
    estimated_rows: 3.24
    q_error: 3.6728395061728394

- query: SELECT * FROM title t,cast_info ci,movie_info mi,movie_keyword mk WHERE t.id=ci.movie_id
    AND t.id=mi.movie_id AND t.id=mk.movie_id AND ci.role_id<4 AND mi.info_type_id>4
  qep:
  - node: Nested loop inner join (cost=70.5e+6 rows=86.9e+6) (actual time=0.83..29.4e+6
      rows=12.3e+9 loops=1)
    actual_rows: 12300000000.0
    estimated_rows: 86900000.0
    q_error: 141.54200230149598
  - node: Nested loop inner join (cost=9.74e+6 rows=11.2e+6) (actual time=0.745..523433
      rows=212e+6 loops=1)
    actual_rows: 212000000.0
    estimated_rows: 11200000.0
    q_error: 18.928571428571427
  - node: Nested loop inner join (cost=1.88e+6 rows=4.18e+6) (actual time=0.733..12578
      rows=4.52e+6 loops=1)
    actual_rows: 4520000.0
    estimated_rows: 4180000.0
    q_error: 1.0813397129186604
  - node: Table scan on mk (cost=420275 rows=4.18e+6) (actual time=0.719..3326 rows=4.52e+6
      loops=1)
    actual_rows: 4520000.0
    estimated_rows: 4180000.0
    q_error: 1.0813397129186604
  - node: Single-row index lookup on t using PRIMARY (id=mk.movie_id) (cost=0.25 rows=1)
      (actual time=0.00178..0.00181 rows=1 loops=4.52e+6)
    actual_rows: 1.0
    estimated_rows: 1.0
    q_error: 1.0
  - node: 'Filter: (mi.info_type_id > 4) (cost=1.34 rows=2.69) (actual time=0.00491..0.11
      rows=47 loops=4.52e+6)'
    actual_rows: 47.0
    estimated_rows: 2.69
    q_error: 17.472118959107807
  - node: Index lookup on mi using movie_id_movie_info (movie_id=mk.movie_id) (cost=1.34
      rows=5.37) (actual time=0.0045..0.106 rows=52 loops=4.52e+6)
    actual_rows: 52.0
    estimated_rows: 5.37
    q_error: 9.683426443202979
  - node: 'Filter: (ci.role_id < 4) (cost=3.87 rows=7.73) (actual time=0.00192..0.133
      rows=58 loops=212e+6)'
    actual_rows: 58.0
    estimated_rows: 7.73
    q_error: 7.503234152652005
  - node: Index lookup on ci using movie_id_cast_info (movie_id=mk.movie_id) (cost=3.87
      rows=15.5) (actual time=0.00169..0.126 rows=114 loops=212e+6)
    actual_rows: 114.0
    estimated_rows: 15.5
    q_error: 7.354838709677419

- query: SELECT * FROM title t,cast_info ci,movie_info mi WHERE t.id=ci.movie_id AND
    t.id=mi.movie_id AND ci.person_id>2861977 AND ci.role_id=8
  qep:
  - node: Nested loop inner join (cost=4.13e+6 rows=9.31e+6) (actual time=1.29..79396
      rows=3.93e+6 loops=1)
    actual_rows: 3930000.0
    estimated_rows: 9310000.0
    q_error: 2.3689567430025447
  - node: Nested loop inner join (cost=872037 rows=1.73e+6) (actual time=0.383..28994
      rows=637488 loops=1)
    actual_rows: 637488.0
    estimated_rows: 1730000.0
    q_error: 2.713776573049218
  - node: 'Filter: (ci.person_id > 2861977) (cost=265727 rows=1.73e+6) (actual time=0.292..10224
      rows=637488 loops=1)'
    actual_rows: 637488.0
    estimated_rows: 1730000.0
    q_error: 2.713776573049218
  - node: Index lookup on ci using role_id_cast_info (role_id=8) (cost=265727 rows=3.73e+6)
      (actual time=0.268..10044 rows=1.7e+6 loops=1)
    actual_rows: 1700000.0
    estimated_rows: 3730000.0
    q_error: 2.1941176470588237
  - node: Single-row index lookup on t using PRIMARY (id=ci.movie_id) (cost=0.25 rows=1)
      (actual time=0.0292..0.0293 rows=1 loops=637488)
    actual_rows: 1.0
    estimated_rows: 1.0
    q_error: 1.0
  - node: Index lookup on mi using movie_id_movie_info (movie_id=ci.movie_id) (cost=1.34
      rows=5.37) (actual time=0.033..0.0785 rows=6.16 loops=637488)
    actual_rows: 6.16
    estimated_rows: 5.37
    q_error: 1.1471135940409682

- query: SELECT * FROM title t,cast_info ci,movie_info_idx mi_idx,movie_keyword mk
    WHERE t.id=ci.movie_id AND t.id=mi_idx.movie_id AND t.id=mk.movie_id AND ci.person_id<1855596
    AND mk.keyword_id>7024
  qep:
  - node: Nested loop inner join (cost=30.8e+6 rows=52.4e+6) (actual time=11.7..374433
      rows=140e+6 loops=1)
    actual_rows: 140000000.0
    estimated_rows: 52400000.0
    q_error: 2.6717557251908395
  - node: Nested loop inner join (cost=12.5e+6 rows=16.2e+6) (actual time=7.84..172291
      rows=49.5e+6 loops=1)
    actual_rows: 49500000.0
    estimated_rows: 16200000.0
    q_error: 3.0555555555555554
  - node: Nested loop inner join (cost=1.15e+6 rows=2.09e+6) (actual time=6.88..4263
      rows=1.92e+6 loops=1)
    actual_rows: 1920000.0
    estimated_rows: 2090000.0
    q_error: 1.0885416666666667
  - node: 'Filter: (mk.keyword_id > 7024) (cost=420275 rows=2.09e+6) (actual time=6.86..2496
      rows=1.92e+6 loops=1)'
    actual_rows: 1920000.0
    estimated_rows: 2090000.0
    q_error: 1.0885416666666667
  - node: Table scan on mk (cost=420275 rows=4.18e+6) (actual time=2.35..2175 rows=4.52e+6
      loops=1)
    actual_rows: 4520000.0
    estimated_rows: 4180000.0
    q_error: 1.0813397129186604
  - node: Single-row index lookup on t using PRIMARY (id=mk.movie_id) (cost=0.25 rows=1)
      (actual time=748e-6..772e-6 rows=1 loops=1.92e+6)
    actual_rows: 1.0
    estimated_rows: 1.0
    q_error: 1.0
  - node: 'Filter: (ci.person_id < 1855596) (cost=3.87 rows=7.73) (actual time=0.00796..0.0861
      rows=25.8 loops=1.92e+6)'
    actual_rows: 25.8
    estimated_rows: 7.73
    q_error: 3.3376455368693403
  - node: Index lookup on ci using movie_id_cast_info (movie_id=mk.movie_id) (cost=3.87
      rows=15.5) (actual time=0.00736..0.0824 rows=48.4 loops=1.92e+6)
    actual_rows: 48.4
    estimated_rows: 15.5
    q_error: 3.1225806451612903
  - node: Index lookup on mi_idx using movie_id_movie_info_idx (movie_id=mk.movie_id)
      (cost=0.811 rows=3.24) (actual time=0.00154..0.00383 rows=2.84 loops=49.5e+6)
    actual_rows: 2.84
    estimated_rows: 3.24
    q_error: 1.1408450704225352

- query: SELECT * FROM cast_info ci WHERE ci.role_id<8
  qep:
  - node: 'Filter: (ci.role_id < 8) (cost=3.51e+6 rows=17.4e+6) (actual time=0.0378..25752
      rows=28.8e+6 loops=1)'
    actual_rows: 28800000.0
    estimated_rows: 17400000.0
    q_error: 1.6551724137931034
  - node: Table scan on ci (cost=3.51e+6 rows=34.8e+6) (actual time=0.0365..23691
      rows=36.2e+6 loops=1)
    actual_rows: 36200000.0
    estimated_rows: 34800000.0
    q_error: 1.0402298850574712

- query: SELECT * FROM title t,movie_companies mc,movie_info_idx mi_idx,movie_keyword
    mk WHERE t.id=mc.movie_id AND t.id=mi_idx.movie_id AND t.id=mk.movie_id AND mc.company_type_id<2
    AND mi_idx.info_type_id>99 AND mk.keyword_id>845
  qep:
  - node: Nested loop inner join (cost=5.23e+6 rows=5.94e+6) (actual time=136..64438
      rows=44.2e+6 loops=1)
    actual_rows: 44200000.0
    estimated_rows: 5940000.0
    q_error: 7.441077441077441
  - node: Nested loop inner join (cost=1.07e+6 rows=1.03e+6) (actual time=1.12..9543
      rows=1.55e+6 loops=1)
    actual_rows: 1550000.0
    estimated_rows: 1030000.0
    q_error: 1.5048543689320388
  - node: Nested loop inner join (cost=349801 rows=634560) (actual time=0.442..2258
      rows=920110 loops=1)
    actual_rows: 920110.0
    estimated_rows: 634560.0
    q_error: 1.4499968482097831
  - node: 'Filter: (mi_idx.info_type_id > 99) (cost=127705 rows=634560) (actual time=0.422..962
      rows=920110 loops=1)'
    actual_rows: 920110.0
    estimated_rows: 634560.0
    q_error: 1.4499968482097831
  - node: Table scan on mi_idx (cost=127705 rows=1.27e+6) (actual time=0.417..848
      rows=1.38e+6 loops=1)
    actual_rows: 1380000.0
    estimated_rows: 1270000.0
    q_error: 1.0866141732283465
  - node: Single-row index lookup on t using PRIMARY (id=mi_idx.movie_id) (cost=0.25
      rows=1) (actual time=0.00125..0.00128 rows=1 loops=920110)
    actual_rows: 1.0
    estimated_rows: 1.0
    q_error: 1.0
  - node: 'Filter: (mc.company_type_id < 2) (cost=0.811 rows=1.62) (actual time=0.00379..0.00775
      rows=1.68 loops=920110)'
    actual_rows: 1.68
    estimated_rows: 1.62
    q_error: 1.037037037037037
  - node: Index lookup on mc using movie_id_movie_companies (movie_id=mi_idx.movie_id)
      (cost=0.811 rows=3.24) (actual time=0.00346..0.00742 rows=2.95 loops=920110)
    actual_rows: 2.95
    estimated_rows: 3.24
    q_error: 1.0983050847457627
  - node: 'Filter: (mk.keyword_id > 845) (cost=2.88 rows=5.77) (actual time=0.00884..0.034
      rows=28.6 loops=1.55e+6)'
    actual_rows: 28.6
    estimated_rows: 5.77
    q_error: 4.956672443674178
  - node: Index lookup on mk using movie_id_movie_keyword (movie_id=mi_idx.movie_id)
      (cost=2.88 rows=11.5) (actual time=0.00863..0.032 rows=33.8 loops=1.55e+6)
    actual_rows: 33.8
    estimated_rows: 11.5
    q_error: 2.9391304347826086

- query: SELECT * FROM title t,cast_info ci,movie_info mi,movie_info_idx mi_idx WHERE
    t.id=ci.movie_id AND t.id=mi.movie_id AND t.id=mi_idx.movie_id AND mi.info_type_id=6
    AND mi_idx.info_type_id>99
  qep:
  - node: Nested loop inner join (cost=2.51e+6 rows=3.2e+6) (actual time=0.0989..63453
      rows=15.4e+6 loops=1)
    actual_rows: 15400000.0
    estimated_rows: 3200000.0
    q_error: 4.8125
  - node: Nested loop inner join (cost=1.39e+6 rows=206970) (actual time=0.0573..31847
      rows=398083 loops=1)
    actual_rows: 398083.0
    estimated_rows: 206970.0
    q_error: 1.9233850316470986
  - node: Nested loop inner join (cost=1.32e+6 rows=206970) (actual time=0.0511..31324
      rows=398083 loops=1)
    actual_rows: 398083.0
    estimated_rows: 206970.0
    q_error: 1.9233850316470986
  - node: 'Filter: (mi_idx.info_type_id > 99) (cost=127705 rows=634560) (actual time=0.0151..1004
      rows=920110 loops=1)'
    actual_rows: 920110.0
    estimated_rows: 634560.0
    q_error: 1.4499968482097831
  - node: Table scan on mi_idx (cost=127705 rows=1.27e+6) (actual time=0.012..877
      rows=1.38e+6 loops=1)
    actual_rows: 1380000.0
    estimated_rows: 1270000.0
    q_error: 1.0866141732283465
  - node: 'Filter: (mi.info_type_id = 6) (cost=1.34 rows=0.326) (actual time=0.0278..0.0328
      rows=0.433 loops=920110)'
    actual_rows: 0.433
    estimated_rows: 0.326
    q_error: 1.3282208588957054
  - node: Index lookup on mi using movie_id_movie_info (movie_id=mi_idx.movie_id)
      (cost=1.34 rows=5.37) (actual time=0.00401..0.0316 rows=15.2 loops=920110)
    actual_rows: 15.2
    estimated_rows: 5.37
    q_error: 2.8305400372439475
  - node: Single-row index lookup on t using PRIMARY (id=mi_idx.movie_id) (cost=0.25
      rows=1) (actual time=0.0011..0.00113 rows=1 loops=398083)
    actual_rows: 1.0
    estimated_rows: 1.0
    q_error: 1.0
  - node: Index lookup on ci using movie_id_cast_info (movie_id=mi_idx.movie_id) (cost=3.87
      rows=15.5) (actual time=0.00437..0.0773 rows=38.6 loops=398083)
    actual_rows: 38.6
    estimated_rows: 15.5
    q_error: 2.490322580645161

- query: SELECT * FROM title t,cast_info ci,movie_info_idx mi_idx WHERE t.id=ci.movie_id
    AND t.id=mi_idx.movie_id AND ci.person_id<3157904 AND mi_idx.info_type_id=99
  qep:
  - node: Nested loop inner join (cost=3.72e+6 rows=4.91e+6) (actual time=0.0463..40869
      rows=11.5e+6 loops=1)
    actual_rows: 11500000.0
    estimated_rows: 4910000.0
    q_error: 2.3421588594704685
  - node: Nested loop inner join (cost=287932 rows=634560) (actual time=0.029..1796
      rows=459925 loops=1)
    actual_rows: 459925.0
    estimated_rows: 634560.0
    q_error: 1.3797032124802957
  - node: Index lookup on mi_idx using info_type_id_movie_info_idx (info_type_id=99)
      (cost=65836 rows=634560) (actual time=0.0203..892 rows=459925 loops=1)
    actual_rows: 459925.0
    estimated_rows: 634560.0
    q_error: 1.3797032124802957
  - node: Single-row index lookup on t using PRIMARY (id=mi_idx.movie_id) (cost=0.25
      rows=1) (actual time=0.00178..0.0018 rows=1 loops=459925)
    actual_rows: 1.0
    estimated_rows: 1.0
    q_error: 1.0
  - node: 'Filter: (ci.person_id < 3157904) (cost=3.87 rows=7.73) (actual time=0.0062..0.0835
      rows=24.9 loops=459925)'
    actual_rows: 24.9
    estimated_rows: 7.73
    q_error: 3.221216041397154
  - node: Index lookup on ci using movie_id_cast_info (movie_id=mi_idx.movie_id) (cost=3.87
      rows=15.5) (actual time=0.00601..0.081 rows=29.6 loops=459925)
    actual_rows: 29.6
    estimated_rows: 15.5
    q_error: 1.9096774193548387

- query: SELECT * FROM title t,movie_companies mc,cast_info ci,movie_info_idx mi_idx,movie_keyword
    mk WHERE t.id=mc.movie_id AND t.id=ci.movie_id AND t.id=mi_idx.movie_id AND t.id=mk.movie_id
    AND mc.company_type_id=1 AND mi_idx.info_type_id<101 AND mk.keyword_id=74852
  qep:
  - node: Nested loop inner join (cost=251 rows=569) (actual time=0.113..27.8 rows=27378
      loops=1)
    actual_rows: 27378.0
    estimated_rows: 569.0
    q_error: 48.115992970123024
  - node: Nested loop inner join (cost=51.5 rows=36.8) (actual time=0.103..0.975 rows=260
      loops=1)
    actual_rows: 260.0
    estimated_rows: 36.8
    q_error: 7.065217391304349
  - node: Nested loop inner join (cost=25.7 rows=22.7) (actual time=0.0935..0.309
      rows=26 loops=1)
    actual_rows: 26.0
    estimated_rows: 22.7
    q_error: 1.145374449339207
  - node: Nested loop inner join (cost=9.8 rows=14) (actual time=0.083..0.137 rows=14
      loops=1)
    actual_rows: 14.0
    estimated_rows: 14.0
    q_error: 1.0
  - node: Index lookup on mk using keyword_id_movie_keyword (keyword_id=74852) (cost=4.9
      rows=14) (actual time=0.0733..0.0781 rows=14 loops=1)
    actual_rows: 14.0
    estimated_rows: 14.0
    q_error: 1.0
  - node: Single-row index lookup on t using PRIMARY (id=mk.movie_id) (cost=0.257
      rows=1) (actual time=0.00393..0.00397 rows=1 loops=14)
    actual_rows: 1.0
    estimated_rows: 1.0
    q_error: 1.0
  - node: 'Filter: (mi_idx.info_type_id < 101) (cost=0.822 rows=1.62) (actual time=0.00796..0.012
      rows=1.86 loops=14)'
    actual_rows: 1.86
    estimated_rows: 1.62
    q_error: 1.1481481481481481
  - node: Index lookup on mi_idx using movie_id_movie_info_idx (movie_id=mk.movie_id)
      (cost=0.822 rows=3.24) (actual time=0.0078..0.0116 rows=2.86 loops=14)
    actual_rows: 2.86
    estimated_rows: 3.24
    q_error: 1.132867132867133
  - node: 'Filter: (mc.company_type_id = 1) (cost=0.818 rows=1.62) (actual time=0.00488..0.025
      rows=10 loops=26)'
    actual_rows: 10.0
    estimated_rows: 1.62
    q_error: 6.172839506172839
  - node: Index lookup on mc using movie_id_movie_companies (movie_id=mk.movie_id)
      (cost=0.818 rows=3.24) (actual time=0.00426..0.0232 rows=14.5 loops=26)
    actual_rows: 14.5
    estimated_rows: 3.24
    q_error: 4.4753086419753085
  - node: Index lookup on ci using movie_id_cast_info (movie_id=mk.movie_id) (cost=3.91
      rows=15.5) (actual time=0.00142..0.0993 rows=105 loops=260)
    actual_rows: 105.0
    estimated_rows: 15.5
    q_error: 6.774193548387097

- query: SELECT * FROM title t,movie_keyword mk WHERE t.id=mk.movie_id AND t.kind_id<7
    AND mk.keyword_id>7677
  qep:
  - node: Nested loop inner join (cost=1.15e+6 rows=1.05e+6) (actual time=4.13..2189
      rows=1.53e+6 loops=1)
    actual_rows: 1530000.0
    estimated_rows: 1050000.0
    q_error: 1.457142857142857
  - node: 'Filter: (mk.keyword_id > 7677) (cost=420275 rows=2.09e+6) (actual time=4.07..1133
      rows=1.81e+6 loops=1)'
    actual_rows: 1810000.0
    estimated_rows: 2090000.0
    q_error: 1.1546961325966851
  - node: Table scan on mk (cost=420275 rows=4.18e+6) (actual time=0.737..912 rows=4.52e+6
      loops=1)
    actual_rows: 4520000.0
    estimated_rows: 4180000.0
    q_error: 1.0813397129186604
  - node: 'Filter: (t.kind_id < 7) (cost=0.25 rows=0.5) (actual time=418e-6..472e-6
      rows=0.845 loops=1.81e+6)'
    actual_rows: 0.845
    estimated_rows: 0.5
    q_error: 1.69
  - node: Single-row index lookup on t using PRIMARY (id=mk.movie_id) (cost=0.25 rows=1)
      (actual time=308e-6..330e-6 rows=1 loops=1.81e+6)
    actual_rows: 1.0
    estimated_rows: 1.0
    q_error: 1.0

- query: SELECT * FROM title t,movie_companies mc,cast_info ci,movie_info_idx mi_idx,movie_keyword
    mk WHERE t.id=mc.movie_id AND t.id=ci.movie_id AND t.id=mi_idx.movie_id AND t.id=mk.movie_id
    AND t.kind_id<7
  qep:
  - node: Nested loop inner join (cost=131e+6 rows=340e+6) (actual time=1.04..11.4e+6
      rows=9.2e+9 loops=1)
    actual_rows: 9200000000.0
    estimated_rows: 340000000.0
    q_error: 27.058823529411764
  - node: Nested loop inner join (cost=12e+6 rows=22e+6) (actual time=1.04..191001
      rows=96.9e+6 loops=1)
    actual_rows: 96900000.0
    estimated_rows: 22000000.0
    q_error: 4.404545454545454
  - node: Nested loop inner join (cost=4.26e+6 rows=6.78e+6) (actual time=1.02..38636
      rows=9.32e+6 loops=1)
    actual_rows: 9320000.0
    estimated_rows: 6780000.0
    q_error: 1.3746312684365782
  - node: Nested loop inner join (cost=1.88e+6 rows=2.09e+6) (actual time=0.671..11431
      rows=3.88e+6 loops=1)
    actual_rows: 3880000.0
    estimated_rows: 2090000.0
    q_error: 1.8564593301435406
  - node: Table scan on mk (cost=420275 rows=4.18e+6) (actual time=0.66..2655 rows=4.52e+6
      loops=1)
    actual_rows: 4520000.0
    estimated_rows: 4180000.0
    q_error: 1.0813397129186604
  - node: 'Filter: (t.kind_id < 7) (cost=0.25 rows=0.5) (actual time=0.00155..0.00167
      rows=0.857 loops=4.52e+6)'
    actual_rows: 0.857
    estimated_rows: 0.5
    q_error: 1.714
  - node: Single-row index lookup on t using PRIMARY (id=mk.movie_id) (cost=0.25 rows=1)
      (actual time=0.00116..0.00119 rows=1 loops=4.52e+6)
    actual_rows: 1.0
    estimated_rows: 1.0
    q_error: 1.0
  - node: Index lookup on mi_idx using movie_id_movie_info_idx (movie_id=mk.movie_id)
      (cost=0.811 rows=3.24) (actual time=0.00343..0.00679 rows=2.4 loops=3.88e+6)
    actual_rows: 2.4
    estimated_rows: 3.24
    q_error: 1.35
  - node: Index lookup on mc using movie_id_movie_companies (movie_id=mk.movie_id)
      (cost=0.811 rows=3.24) (actual time=0.00235..0.0157 rows=10.4 loops=9.32e+6)
    actual_rows: 10.4
    estimated_rows: 3.24
    q_error: 3.2098765432098766
  - node: Index lookup on ci using movie_id_cast_info (movie_id=mk.movie_id) (cost=3.87
      rows=15.5) (actual time=0.00172..0.111 rows=94.9 loops=96.9e+6)
    actual_rows: 94.9
    estimated_rows: 15.5
    q_error: 6.122580645161291

- query: SELECT * FROM title t,movie_companies mc,cast_info ci,movie_keyword mk WHERE
    t.id=mc.movie_id AND t.id=ci.movie_id AND t.id=mk.movie_id AND t.production_year<2005
    AND ci.person_id<2537845 AND ci.role_id=1 AND mk.keyword_id=7633
  qep:
  - node: Nested loop inner join (cost=9415 rows=9920) (actual time=223..2536 rows=717716
      loops=1)
    actual_rows: 717716.0
    estimated_rows: 9920.0
    q_error: 72.35040322580645
  - node: Nested loop inner join (cost=5943 rows=3058) (actual time=222..1522 rows=46231
      loops=1)
    actual_rows: 46231.0
    estimated_rows: 3058.0
    q_error: 15.118051013734467
  - node: Nested loop inner join (cost=1661 rows=791) (actual time=220..949 rows=1739
      loops=1)
    actual_rows: 1739.0
    estimated_rows: 791.0
    q_error: 2.1984829329962072
  - node: Index lookup on mk using keyword_id_movie_keyword (keyword_id=7633) (cost=831
      rows=2373) (actual time=218..818 rows=2373 loops=1)
    actual_rows: 2373.0
    estimated_rows: 2373.0
    q_error: 1.0
  - node: 'Filter: (t.production_year < 2005) (cost=0.25 rows=0.333) (actual time=0.0551..0.0552
      rows=0.733 loops=2373)'
    actual_rows: 0.733
    estimated_rows: 0.333
    q_error: 2.201201201201201
  - node: Single-row index lookup on t using PRIMARY (id=mk.movie_id) (cost=0.25 rows=1)
      (actual time=0.0547..0.0548 rows=1 loops=2373)
    actual_rows: 1.0
    estimated_rows: 1.0
    q_error: 1.0
  - node: 'Filter: ((ci.role_id = 1) and (ci.person_id < 2537845)) (cost=3.87 rows=3.87)
      (actual time=0.0747..0.327 rows=26.6 loops=1739)'
    actual_rows: 26.6
    estimated_rows: 3.87
    q_error: 6.873385012919897
  - node: Index lookup on ci using movie_id_cast_info (movie_id=mk.movie_id) (cost=3.87
      rows=15.5) (actual time=0.0714..0.319 rows=63.4 loops=1739)
    actual_rows: 63.4
    estimated_rows: 15.5
    q_error: 4.090322580645161
  - node: Index lookup on mc using movie_id_movie_companies (movie_id=mk.movie_id)
      (cost=0.811 rows=3.24) (actual time=0.00424..0.0211 rows=15.5 loops=46231)
    actual_rows: 15.5
    estimated_rows: 3.24
    q_error: 4.78395061728395

- query: SELECT * FROM title t WHERE t.kind_id>4 AND t.production_year<2005
  qep:
  - node: 'Filter: ((t.kind_id > 4) and (t.production_year < 2005)) (cost=266255 rows=433502)
      (actual time=0.592..5718 rows=747613 loops=1)'
    actual_rows: 747613.0
    estimated_rows: 433502.0
    q_error: 1.7245895059307685
  - node: Table scan on t (cost=266255 rows=2.6e+6) (actual time=0.539..5474 rows=2.53e+6
      loops=1)
    actual_rows: 2530000.0
    estimated_rows: 2600000.0
    q_error: 1.0276679841897234

- query: SELECT * FROM title t,movie_info mi,movie_keyword mk WHERE t.id=mi.movie_id
    AND t.id=mk.movie_id AND mi.info_type_id>15
  qep:
  - node: Nested loop inner join (cost=9.74e+6 rows=11.2e+6) (actual time=8.75..311901
      rows=122e+6 loops=1)
    actual_rows: 122000000.0
    estimated_rows: 11200000.0
    q_error: 10.892857142857142
  - node: Nested loop inner join (cost=1.88e+6 rows=4.18e+6) (actual time=1.94..4249
      rows=4.52e+6 loops=1)
    actual_rows: 4520000.0
    estimated_rows: 4180000.0
    q_error: 1.0813397129186604
  - node: Table scan on mk (cost=420275 rows=4.18e+6) (actual time=1.92..1559 rows=4.52e+6
      loops=1)
    actual_rows: 4520000.0
    estimated_rows: 4180000.0
    q_error: 1.0813397129186604
  - node: Single-row index lookup on t using PRIMARY (id=mk.movie_id) (cost=0.25 rows=1)
      (actual time=429e-6..452e-6 rows=1 loops=4.52e+6)
    actual_rows: 1.0
    estimated_rows: 1.0
    q_error: 1.0
  - node: 'Filter: (mi.info_type_id > 15) (cost=1.34 rows=2.69) (actual time=0.0198..0.0667
      rows=26.9 loops=4.52e+6)'
    actual_rows: 26.9
    estimated_rows: 2.69
    q_error: 10.0
  - node: Index lookup on mi using movie_id_movie_info (movie_id=mk.movie_id) (cost=1.34
      rows=5.37) (actual time=0.00441..0.0632 rows=52 loops=4.52e+6)
    actual_rows: 52.0
    estimated_rows: 5.37
    q_error: 9.683426443202979

- query: SELECT * FROM movie_companies mc WHERE mc.company_id<241
  qep:
  - node: 'Filter: (mc.company_id < 241) (cost=262291 rows=806154) (actual time=0.0348..2214
      rows=396930 loops=1)'
    actual_rows: 396930.0
    estimated_rows: 806154.0
    q_error: 2.0309727155921697
  - node: Table scan on mc (cost=262291 rows=2.6e+6) (actual time=0.0338..2053 rows=2.61e+6
      loops=1)
    actual_rows: 2610000.0
    estimated_rows: 2600000.0
    q_error: 1.0038461538461538

- query: SELECT * FROM title t,movie_companies mc,cast_info ci,movie_info mi,movie_info_idx
    mi_idx WHERE t.id=mc.movie_id AND t.id=ci.movie_id AND t.id=mi.movie_id AND t.id=mi_idx.movie_id
    AND t.kind_id=1 AND ci.person_id>813072 AND ci.role_id=1 AND mi_idx.info_type_id=99
  qep:
  - node: Nested loop inner join (cost=10.9e+6 rows=21.4e+6) (actual time=941..1.01e+6
      rows=885e+6 loops=1)
    actual_rows: 885000000.0
    estimated_rows: 21400000.0
    q_error: 41.35514018691589
  - node: Nested loop inner join (cost=3.4e+6 rows=3.98e+6) (actual time=941..43141
      rows=8.09e+6 loops=1)
    actual_rows: 8090000.0
    estimated_rows: 3980000.0
    q_error: 2.0326633165829144
  - node: Nested loop inner join (cost=2.01e+6 rows=1.23e+6) (actual time=941..29022
      rows=1.31e+6 loops=1)
    actual_rows: 1310000.0
    estimated_rows: 1230000.0
    q_error: 1.065040650406504
  - node: Nested loop inner join (cost=287932 rows=317280) (actual time=940..2491
      rows=209880 loops=1)
    actual_rows: 209880.0
    estimated_rows: 317280.0
    q_error: 1.5117209834190966
  - node: Index lookup on mi_idx using info_type_id_movie_info_idx (info_type_id=99)
      (cost=65836 rows=634560) (actual time=0.266..1335 rows=459925 loops=1)
    actual_rows: 459925.0
    estimated_rows: 634560.0
    q_error: 1.3797032124802957
  - node: 'Filter: (t.kind_id = 1) (cost=0.25 rows=0.5) (actual time=0.00232..0.00236
      rows=0.456 loops=459925)'
    actual_rows: 0.456
    estimated_rows: 0.5
    q_error: 1.0964912280701753
  - node: Single-row index lookup on t using PRIMARY (id=mi_idx.movie_id) (cost=0.25
      rows=1) (actual time=0.00211..0.00214 rows=1 loops=459925)
    actual_rows: 1.0
    estimated_rows: 1.0
    q_error: 1.0
  - node: 'Filter: ((ci.role_id = 1) and (ci.person_id > 813072)) (cost=3.87 rows=3.87)
      (actual time=0.0378..0.126 rows=6.22 loops=209880)'
    actual_rows: 6.22
    estimated_rows: 3.87
    q_error: 1.6072351421188629
  - node: Index lookup on ci using movie_id_cast_info (movie_id=mi_idx.movie_id) (cost=3.87
      rows=15.5) (actual time=0.0125..0.122 rows=29.6 loops=209880)
    actual_rows: 29.6
    estimated_rows: 15.5
    q_error: 1.9096774193548387
  - node: Index lookup on mc using movie_id_movie_companies (movie_id=mi_idx.movie_id)
      (cost=0.811 rows=3.24) (actual time=0.00351..0.0104 rows=6.2 loops=1.31e+6)
    actual_rows: 6.2
    estimated_rows: 3.24
    q_error: 1.91358024691358
  - node: Index lookup on mi using movie_id_movie_info (movie_id=mi_idx.movie_id)
      (cost=1.34 rows=5.37) (actual time=0.00159..0.115 rows=109 loops=8.09e+6)
    actual_rows: 109.0
    estimated_rows: 5.37
    q_error: 20.297951582867782

- query: SELECT * FROM cast_info ci WHERE ci.person_id=3374181 AND ci.role_id>2
  qep:
  - node: 'Filter: (ci.role_id > 2) (cost=0.3 rows=0.5) (actual time=0.034..0.0366
      rows=1 loops=1)'
    actual_rows: 1.0
    estimated_rows: 0.5
    q_error: 2.0
  - node: Index lookup on ci using person_id_cast_info (person_id=3374181) (cost=0.3
      rows=1) (actual time=0.0326..0.0352 rows=1 loops=1)
    actual_rows: 1.0
    estimated_rows: 1.0
    q_error: 1.0

- query: SELECT * FROM title t,movie_companies mc,movie_keyword mk WHERE t.id=mc.movie_id
    AND t.id=mk.movie_id AND mk.keyword_id=39091
  qep:
  - node: Nested loop inner join (cost=14.7 rows=25.9) (actual time=4.45..4.52 rows=28
      loops=1)
    actual_rows: 28.0
    estimated_rows: 25.9
    q_error: 1.0810810810810811
  - node: Nested loop inner join (cost=5.6 rows=8) (actual time=4.06..4.09 rows=8
      loops=1)
    actual_rows: 8.0
    estimated_rows: 8.0
    q_error: 1.0
  - node: Index lookup on mk using keyword_id_movie_keyword (keyword_id=39091) (cost=2.8
      rows=8) (actual time=4.05..4.05 rows=8 loops=1)
    actual_rows: 8.0
    estimated_rows: 8.0
    q_error: 1.0
  - node: Single-row index lookup on t using PRIMARY (id=mk.movie_id) (cost=0.263
      rows=1) (actual time=0.00405..0.0041 rows=1 loops=8)
    actual_rows: 1.0
    estimated_rows: 1.0
    q_error: 1.0
  - node: Index lookup on mc using movie_id_movie_companies (movie_id=mk.movie_id)
      (cost=0.851 rows=3.24) (actual time=0.0493..0.0532 rows=3.5 loops=8)
    actual_rows: 3.5
    estimated_rows: 3.24
    q_error: 1.0802469135802468

- query: SELECT * FROM cast_info ci WHERE ci.person_id>820744 AND ci.role_id<9
  qep:
  - node: 'Filter: ((ci.person_id > 820744) and (ci.role_id < 9)) (cost=3.51e+6 rows=8.7e+6)
      (actual time=5199..28908 rows=22.6e+6 loops=1)'
    actual_rows: 22600000.0
    estimated_rows: 8700000.0
    q_error: 2.5977011494252875
  - node: Table scan on ci (cost=3.51e+6 rows=34.8e+6) (actual time=0.0124..26338
      rows=36.2e+6 loops=1)
    actual_rows: 36200000.0
    estimated_rows: 34800000.0
    q_error: 1.0402298850574712

- query: SELECT * FROM title t,movie_keyword mk WHERE t.id=mk.movie_id AND t.production_year<1952
    AND mk.keyword_id=137
  qep:
  - node: Nested loop inner join (cost=22513 rows=11852) (actual time=835..1847 rows=3461
      loops=1)
    actual_rows: 3461.0
    estimated_rows: 11852.0
    q_error: 3.4244438023692574
  - node: Index lookup on mk using keyword_id_movie_keyword (keyword_id=137) (cost=10067
      rows=35560) (actual time=834..1804 rows=19528 loops=1)
    actual_rows: 19528.0
    estimated_rows: 35560.0
    q_error: 1.8209750102417042
  - node: 'Filter: (t.production_year < 1952) (cost=0.25 rows=0.333) (actual time=0.00207..0.00208
      rows=0.177 loops=19528)'
    actual_rows: 0.177
    estimated_rows: 0.333
    q_error: 1.88135593220339
  - node: Single-row index lookup on t using PRIMARY (id=mk.movie_id) (cost=0.25 rows=1)
      (actual time=0.00189..0.00192 rows=1 loops=19528)
    actual_rows: 1.0
    estimated_rows: 1.0
    q_error: 1.0

- query: SELECT * FROM movie_companies mc WHERE mc.company_id>89250
  qep:
  - node: 'Index range scan on mc using company_id_movie_companies over (89250 < company_id),
      with index condition: (mc.company_id > 89250) (cost=329408 rows=732018) (actual
      time=0.346..663 rows=340301 loops=1)'
    actual_rows: 340301.0
    estimated_rows: 732018.0
    q_error: 2.151089770526681

- query: SELECT * FROM title t,movie_info_idx mi_idx WHERE t.id=mi_idx.movie_id AND
    t.kind_id>3 AND t.production_year>2006 AND mi_idx.info_type_id=99
  qep:
  - node: Nested loop inner join (cost=287932 rows=105749) (actual time=0.04..1131
      rows=52749 loops=1)
    actual_rows: 52749.0
    estimated_rows: 105749.0
    q_error: 2.004758384045195
  - node: Index lookup on mi_idx using info_type_id_movie_info_idx (info_type_id=99)
      (cost=65836 rows=634560) (actual time=0.0148..496 rows=459925 loops=1)
    actual_rows: 459925.0
    estimated_rows: 634560.0
    q_error: 1.3797032124802957
  - node: 'Filter: ((t.kind_id > 3) and (t.production_year > 2006)) (cost=0.25 rows=0.167)
      (actual time=0.00129..0.0013 rows=0.115 loops=459925)'
    actual_rows: 0.115
    estimated_rows: 0.167
    q_error: 1.4521739130434783
  - node: Single-row index lookup on t using PRIMARY (id=mi_idx.movie_id) (cost=0.25
      rows=1) (actual time=0.00113..0.00115 rows=1 loops=459925)
    actual_rows: 1.0
    estimated_rows: 1.0
    q_error: 1.0

- query: SELECT * FROM title t,movie_companies mc,cast_info ci,movie_info_idx mi_idx
    WHERE t.id=mc.movie_id AND t.id=ci.movie_id AND t.id=mi_idx.movie_id AND t.production_year<2012
    AND mc.company_id>65820 AND mc.company_type_id>1
  qep:
  - node: Nested loop inner join (cost=2.91e+6 rows=5.31e+6) (actual time=0.638..61772
      rows=30.8e+6 loops=1)
    actual_rows: 30800000.0
    estimated_rows: 5310000.0
    q_error: 5.800376647834275
  - node: Nested loop inner join (cost=1.05e+6 rows=343007) (actual time=0.597..9795
      rows=777264 loops=1)
    actual_rows: 777264.0
    estimated_rows: 343007.0
    q_error: 2.266029556248123
  - node: Nested loop inner join (cost=571898 rows=422998) (actual time=0.299..2248
      rows=1.31e+6 loops=1)
    actual_rows: 1310000.0
    estimated_rows: 422998.0
    q_error: 3.096941356696722
  - node: Table scan on mi_idx (cost=127705 rows=1.27e+6) (actual time=0.284..906
      rows=1.38e+6 loops=1)
    actual_rows: 1380000.0
    estimated_rows: 1270000.0
    q_error: 1.0866141732283465
  - node: 'Filter: (t.production_year < 2012) (cost=0.25 rows=0.333) (actual time=776e-6..842e-6
      rows=0.95 loops=1.38e+6)'
    actual_rows: 0.95
    estimated_rows: 0.333
    q_error: 2.8528528528528527
  - node: Single-row index lookup on t using PRIMARY (id=mi_idx.movie_id) (cost=0.25
      rows=1) (actual time=636e-6..659e-6 rows=1 loops=1.38e+6)
    actual_rows: 1.0
    estimated_rows: 1.0
    q_error: 1.0
  - node: 'Filter: ((mc.company_id > 65820) and (mc.company_type_id > 1)) (cost=0.811
      rows=0.811) (actual time=0.0049..0.00564 rows=0.593 loops=1.31e+6)'
    actual_rows: 0.593
    estimated_rows: 0.811
    q_error: 1.367622259696459
  - node: Index lookup on mc using movie_id_movie_companies (movie_id=mi_idx.movie_id)
      (cost=0.811 rows=3.24) (actual time=0.00237..0.00526 rows=2.97 loops=1.31e+6)
    actual_rows: 2.97
    estimated_rows: 3.24
    q_error: 1.0909090909090908
  - node: Index lookup on ci using movie_id_cast_info (movie_id=mi_idx.movie_id) (cost=3.87
      rows=15.5) (actual time=0.00566..0.0649 rows=39.6 loops=777264)
    actual_rows: 39.6
    estimated_rows: 15.5
    q_error: 2.5548387096774197

- query: SELECT * FROM movie_companies mc WHERE mc.company_id<18965
  qep:
  - node: 'Filter: (mc.company_id < 18965) (cost=262291 rows=1.3e+6) (actual time=0.0153..1261
      rows=1.67e+6 loops=1)'
    actual_rows: 1670000.0
    estimated_rows: 1300000.0
    q_error: 1.2846153846153847
  - node: Table scan on mc (cost=262291 rows=2.6e+6) (actual time=0.0145..1122 rows=2.61e+6
      loops=1)
    actual_rows: 2610000.0
    estimated_rows: 2600000.0
    q_error: 1.0038461538461538

- query: SELECT * FROM movie_companies mc WHERE mc.company_type_id=2
  qep:
  - node: Index lookup on mc using company_type_id_movie_companies (company_type_id=2)
      (cost=136931 rows=1.3e+6) (actual time=0.0188..1774 rows=1.33e+6 loops=1)
    actual_rows: 1330000.0
    estimated_rows: 1300000.0
    q_error: 1.023076923076923

- query: SELECT * FROM title t,cast_info ci,movie_info mi,movie_keyword mk WHERE t.id=ci.movie_id
    AND t.id=mi.movie_id AND t.id=mk.movie_id AND t.kind_id=7 AND t.production_year<2011
    AND ci.person_id>2989235
  qep:
  - node: Nested loop inner join (cost=12.5e+6 rows=19.6e+6) (actual time=0.834..94980
      rows=57e+6 loops=1)
    actual_rows: 57000000.0
    estimated_rows: 19600000.0
    q_error: 2.9081632653061225
  - node: Nested loop inner join (cost=5.66e+6 rows=3.65e+6) (actual time=0.824..31794
      rows=3.86e+6 loops=1)
    actual_rows: 3860000.0
    estimated_rows: 3650000.0
    q_error: 1.0575342465753426
  - node: Nested loop inner join (cost=1.88e+6 rows=696772) (actual time=0.756..2999
      rows=551117 loops=1)
    actual_rows: 551117.0
    estimated_rows: 696772.0
    q_error: 1.264290522702076
  - node: Table scan on mk (cost=420275 rows=4.18e+6) (actual time=0.731..918 rows=4.52e+6
      loops=1)
    actual_rows: 4520000.0
    estimated_rows: 4180000.0
    q_error: 1.0813397129186604
  - node: 'Filter: ((t.kind_id = 7) and (t.production_year < 2011)) (cost=0.25 rows=0.167)
      (actual time=372e-6..381e-6 rows=0.122 loops=4.52e+6)'
    actual_rows: 0.122
    estimated_rows: 0.167
    q_error: 1.3688524590163935
  - node: Single-row index lookup on t using PRIMARY (id=mk.movie_id) (cost=0.25 rows=1)
      (actual time=220e-6..240e-6 rows=1 loops=4.52e+6)
    actual_rows: 1.0
    estimated_rows: 1.0
    q_error: 1.0
  - node: 'Filter: (ci.person_id > 2989235) (cost=3.87 rows=5.24) (actual time=0.0342..0.0518
      rows=7.01 loops=551117)'
    actual_rows: 7.01
    estimated_rows: 5.24
    q_error: 1.3377862595419847
  - node: Index lookup on ci using movie_id_cast_info (movie_id=mk.movie_id) (cost=3.87
      rows=15.5) (actual time=0.00391..0.0494 rows=33 loops=551117)
    actual_rows: 33.0
    estimated_rows: 15.5
    q_error: 2.129032258064516
  - node: Index lookup on mi using movie_id_movie_info (movie_id=mk.movie_id) (cost=1.34
      rows=5.37) (actual time=0.00145..0.0156 rows=14.8 loops=3.86e+6)
    actual_rows: 14.8
    estimated_rows: 5.37
    q_error: 2.756052141527002

- query: SELECT * FROM title t,movie_companies mc WHERE t.id=mc.movie_id AND t.production_year<1994
    AND mc.company_id<14821
  qep:
  - node: Nested loop inner join (cost=717249 rows=433250) (actual time=0.113..3284
      rows=728512 loops=1)
    actual_rows: 728512.0
    estimated_rows: 433250.0
    q_error: 1.6815049047893826
  - node: 'Filter: (mc.company_id < 14821) (cost=262291 rows=1.3e+6) (actual time=0.0151..1519
      rows=1.55e+6 loops=1)'
    actual_rows: 1550000.0
    estimated_rows: 1300000.0
    q_error: 1.1923076923076923
  - node: Table scan on mc (cost=262291 rows=2.6e+6) (actual time=0.0141..1365 rows=2.61e+6
      loops=1)
    actual_rows: 2610000.0
    estimated_rows: 2600000.0
    q_error: 1.0038461538461538
  - node: 'Filter: (t.production_year < 1994) (cost=0.25 rows=0.333) (actual time=0.00101..0.00104
      rows=0.469 loops=1.55e+6)'
    actual_rows: 0.469
    estimated_rows: 0.333
    q_error: 1.4084084084084083
  - node: Single-row index lookup on t using PRIMARY (id=mc.movie_id) (cost=0.25 rows=1)
      (actual time=885e-6..905e-6 rows=1 loops=1.55e+6)
    actual_rows: 1.0
    estimated_rows: 1.0
    q_error: 1.0

- query: SELECT * FROM title t,cast_info ci,movie_info mi WHERE t.id=ci.movie_id AND
    t.id=mi.movie_id AND t.production_year<1967 AND mi.info_type_id>4
  qep:
  - node: Nested loop inner join (cost=14.5e+6 rows=36e+6) (actual time=0.402..68251
      rows=43.3e+6 loops=1)
    actual_rows: 43300000.0
    estimated_rows: 36000000.0
    q_error: 1.2027777777777777
  - node: Nested loop inner join (cost=1.9e+6 rows=2.33e+6) (actual time=0.393..10043
      rows=2.2e+6 loops=1)
    actual_rows: 2200000.0
    estimated_rows: 2330000.0
    q_error: 1.059090909090909
  - node: 'Filter: (t.production_year < 1967) (cost=266255 rows=867004) (actual time=0.379..1888
      rows=323245 loops=1)'
    actual_rows: 323245.0
    estimated_rows: 867004.0
    q_error: 2.682188432922396
  - node: Table scan on t (cost=266255 rows=2.6e+6) (actual time=0.0148..1743 rows=2.53e+6
      loops=1)
    actual_rows: 2530000.0
    estimated_rows: 2600000.0
    q_error: 1.0276679841897234
  - node: 'Filter: (mi.info_type_id > 4) (cost=1.34 rows=2.69) (actual time=0.00641..0.0247
      rows=6.82 loops=323245)'
    actual_rows: 6.82
    estimated_rows: 2.69
    q_error: 2.5353159851301115
  - node: Index lookup on mi using movie_id_movie_info (movie_id=t.id) (cost=1.34
      rows=5.37) (actual time=0.00494..0.0238 rows=9.86 loops=323245)
    actual_rows: 9.86
    estimated_rows: 5.37
    q_error: 1.8361266294227188
  - node: Index lookup on ci using movie_id_cast_info (movie_id=t.id) (cost=3.87 rows=15.5)
      (actual time=0.00202..0.0254 rows=19.7 loops=2.2e+6)
    actual_rows: 19.7
    estimated_rows: 15.5
    q_error: 1.270967741935484

- query: SELECT * FROM movie_companies mc WHERE mc.company_id<11385 AND mc.company_type_id>1
  qep:
  - node: 'Filter: ((mc.company_id < 11385) and (mc.company_type_id > 1)) (cost=262291
      rows=649940) (actual time=657..1286 rows=432142 loops=1)'
    actual_rows: 432142.0
    estimated_rows: 649940.0
    q_error: 1.503996371563051
  - node: Table scan on mc (cost=262291 rows=2.6e+6) (actual time=0.0115..1129 rows=2.61e+6
      loops=1)
    actual_rows: 2610000.0
    estimated_rows: 2600000.0
    q_error: 1.0038461538461538

- query: SELECT * FROM title t,movie_companies mc,movie_keyword mk WHERE t.id=mc.movie_id
    AND t.id=mk.movie_id AND t.production_year<1990
  qep:
  - node: Nested loop inner join (cost=3.47e+6 rows=4.52e+6) (actual time=0.772..16091
      rows=11.8e+6 loops=1)
    actual_rows: 11800000.0
    estimated_rows: 4520000.0
    q_error: 2.6106194690265485
  - node: Nested loop inner join (cost=1.88e+6 rows=1.39e+6) (actual time=0.762..2991
      rows=1.7e+6 loops=1)
    actual_rows: 1700000.0
    estimated_rows: 1390000.0
    q_error: 1.223021582733813
  - node: Table scan on mk (cost=420275 rows=4.18e+6) (actual time=0.722..903 rows=4.52e+6
      loops=1)
    actual_rows: 4520000.0
    estimated_rows: 4180000.0
    q_error: 1.0813397129186604
  - node: 'Filter: (t.production_year < 1990) (cost=0.25 rows=0.333) (actual time=348e-6..372e-6
      rows=0.377 loops=4.52e+6)'
    actual_rows: 0.377
    estimated_rows: 0.333
    q_error: 1.132132132132132
  - node: Single-row index lookup on t using PRIMARY (id=mk.movie_id) (cost=0.25 rows=1)
      (actual time=217e-6..237e-6 rows=1 loops=4.52e+6)
    actual_rows: 1.0
    estimated_rows: 1.0
    q_error: 1.0
  - node: Index lookup on mc using movie_id_movie_companies (movie_id=mk.movie_id)
      (cost=0.811 rows=3.24) (actual time=0.00143..0.00729 rows=6.95 loops=1.7e+6)
    actual_rows: 6.95
    estimated_rows: 3.24
    q_error: 2.1450617283950617

- query: SELECT * FROM title t,movie_companies mc,movie_info mi,movie_info_idx mi_idx,movie_keyword
    mk WHERE t.id=mc.movie_id AND t.id=mi.movie_id AND t.id=mi_idx.movie_id AND t.id=mk.movie_id
    AND mc.company_id>11203 AND mc.company_type_id=2 AND mi.info_type_id=8 AND mi_idx.info_type_id=101
    AND mk.keyword_id=52288
  qep:
  - node: Nested loop inner join (cost=34.5 rows=11.7) (actual time=2.83..5.31 rows=24
      loops=1)
    actual_rows: 24.0
    estimated_rows: 11.7
    q_error: 2.0512820512820515
  - node: Nested loop inner join (cost=26.3 rows=7.2) (actual time=2.3..3.35 rows=30
      loops=1)
    actual_rows: 30.0
    estimated_rows: 7.2
    q_error: 4.166666666666667
  - node: Nested loop inner join (cost=14.2 rows=6.49) (actual time=2.06..2.15 rows=20
      loops=1)
    actual_rows: 20.0
    estimated_rows: 6.49
    q_error: 3.081664098613251
  - node: Nested loop inner join (cost=11.9 rows=6.49) (actual time=2.06..2.12 rows=20
      loops=1)
    actual_rows: 20.0
    estimated_rows: 6.49
    q_error: 3.081664098613251
  - node: Index lookup on mk using keyword_id_movie_keyword (keyword_id=52288) (cost=2.8
      rows=8) (actual time=1.98..1.98 rows=8 loops=1)
    actual_rows: 8.0
    estimated_rows: 8.0
    q_error: 1.0
  - node: 'Filter: ((mc.company_type_id = 2) and (mc.company_id > 11203)) (cost=0.821
      rows=0.811) (actual time=0.0139..0.0169 rows=2.5 loops=8)'
    actual_rows: 2.5
    estimated_rows: 0.811
    q_error: 3.0826140567200984
  - node: Index lookup on mc using movie_id_movie_companies (movie_id=mk.movie_id)
      (cost=0.821 rows=3.24) (actual time=0.0044..0.0158 rows=10.2 loops=8)
    actual_rows: 10.2
    estimated_rows: 3.24
    q_error: 3.148148148148148
  - node: Single-row index lookup on t using PRIMARY (id=mk.movie_id) (cost=0.265
      rows=1) (actual time=0.00113..0.00114 rows=1 loops=20)
    actual_rows: 1.0
    estimated_rows: 1.0
    q_error: 1.0
  - node: 'Filter: (mi.info_type_id = 8) (cost=1.36 rows=1.11) (actual time=0.0361..0.06
      rows=1.5 loops=20)'
    actual_rows: 1.5
    estimated_rows: 1.11
    q_error: 1.3513513513513513
  - node: Index lookup on mi using movie_id_movie_info (movie_id=mk.movie_id) (cost=1.36
      rows=5.37) (actual time=0.00314..0.0581 rows=58.8 loops=20)
    actual_rows: 58.8
    estimated_rows: 5.37
    q_error: 10.949720670391061
  - node: 'Filter: (mi_idx.info_type_id = 101) (cost=0.833 rows=1.62) (actual time=0.0647..0.065
      rows=0.8 loops=30)'
    actual_rows: 0.8
    estimated_rows: 1.62
    q_error: 2.025
  - node: Index lookup on mi_idx using movie_id_movie_info_idx (movie_id=mk.movie_id)
      (cost=0.833 rows=3.24) (actual time=0.0631..0.0648 rows=2.4 loops=30)
    actual_rows: 2.4
    estimated_rows: 3.24
    q_error: 1.35

- query: SELECT * FROM title t,movie_keyword mk WHERE t.id=mk.movie_id AND t.production_year>2004
    AND mk.keyword_id<4297
  qep:
  - node: Nested loop inner join (cost=1.15e+6 rows=696772) (actual time=1.15..2182
      rows=687170 loops=1)
    actual_rows: 687170.0
    estimated_rows: 696772.0
    q_error: 1.013973252615801
  - node: 'Filter: (mk.keyword_id < 4297) (cost=420275 rows=2.09e+6) (actual time=1.11..1071
      rows=2.18e+6 loops=1)'
    actual_rows: 2180000.0
    estimated_rows: 2090000.0
    q_error: 1.0430622009569377
  - node: Table scan on mk (cost=420275 rows=4.18e+6) (actual time=1.11..844 rows=4.52e+6
      loops=1)
    actual_rows: 4520000.0
    estimated_rows: 4180000.0
    q_error: 1.0813397129186604
  - node: 'Filter: (t.production_year > 2004) (cost=0.25 rows=0.333) (actual time=406e-6..426e-6
      rows=0.315 loops=2.18e+6)'
    actual_rows: 0.315
    estimated_rows: 0.333
    q_error: 1.0571428571428572
  - node: Single-row index lookup on t using PRIMARY (id=mk.movie_id) (cost=0.25 rows=1)
      (actual time=280e-6..300e-6 rows=1 loops=2.18e+6)
    actual_rows: 1.0
    estimated_rows: 1.0
    q_error: 1.0

- query: SELECT * FROM cast_info ci WHERE ci.role_id>2
  qep:
  - node: 'Filter: (ci.role_id > 2) (cost=3.51e+6 rows=17.4e+6) (actual time=10474..19288
      rows=16.1e+6 loops=1)'
    actual_rows: 16100000.0
    estimated_rows: 17400000.0
    q_error: 1.0807453416149069
  - node: Table scan on ci (cost=3.51e+6 rows=34.8e+6) (actual time=0.0111..17456
      rows=36.2e+6 loops=1)
    actual_rows: 36200000.0
    estimated_rows: 34800000.0
    q_error: 1.0402298850574712

- query: SELECT * FROM title t,movie_companies mc,cast_info ci,movie_info mi,movie_keyword
    mk WHERE t.id=mc.movie_id AND t.id=ci.movie_id AND t.id=mi.movie_id AND t.id=mk.movie_id
    AND t.kind_id=7 AND mi.info_type_id<4
  qep:
  - node: Nested loop inner join (cost=111e+6 rows=282e+6) (actual time=0.775..191277
      rows=152e+6 loops=1)
    actual_rows: 152000000.0
    estimated_rows: 282000000.0
    q_error: 1.855263157894737
  - node: Nested loop inner join (cost=12.2e+6 rows=18.2e+6) (actual time=0.767..16092
      rows=2.93e+6 loops=1)
    actual_rows: 2930000.0
    estimated_rows: 18200000.0
    q_error: 6.21160409556314
  - node: Nested loop inner join (cost=5.81e+6 rows=5.62e+6) (actual time=0.76..11623
      rows=778468 loops=1)
    actual_rows: 778468.0
    estimated_rows: 5620000.0
    q_error: 7.219307665825698
  - node: Nested loop inner join (cost=1.88e+6 rows=2.09e+6) (actual time=0.742..2865
      rows=645461 loops=1)
    actual_rows: 645461.0
    estimated_rows: 2090000.0
    q_error: 3.237995789056194
  - node: Table scan on mk (cost=420275 rows=4.18e+6) (actual time=0.716..885 rows=4.52e+6
      loops=1)
    actual_rows: 4520000.0
    estimated_rows: 4180000.0
    q_error: 1.0813397129186604
  - node: 'Filter: (t.kind_id = 7) (cost=0.25 rows=0.5) (actual time=347e-6..357e-6
      rows=0.143 loops=4.52e+6)'
    actual_rows: 0.143
    estimated_rows: 0.5
    q_error: 3.4965034965034967
  - node: Single-row index lookup on t using PRIMARY (id=mk.movie_id) (cost=0.25 rows=1)
      (actual time=212e-6..232e-6 rows=1 loops=4.52e+6)
    actual_rows: 1.0
    estimated_rows: 1.0
    q_error: 1.0
  - node: 'Filter: (mi.info_type_id < 4) (cost=1.34 rows=2.69) (actual time=0.00719..0.0134
      rows=1.21 loops=645461)'
    actual_rows: 1.21
    estimated_rows: 2.69
    q_error: 2.2231404958677685
  - node: Index lookup on mi using movie_id_movie_info (movie_id=mk.movie_id) (cost=1.34
      rows=5.37) (actual time=0.00173..0.0126 rows=10.3 loops=645461)
    actual_rows: 10.3
    estimated_rows: 5.37
    q_error: 1.9180633147113595
  - node: Index lookup on mc using movie_id_movie_companies (movie_id=mk.movie_id)
      (cost=0.811 rows=3.24) (actual time=0.00168..0.00547 rows=3.76 loops=778468)
    actual_rows: 3.76
    estimated_rows: 3.24
    q_error: 1.1604938271604937
  - node: Index lookup on ci using movie_id_cast_info (movie_id=mk.movie_id) (cost=3.87
      rows=15.5) (actual time=0.00154..0.0574 rows=51.8 loops=2.93e+6)
    actual_rows: 51.8
    estimated_rows: 15.5
    q_error: 3.3419354838709676

- query: SELECT * FROM title t,movie_companies mc,movie_info_idx mi_idx WHERE t.id=mc.movie_id
    AND t.id=mi_idx.movie_id AND t.kind_id<7 AND t.production_year>2007 AND mc.company_id<91092
    AND mc.company_type_id=1
  qep:
  - node: Nested loop inner join (cost=422341 rows=351214) (actual time=0.518..4207
      rows=344882 loops=1)
    actual_rows: 344882.0
    estimated_rows: 351214.0
    q_error: 1.018359902807337
  - node: Nested loop inner join (cost=299416 rows=108313) (actual time=0.0331..3172
      rows=187724 loops=1)
    actual_rows: 187724.0
    estimated_rows: 108313.0
    q_error: 1.733162224294406
  - node: 'Filter: (mc.company_id < 91092) (cost=71937 rows=649940) (actual time=0.0187..1857
      rows=1.27e+6 loops=1)'
    actual_rows: 1270000.0
    estimated_rows: 649940.0
    q_error: 1.9540265255254332
  - node: Index lookup on mc using company_type_id_movie_companies (company_type_id=1)
      (cost=71937 rows=1.3e+6) (actual time=0.0178..1760 rows=1.27e+6 loops=1)
    actual_rows: 1270000.0
    estimated_rows: 1300000.0
    q_error: 1.0236220472440944
  - node: 'Filter: ((t.kind_id < 7) and (t.production_year > 2007)) (cost=0.25 rows=0.167)
      (actual time=928e-6..939e-6 rows=0.147 loops=1.27e+6)'
    actual_rows: 0.147
    estimated_rows: 0.167
    q_error: 1.1360544217687076
  - node: Single-row index lookup on t using PRIMARY (id=mc.movie_id) (cost=0.25 rows=1)
      (actual time=748e-6..771e-6 rows=1 loops=1.27e+6)
    actual_rows: 1.0
    estimated_rows: 1.0
    q_error: 1.0
  - node: Index lookup on mi_idx using movie_id_movie_info_idx (movie_id=mc.movie_id)
      (cost=0.811 rows=3.24) (actual time=0.00365..0.0053 rows=1.84 loops=187724)
    actual_rows: 1.84
    estimated_rows: 3.24
    q_error: 1.7608695652173914

- query: SELECT * FROM title t,movie_companies mc WHERE t.id=mc.movie_id AND t.production_year>1984
    AND mc.company_id<7179 AND mc.company_type_id=2
  qep:
  - node: Nested loop inner join (cost=299416 rows=216625) (actual time=0.0291..2051
      rows=221798 loops=1)
    actual_rows: 221798.0
    estimated_rows: 216625.0
    q_error: 1.0238799769186382
  - node: 'Filter: (mc.company_id < 7179) (cost=71937 rows=649940) (actual time=0.0205..1577
      rows=342109 loops=1)'
    actual_rows: 342109.0
    estimated_rows: 649940.0
    q_error: 1.8998038636808736
  - node: Index lookup on mc using company_type_id_movie_companies (company_type_id=2)
      (cost=71937 rows=1.3e+6) (actual time=0.0155..1496 rows=1.33e+6 loops=1)
    actual_rows: 1330000.0
    estimated_rows: 1300000.0
    q_error: 1.023076923076923
  - node: 'Filter: (t.production_year > 1984) (cost=0.25 rows=0.333) (actual time=0.00123..0.00128
      rows=0.648 loops=342109)'
    actual_rows: 0.648
    estimated_rows: 0.333
    q_error: 1.9459459459459458
  - node: Single-row index lookup on t using PRIMARY (id=mc.movie_id) (cost=0.25 rows=1)
      (actual time=0.0011..0.00112 rows=1 loops=342109)
    actual_rows: 1.0
    estimated_rows: 1.0
    q_error: 1.0

- query: SELECT * FROM movie_info mi WHERE mi.info_type_id=16
  qep:
  - node: Index lookup on mi using info_type_id_movie_info (info_type_id=16) (cost=547515
      rows=4.78e+6) (actual time=0.0212..5408 rows=3.04e+6 loops=1)
    actual_rows: 3040000.0
    estimated_rows: 4780000.0
    q_error: 1.5723684210526316

- query: SELECT * FROM title t,movie_companies mc,movie_info_idx mi_idx,movie_keyword
    mk WHERE t.id=mc.movie_id AND t.id=mi_idx.movie_id AND t.id=mk.movie_id AND t.production_year=1990
    AND mc.company_type_id<2 AND mi_idx.info_type_id=100
  qep:
  - node: Nested loop inner join (cost=775629 rows=1.19e+6) (actual time=2.18..2236
      rows=299494 loops=1)
    actual_rows: 299494.0
    estimated_rows: 1190000.0
    q_error: 3.9733684147261714
  - node: Nested loop inner join (cost=359970 rows=102912) (actual time=1.72..1219
      rows=8497 loops=1)
    actual_rows: 8497.0
    estimated_rows: 102912.0
    q_error: 12.111568788984348
  - node: Nested loop inner join (cost=287932 rows=63456) (actual time=0.719..1174
      rows=5654 loops=1)
    actual_rows: 5654.0
    estimated_rows: 63456.0
    q_error: 11.22320481075345
  - node: Index lookup on mi_idx using info_type_id_movie_info_idx (info_type_id=100)
      (cost=65836 rows=634560) (actual time=0.0196..547 rows=459925 loops=1)
    actual_rows: 459925.0
    estimated_rows: 634560.0
    q_error: 1.3797032124802957
  - node: 'Filter: (t.production_year = 1990) (cost=0.25 rows=0.1) (actual time=0.00128..0.00128
      rows=0.0123 loops=459925)'
    actual_rows: 0.0123
    estimated_rows: 0.1
    q_error: 8.130081300813009
  - node: Single-row index lookup on t using PRIMARY (id=mi_idx.movie_id) (cost=0.25
      rows=1) (actual time=0.00113..0.00115 rows=1 loops=459925)
    actual_rows: 1.0
    estimated_rows: 1.0
    q_error: 1.0
  - node: 'Filter: (mc.company_type_id < 2) (cost=0.811 rows=1.62) (actual time=0.0042..0.00771
      rows=1.5 loops=5654)'
    actual_rows: 1.5
    estimated_rows: 1.62
    q_error: 1.08
  - node: Index lookup on mc using movie_id_movie_companies (movie_id=mi_idx.movie_id)
      (cost=0.811 rows=3.24) (actual time=0.00385..0.00727 rows=2.67 loops=5654)
    actual_rows: 2.67
    estimated_rows: 3.24
    q_error: 1.2134831460674158
  - node: Index lookup on mk using movie_id_movie_keyword (movie_id=mi_idx.movie_id)
      (cost=2.88 rows=11.5) (actual time=0.0678..0.118 rows=35.2 loops=8497)
    actual_rows: 35.2
    estimated_rows: 11.5
    q_error: 3.0608695652173914

- query: SELECT * FROM movie_keyword mk WHERE mk.keyword_id>3365
  qep:
  - node: 'Filter: (mk.keyword_id > 3365) (cost=420275 rows=2.09e+6) (actual time=1.88..804
      rows=2.58e+6 loops=1)'
    actual_rows: 2580000.0
    estimated_rows: 2090000.0
    q_error: 1.2344497607655502
  - node: Table scan on mk (cost=420275 rows=4.18e+6) (actual time=1.22..612 rows=4.52e+6
      loops=1)
    actual_rows: 4520000.0
    estimated_rows: 4180000.0
    q_error: 1.0813397129186604

- query: SELECT * FROM title t,cast_info ci,movie_keyword mk WHERE t.id=ci.movie_id
    AND t.id=mk.movie_id AND ci.person_id<571794 AND ci.role_id<2 AND mk.keyword_id<7820
  qep:
  - node: Nested loop inner join (cost=12.5e+6 rows=5.64e+6) (actual time=0.724..169647
      rows=16.2e+6 loops=1)
    actual_rows: 16200000.0
    estimated_rows: 5640000.0
    q_error: 2.872340425531915
  - node: Nested loop inner join (cost=1.15e+6 rows=2.09e+6) (actual time=0.682..2856
      rows=2.75e+6 loops=1)
    actual_rows: 2750000.0
    estimated_rows: 2090000.0
    q_error: 1.3157894736842106
  - node: 'Filter: (mk.keyword_id < 7820) (cost=420275 rows=2.09e+6) (actual time=0.671..1327
      rows=2.75e+6 loops=1)'
    actual_rows: 2750000.0
    estimated_rows: 2090000.0
    q_error: 1.3157894736842106
  - node: Table scan on mk (cost=420275 rows=4.18e+6) (actual time=0.671..1014 rows=4.52e+6
      loops=1)
    actual_rows: 4520000.0
    estimated_rows: 4180000.0
    q_error: 1.0813397129186604
  - node: Single-row index lookup on t using PRIMARY (id=mk.movie_id) (cost=0.25 rows=1)
      (actual time=401e-6..423e-6 rows=1 loops=2.75e+6)
    actual_rows: 1.0
    estimated_rows: 1.0
    q_error: 1.0
  - node: 'Filter: ((ci.person_id < 571794) and (ci.role_id < 2)) (cost=3.87 rows=2.7)
      (actual time=0.00473..0.0602 rows=5.87 loops=2.75e+6)'
    actual_rows: 5.87
    estimated_rows: 2.7
    q_error: 2.174074074074074
  - node: Index lookup on ci using movie_id_cast_info (movie_id=mk.movie_id) (cost=3.87
      rows=15.5) (actual time=0.00204..0.0568 rows=47.3 loops=2.75e+6)
    actual_rows: 47.3
    estimated_rows: 15.5
    q_error: 3.051612903225806

- query: SELECT * FROM title t,cast_info ci,movie_info mi WHERE t.id=ci.movie_id AND
    t.id=mi.movie_id AND t.kind_id>1 AND ci.person_id<3326509 AND ci.role_id<2 AND
    mi.info_type_id<16
  qep:
  - node: Nested loop inner join (cost=14.7e+6 rows=11.7e+6) (actual time=0.039..162682
      rows=28.7e+6 loops=1)
    actual_rows: 28700000.0
    estimated_rows: 11700000.0
    q_error: 2.452991452991453
  - node: Nested loop inner join (cost=6.55e+6 rows=4.35e+6) (actual time=0.0237..53758
      rows=8.86e+6 loops=1)
    actual_rows: 8860000.0
    estimated_rows: 4350000.0
    q_error: 2.0367816091954025
  - node: 'Filter: ((ci.person_id < 3326509) and (ci.role_id < 2)) (cost=3.51e+6 rows=8.7e+6)
      (actual time=0.012..24301 rows=12.7e+6 loops=1)'
    actual_rows: 12700000.0
    estimated_rows: 8700000.0
    q_error: 1.4597701149425288
  - node: Table scan on ci (cost=3.51e+6 rows=34.8e+6) (actual time=0.0109..21294
      rows=36.2e+6 loops=1)
    actual_rows: 36200000.0
    estimated_rows: 34800000.0
    q_error: 1.0402298850574712
  - node: 'Filter: (t.kind_id > 1) (cost=0.25 rows=0.5) (actual time=0.00216..0.00221
      rows=0.699 loops=12.7e+6)'
    actual_rows: 0.699
    estimated_rows: 0.5
    q_error: 1.398
  - node: Single-row index lookup on t using PRIMARY (id=ci.movie_id) (cost=0.25 rows=1)
      (actual time=0.002..0.00203 rows=1 loops=12.7e+6)
    actual_rows: 1.0
    estimated_rows: 1.0
    q_error: 1.0
  - node: 'Filter: (mi.info_type_id < 16) (cost=1.34 rows=2.69) (actual time=0.00437..0.012
      rows=3.24 loops=8.86e+6)'
    actual_rows: 3.24
    estimated_rows: 2.69
    q_error: 1.204460966542751
  - node: Index lookup on mi using movie_id_movie_info (movie_id=ci.movie_id) (cost=1.34
      rows=5.37) (actual time=0.00348..0.0115 rows=5.21 loops=8.86e+6)
    actual_rows: 5.21
    estimated_rows: 5.37
    q_error: 1.0307101727447217

- query: SELECT * FROM title t,movie_info mi,movie_info_idx mi_idx WHERE t.id=mi.movie_id
    AND t.id=mi_idx.movie_id AND mi_idx.info_type_id=100
  qep:
  - node: Nested loop inner join (cost=1.48e+6 rows=3.41e+6) (actual time=0.0341..13581
      rows=6.93e+6 loops=1)
    actual_rows: 6930000.0
    estimated_rows: 3410000.0
    q_error: 2.032258064516129
  - node: Nested loop inner join (cost=287932 rows=634560) (actual time=0.0239..1344
      rows=459925 loops=1)
    actual_rows: 459925.0
    estimated_rows: 634560.0
    q_error: 1.3797032124802957
  - node: Index lookup on mi_idx using info_type_id_movie_info_idx (info_type_id=100)
      (cost=65836 rows=634560) (actual time=0.0159..617 rows=459925 loops=1)
    actual_rows: 459925.0
    estimated_rows: 634560.0
    q_error: 1.3797032124802957
  - node: Single-row index lookup on t using PRIMARY (id=mi_idx.movie_id) (cost=0.25
      rows=1) (actual time=0.00142..0.00144 rows=1 loops=459925)
    actual_rows: 1.0
    estimated_rows: 1.0
    q_error: 1.0
  - node: Index lookup on mi using movie_id_movie_info (movie_id=mi_idx.movie_id)
      (cost=1.34 rows=5.37) (actual time=0.00298..0.0258 rows=15.1 loops=459925)
    actual_rows: 15.1
    estimated_rows: 5.37
    q_error: 2.811918063314711

- query: SELECT * FROM title t,movie_companies mc,cast_info ci,movie_info_idx mi_idx,movie_keyword
    mk WHERE t.id=mc.movie_id AND t.id=ci.movie_id AND t.id=mi_idx.movie_id AND t.id=mk.movie_id
    AND t.kind_id=7 AND t.production_year<1953 AND ci.person_id>335383 AND ci.role_id=5
    AND mi_idx.info_type_id>99 AND mk.keyword_id>6898
  qep:
  - node: Nested loop inner join (cost=1.35e+6 rows=763828) (actual time=112..1728
      rows=3212 loops=1)
    actual_rows: 3212.0
    estimated_rows: 763828.0
    q_error: 237.80448318804483
  - node: Nested loop inner join (cost=1.09e+6 rows=235489) (actual time=15.4..1722
      rows=1146 loops=1)
    actual_rows: 1146.0
    estimated_rows: 235489.0
    q_error: 205.48778359511343
  - node: Nested loop inner join (cost=922301 rows=40813) (actual time=13.1..1698
      rows=670 loops=1)
    actual_rows: 670.0
    estimated_rows: 40813.0
    q_error: 60.91492537313433
  - node: Nested loop inner join (cost=349801 rows=105749) (actual time=11.8..1657
      rows=1136 loops=1)
    actual_rows: 1136.0
    estimated_rows: 105749.0
    q_error: 93.08890845070422
  - node: 'Filter: (mi_idx.info_type_id > 99) (cost=127705 rows=634560) (actual time=0.0187..855
      rows=920110 loops=1)'
    actual_rows: 920110.0
    estimated_rows: 634560.0
    q_error: 1.4499968482097831
  - node: Table scan on mi_idx (cost=127705 rows=1.27e+6) (actual time=0.0154..765
      rows=1.38e+6 loops=1)
    actual_rows: 1380000.0
    estimated_rows: 1270000.0
    q_error: 1.0866141732283465
  - node: 'Filter: ((t.kind_id = 7) and (t.production_year < 1953)) (cost=0.25 rows=0.167)
      (actual time=797e-6..798e-6 rows=0.00123 loops=920110)'
    actual_rows: 0.00123
    estimated_rows: 0.167
    q_error: 135.77235772357724
  - node: Single-row index lookup on t using PRIMARY (id=mi_idx.movie_id) (cost=0.25
      rows=1) (actual time=631e-6..652e-6 rows=1 loops=920110)
    actual_rows: 1.0
    estimated_rows: 1.0
    q_error: 1.0
  - node: 'Filter: ((ci.role_id = 5) and (ci.person_id > 335383)) (cost=3.87 rows=0.386)
      (actual time=0.0317..0.0362 rows=0.59 loops=1136)'
    actual_rows: 0.59
    estimated_rows: 0.386
    q_error: 1.5284974093264247
  - node: Index lookup on ci using movie_id_cast_info (movie_id=mi_idx.movie_id) (cost=3.87
      rows=15.5) (actual time=0.00322..0.0347 rows=14.7 loops=1136)
    actual_rows: 14.7
    estimated_rows: 15.5
    q_error: 1.054421768707483
  - node: 'Filter: (mk.keyword_id > 6898) (cost=2.88 rows=5.77) (actual time=0.0311..0.0343
      rows=1.71 loops=670)'
    actual_rows: 1.71
    estimated_rows: 5.77
    q_error: 3.374269005847953
  - node: Index lookup on mk using movie_id_movie_keyword (movie_id=mi_idx.movie_id)
      (cost=2.88 rows=11.5) (actual time=0.0307..0.0338 rows=3.39 loops=670)
    actual_rows: 3.39
    estimated_rows: 11.5
    q_error: 3.392330383480826
  - node: Index lookup on mc using movie_id_movie_companies (movie_id=mi_idx.movie_id)
      (cost=0.811 rows=3.24) (actual time=0.0022..0.00538 rows=2.8 loops=1146)
    actual_rows: 2.8
    estimated_rows: 3.24
    q_error: 1.1571428571428573

- query: SELECT * FROM title t,cast_info ci WHERE t.id=ci.movie_id AND ci.person_id<2681287
    AND ci.role_id=1
  qep:
  - node: Nested loop inner join (cost=4.01e+6 rows=8.7e+6) (actual time=0.0261..52461
      rows=12.7e+6 loops=1)
    actual_rows: 12700000.0
    estimated_rows: 8700000.0
    q_error: 1.4597701149425288
  - node: 'Filter: (ci.person_id < 2681287) (cost=962057 rows=8.7e+6) (actual time=0.0179..31489
      rows=12.7e+6 loops=1)'
    actual_rows: 12700000.0
    estimated_rows: 8700000.0
    q_error: 1.4597701149425288
  - node: Index lookup on ci using role_id_cast_info (role_id=1) (cost=962057 rows=17.4e+6)
      (actual time=0.0169..30411 rows=12.7e+6 loops=1)
    actual_rows: 12700000.0
    estimated_rows: 17400000.0
    q_error: 1.3700787401574803
  - node: Single-row index lookup on t using PRIMARY (id=ci.movie_id) (cost=0.25 rows=1)
      (actual time=0.00151..0.00153 rows=1 loops=12.7e+6)
    actual_rows: 1.0
    estimated_rows: 1.0
    q_error: 1.0

- query: SELECT * FROM title t,movie_info mi,movie_info_idx mi_idx,movie_keyword mk
    WHERE t.id=mi.movie_id AND t.id=mi_idx.movie_id AND t.id=mk.movie_id AND t.kind_id=1
    AND mk.keyword_id=1118
  qep:
  - node: Nested loop inner join (cost=3194 rows=6445) (actual time=3.21..218 rows=124927
      loops=1)
    actual_rows: 124927.0
    estimated_rows: 6445.0
    q_error: 19.38355314197052
  - node: Nested loop inner join (cost=938 rows=1200) (actual time=3.2..24.4 rows=1485
      loops=1)
    actual_rows: 1485.0
    estimated_rows: 1200.0
    q_error: 1.2375
  - node: Nested loop inner join (cost=518 rows=370) (actual time=3.18..15.4 rows=558
      loops=1)
    actual_rows: 558.0
    estimated_rows: 370.0
    q_error: 1.508108108108108
  - node: Index lookup on mk using keyword_id_movie_keyword (keyword_id=1118) (cost=259
      rows=740) (actual time=3.03..13.5 rows=740 loops=1)
    actual_rows: 740.0
    estimated_rows: 740.0
    q_error: 1.0
  - node: 'Filter: (t.kind_id = 1) (cost=0.25 rows=0.5) (actual time=0.00237..0.00243
      rows=0.754 loops=740)'
    actual_rows: 0.754
    estimated_rows: 0.5
    q_error: 1.508
  - node: Single-row index lookup on t using PRIMARY (id=mk.movie_id) (cost=0.25 rows=1)
      (actual time=0.00218..0.00221 rows=1 loops=740)
    actual_rows: 1.0
    estimated_rows: 1.0
    q_error: 1.0
  - node: Index lookup on mi_idx using movie_id_movie_info_idx (movie_id=mk.movie_id)
      (cost=0.812 rows=3.24) (actual time=0.0125..0.0159 rows=2.66 loops=558)
    actual_rows: 2.66
    estimated_rows: 3.24
    q_error: 1.218045112781955
  - node: Index lookup on mi using movie_id_movie_info (movie_id=mk.movie_id) (cost=1.34
      rows=5.37) (actual time=0.00345..0.127 rows=84.1 loops=1485)
    actual_rows: 84.1
    estimated_rows: 5.37
    q_error: 15.661080074487895

- query: SELECT * FROM movie_info mi WHERE mi.info_type_id=2
  qep:
  - node: Index lookup on mi using info_type_id_movie_info (info_type_id=2) (cost=334988
      rows=2.66e+6) (actual time=0.0193..2288 rows=1.29e+6 loops=1)
    actual_rows: 1290000.0
    estimated_rows: 2660000.0
    q_error: 2.062015503875969

- query: SELECT * FROM title t,movie_info_idx mi_idx WHERE t.id=mi_idx.movie_id AND
    t.kind_id<7
  qep:
  - node: Nested loop inner join (cost=571898 rows=634560) (actual time=0.0365..1636
      rows=954317 loops=1)
    actual_rows: 954317.0
    estimated_rows: 634560.0
    q_error: 1.5039034921835603
  - node: Table scan on mi_idx (cost=127705 rows=1.27e+6) (actual time=0.0221..735
      rows=1.38e+6 loops=1)
    actual_rows: 1380000.0
    estimated_rows: 1270000.0
    q_error: 1.0866141732283465
  - node: 'Filter: (t.kind_id < 7) (cost=0.25 rows=0.5) (actual time=523e-6..562e-6
      rows=0.692 loops=1.38e+6)'
    actual_rows: 0.692
    estimated_rows: 0.5
    q_error: 1.384
  - node: Single-row index lookup on t using PRIMARY (id=mi_idx.movie_id) (cost=0.25
      rows=1) (actual time=413e-6..431e-6 rows=1 loops=1.38e+6)
    actual_rows: 1.0
    estimated_rows: 1.0
    q_error: 1.0

- query: SELECT * FROM movie_keyword mk WHERE mk.keyword_id=4964
  qep:
  - node: Index lookup on mk using keyword_id_movie_keyword (keyword_id=4964) (cost=374
      rows=1068) (actual time=3.84..23.6 rows=1068 loops=1)
    actual_rows: 1068.0
    estimated_rows: 1068.0
    q_error: 1.0

- query: SELECT * FROM movie_companies mc WHERE mc.company_id=81280 AND mc.company_type_id>1
  qep:
  - node: 'Filter: (mc.company_type_id > 1) (cost=1.8 rows=3) (actual time=0.0214..0.032
      rows=6 loops=1)'
    actual_rows: 6.0
    estimated_rows: 3.0
    q_error: 2.0
  - node: Index lookup on mc using company_id_movie_companies (company_id=81280) (cost=1.8
      rows=6) (actual time=0.0199..0.0303 rows=6 loops=1)
    actual_rows: 6.0
    estimated_rows: 6.0
    q_error: 1.0

- query: SELECT * FROM title t,movie_companies mc,movie_info mi,movie_info_idx mi_idx,movie_keyword
    mk WHERE t.id=mc.movie_id AND t.id=mi.movie_id AND t.id=mi_idx.movie_id AND t.id=mk.movie_id
    AND mc.company_id>34 AND mc.company_type_id<2 AND mi_idx.info_type_id>99 AND mk.keyword_id<335
  qep:
  - node: Nested loop inner join (cost=5e+6 rows=6.72e+6) (actual time=57.7..576774
      rows=502e+6 loops=1)
    actual_rows: 502000000.0
    estimated_rows: 6720000.0
    q_error: 74.70238095238095
  - node: Nested loop inner join (cost=2.65e+6 rows=1.25e+6) (actual time=57.7..19041
      rows=3.35e+6 loops=1)
    actual_rows: 3350000.0
    estimated_rows: 1250000.0
    q_error: 2.68
  - node: Nested loop inner join (cost=1.78e+6 rows=771107) (actual time=57.7..7566
      rows=1.7e+6 loops=1)
    actual_rows: 1700000.0
    estimated_rows: 771107.0
    q_error: 2.204622704760818
  - node: Nested loop inner join (cost=1.51e+6 rows=771107) (actual time=57.7..6291
      rows=1.7e+6 loops=1)
    actual_rows: 1700000.0
    estimated_rows: 771107.0
    q_error: 2.204622704760818
  - node: 'Index range scan on mk using keyword_id_movie_keyword over (keyword_id
      < 335), with index condition: (mk.keyword_id < 335) (cost=427921 rows=950934)
      (actual time=57.6..1197 rows=363692 loops=1)'
    actual_rows: 363692.0
    estimated_rows: 950934.0
    q_error: 2.614668455726274
  - node: 'Filter: ((mc.company_id > 34) and (mc.company_type_id < 2)) (cost=0.811
      rows=0.811) (actual time=0.00374..0.0137 rows=4.69 loops=363692)'
    actual_rows: 4.69
    estimated_rows: 0.811
    q_error: 5.782983970406905
  - node: Index lookup on mc using movie_id_movie_companies (movie_id=mk.movie_id)
      (cost=0.811 rows=3.24) (actual time=0.00333..0.0125 rows=6.7 loops=363692)
    actual_rows: 6.7
    estimated_rows: 3.24
    q_error: 2.067901234567901
  - node: Single-row index lookup on t using PRIMARY (id=mk.movie_id) (cost=0.25 rows=1)
      (actual time=566e-6..589e-6 rows=1 loops=1.7e+6)
    actual_rows: 1.0
    estimated_rows: 1.0
    q_error: 1.0
  - node: 'Filter: (mi_idx.info_type_id > 99) (cost=0.811 rows=1.62) (actual time=0.0046..0.0065
      rows=1.96 loops=1.7e+6)'
    actual_rows: 1.96
    estimated_rows: 1.62
    q_error: 1.2098765432098764
  - node: Index lookup on mi_idx using movie_id_movie_info_idx (movie_id=mk.movie_id)
      (cost=0.811 rows=3.24) (actual time=0.00336..0.00611 rows=2.92 loops=1.7e+6)
    actual_rows: 2.92
    estimated_rows: 3.24
    q_error: 1.1095890410958904
  - node: Index lookup on mi using movie_id_movie_info (movie_id=mk.movie_id) (cost=1.34
      rows=5.37) (actual time=0.00176..0.16 rows=150 loops=3.35e+6)
    actual_rows: 150.0
    estimated_rows: 5.37
    q_error: 27.932960893854748

- query: SELECT * FROM title t,movie_keyword mk WHERE t.id=mk.movie_id AND mk.keyword_id>20319
  qep:
  - node: Nested loop inner join (cost=1.11e+6 rows=1.97e+6) (actual time=12.7..1420
      rows=931394 loops=1)
    actual_rows: 931394.0
    estimated_rows: 1970000.0
    q_error: 2.115109180432771
  - node: 'Filter: (mk.keyword_id > 20319) (cost=420275 rows=1.97e+6) (actual time=12.7..998
      rows=931394 loops=1)'
    actual_rows: 931394.0
    estimated_rows: 1970000.0
    q_error: 2.115109180432771
  - node: Table scan on mk (cost=420275 rows=4.18e+6) (actual time=0.693..819 rows=4.52e+6
      loops=1)
    actual_rows: 4520000.0
    estimated_rows: 4180000.0
    q_error: 1.0813397129186604
  - node: Single-row index lookup on t using PRIMARY (id=mk.movie_id) (cost=0.25 rows=1)
      (actual time=323e-6..342e-6 rows=1 loops=931394)
    actual_rows: 1.0
    estimated_rows: 1.0
    q_error: 1.0

- query: SELECT * FROM movie_companies mc WHERE mc.company_id>10585
  qep:
  - node: 'Filter: (mc.company_id > 10585) (cost=262291 rows=1.3e+6) (actual time=180..1316
      rows=1.42e+6 loops=1)'
    actual_rows: 1420000.0
    estimated_rows: 1300000.0
    q_error: 1.0923076923076922
  - node: Table scan on mc (cost=262291 rows=2.6e+6) (actual time=0.0162..1172 rows=2.61e+6
      loops=1)
    actual_rows: 2610000.0
    estimated_rows: 2600000.0
    q_error: 1.0038461538461538

- query: SELECT * FROM movie_keyword mk WHERE mk.keyword_id=16141
  qep:
  - node: Index lookup on mk using keyword_id_movie_keyword (keyword_id=16141) (cost=619
      rows=1768) (actual time=0.361..2.26 rows=1768 loops=1)
    actual_rows: 1768.0
    estimated_rows: 1768.0
    q_error: 1.0

- query: SELECT * FROM title t,movie_companies mc,movie_info_idx mi_idx,movie_keyword
    mk WHERE t.id=mc.movie_id AND t.id=mi_idx.movie_id AND t.id=mk.movie_id AND t.kind_id<7
    AND mi_idx.info_type_id=99
  qep:
  - node: Nested loop inner join (cost=4.8e+6 rows=11.9e+6) (actual time=0.346..34076
      rows=31.9e+6 loops=1)
    actual_rows: 31900000.0
    estimated_rows: 11900000.0
    q_error: 2.680672268907563
  - node: Nested loop inner join (cost=648125 rows=1.03e+6) (actual time=0.0275..3427
      rows=1.06e+6 loops=1)
    actual_rows: 1060000.0
    estimated_rows: 1030000.0
    q_error: 1.029126213592233
  - node: Nested loop inner join (cost=287932 rows=317280) (actual time=0.0196..1376
      rows=318019 loops=1)
    actual_rows: 318019.0
    estimated_rows: 317280.0
    q_error: 1.002329172970247
  - node: Index lookup on mi_idx using info_type_id_movie_info_idx (info_type_id=99)
      (cost=65836 rows=634560) (actual time=0.0115..599 rows=459925 loops=1)
    actual_rows: 459925.0
    estimated_rows: 634560.0
    q_error: 1.3797032124802957
  - node: 'Filter: (t.kind_id < 7) (cost=0.25 rows=0.5) (actual time=0.00152..0.00156
      rows=0.691 loops=459925)'
    actual_rows: 0.691
    estimated_rows: 0.5
    q_error: 1.382
  - node: Single-row index lookup on t using PRIMARY (id=mi_idx.movie_id) (cost=0.25
      rows=1) (actual time=0.00137..0.00139 rows=1 loops=459925)
    actual_rows: 1.0
    estimated_rows: 1.0
    q_error: 1.0
  - node: Index lookup on mc using movie_id_movie_companies (movie_id=mi_idx.movie_id)
      (cost=0.811 rows=3.24) (actual time=0.00255..0.00621 rows=3.33 loops=318019)
    actual_rows: 3.33
    estimated_rows: 3.24
    q_error: 1.0277777777777777
  - node: Index lookup on mk using movie_id_movie_keyword (movie_id=mi_idx.movie_id)
      (cost=2.88 rows=11.5) (actual time=0.00768..0.0275 rows=30.1 loops=1.06e+6)
    actual_rows: 30.1
    estimated_rows: 11.5
    q_error: 2.617391304347826

- query: SELECT * FROM title t,cast_info ci,movie_keyword mk WHERE t.id=ci.movie_id
    AND t.id=mk.movie_id AND t.production_year=2000 AND ci.person_id<2338395
  qep:
  - node: Nested loop inner join (cost=4.15e+6 rows=3.23e+6) (actual time=0.768..9853
      rows=3.44e+6 loops=1)
    actual_rows: 3440000.0
    estimated_rows: 3230000.0
    q_error: 1.065015479876161
  - node: Nested loop inner join (cost=1.88e+6 rows=418105) (actual time=0.755..2716
      rows=108792 loops=1)
    actual_rows: 108792.0
    estimated_rows: 418105.0
    q_error: 3.843159423487021
  - node: Table scan on mk (cost=420275 rows=4.18e+6) (actual time=0.667..877 rows=4.52e+6
      loops=1)
    actual_rows: 4520000.0
    estimated_rows: 4180000.0
    q_error: 1.0813397129186604
  - node: 'Filter: (t.production_year = 2000) (cost=0.25 rows=0.1) (actual time=333e-6..335e-6
      rows=0.024 loops=4.52e+6)'
    actual_rows: 0.024
    estimated_rows: 0.1
    q_error: 4.166666666666667
  - node: Single-row index lookup on t using PRIMARY (id=mk.movie_id) (cost=0.25 rows=1)
      (actual time=194e-6..214e-6 rows=1 loops=4.52e+6)
    actual_rows: 1.0
    estimated_rows: 1.0
    q_error: 1.0
  - node: 'Filter: (ci.person_id < 2338395) (cost=3.87 rows=7.73) (actual time=0.00214..0.0641
      rows=31.6 loops=108792)'
    actual_rows: 31.6
    estimated_rows: 7.73
    q_error: 4.087968952134541
  - node: Index lookup on ci using movie_id_cast_info (movie_id=mk.movie_id) (cost=3.87
      rows=15.5) (actual time=0.00189..0.0606 rows=51.9 loops=108792)
    actual_rows: 51.9
    estimated_rows: 15.5
    q_error: 3.3483870967741933

- query: SELECT * FROM title t,cast_info ci,movie_info_idx mi_idx,movie_keyword mk
    WHERE t.id=ci.movie_id AND t.id=mi_idx.movie_id AND t.id=mk.movie_id AND t.kind_id<4
    AND ci.person_id<1554285 AND ci.role_id<3
  qep:
  - node: Nested loop inner join (cost=13.9e+6 rows=28.3e+6) (actual time=0.426..209893
      rows=178e+6 loops=1)
    actual_rows: 178000000.0
    estimated_rows: 28300000.0
    q_error: 6.289752650176679
  - node: Nested loop inner join (cost=4.01e+6 rows=2.45e+6) (actual time=0.415..46733
      rows=8.31e+6 loops=1)
    actual_rows: 8310000.0
    estimated_rows: 2450000.0
    q_error: 3.3918367346938774
  - node: Nested loop inner join (cost=571898 rows=634560) (actual time=0.357..2169
      rows=854105 loops=1)
    actual_rows: 854105.0
    estimated_rows: 634560.0
    q_error: 1.3459798915784165
  - node: Table scan on mi_idx (cost=127705 rows=1.27e+6) (actual time=0.343..883
      rows=1.38e+6 loops=1)
    actual_rows: 1380000.0
    estimated_rows: 1270000.0
    q_error: 1.0866141732283465
  - node: 'Filter: (t.kind_id < 4) (cost=0.25 rows=0.5) (actual time=768e-6..814e-6
      rows=0.619 loops=1.38e+6)'
    actual_rows: 0.619
    estimated_rows: 0.5
    q_error: 1.238
  - node: Single-row index lookup on t using PRIMARY (id=mi_idx.movie_id) (cost=0.25
      rows=1) (actual time=622e-6..644e-6 rows=1 loops=1.38e+6)
    actual_rows: 1.0
    estimated_rows: 1.0
    q_error: 1.0
  - node: 'Filter: ((ci.person_id < 1554285) and (ci.role_id < 3)) (cost=3.87 rows=3.87)
      (actual time=0.00413..0.0516 rows=9.73 loops=854105)'
    actual_rows: 9.73
    estimated_rows: 3.87
    q_error: 2.5142118863049094
  - node: Index lookup on ci using movie_id_cast_info (movie_id=mi_idx.movie_id) (cost=3.87
      rows=15.5) (actual time=0.00268..0.0489 rows=27.6 loops=854105)
    actual_rows: 27.6
    estimated_rows: 15.5
    q_error: 1.7806451612903227
  - node: Index lookup on mk using movie_id_movie_keyword (movie_id=mi_idx.movie_id)
      (cost=2.88 rows=11.5) (actual time=0.00547..0.0186 rows=21.4 loops=8.31e+6)
    actual_rows: 21.4
    estimated_rows: 11.5
    q_error: 1.8608695652173912

- query: SELECT * FROM title t,movie_info_idx mi_idx WHERE t.id=mi_idx.movie_id AND
    t.kind_id=7 AND t.production_year>2007
  qep:
  - node: Nested loop inner join (cost=571898 rows=211499) (actual time=0.0404..1683
      rows=115854 loops=1)
    actual_rows: 115854.0
    estimated_rows: 211499.0
    q_error: 1.825564935177033
  - node: Table scan on mi_idx (cost=127705 rows=1.27e+6) (actual time=0.0122..774
      rows=1.38e+6 loops=1)
    actual_rows: 1380000.0
    estimated_rows: 1270000.0
    q_error: 1.0866141732283465
  - node: 'Filter: ((t.kind_id = 7) and (t.production_year > 2007)) (cost=0.25 rows=0.167)
      (actual time=579e-6..584e-6 rows=0.084 loops=1.38e+6)'
    actual_rows: 0.084
    estimated_rows: 0.167
    q_error: 1.9880952380952381
  - node: Single-row index lookup on t using PRIMARY (id=mi_idx.movie_id) (cost=0.25
      rows=1) (actual time=431e-6..450e-6 rows=1 loops=1.38e+6)
    actual_rows: 1.0
    estimated_rows: 1.0
    q_error: 1.0

- query: SELECT * FROM title t,movie_companies mc,cast_info ci,movie_info_idx mi_idx,movie_keyword
    mk WHERE t.id=mc.movie_id AND t.id=ci.movie_id AND t.id=mi_idx.movie_id AND t.id=mk.movie_id
    AND t.kind_id<7 AND mc.company_id<52087 AND ci.person_id<158834 AND ci.role_id>1
  qep:
  - node: Nested loop inner join (cost=7.81e+6 rows=9.25e+6) (actual time=0.477..145217
      rows=110e+6 loops=1)
    actual_rows: 110000000.0
    estimated_rows: 9250000.0
    q_error: 11.891891891891891
  - node: Nested loop inner join (cost=4.57e+6 rows=801726) (actual time=0.466..50209
      rows=1.53e+6 loops=1)
    actual_rows: 1530000.0
    estimated_rows: 801726.0
    q_error: 1.9083826644015536
  - node: Nested loop inner join (cost=4.01e+6 rows=494346) (actual time=0.454..47174
      rows=300963 loops=1)
    actual_rows: 300963.0
    estimated_rows: 494346.0
    q_error: 1.642547422772899
  - node: Nested loop inner join (cost=571898 rows=634560) (actual time=0.0236..2144
      rows=954317 loops=1)
    actual_rows: 954317.0
    estimated_rows: 634560.0
    q_error: 1.5039034921835603
  - node: Table scan on mi_idx (cost=127705 rows=1.27e+6) (actual time=0.0126..861
      rows=1.38e+6 loops=1)
    actual_rows: 1380000.0
    estimated_rows: 1270000.0
    q_error: 1.0866141732283465
  - node: 'Filter: (t.kind_id < 7) (cost=0.25 rows=0.5) (actual time=759e-6..809e-6
      rows=0.692 loops=1.38e+6)'
    actual_rows: 0.692
    estimated_rows: 0.5
    q_error: 1.384
  - node: Single-row index lookup on t using PRIMARY (id=mi_idx.movie_id) (cost=0.25
      rows=1) (actual time=616e-6..638e-6 rows=1 loops=1.38e+6)
    actual_rows: 1.0
    estimated_rows: 1.0
    q_error: 1.0
  - node: 'Filter: ((ci.person_id < 158834) and (ci.role_id > 1)) (cost=3.87 rows=0.779)
      (actual time=0.0417..0.0471 rows=0.315 loops=954317)'
    actual_rows: 0.315
    estimated_rows: 0.779
    q_error: 2.473015873015873
  - node: Index lookup on ci using movie_id_cast_info (movie_id=mi_idx.movie_id) (cost=3.87
      rows=15.5) (actual time=0.0023..0.045 rows=27 loops=954317)
    actual_rows: 27.0
    estimated_rows: 15.5
    q_error: 1.7419354838709677
  - node: 'Filter: (mc.company_id < 52087) (cost=0.811 rows=1.62) (actual time=0.00242..0.00968
      rows=5.07 loops=300963)'
    actual_rows: 5.07
    estimated_rows: 1.62
    q_error: 3.1296296296296298
  - node: Index lookup on mc using movie_id_movie_companies (movie_id=mi_idx.movie_id)
      (cost=0.811 rows=3.24) (actual time=0.00214..0.00897 rows=6.18 loops=300963)
    actual_rows: 6.18
    estimated_rows: 3.24
    q_error: 1.9074074074074072
  - node: Index lookup on mk using movie_id_movie_keyword (movie_id=mi_idx.movie_id)
      (cost=2.88 rows=11.5) (actual time=0.00842..0.059 rows=72 loops=1.53e+6)
    actual_rows: 72.0
    estimated_rows: 11.5
    q_error: 6.260869565217392

- query: SELECT * FROM title t,movie_info mi,movie_info_idx mi_idx,movie_keyword mk
    WHERE t.id=mi.movie_id AND t.id=mi_idx.movie_id AND t.id=mk.movie_id AND mi_idx.info_type_id>100
  qep:
  - node: Nested loop inner join (cost=15.3e+6 rows=39.3e+6) (actual time=0.0459..228968
      rows=243e+6 loops=1)
    actual_rows: 243000000.0
    estimated_rows: 39300000.0
    q_error: 6.183206106870229
  - node: Nested loop inner join (cost=1.54e+6 rows=3.41e+6) (actual time=0.0346..16262
      rows=7.02e+6 loops=1)
    actual_rows: 7020000.0
    estimated_rows: 3410000.0
    q_error: 2.058651026392962
  - node: Nested loop inner join (cost=349801 rows=634560) (actual time=0.023..1741
      rows=460185 loops=1)
    actual_rows: 460185.0
    estimated_rows: 634560.0
    q_error: 1.3789236937318687
  - node: 'Filter: (mi_idx.info_type_id > 100) (cost=127705 rows=634560) (actual time=0.0139..930
      rows=460185 loops=1)'
    actual_rows: 460185.0
    estimated_rows: 634560.0
    q_error: 1.3789236937318687
  - node: Table scan on mi_idx (cost=127705 rows=1.27e+6) (actual time=0.01..811 rows=1.38e+6
      loops=1)
    actual_rows: 1380000.0
    estimated_rows: 1270000.0
    q_error: 1.0866141732283465
  - node: Single-row index lookup on t using PRIMARY (id=mi_idx.movie_id) (cost=0.25
      rows=1) (actual time=0.00158..0.0016 rows=1 loops=460185)
    actual_rows: 1.0
    estimated_rows: 1.0
    q_error: 1.0
  - node: Index lookup on mi using movie_id_movie_info (movie_id=mi_idx.movie_id)
      (cost=1.34 rows=5.37) (actual time=0.00324..0.0307 rows=15.3 loops=460185)
    actual_rows: 15.3
    estimated_rows: 5.37
    q_error: 2.8491620111731844
  - node: Index lookup on mk using movie_id_movie_keyword (movie_id=mi_idx.movie_id)
      (cost=2.88 rows=11.5) (actual time=0.00605..0.0287 rows=34.6 loops=7.02e+6)
    actual_rows: 34.6
    estimated_rows: 11.5
    q_error: 3.008695652173913

- query: SELECT * FROM movie_companies mc WHERE mc.company_id=6 AND mc.company_type_id>1
  qep:
  - node: 'Filter: (mc.company_type_id > 1) (cost=12854 rows=59109) (actual time=62.6..71.8
      rows=6578 loops=1)'
    actual_rows: 6578.0
    estimated_rows: 59109.0
    q_error: 8.985861964122833
  - node: Index lookup on mc using company_id_movie_companies (company_id=6) (cost=12854
      rows=118218) (actual time=0.0191..69.6 rows=62075 loops=1)
    actual_rows: 62075.0
    estimated_rows: 118218.0
    q_error: 1.9044381796214256

- query: SELECT * FROM title t,cast_info ci,movie_info_idx mi_idx WHERE t.id=ci.movie_id
    AND t.id=mi_idx.movie_id AND t.kind_id=7 AND ci.person_id>1187578 AND ci.role_id<11
  qep:
  - node: Nested loop inner join (cost=4.01e+6 rows=2.45e+6) (actual time=0.345..28981
      rows=10.1e+6 loops=1)
    actual_rows: 10100000.0
    estimated_rows: 2450000.0
    q_error: 4.122448979591836
  - node: Nested loop inner join (cost=571898 rows=634560) (actual time=0.334..1886
      rows=425718 loops=1)
    actual_rows: 425718.0
    estimated_rows: 634560.0
    q_error: 1.4905641762857103
  - node: Table scan on mi_idx (cost=127705 rows=1.27e+6) (actual time=0.301..815
      rows=1.38e+6 loops=1)
    actual_rows: 1380000.0
    estimated_rows: 1270000.0
    q_error: 1.0866141732283465
  - node: 'Filter: (t.kind_id = 7) (cost=0.25 rows=0.5) (actual time=662e-6..684e-6
      rows=0.308 loops=1.38e+6)'
    actual_rows: 0.308
    estimated_rows: 0.5
    q_error: 1.6233766233766234
  - node: Single-row index lookup on t using PRIMARY (id=mi_idx.movie_id) (cost=0.25
      rows=1) (actual time=518e-6..538e-6 rows=1 loops=1.38e+6)
    actual_rows: 1.0
    estimated_rows: 1.0
    q_error: 1.0
  - node: 'Filter: ((ci.person_id > 1187578) and (ci.role_id < 11)) (cost=3.87 rows=3.87)
      (actual time=0.0151..0.0624 rows=23.7 loops=425718)'
    actual_rows: 23.7
    estimated_rows: 3.87
    q_error: 6.124031007751937
  - node: Index lookup on ci using movie_id_cast_info (movie_id=mi_idx.movie_id) (cost=3.87
      rows=15.5) (actual time=0.00343..0.0588 rows=35.6 loops=425718)
    actual_rows: 35.6
    estimated_rows: 15.5
    q_error: 2.296774193548387

- query: SELECT * FROM title t,movie_companies mc,movie_info mi,movie_info_idx mi_idx,movie_keyword
    mk WHERE t.id=mc.movie_id AND t.id=mi.movie_id AND t.id=mi_idx.movie_id AND t.id=mk.movie_id
    AND mc.company_type_id=2 AND mi.info_type_id=8 AND mi_idx.info_type_id<100
  qep:
  - node: Nested loop inner join (cost=6.95e+6 rows=13.2e+6) (actual time=0.0607..29721
      rows=12e+6 loops=1)
    actual_rows: 12000000.0
    estimated_rows: 13200000.0
    q_error: 1.1
  - node: Nested loop inner join (cost=2.34e+6 rows=1.14e+6) (actual time=0.0488..17201
      rows=674751 loops=1)
    actual_rows: 674751.0
    estimated_rows: 1140000.0
    q_error: 1.68951213114171
  - node: Nested loop inner join (cost=1.54e+6 rows=704158) (actual time=0.035..14251
      rows=424997 loops=1)
    actual_rows: 424997.0
    estimated_rows: 704158.0
    q_error: 1.656854048381518
  - node: Nested loop inner join (cost=349801 rows=634560) (actual time=0.019..1626
      rows=459925 loops=1)
    actual_rows: 459925.0
    estimated_rows: 634560.0
    q_error: 1.3797032124802957
  - node: 'Filter: (mi_idx.info_type_id < 100) (cost=127705 rows=634560) (actual time=0.0107..875
      rows=459925 loops=1)'
    actual_rows: 459925.0
    estimated_rows: 634560.0
    q_error: 1.3797032124802957
  - node: Table scan on mi_idx (cost=127705 rows=1.27e+6) (actual time=0.0099..774
      rows=1.38e+6 loops=1)
    actual_rows: 1380000.0
    estimated_rows: 1270000.0
    q_error: 1.0866141732283465
  - node: Single-row index lookup on t using PRIMARY (id=mi_idx.movie_id) (cost=0.25
      rows=1) (actual time=0.00147..0.00149 rows=1 loops=459925)
    actual_rows: 1.0
    estimated_rows: 1.0
    q_error: 1.0
  - node: 'Filter: (mi.info_type_id = 8) (cost=1.34 rows=1.11) (actual time=0.0143..0.0273
      rows=0.924 loops=459925)'
    actual_rows: 0.924
    estimated_rows: 1.11
    q_error: 1.2012987012987013
  - node: Index lookup on mi using movie_id_movie_info (movie_id=mi_idx.movie_id)
      (cost=1.34 rows=5.37) (actual time=0.00293..0.0261 rows=15.1 loops=459925)
    actual_rows: 15.1
    estimated_rows: 5.37
    q_error: 2.811918063314711
  - node: 'Filter: (mc.company_type_id = 2) (cost=0.811 rows=1.62) (actual time=0.00527..0.00674
      rows=1.59 loops=424997)'
    actual_rows: 1.59
    estimated_rows: 1.62
    q_error: 1.0188679245283019
  - node: Index lookup on mc using movie_id_movie_companies (movie_id=mi_idx.movie_id)
      (cost=0.811 rows=3.24) (actual time=0.00251..0.00634 rows=3.72 loops=424997)
    actual_rows: 3.72
    estimated_rows: 3.24
    q_error: 1.1481481481481481
  - node: Index lookup on mk using movie_id_movie_keyword (movie_id=mi_idx.movie_id)
      (cost=2.88 rows=11.5) (actual time=0.00609..0.0176 rows=17.8 loops=674751)
    actual_rows: 17.8
    estimated_rows: 11.5
    q_error: 1.547826086956522

- query: SELECT * FROM title t,cast_info ci,movie_info_idx mi_idx,movie_keyword mk
    WHERE t.id=ci.movie_id AND t.id=mi_idx.movie_id AND t.id=mk.movie_id AND mi_idx.info_type_id<100
  qep:
  - node: Nested loop inner join (cost=42.6e+6 rows=113e+6) (actual time=0.0434..247417
      rows=201e+6 loops=1)
    actual_rows: 201000000.0
    estimated_rows: 113000000.0
    q_error: 1.7787610619469028
  - node: Nested loop inner join (cost=2.91e+6 rows=7.32e+6) (actual time=0.0358..7303
      rows=3.46e+6 loops=1)
    actual_rows: 3460000.0
    estimated_rows: 7320000.0
    q_error: 2.115606936416185
  - node: Nested loop inner join (cost=349801 rows=634560) (actual time=0.0218..1742
      rows=459925 loops=1)
    actual_rows: 459925.0
    estimated_rows: 634560.0
    q_error: 1.3797032124802957
  - node: 'Filter: (mi_idx.info_type_id < 100) (cost=127705 rows=634560) (actual time=0.0119..932
      rows=459925 loops=1)'
    actual_rows: 459925.0
    estimated_rows: 634560.0
    q_error: 1.3797032124802957
  - node: Table scan on mi_idx (cost=127705 rows=1.27e+6) (actual time=0.0113..814
      rows=1.38e+6 loops=1)
    actual_rows: 1380000.0
    estimated_rows: 1270000.0
    q_error: 1.0866141732283465
  - node: Single-row index lookup on t using PRIMARY (id=mi_idx.movie_id) (cost=0.25
      rows=1) (actual time=0.00158..0.00161 rows=1 loops=459925)
    actual_rows: 1.0
    estimated_rows: 1.0
    q_error: 1.0
  - node: Index lookup on mk using movie_id_movie_keyword (movie_id=mi_idx.movie_id)
      (cost=2.88 rows=11.5) (actual time=0.00559..0.0116 rows=7.53 loops=459925)
    actual_rows: 7.53
    estimated_rows: 11.5
    q_error: 1.5272244355909694
  - node: Index lookup on ci using movie_id_cast_info (movie_id=mi_idx.movie_id) (cost=3.87
      rows=15.5) (actual time=0.00162..0.0667 rows=57.9 loops=3.46e+6)
    actual_rows: 57.9
    estimated_rows: 15.5
    q_error: 3.735483870967742

- query: SELECT * FROM title t,movie_info mi,movie_keyword mk WHERE t.id=mi.movie_id
    AND t.id=mk.movie_id
  qep:
  - node: Nested loop inner join (cost=9.74e+6 rows=22.5e+6) (actual time=0.737..256925
      rows=235e+6 loops=1)
    actual_rows: 235000000.0
    estimated_rows: 22500000.0
    q_error: 10.444444444444445
  - node: Nested loop inner join (cost=1.88e+6 rows=4.18e+6) (actual time=0.724..3186
      rows=4.52e+6 loops=1)
    actual_rows: 4520000.0
    estimated_rows: 4180000.0
    q_error: 1.0813397129186604
  - node: Table scan on mk (cost=420275 rows=4.18e+6) (actual time=0.712..1083 rows=4.52e+6
      loops=1)
    actual_rows: 4520000.0
    estimated_rows: 4180000.0
    q_error: 1.0813397129186604
  - node: Single-row index lookup on t using PRIMARY (id=mk.movie_id) (cost=0.25 rows=1)
      (actual time=310e-6..331e-6 rows=1 loops=4.52e+6)
    actual_rows: 1.0
    estimated_rows: 1.0
    q_error: 1.0
  - node: Index lookup on mi using movie_id_movie_info (movie_id=mk.movie_id) (cost=1.34
      rows=5.37) (actual time=0.00156..0.0537 rows=52 loops=4.52e+6)
    actual_rows: 52.0
    estimated_rows: 5.37
    q_error: 9.683426443202979

- query: SELECT * FROM title t,cast_info ci,movie_info mi,movie_info_idx mi_idx WHERE
    t.id=ci.movie_id AND t.id=mi.movie_id AND t.id=mi_idx.movie_id AND t.kind_id=3
    AND t.production_year<1960 AND ci.role_id>2 AND mi.info_type_id>2
  qep:
  - node: Nested loop inner join (cost=1.61e+6 rows=1.32e+6) (actual time=653..1852
      rows=46899 loops=1)
    actual_rows: 46899.0
    estimated_rows: 1320000.0
    q_error: 28.145589458197403
  - node: Nested loop inner join (cost=691207 rows=170441) (actual time=653..1639
      rows=8445 loops=1)
    actual_rows: 8445.0
    estimated_rows: 170441.0
    q_error: 20.182474837181765
  - node: Nested loop inner join (cost=571898 rows=63456) (actual time=653..1617 rows=1218
      loops=1)
    actual_rows: 1218.0
    estimated_rows: 63456.0
    q_error: 52.09852216748769
  - node: Table scan on mi_idx (cost=127705 rows=1.27e+6) (actual time=0.0194..723
      rows=1.38e+6 loops=1)
    actual_rows: 1380000.0
    estimated_rows: 1270000.0
    q_error: 1.0866141732283465
  - node: 'Filter: ((t.kind_id = 3) and (t.production_year < 1960)) (cost=0.25 rows=0.05)
      (actual time=579e-6..579e-6 rows=883e-6 loops=1.38e+6)'
    actual_rows: 0.000883
    estimated_rows: 0.05
    q_error: 56.62514156285391
  - node: Single-row index lookup on t using PRIMARY (id=mi_idx.movie_id) (cost=0.25
      rows=1) (actual time=426e-6..445e-6 rows=1 loops=1.38e+6)
    actual_rows: 1.0
    estimated_rows: 1.0
    q_error: 1.0
  - node: 'Filter: (mi.info_type_id > 2) (cost=1.34 rows=2.69) (actual time=0.00409..0.0172
      rows=6.93 loops=1218)'
    actual_rows: 6.93
    estimated_rows: 2.69
    q_error: 2.5762081784386615
  - node: Index lookup on mi using movie_id_movie_info (movie_id=mi_idx.movie_id)
      (cost=1.34 rows=5.37) (actual time=0.00312..0.0162 rows=8.69 loops=1218)
    actual_rows: 8.69
    estimated_rows: 5.37
    q_error: 1.6182495344506516
  - node: 'Filter: (ci.role_id > 2) (cost=3.87 rows=7.73) (actual time=0.0188..0.0249
      rows=5.55 loops=8445)'
    actual_rows: 5.55
    estimated_rows: 7.73
    q_error: 1.392792792792793
  - node: Index lookup on ci using movie_id_cast_info (movie_id=mi_idx.movie_id) (cost=3.87
      rows=15.5) (actual time=0.00154..0.0237 rows=20.5 loops=8445)
    actual_rows: 20.5
    estimated_rows: 15.5
    q_error: 1.3225806451612903

- query: SELECT * FROM title t,movie_info_idx mi_idx WHERE t.id=mi_idx.movie_id AND
    mi_idx.info_type_id=99
  qep:
  - node: Nested loop inner join (cost=287932 rows=634560) (actual time=0.0244..1103
      rows=459925 loops=1)
    actual_rows: 459925.0
    estimated_rows: 634560.0
    q_error: 1.3797032124802957
  - node: Index lookup on mi_idx using info_type_id_movie_info_idx (info_type_id=99)
      (cost=65836 rows=634560) (actual time=0.0156..515 rows=459925 loops=1)
    actual_rows: 459925.0
    estimated_rows: 634560.0
    q_error: 1.3797032124802957
  - node: Single-row index lookup on t using PRIMARY (id=mi_idx.movie_id) (cost=0.25
      rows=1) (actual time=0.00114..0.00116 rows=1 loops=459925)
    actual_rows: 1.0
    estimated_rows: 1.0
    q_error: 1.0

- query: SELECT * FROM movie_keyword mk WHERE mk.keyword_id>261
  qep:
  - node: 'Filter: (mk.keyword_id > 261) (cost=420275 rows=2.09e+6) (actual time=0.736..919
      rows=4.2e+6 loops=1)'
    actual_rows: 4200000.0
    estimated_rows: 2090000.0
    q_error: 2.0095693779904304
  - node: Table scan on mk (cost=420275 rows=4.18e+6) (actual time=0.712..693 rows=4.52e+6
      loops=1)
    actual_rows: 4520000.0
    estimated_rows: 4180000.0
    q_error: 1.0813397129186604

- query: SELECT * FROM title t,cast_info ci WHERE t.id=ci.movie_id
  qep:
  - node: Nested loop inner join (cost=14.3e+6 rows=40.2e+6) (actual time=0.354..103463
      rows=36.2e+6 loops=1)
    actual_rows: 36200000.0
    estimated_rows: 40200000.0
    q_error: 1.1104972375690607
  - node: Table scan on t (cost=266255 rows=2.6e+6) (actual time=0.323..2312 rows=2.53e+6
      loops=1)
    actual_rows: 2530000.0
    estimated_rows: 2600000.0
    q_error: 1.0276679841897234
  - node: Index lookup on ci using movie_id_cast_info (movie_id=t.id) (cost=3.87 rows=15.5)
      (actual time=0.00381..0.0391 rows=14.3 loops=2.53e+6)
    actual_rows: 14.3
    estimated_rows: 15.5
    q_error: 1.083916083916084

- query: SELECT * FROM title t,cast_info ci,movie_keyword mk WHERE t.id=ci.movie_id
    AND t.id=mk.movie_id AND mk.keyword_id=33156
  qep:
  - node: Nested loop inner join (cost=85.6 rows=217) (actual time=0.067..1.92 rows=763
      loops=1)
    actual_rows: 763.0
    estimated_rows: 217.0
    q_error: 3.5161290322580645
  - node: Nested loop inner join (cost=9.8 rows=14) (actual time=0.0509..0.0789 rows=14
      loops=1)
    actual_rows: 14.0
    estimated_rows: 14.0
    q_error: 1.0
  - node: Index lookup on mk using keyword_id_movie_keyword (keyword_id=33156) (cost=4.9
      rows=14) (actual time=0.0433..0.0468 rows=14 loops=1)
    actual_rows: 14.0
    estimated_rows: 14.0
    q_error: 1.0
  - node: Single-row index lookup on t using PRIMARY (id=mk.movie_id) (cost=0.257
      rows=1) (actual time=0.00211..0.00212 rows=1 loops=14)
    actual_rows: 1.0
    estimated_rows: 1.0
    q_error: 1.0
  - node: Index lookup on ci using movie_id_cast_info (movie_id=mk.movie_id) (cost=3.98
      rows=15.5) (actual time=0.00464..0.13 rows=54.5 loops=14)
    actual_rows: 54.5
    estimated_rows: 15.5
    q_error: 3.5161290322580645

- query: SELECT * FROM title t,movie_keyword mk WHERE t.id=mk.movie_id AND mk.keyword_id>315
  qep:
  - node: Nested loop inner join (cost=1.15e+6 rows=2.09e+6) (actual time=0.759..2565
      rows=4.17e+6 loops=1)
    actual_rows: 4170000.0
    estimated_rows: 2090000.0
    q_error: 1.9952153110047848
  - node: 'Filter: (mk.keyword_id > 315) (cost=420275 rows=2.09e+6) (actual time=0.748..1156
      rows=4.17e+6 loops=1)'
    actual_rows: 4170000.0
    estimated_rows: 2090000.0
    q_error: 1.9952153110047848
  - node: Table scan on mk (cost=420275 rows=4.18e+6) (actual time=0.712..887 rows=4.52e+6
      loops=1)
    actual_rows: 4520000.0
    estimated_rows: 4180000.0
    q_error: 1.0813397129186604
  - node: Single-row index lookup on t using PRIMARY (id=mk.movie_id) (cost=0.25 rows=1)
      (actual time=199e-6..220e-6 rows=1 loops=4.17e+6)
    actual_rows: 1.0
    estimated_rows: 1.0
    q_error: 1.0

- query: SELECT * FROM title t,cast_info ci,movie_info_idx mi_idx WHERE t.id=ci.movie_id
    AND t.id=mi_idx.movie_id AND t.kind_id<7 AND t.production_year>2012 AND ci.person_id<441861
  qep:
  - node: Nested loop inner join (cost=1.72e+6 rows=853210) (actual time=2.69..2130
      rows=25626 loops=1)
    actual_rows: 25626.0
    estimated_rows: 853210.0
    q_error: 33.29470069460704
  - node: Nested loop inner join (cost=571898 rows=211499) (actual time=1.67..1748
      rows=6543 loops=1)
    actual_rows: 6543.0
    estimated_rows: 211499.0
    q_error: 32.324468898058996
  - node: Table scan on mi_idx (cost=127705 rows=1.27e+6) (actual time=0.0128..777
      rows=1.38e+6 loops=1)
    actual_rows: 1380000.0
    estimated_rows: 1270000.0
    q_error: 1.0866141732283465
  - node: 'Filter: ((t.kind_id < 7) and (t.production_year > 2012)) (cost=0.25 rows=0.167)
      (actual time=629e-6..630e-6 rows=0.00474 loops=1.38e+6)'
    actual_rows: 0.00474
    estimated_rows: 0.167
    q_error: 35.232067510548525
  - node: Single-row index lookup on t using PRIMARY (id=mi_idx.movie_id) (cost=0.25
      rows=1) (actual time=455e-6..475e-6 rows=1 loops=1.38e+6)
    actual_rows: 1.0
    estimated_rows: 1.0
    q_error: 1.0
  - node: 'Filter: (ci.person_id < 441861) (cost=3.87 rows=4.03) (actual time=0.0076..0.058
      rows=3.92 loops=6543)'
    actual_rows: 3.92
    estimated_rows: 4.03
    q_error: 1.028061224489796
  - node: Index lookup on ci using movie_id_cast_info (movie_id=mi_idx.movie_id) (cost=3.87
      rows=15.5) (actual time=0.00286..0.0557 rows=32.1 loops=6543)
    actual_rows: 32.1
    estimated_rows: 15.5
    q_error: 2.070967741935484

- query: SELECT * FROM title t,movie_info mi WHERE t.id=mi.movie_id AND t.kind_id<7
    AND mi.info_type_id=16
  qep:
  - node: Nested loop inner join (cost=2.22e+6 rows=2.39e+6) (actual time=0.026..8571
      rows=1.39e+6 loops=1)
    actual_rows: 1390000.0
    estimated_rows: 2390000.0
    q_error: 1.7194244604316546
  - node: Index lookup on mi using info_type_id_movie_info (info_type_id=16) (cost=547515
      rows=4.78e+6) (actual time=0.0182..4843 rows=3.04e+6 loops=1)
    actual_rows: 3040000.0
    estimated_rows: 4780000.0
    q_error: 1.5723684210526316
  - node: 'Filter: (t.kind_id < 7) (cost=0.25 rows=0.5) (actual time=0.00108..0.00112
      rows=0.459 loops=3.04e+6)'
    actual_rows: 0.459
    estimated_rows: 0.5
    q_error: 1.0893246187363834
  - node: Single-row index lookup on t using PRIMARY (id=mi.movie_id) (cost=0.25 rows=1)
      (actual time=936e-6..957e-6 rows=1 loops=3.04e+6)
    actual_rows: 1.0
    estimated_rows: 1.0
    q_error: 1.0

- query: SELECT * FROM title t,movie_companies mc,movie_info mi,movie_keyword mk WHERE
    t.id=mc.movie_id AND t.id=mi.movie_id AND t.id=mk.movie_id AND mi.info_type_id>4
    AND mk.keyword_id=51157
  qep:
  - node: Nested loop inner join (cost=158 rows=244) (actual time=0.12..48.3 rows=45071
      loops=1)
    actual_rows: 45071.0
    estimated_rows: 244.0
    q_error: 184.7172131147541
  - node: Nested loop inner join (cost=72.2 rows=75.2) (actual time=0.0796..5.32 rows=2288
      loops=1)
    actual_rows: 2288.0
    estimated_rows: 75.2
    q_error: 30.425531914893615
  - node: Nested loop inner join (cost=19.6 rows=28) (actual time=0.0704..0.157 rows=28
      loops=1)
    actual_rows: 28.0
    estimated_rows: 28.0
    q_error: 1.0
  - node: Index lookup on mk using keyword_id_movie_keyword (keyword_id=51157) (cost=9.8
      rows=28) (actual time=0.0626..0.0746 rows=28 loops=1)
    actual_rows: 28.0
    estimated_rows: 28.0
    q_error: 1.0
  - node: Single-row index lookup on t using PRIMARY (id=mk.movie_id) (cost=0.254
      rows=1) (actual time=0.00275..0.00278 rows=1 loops=28)
    actual_rows: 1.0
    estimated_rows: 1.0
    q_error: 1.0
  - node: 'Filter: (mi.info_type_id > 4) (cost=1.35 rows=2.69) (actual time=0.00465..0.18
      rows=81.7 loops=28)'
    actual_rows: 81.7
    estimated_rows: 2.69
    q_error: 30.37174721189591
  - node: Index lookup on mi using movie_id_movie_info (movie_id=mk.movie_id) (cost=1.35
      rows=5.37) (actual time=0.00451..0.172 rows=87.4 loops=28)
    actual_rows: 87.4
    estimated_rows: 5.37
    q_error: 16.2756052141527
  - node: Index lookup on mc using movie_id_movie_companies (movie_id=mk.movie_id)
      (cost=0.815 rows=3.24) (actual time=0.00132..0.0179 rows=19.7 loops=2288)
    actual_rows: 19.7
    estimated_rows: 3.24
    q_error: 6.080246913580246

- query: SELECT * FROM title t,cast_info ci,movie_info_idx mi_idx,movie_keyword mk
    WHERE t.id=ci.movie_id AND t.id=mi_idx.movie_id AND t.id=mk.movie_id AND ci.role_id=3
  qep:
  - node: Nested loop inner join (cost=25.9e+6 rows=52.7e+6) (actual time=0.104..116685
      rows=43.3e+6 loops=1)
    actual_rows: 43300000.0
    estimated_rows: 52700000.0
    q_error: 1.2170900692840647
  - node: Nested loop inner join (cost=7.44e+6 rows=4.57e+6) (actual time=0.0935..70960
      rows=4.58e+6 loops=1)
    actual_rows: 4580000.0
    estimated_rows: 4570000.0
    q_error: 1.0021881838074398
  - node: Nested loop inner join (cost=571898 rows=1.27e+6) (actual time=0.0231..2011
      rows=1.38e+6 loops=1)
    actual_rows: 1380000.0
    estimated_rows: 1270000.0
    q_error: 1.0866141732283465
  - node: Table scan on mi_idx (cost=127705 rows=1.27e+6) (actual time=0.0132..895
      rows=1.38e+6 loops=1)
    actual_rows: 1380000.0
    estimated_rows: 1270000.0
    q_error: 1.0866141732283465
  - node: Single-row index lookup on t using PRIMARY (id=mi_idx.movie_id) (cost=0.25
      rows=1) (actual time=646e-6..668e-6 rows=1 loops=1.38e+6)
    actual_rows: 1.0
    estimated_rows: 1.0
    q_error: 1.0
  - node: 'Filter: (ci.role_id = 3) (cost=3.87 rows=3.6) (actual time=0.0287..0.0497
      rows=3.32 loops=1.38e+6)'
    actual_rows: 3.32
    estimated_rows: 3.6
    q_error: 1.0843373493975905
  - node: Index lookup on ci using movie_id_cast_info (movie_id=mi_idx.movie_id) (cost=3.87
      rows=15.5) (actual time=0.00222..0.0477 rows=29.6 loops=1.38e+6)
    actual_rows: 29.6
    estimated_rows: 15.5
    q_error: 1.9096774193548387
  - node: Index lookup on mk using movie_id_movie_keyword (movie_id=mi_idx.movie_id)
      (cost=2.88 rows=11.5) (actual time=0.0041..0.00946 rows=9.47 loops=4.58e+6)
    actual_rows: 9.47
    estimated_rows: 11.5
    q_error: 1.2143611404435057

- query: SELECT * FROM title t,movie_companies mc WHERE t.id=mc.movie_id AND t.production_year<1984
    AND mc.company_id=1129
  qep:
  - node: Nested loop inner join (cost=552 rows=263) (actual time=0.0395..2.61 rows=735
      loops=1)
    actual_rows: 735.0
    estimated_rows: 263.0
    q_error: 2.79467680608365
  - node: Index lookup on mc using company_id_movie_companies (company_id=1129) (cost=276
      rows=788) (actual time=0.0276..1.25 rows=788 loops=1)
    actual_rows: 788.0
    estimated_rows: 788.0
    q_error: 1.0
  - node: 'Filter: (t.production_year < 1984) (cost=0.25 rows=0.333) (actual time=0.00158..0.00162
      rows=0.933 loops=788)'
    actual_rows: 0.933
    estimated_rows: 0.333
    q_error: 2.8018018018018016
  - node: Single-row index lookup on t using PRIMARY (id=mc.movie_id) (cost=0.25 rows=1)
      (actual time=0.00149..0.00151 rows=1 loops=788)
    actual_rows: 1.0
    estimated_rows: 1.0
    q_error: 1.0

- query: SELECT * FROM title t,movie_keyword mk WHERE t.id=mk.movie_id AND mk.keyword_id<7511
  qep:
  - node: Nested loop inner join (cost=1.15e+6 rows=2.09e+6) (actual time=0.77..2123
      rows=2.68e+6 loops=1)
    actual_rows: 2680000.0
    estimated_rows: 2090000.0
    q_error: 1.2822966507177034
  - node: 'Filter: (mk.keyword_id < 7511) (cost=420275 rows=2.09e+6) (actual time=0.755..1105
      rows=2.68e+6 loops=1)'
    actual_rows: 2680000.0
    estimated_rows: 2090000.0
    q_error: 1.2822966507177034
  - node: Table scan on mk (cost=420275 rows=4.18e+6) (actual time=0.754..857 rows=4.52e+6
      loops=1)
    actual_rows: 4520000.0
    estimated_rows: 4180000.0
    q_error: 1.0813397129186604
  - node: Single-row index lookup on t using PRIMARY (id=mk.movie_id) (cost=0.25 rows=1)
      (actual time=246e-6..266e-6 rows=1 loops=2.68e+6)
    actual_rows: 1.0
    estimated_rows: 1.0
    q_error: 1.0

- query: SELECT * FROM movie_companies mc WHERE mc.company_type_id>1
  qep:
  - node: 'Filter: (mc.company_type_id > 1) (cost=262291 rows=1.3e+6) (actual time=605..1277
      rows=1.33e+6 loops=1)'
    actual_rows: 1330000.0
    estimated_rows: 1300000.0
    q_error: 1.023076923076923
  - node: Table scan on mc (cost=262291 rows=2.6e+6) (actual time=0.0117..1141 rows=2.61e+6
      loops=1)
    actual_rows: 2610000.0
    estimated_rows: 2600000.0
    q_error: 1.0038461538461538

- query: SELECT * FROM title t,cast_info ci,movie_info mi,movie_info_idx mi_idx WHERE
    t.id=ci.movie_id AND t.id=mi.movie_id AND t.id=mi_idx.movie_id AND ci.person_id<2887164
    AND ci.role_id>1 AND mi_idx.info_type_id=100
  qep:
  - node: Nested loop inner join (cost=8.34e+6 rows=13.2e+6) (actual time=0.0539..206256
      rows=144e+6 loops=1)
    actual_rows: 144000000.0
    estimated_rows: 13200000.0
    q_error: 10.909090909090908
  - node: Nested loop inner join (cost=3.72e+6 rows=2.45e+6) (actual time=0.043..40293
      rows=5.7e+6 loops=1)
    actual_rows: 5700000.0
    estimated_rows: 2450000.0
    q_error: 2.326530612244898
  - node: Nested loop inner join (cost=287932 rows=634560) (actual time=0.026..1551
      rows=459925 loops=1)
    actual_rows: 459925.0
    estimated_rows: 634560.0
    q_error: 1.3797032124802957
  - node: Index lookup on mi_idx using info_type_id_movie_info_idx (info_type_id=100)
      (cost=65836 rows=634560) (actual time=0.0173..702 rows=459925 loops=1)
    actual_rows: 459925.0
    estimated_rows: 634560.0
    q_error: 1.3797032124802957
  - node: Single-row index lookup on t using PRIMARY (id=mi_idx.movie_id) (cost=0.25
      rows=1) (actual time=0.00167..0.00169 rows=1 loops=459925)
    actual_rows: 1.0
    estimated_rows: 1.0
    q_error: 1.0
  - node: 'Filter: ((ci.person_id < 2887164) and (ci.role_id > 1)) (cost=3.87 rows=3.87)
      (actual time=0.0319..0.0834 rows=12.4 loops=459925)'
    actual_rows: 12.4
    estimated_rows: 3.87
    q_error: 3.204134366925065
  - node: Index lookup on ci using movie_id_cast_info (movie_id=mi_idx.movie_id) (cost=3.87
      rows=15.5) (actual time=0.00374..0.08 rows=29.6 loops=459925)
    actual_rows: 29.6
    estimated_rows: 15.5
    q_error: 1.9096774193548387
  - node: Index lookup on mi using movie_id_movie_info (movie_id=mi_idx.movie_id)
      (cost=1.34 rows=5.37) (actual time=0.00159..0.0278 rows=25.3 loops=5.7e+6)
    actual_rows: 25.3
    estimated_rows: 5.37
    q_error: 4.711359404096834

- query: SELECT * FROM cast_info ci WHERE ci.person_id>2814165
  qep:
  - node: 'Filter: (ci.person_id > 2814165) (cost=3.51e+6 rows=16.6e+6) (actual time=11134..19076
      rows=8.77e+6 loops=1)'
    actual_rows: 8770000.0
    estimated_rows: 16600000.0
    q_error: 1.8928164196123147
  - node: Table scan on ci (cost=3.51e+6 rows=34.8e+6) (actual time=0.014..17374 rows=36.2e+6
      loops=1)
    actual_rows: 36200000.0
    estimated_rows: 34800000.0
    q_error: 1.0402298850574712

- query: SELECT * FROM title t,movie_companies mc,movie_keyword mk WHERE t.id=mc.movie_id
    AND t.id=mk.movie_id AND t.production_year<2013 AND mc.company_id<4226 AND mc.company_type_id=2
    AND mk.keyword_id=2198
  qep:
  - node: Nested loop inner join (cost=409 rows=102) (actual time=0.618..5.63 rows=149
      loops=1)
    actual_rows: 149.0
    estimated_rows: 102.0
    q_error: 1.4607843137254901
  - node: Nested loop inner join (cost=265 rows=126) (actual time=0.527..1.36 rows=376
      loops=1)
    actual_rows: 376.0
    estimated_rows: 126.0
    q_error: 2.984126984126984
  - node: Index lookup on mk using keyword_id_movie_keyword (keyword_id=2198) (cost=133
      rows=379) (actual time=0.514..0.652 rows=379 loops=1)
    actual_rows: 379.0
    estimated_rows: 379.0
    q_error: 1.0
  - node: 'Filter: (t.production_year < 2013) (cost=0.25 rows=0.333) (actual time=0.00172..0.00177
      rows=0.992 loops=379)'
    actual_rows: 0.992
    estimated_rows: 0.333
    q_error: 2.978978978978979
  - node: Single-row index lookup on t using PRIMARY (id=mk.movie_id) (cost=0.25 rows=1)
      (actual time=0.00163..0.00165 rows=1 loops=379)
    actual_rows: 1.0
    estimated_rows: 1.0
    q_error: 1.0
  - node: 'Filter: ((mc.company_type_id = 2) and (mc.company_id < 4226)) (cost=0.812
      rows=0.811) (actual time=0.0107..0.0113 rows=0.396 loops=376)'
    actual_rows: 0.396
    estimated_rows: 0.811
    q_error: 2.047979797979798
  - node: Index lookup on mc using movie_id_movie_companies (movie_id=mk.movie_id)
      (cost=0.812 rows=3.24) (actual time=0.00316..0.0108 rows=8.3 loops=376)
    actual_rows: 8.3
    estimated_rows: 3.24
    q_error: 2.5617283950617282

- query: SELECT * FROM title t,movie_info_idx mi_idx WHERE t.id=mi_idx.movie_id AND
    t.production_year<2012 AND mi_idx.info_type_id=101
  qep:
  - node: Nested loop inner join (cost=287932 rows=211499) (actual time=0.0306..1202
      rows=436710 loops=1)
    actual_rows: 436710.0
    estimated_rows: 211499.0
    q_error: 2.06483245783668
  - node: Index lookup on mi_idx using info_type_id_movie_info_idx (info_type_id=101)
      (cost=65836 rows=634560) (actual time=0.019..570 rows=459925 loops=1)
    actual_rows: 459925.0
    estimated_rows: 634560.0
    q_error: 1.3797032124802957
  - node: 'Filter: (t.production_year < 2012) (cost=0.25 rows=0.333) (actual time=0.0012..0.00126
      rows=0.95 loops=459925)'
    actual_rows: 0.95
    estimated_rows: 0.333
    q_error: 2.8528528528528527
  - node: Single-row index lookup on t using PRIMARY (id=mi_idx.movie_id) (cost=0.25
      rows=1) (actual time=0.00109..0.00111 rows=1 loops=459925)
    actual_rows: 1.0
    estimated_rows: 1.0
    q_error: 1.0

- query: SELECT * FROM title t,movie_info mi WHERE t.id=mi.movie_id AND mi.info_type_id<2
  qep:
  - node: Nested loop inner join (cost=1.32e+6 rows=1.65e+6) (actual time=0.354..2532
      rows=802140 loops=1)
    actual_rows: 802140.0
    estimated_rows: 1650000.0
    q_error: 2.056997531602962
  - node: 'Index range scan on mi using info_type_id_movie_info over (info_type_id
      < 2), with index condition: (mi.info_type_id < 2) (cost=744455 rows=1.65e+6)
      (actual time=0.343..1459 rows=802140 loops=1)'
    actual_rows: 802140.0
    estimated_rows: 1650000.0
    q_error: 2.056997531602962
  - node: Single-row index lookup on t using PRIMARY (id=mi.movie_id) (cost=0.25 rows=1)
      (actual time=0.00118..0.0012 rows=1 loops=802140)
    actual_rows: 1.0
    estimated_rows: 1.0
    q_error: 1.0

- query: SELECT * FROM title t,movie_companies mc,movie_info mi,movie_info_idx mi_idx
    WHERE t.id=mc.movie_id AND t.id=mi.movie_id AND t.id=mi_idx.movie_id AND t.kind_id=1
    AND t.production_year<1995 AND mc.company_id>1736 AND mi_idx.info_type_id>99
  qep:
  - node: Nested loop inner join (cost=792311 rows=921308) (actual time=597..33852
      rows=26.6e+6 loops=1)
    actual_rows: 26600000.0
    estimated_rows: 921308.0
    q_error: 28.871995033148522
  - node: Nested loop inner join (cost=469854 rows=171503) (actual time=597..3087
      rows=587363 loops=1)
    actual_rows: 587363.0
    estimated_rows: 171503.0
    q_error: 3.424797233867629
  - node: Nested loop inner join (cost=349801 rows=105749) (actual time=597..1708
      rows=207527 loops=1)
    actual_rows: 207527.0
    estimated_rows: 105749.0
    q_error: 1.9624488174829076
  - node: 'Filter: (mi_idx.info_type_id > 99) (cost=127705 rows=634560) (actual time=0.0164..837
      rows=920110 loops=1)'
    actual_rows: 920110.0
    estimated_rows: 634560.0
    q_error: 1.4499968482097831
  - node: Table scan on mi_idx (cost=127705 rows=1.27e+6) (actual time=0.0129..744
      rows=1.38e+6 loops=1)
    actual_rows: 1380000.0
    estimated_rows: 1270000.0
    q_error: 1.0866141732283465
  - node: 'Filter: ((t.kind_id = 1) and (t.production_year < 1995)) (cost=0.25 rows=0.167)
      (actual time=847e-6..863e-6 rows=0.226 loops=920110)'
    actual_rows: 0.226
    estimated_rows: 0.167
    q_error: 1.3532934131736527
  - node: Single-row index lookup on t using PRIMARY (id=mi_idx.movie_id) (cost=0.25
      rows=1) (actual time=684e-6..704e-6 rows=1 loops=920110)
    actual_rows: 1.0
    estimated_rows: 1.0
    q_error: 1.0
  - node: 'Filter: (mc.company_id > 1736) (cost=0.811 rows=1.62) (actual time=0.00265..0.00641
      rows=2.83 loops=207527)'
    actual_rows: 2.83
    estimated_rows: 1.62
    q_error: 1.7469135802469136
  - node: Index lookup on mc using movie_id_movie_companies (movie_id=mi_idx.movie_id)
      (cost=0.811 rows=3.24) (actual time=0.00221..0.00598 rows=3.64 loops=207527)
    actual_rows: 3.64
    estimated_rows: 3.24
    q_error: 1.1234567901234567
  - node: Index lookup on mi using movie_id_movie_info (movie_id=mi_idx.movie_id)
      (cost=1.34 rows=5.37) (actual time=0.00176..0.0503 rows=45.3 loops=587363)
    actual_rows: 45.3
    estimated_rows: 5.37
    q_error: 8.435754189944133

- query: SELECT * FROM title t,movie_companies mc,cast_info ci,movie_keyword mk WHERE
    t.id=mc.movie_id AND t.id=ci.movie_id AND t.id=mk.movie_id AND t.kind_id=1 AND
    ci.person_id=1675060 AND ci.role_id=1
  qep:
  - node: Nested loop inner join (cost=4.03 rows=9.36) (actual time=0.0526..0.0676
      rows=2 loops=1)
    actual_rows: 2.0
    estimated_rows: 9.36
    q_error: 4.68
  - node: Nested loop inner join (cost=0.759 rows=0.811) (actual time=0.0387..0.0503
      rows=2 loops=1)
    actual_rows: 2.0
    estimated_rows: 0.811
    q_error: 2.4660912453760786
  - node: Nested loop inner join (cost=0.475 rows=0.25) (actual time=0.0302..0.031
      rows=1 loops=1)
    actual_rows: 1.0
    estimated_rows: 0.25
    q_error: 4.0
  - node: 'Filter: (ci.role_id = 1) (cost=0.3 rows=0.5) (actual time=0.0211..0.0217
      rows=1 loops=1)'
    actual_rows: 1.0
    estimated_rows: 0.5
    q_error: 2.0
  - node: Index lookup on ci using person_id_cast_info (person_id=1675060) (cost=0.3
      rows=1) (actual time=0.0199..0.0204 rows=1 loops=1)
    actual_rows: 1.0
    estimated_rows: 1.0
    q_error: 1.0
  - node: 'Filter: (t.kind_id = 1) (cost=0.35 rows=0.5) (actual time=0.0084..0.0085
      rows=1 loops=1)'
    actual_rows: 1.0
    estimated_rows: 0.5
    q_error: 2.0
  - node: Single-row index lookup on t using PRIMARY (id=ci.movie_id) (cost=0.35 rows=1)
      (actual time=0.0081..0.0082 rows=1 loops=1)
    actual_rows: 1.0
    estimated_rows: 1.0
    q_error: 1.0
  - node: Index lookup on mc using movie_id_movie_companies (movie_id=ci.movie_id)
      (cost=2.11 rows=3.24) (actual time=0.0082..0.0188 rows=2 loops=1)
    actual_rows: 2.0
    estimated_rows: 3.24
    q_error: 1.62
  - node: Index lookup on mk using movie_id_movie_keyword (movie_id=ci.movie_id) (cost=4.31
      rows=11.5) (actual time=0.00725..0.0079 rows=1 loops=2)
    actual_rows: 1.0
    estimated_rows: 11.5
    q_error: 11.5

- query: SELECT * FROM title t,movie_info mi WHERE t.id=mi.movie_id AND t.kind_id<7
    AND t.production_year>2007 AND mi.info_type_id>8
  qep:
  - node: Nested loop inner join (cost=1.08e+6 rows=1.16e+6) (actual time=0.0428..7535
      rows=943298 loops=1)
    actual_rows: 943298.0
    estimated_rows: 1160000.0
    q_error: 1.2297280392834502
  - node: 'Filter: ((t.kind_id < 7) and (t.production_year > 2007)) (cost=266255 rows=433502)
      (actual time=0.0271..2001 rows=266599 loops=1)'
    actual_rows: 266599.0
    estimated_rows: 433502.0
    q_error: 1.6260451089463952
  - node: Table scan on t (cost=266255 rows=2.6e+6) (actual time=0.0161..1809 rows=2.53e+6
      loops=1)
    actual_rows: 2530000.0
    estimated_rows: 2600000.0
    q_error: 1.0276679841897234
  - node: 'Filter: (mi.info_type_id > 8) (cost=1.34 rows=2.69) (actual time=0.00844..0.0204
      rows=3.54 loops=266599)'
    actual_rows: 3.54
    estimated_rows: 2.69
    q_error: 1.3159851301115242
  - node: Index lookup on mi using movie_id_movie_info (movie_id=t.id) (cost=1.34
      rows=5.37) (actual time=0.00361..0.0195 rows=10.2 loops=266599)
    actual_rows: 10.2
    estimated_rows: 5.37
    q_error: 1.8994413407821227

- query: SELECT * FROM movie_companies mc WHERE mc.company_id=16041 AND mc.company_type_id=1
  qep:
  - node: 'Filter: (mc.company_type_id = 1) (cost=52.8 rows=88) (actual time=0.0201..0.292
      rows=176 loops=1)'
    actual_rows: 176.0
    estimated_rows: 88.0
    q_error: 2.0
  - node: Index lookup on mc using company_id_movie_companies (company_id=16041) (cost=52.8
      rows=176) (actual time=0.0189..0.282 rows=176 loops=1)
    actual_rows: 176.0
    estimated_rows: 176.0
    q_error: 1.0

- query: SELECT * FROM title t,movie_info mi,movie_keyword mk WHERE t.id=mi.movie_id
    AND t.id=mk.movie_id AND t.kind_id>2 AND mi.info_type_id=2
  qep:
  - node: Nested loop inner join (cost=5.81e+6 rows=2.19e+6) (actual time=0.765..24060
      rows=1.23e+6 loops=1)
    actual_rows: 1230000.0
    estimated_rows: 2190000.0
    q_error: 1.7804878048780488
  - node: Nested loop inner join (cost=1.88e+6 rows=2.09e+6) (actual time=0.746..2971
      rows=1.45e+6 loops=1)
    actual_rows: 1450000.0
    estimated_rows: 2090000.0
    q_error: 1.4413793103448276
  - node: Table scan on mk (cost=420275 rows=4.18e+6) (actual time=0.719..902 rows=4.52e+6
      loops=1)
    actual_rows: 4520000.0
    estimated_rows: 4180000.0
    q_error: 1.0813397129186604
  - node: 'Filter: (t.kind_id > 2) (cost=0.25 rows=0.5) (actual time=350e-6..371e-6
      rows=0.321 loops=4.52e+6)'
    actual_rows: 0.321
    estimated_rows: 0.5
    q_error: 1.557632398753894
  - node: Single-row index lookup on t using PRIMARY (id=mk.movie_id) (cost=0.25 rows=1)
      (actual time=222e-6..242e-6 rows=1 loops=4.52e+6)
    actual_rows: 1.0
    estimated_rows: 1.0
    q_error: 1.0
  - node: 'Filter: (mi.info_type_id = 2) (cost=1.34 rows=1.05) (actual time=0.00694..0.0144
      rows=0.843 loops=1.45e+6)'
    actual_rows: 0.843
    estimated_rows: 1.05
    q_error: 1.2455516014234875
  - node: Index lookup on mi using movie_id_movie_info (movie_id=mk.movie_id) (cost=1.34
      rows=5.37) (actual time=0.00158..0.0136 rows=12.6 loops=1.45e+6)
    actual_rows: 12.6
    estimated_rows: 5.37
    q_error: 2.346368715083799

- query: SELECT * FROM title t,movie_companies mc WHERE t.id=mc.movie_id AND t.production_year>2005
  qep:
  - node: Nested loop inner join (cost=1.17e+6 rows=866501) (actual time=0.028..3948
      rows=829639 loops=1)
    actual_rows: 829639.0
    estimated_rows: 866501.0
    q_error: 1.0444313731635084
  - node: Table scan on mc (cost=262291 rows=2.6e+6) (actual time=0.0161..1425 rows=2.61e+6
      loops=1)
    actual_rows: 2610000.0
    estimated_rows: 2600000.0
    q_error: 1.0038461538461538
  - node: 'Filter: (t.production_year > 2005) (cost=0.25 rows=0.333) (actual time=862e-6..882e-6
      rows=0.318 loops=2.61e+6)'
    actual_rows: 0.318
    estimated_rows: 0.333
    q_error: 1.0471698113207548
  - node: Single-row index lookup on t using PRIMARY (id=mc.movie_id) (cost=0.25 rows=1)
      (actual time=727e-6..746e-6 rows=1 loops=2.61e+6)
    actual_rows: 1.0
    estimated_rows: 1.0
    q_error: 1.0

- query: SELECT * FROM title t,movie_companies mc,cast_info ci,movie_info_idx mi_idx
    WHERE t.id=mc.movie_id AND t.id=ci.movie_id AND t.id=mi_idx.movie_id AND t.kind_id=7
    AND t.production_year>2006 AND mc.company_id=19 AND ci.person_id<493729 AND ci.role_id=1
  qep:
  - node: Nested loop inner join (cost=161623 rows=104713) (actual time=0.603..640
      rows=24879 loops=1)
    actual_rows: 24879.0
    estimated_rows: 104713.0
    q_error: 4.208891032597773
  - node: Nested loop inner join (cost=124973 rows=32293) (actual time=0.058..586
      rows=13595 loops=1)
    actual_rows: 13595.0
    estimated_rows: 32293.0
    q_error: 2.375358587716072
  - node: Nested loop inner join (cost=46222 rows=14547) (actual time=0.0482..149
      rows=3417 loops=1)
    actual_rows: 3417.0
    estimated_rows: 14547.0
    q_error: 4.257243195785777
  - node: Index lookup on mc using company_id_movie_companies (company_id=19) (cost=15672
      rows=87288) (actual time=0.0194..78.9 rows=47252 loops=1)
    actual_rows: 47252.0
    estimated_rows: 87288.0
    q_error: 1.8472868873275206
  - node: 'Filter: ((t.kind_id = 7) and (t.production_year > 2006)) (cost=0.25 rows=0.167)
      (actual time=0.0014..0.0014 rows=0.0723 loops=47252)'
    actual_rows: 0.0723
    estimated_rows: 0.167
    q_error: 2.3098201936376213
  - node: Single-row index lookup on t using PRIMARY (id=mc.movie_id) (cost=0.25 rows=1)
      (actual time=0.00123..0.00125 rows=1 loops=47252)
    actual_rows: 1.0
    estimated_rows: 1.0
    q_error: 1.0
  - node: 'Filter: ((ci.role_id = 1) and (ci.person_id < 493729)) (cost=3.87 rows=2.22)
      (actual time=0.00819..0.127 rows=3.98 loops=3417)'
    actual_rows: 3.98
    estimated_rows: 2.22
    q_error: 1.7927927927927927
  - node: Index lookup on ci using movie_id_cast_info (movie_id=mc.movie_id) (cost=3.87
      rows=15.5) (actual time=0.00361..0.124 rows=49.1 loops=3417)
    actual_rows: 49.1
    estimated_rows: 15.5
    q_error: 3.167741935483871
  - node: Index lookup on mi_idx using movie_id_movie_info_idx (movie_id=mc.movie_id)
      (cost=0.811 rows=3.24) (actual time=0.00215..0.00376 rows=1.83 loops=13595)
    actual_rows: 1.83
    estimated_rows: 3.24
    q_error: 1.7704918032786885

- query: SELECT * FROM title t,movie_companies mc,movie_info mi,movie_info_idx mi_idx
    WHERE t.id=mc.movie_id AND t.id=mi.movie_id AND t.id=mi_idx.movie_id AND mi_idx.info_type_id<101
  qep:
  - node: Nested loop inner join (cost=4.94e+6 rows=11.1e+6) (actual time=0.0386..135575
      rows=116e+6 loops=1)
    actual_rows: 116000000.0
    estimated_rows: 11100000.0
    q_error: 10.45045045045045
  - node: Nested loop inner join (cost=1.07e+6 rows=2.06e+6) (actual time=0.0303..6752
      rows=2.71e+6 loops=1)
    actual_rows: 2710000.0
    estimated_rows: 2060000.0
    q_error: 1.3155339805825244
  - node: Nested loop inner join (cost=349801 rows=634560) (actual time=0.0212..1857
      rows=919850 loops=1)
    actual_rows: 919850.0
    estimated_rows: 634560.0
    q_error: 1.4495871154815936
  - node: 'Filter: (mi_idx.info_type_id < 101) (cost=127705 rows=634560) (actual time=0.011..936
      rows=919850 loops=1)'
    actual_rows: 919850.0
    estimated_rows: 634560.0
    q_error: 1.4495871154815936
  - node: Table scan on mi_idx (cost=127705 rows=1.27e+6) (actual time=0.0104..810
      rows=1.38e+6 loops=1)
    actual_rows: 1380000.0
    estimated_rows: 1270000.0
    q_error: 1.0866141732283465
  - node: Single-row index lookup on t using PRIMARY (id=mi_idx.movie_id) (cost=0.25
      rows=1) (actual time=840e-6..861e-6 rows=1 loops=919850)
    actual_rows: 1.0
    estimated_rows: 1.0
    q_error: 1.0
  - node: Index lookup on mc using movie_id_movie_companies (movie_id=mi_idx.movie_id)
      (cost=0.811 rows=3.24) (actual time=0.00211..0.0051 rows=2.95 loops=919850)
    actual_rows: 2.95
    estimated_rows: 3.24
    q_error: 1.0983050847457627
  - node: Index lookup on mi using movie_id_movie_info (movie_id=mi_idx.movie_id)
      (cost=1.34 rows=5.37) (actual time=0.00163..0.0455 rows=42.8 loops=2.71e+6)
    actual_rows: 42.8
    estimated_rows: 5.37
    q_error: 7.970204841713221

- query: SELECT * FROM title t,movie_companies mc,movie_keyword mk WHERE t.id=mc.movie_id
    AND t.id=mk.movie_id AND mc.company_id<217207 AND mc.company_type_id=1 AND mk.keyword_id>10495
  qep:
  - node: Nested loop inner join (cost=2.92e+6 rows=3.75e+6) (actual time=138..29432
      rows=9.09e+6 loops=1)
    actual_rows: 9090000.0
    estimated_rows: 3750000.0
    q_error: 2.424
  - node: Nested loop inner join (cost=299416 rows=649940) (actual time=0.0371..3017
      rows=1.27e+6 loops=1)
    actual_rows: 1270000.0
    estimated_rows: 649940.0
    q_error: 1.9540265255254332
  - node: 'Filter: (mc.company_id < 217207) (cost=71937 rows=649940) (actual time=0.0294..1773
      rows=1.27e+6 loops=1)'
    actual_rows: 1270000.0
    estimated_rows: 649940.0
    q_error: 1.9540265255254332
  - node: Index lookup on mc using company_type_id_movie_companies (company_type_id=1)
      (cost=71937 rows=1.3e+6) (actual time=0.0281..1661 rows=1.27e+6 loops=1)
    actual_rows: 1270000.0
    estimated_rows: 1300000.0
    q_error: 1.0236220472440944
  - node: Single-row index lookup on t using PRIMARY (id=mc.movie_id) (cost=0.25 rows=1)
      (actual time=824e-6..845e-6 rows=1 loops=1.27e+6)
    actual_rows: 1.0
    estimated_rows: 1.0
    q_error: 1.0
  - node: 'Filter: (mk.keyword_id > 10495) (cost=2.88 rows=5.77) (actual time=0.00605..0.0203
      rows=7.14 loops=1.27e+6)'
    actual_rows: 7.14
    estimated_rows: 5.77
    q_error: 1.2374350086655113
  - node: Index lookup on mk using movie_id_movie_keyword (movie_id=mc.movie_id) (cost=2.88
      rows=11.5) (actual time=0.00564..0.0192 rows=20.8 loops=1.27e+6)
    actual_rows: 20.8
    estimated_rows: 11.5
    q_error: 1.808695652173913

- query: SELECT * FROM title t,movie_info_idx mi_idx WHERE t.id=mi_idx.movie_id AND
    t.kind_id<7 AND t.production_year<1984 AND mi_idx.info_type_id>101
  qep:
  - node: Nested loop inner join (cost=208 rows=43.3) (actual time=0.0348..0.733 rows=120
      loops=1)
    actual_rows: 120.0
    estimated_rows: 43.3
    q_error: 2.771362586605081
  - node: 'Index range scan on mi_idx using info_type_id_movie_info_idx over (101
      < info_type_id), with index condition: (mi_idx.info_type_id > 101) (cost=117
      rows=260) (actual time=0.0191..0.281 rows=260 loops=1)'
    actual_rows: 260.0
    estimated_rows: 260.0
    q_error: 1.0
  - node: 'Filter: ((t.kind_id < 7) and (t.production_year < 1984)) (cost=0.25 rows=0.167)
      (actual time=0.00164..0.00166 rows=0.462 loops=260)'
    actual_rows: 0.462
    estimated_rows: 0.167
    q_error: 2.7664670658682633
  - node: Single-row index lookup on t using PRIMARY (id=mi_idx.movie_id) (cost=0.25
      rows=1) (actual time=0.00152..0.00154 rows=1 loops=260)
    actual_rows: 1.0
    estimated_rows: 1.0
    q_error: 1.0

- query: SELECT * FROM title t,cast_info ci,movie_info_idx mi_idx WHERE t.id=ci.movie_id
    AND t.id=mi_idx.movie_id AND t.kind_id=7 AND t.production_year<2008
  qep:
  - node: Nested loop inner join (cost=1.72e+6 rows=3.27e+6) (actual time=0.156..18971
      rows=10.2e+6 loops=1)
    actual_rows: 10200000.0
    estimated_rows: 3270000.0
    q_error: 3.1192660550458715
  - node: Nested loop inner join (cost=571898 rows=211499) (actual time=0.147..1950
      rows=309714 loops=1)
    actual_rows: 309714.0
    estimated_rows: 211499.0
    q_error: 1.4643757180885015
  - node: Table scan on mi_idx (cost=127705 rows=1.27e+6) (actual time=0.0354..841
      rows=1.38e+6 loops=1)
    actual_rows: 1380000.0
    estimated_rows: 1270000.0
    q_error: 1.0866141732283465
  - node: 'Filter: ((t.kind_id = 7) and (t.production_year < 2008)) (cost=0.25 rows=0.167)
      (actual time=695e-6..711e-6 rows=0.224 loops=1.38e+6)'
    actual_rows: 0.224
    estimated_rows: 0.167
    q_error: 1.341317365269461
  - node: Single-row index lookup on t using PRIMARY (id=mi_idx.movie_id) (cost=0.25
      rows=1) (actual time=518e-6..539e-6 rows=1 loops=1.38e+6)
    actual_rows: 1.0
    estimated_rows: 1.0
    q_error: 1.0
  - node: Index lookup on ci using movie_id_cast_info (movie_id=mi_idx.movie_id) (cost=3.87
      rows=15.5) (actual time=0.00233..0.0533 rows=33 loops=309714)
    actual_rows: 33.0
    estimated_rows: 15.5
    q_error: 2.129032258064516

- query: SELECT * FROM title t,movie_companies mc,movie_info mi,movie_info_idx mi_idx
    WHERE t.id=mc.movie_id AND t.id=mi.movie_id AND t.id=mi_idx.movie_id AND mc.company_id=21738
    AND mc.company_type_id=1
  qep:
  - node: Nested loop inner join (cost=81.8 rows=174) (actual time=0.0466..0.13 rows=42
      loops=1)
    actual_rows: 42.0
    estimated_rows: 174.0
    q_error: 4.142857142857143
  - node: Nested loop inner join (cost=20.8 rows=32.4) (actual time=0.0367..0.0735
      rows=3 loops=1)
    actual_rows: 3.0
    estimated_rows: 32.4
    q_error: 10.799999999999999
  - node: Nested loop inner join (cost=9.5 rows=10) (actual time=0.0274..0.0606 rows=1
      loops=1)
    actual_rows: 1.0
    estimated_rows: 10.0
    q_error: 10.0
  - node: 'Filter: (mc.company_type_id = 1) (cost=6 rows=10) (actual time=0.0186..0.0516
      rows=1 loops=1)'
    actual_rows: 1.0
    estimated_rows: 10.0
    q_error: 10.0
  - node: Index lookup on mc using company_id_movie_companies (company_id=21738) (cost=6
      rows=20) (actual time=0.0176..0.05 rows=20 loops=1)
    actual_rows: 20.0
    estimated_rows: 20.0
    q_error: 1.0
  - node: Single-row index lookup on t using PRIMARY (id=mc.movie_id) (cost=0.26 rows=1)
      (actual time=0.0078..0.0079 rows=1 loops=1)
    actual_rows: 1.0
    estimated_rows: 1.0
    q_error: 1.0
  - node: Index lookup on mi_idx using movie_id_movie_info_idx (movie_id=mc.movie_id)
      (cost=0.843 rows=3.24) (actual time=0.0091..0.0126 rows=3 loops=1)
    actual_rows: 3.0
    estimated_rows: 3.24
    q_error: 1.08
  - node: Index lookup on mi using movie_id_movie_info (movie_id=mc.movie_id) (cost=1.36
      rows=5.37) (actual time=0.00383..0.018 rows=14 loops=3)
    actual_rows: 14.0
    estimated_rows: 5.37
    q_error: 2.60707635009311

- query: SELECT * FROM title t,movie_companies mc,movie_info mi,movie_keyword mk WHERE
    t.id=mc.movie_id AND t.id=mi.movie_id AND t.id=mk.movie_id AND mi.info_type_id<3
    AND mk.keyword_id<7637
  qep:
  - node: Nested loop inner join (cost=9.25e+6 rows=11.9e+6) (actual time=0.731..210789
      rows=48.5e+6 loops=1)
    actual_rows: 48500000.0
    estimated_rows: 11900000.0
    q_error: 4.07563025210084
  - node: Nested loop inner join (cost=5.08e+6 rows=3.67e+6) (actual time=0.724..157065
      rows=5.34e+6 loops=1)
    actual_rows: 5340000.0
    estimated_rows: 3670000.0
    q_error: 1.4550408719346049
  - node: Nested loop inner join (cost=1.15e+6 rows=2.09e+6) (actual time=0.708..2709
      rows=2.7e+6 loops=1)
    actual_rows: 2700000.0
    estimated_rows: 2090000.0
    q_error: 1.291866028708134
  - node: 'Filter: (mk.keyword_id < 7637) (cost=420275 rows=2.09e+6) (actual time=0.698..1276
      rows=2.7e+6 loops=1)'
    actual_rows: 2700000.0
    estimated_rows: 2090000.0
    q_error: 1.291866028708134
  - node: Table scan on mk (cost=420275 rows=4.18e+6) (actual time=0.697..965 rows=4.52e+6
      loops=1)
    actual_rows: 4520000.0
    estimated_rows: 4180000.0
    q_error: 1.0813397129186604
  - node: Single-row index lookup on t using PRIMARY (id=mk.movie_id) (cost=0.25 rows=1)
      (actual time=380e-6..401e-6 rows=1 loops=2.7e+6)
    actual_rows: 1.0
    estimated_rows: 1.0
    q_error: 1.0
  - node: 'Filter: (mi.info_type_id < 3) (cost=1.34 rows=1.76) (actual time=0.0349..0.057
      rows=1.98 loops=2.7e+6)'
    actual_rows: 1.98
    estimated_rows: 1.76
    q_error: 1.125
  - node: Index lookup on mi using movie_id_movie_info (movie_id=mk.movie_id) (cost=1.34
      rows=5.37) (actual time=0.00169..0.0541 rows=50.3 loops=2.7e+6)
    actual_rows: 50.3
    estimated_rows: 5.37
    q_error: 9.366852886405958
  - node: Index lookup on mc using movie_id_movie_companies (movie_id=mk.movie_id)
      (cost=0.811 rows=3.24) (actual time=0.00154..0.00954 rows=9.09 loops=5.34e+6)
    actual_rows: 9.09
    estimated_rows: 3.24
    q_error: 2.8055555555555554

- query: SELECT * FROM title t,movie_companies mc,cast_info ci,movie_info mi WHERE
    t.id=mc.movie_id AND t.id=ci.movie_id AND t.id=mi.movie_id AND t.production_year=1977
    AND mi.info_type_id<4
  qep:
  - node: Nested loop inner join (cost=5.44e+6 rows=10.8e+6) (actual time=3.37..7079
      rows=1.64e+6 loops=1)
    actual_rows: 1640000.0
    estimated_rows: 10800000.0
    q_error: 6.585365853658536
  - node: Nested loop inner join (cost=1.66e+6 rows=698290) (actual time=2.25..4746
      rows=53918 loops=1)
    actual_rows: 53918.0
    estimated_rows: 698290.0
    q_error: 12.950962572795726
  - node: Nested loop inner join (cost=1.17e+6 rows=259976) (actual time=2.24..4010
      rows=18643 loops=1)
    actual_rows: 18643.0
    estimated_rows: 259976.0
    q_error: 13.944965938958322
  - node: Table scan on mc (cost=262291 rows=2.6e+6) (actual time=0.0129..1422 rows=2.61e+6
      loops=1)
    actual_rows: 2610000.0
    estimated_rows: 2600000.0
    q_error: 1.0038461538461538
  - node: 'Filter: (t.production_year = 1977) (cost=0.25 rows=0.1) (actual time=916e-6..917e-6
      rows=0.00715 loops=2.61e+6)'
    actual_rows: 0.00715
    estimated_rows: 0.1
    q_error: 13.986013986013987
  - node: Single-row index lookup on t using PRIMARY (id=mc.movie_id) (cost=0.25 rows=1)
      (actual time=757e-6..778e-6 rows=1 loops=2.61e+6)
    actual_rows: 1.0
    estimated_rows: 1.0
    q_error: 1.0
  - node: 'Filter: (mi.info_type_id < 4) (cost=1.34 rows=2.69) (actual time=0.0215..0.0392
      rows=2.89 loops=18643)'
    actual_rows: 2.89
    estimated_rows: 2.69
    q_error: 1.0743494423791822
  - node: Index lookup on mi using movie_id_movie_info (movie_id=mc.movie_id) (cost=1.34
      rows=5.37) (actual time=0.00345..0.0375 rows=24.6 loops=18643)
    actual_rows: 24.6
    estimated_rows: 5.37
    q_error: 4.581005586592179
  - node: Index lookup on ci using movie_id_cast_info (movie_id=mc.movie_id) (cost=3.87
      rows=15.5) (actual time=0.00226..0.0417 rows=30.5 loops=53918)
    actual_rows: 30.5
    estimated_rows: 15.5
    q_error: 1.967741935483871

- query: SELECT * FROM title t,movie_companies mc,movie_info mi,movie_info_idx mi_idx,movie_keyword
    mk WHERE t.id=mc.movie_id AND t.id=mi.movie_id AND t.id=mi_idx.movie_id AND t.id=mk.movie_id
    AND mc.company_id>33285 AND mc.company_type_id>1 AND mi.info_type_id<13 AND mk.keyword_id>3921
  qep:
  - node: Nested loop inner join (cost=11.7e+6 rows=14.8e+6) (actual time=4.93..532908
      rows=182e+6 loops=1)
    actual_rows: 182000000.0
    estimated_rows: 14800000.0
    q_error: 12.297297297297296
  - node: Nested loop inner join (cost=6.57e+6 rows=4.55e+6) (actual time=4.82..297132
      rows=61.4e+6 loops=1)
    actual_rows: 61400000.0
    estimated_rows: 4550000.0
    q_error: 13.494505494505495
  - node: Nested loop inner join (cost=3.39e+6 rows=1.7e+6) (actual time=4.81..26331
      rows=2.54e+6 loops=1)
    actual_rows: 2540000.0
    estimated_rows: 1700000.0
    q_error: 1.4941176470588236
  - node: Nested loop inner join (cost=2.79e+6 rows=1.7e+6) (actual time=4.8..25218
      rows=2.54e+6 loops=1)
    actual_rows: 2540000.0
    estimated_rows: 1700000.0
    q_error: 1.4941176470588236
  - node: 'Filter: (mk.keyword_id > 3921) (cost=420275 rows=2.09e+6) (actual time=1.65..1283
      rows=2.39e+6 loops=1)'
    actual_rows: 2390000.0
    estimated_rows: 2090000.0
    q_error: 1.1435406698564594
  - node: Table scan on mk (cost=420275 rows=4.18e+6) (actual time=0.7..977 rows=4.52e+6
      loops=1)
    actual_rows: 4520000.0
    estimated_rows: 4180000.0
    q_error: 1.0813397129186604
  - node: 'Filter: ((mc.company_id > 33285) and (mc.company_type_id > 1)) (cost=0.811
      rows=0.811) (actual time=0.00852..0.00986 rows=1.06 loops=2.39e+6)'
    actual_rows: 1.06
    estimated_rows: 0.811
    q_error: 1.3070283600493218
  - node: Index lookup on mc using movie_id_movie_companies (movie_id=mk.movie_id)
      (cost=0.811 rows=3.24) (actual time=0.00168..0.00909 rows=8.07 loops=2.39e+6)
    actual_rows: 8.07
    estimated_rows: 3.24
    q_error: 2.4907407407407405
  - node: Single-row index lookup on t using PRIMARY (id=mk.movie_id) (cost=0.25 rows=1)
      (actual time=267e-6..289e-6 rows=1 loops=2.54e+6)
    actual_rows: 1.0
    estimated_rows: 1.0
    q_error: 1.0
  - node: 'Filter: (mi.info_type_id < 13) (cost=1.34 rows=2.69) (actual time=0.0227..0.105
      rows=24.2 loops=2.54e+6)'
    actual_rows: 24.2
    estimated_rows: 2.69
    q_error: 8.996282527881041
  - node: Index lookup on mi using movie_id_movie_info (movie_id=mk.movie_id) (cost=1.34
      rows=5.37) (actual time=0.00162..0.0995 rows=94.4 loops=2.54e+6)
    actual_rows: 94.4
    estimated_rows: 5.37
    q_error: 17.579143389199256
  - node: Index lookup on mi_idx using movie_id_movie_info_idx (movie_id=mk.movie_id)
      (cost=0.811 rows=3.24) (actual time=0.0013..0.00359 rows=2.97 loops=61.4e+6)
    actual_rows: 2.97
    estimated_rows: 3.24
    q_error: 1.0909090909090908

- query: SELECT * FROM title t,movie_companies mc,movie_info mi WHERE t.id=mc.movie_id
    AND t.id=mi.movie_id AND t.kind_id>3 AND t.production_year=2007 AND mc.company_id<6
    AND mi.info_type_id>16
  qep:
  - node: Nested loop inner join (cost=4213 rows=372) (actual time=0.775..12.5 rows=211
      loops=1)
    actual_rows: 211.0
    estimated_rows: 372.0
    q_error: 1.7630331753554502
  - node: Nested loop inner join (cost=3770 rows=236) (actual time=0.765..11.2 rows=103
      loops=1)
    actual_rows: 103.0
    estimated_rows: 236.0
    q_error: 2.29126213592233
  - node: 'Index range scan on mc using company_id_movie_companies over (company_id
      < 6), with index condition: (mc.company_id < 6) (cost=2121 rows=4712) (actual
      time=0.0228..5.38 rows=4712 loops=1)'
    actual_rows: 4712.0
    estimated_rows: 4712.0
    q_error: 1.0
  - node: 'Filter: ((t.production_year = 2007) and (t.kind_id > 3)) (cost=0.25 rows=0.05)
      (actual time=0.00117..0.00118 rows=0.0219 loops=4712)'
    actual_rows: 0.0219
    estimated_rows: 0.05
    q_error: 2.2831050228310503
  - node: Single-row index lookup on t using PRIMARY (id=mc.movie_id) (cost=0.25 rows=1)
      (actual time=0.00106..0.00107 rows=1 loops=4712)
    actual_rows: 1.0
    estimated_rows: 1.0
    q_error: 1.0
  - node: 'Filter: (mi.info_type_id > 16) (cost=1.34 rows=1.58) (actual time=0.00632..0.0126
      rows=2.05 loops=103)'
    actual_rows: 2.05
    estimated_rows: 1.58
    q_error: 1.2974683544303796
  - node: Index lookup on mi using movie_id_movie_info (movie_id=mc.movie_id) (cost=1.34
      rows=5.37) (actual time=0.00229..0.0121 rows=9.24 loops=103)
    actual_rows: 9.24
    estimated_rows: 5.37
    q_error: 1.7206703910614525

- query: SELECT * FROM title t,movie_companies mc,cast_info ci,movie_info mi WHERE
    t.id=mc.movie_id AND t.id=ci.movie_id AND t.id=mi.movie_id AND t.kind_id<7 AND
    mc.company_id>6227 AND mc.company_type_id>1
  qep:
  - node: Nested loop inner join (cost=10.6e+6 rows=27e+6) (actual time=696..949407
      rows=783e+6 loops=1)
    actual_rows: 783000000.0
    estimated_rows: 27000000.0
    q_error: 29.0
  - node: Nested loop inner join (cost=1.1e+6 rows=1.75e+6) (actual time=696..30722
      rows=13.4e+6 loops=1)
    actual_rows: 13400000.0
    estimated_rows: 1750000.0
    q_error: 7.6571428571428575
  - node: Nested loop inner join (cost=489770 rows=324970) (actual time=696..3503
      rows=772669 loops=1)
    actual_rows: 772669.0
    estimated_rows: 324970.0
    q_error: 2.377662553466474
  - node: 'Filter: ((mc.company_id > 6227) and (mc.company_type_id > 1)) (cost=262291
      rows=649940) (actual time=696..1812 rows=1.01e+6 loops=1)'
    actual_rows: 1010000.0
    estimated_rows: 649940.0
    q_error: 1.5539895990399113
  - node: Table scan on mc (cost=262291 rows=2.6e+6) (actual time=0.0122..1492 rows=2.61e+6
      loops=1)
    actual_rows: 2610000.0
    estimated_rows: 2600000.0
    q_error: 1.0038461538461538
  - node: 'Filter: (t.kind_id < 7) (cost=0.25 rows=0.5) (actual time=0.00146..0.00152
      rows=0.767 loops=1.01e+6)'
    actual_rows: 0.767
    estimated_rows: 0.5
    q_error: 1.534
  - node: Single-row index lookup on t using PRIMARY (id=mc.movie_id) (cost=0.25 rows=1)
      (actual time=0.0013..0.00133 rows=1 loops=1.01e+6)
    actual_rows: 1.0
    estimated_rows: 1.0
    q_error: 1.0
  - node: Index lookup on mi using movie_id_movie_info (movie_id=mc.movie_id) (cost=1.34
      rows=5.37) (actual time=0.00344..0.0343 rows=17.3 loops=772669)
    actual_rows: 17.3
    estimated_rows: 5.37
    q_error: 3.2216014897579144
  - node: Index lookup on ci using movie_id_cast_info (movie_id=mc.movie_id) (cost=3.87
      rows=15.5) (actual time=0.00161..0.066 rows=58.6 loops=13.4e+6)
    actual_rows: 58.6
    estimated_rows: 15.5
    q_error: 3.7806451612903227

- query: SELECT * FROM cast_info ci WHERE ci.person_id<1139765 AND ci.role_id=4
  qep:
  - node: 'Filter: (ci.person_id < 1139765) (cost=356409 rows=2.64e+6) (actual time=0.0314..7463
      rows=813698 loops=1)'
    actual_rows: 813698.0
    estimated_rows: 2640000.0
    q_error: 3.2444469569791248
  - node: Index lookup on ci using role_id_cast_info (role_id=4) (cost=356409 rows=5.28e+6)
      (actual time=0.0241..7272 rows=2.73e+6 loops=1)
    actual_rows: 2730000.0
    estimated_rows: 5280000.0
    q_error: 1.934065934065934

- query: SELECT * FROM title t,cast_info ci,movie_info_idx mi_idx WHERE t.id=ci.movie_id
    AND t.id=mi_idx.movie_id AND t.kind_id=2 AND mi_idx.info_type_id=100
  qep:
  - node: Nested loop inner join (cost=485129 rows=563422) (actual time=0.0333..2672
      rows=498621 loops=1)
    actual_rows: 498621.0
    estimated_rows: 563422.0
    q_error: 1.1299604308683349
  - node: Nested loop inner join (cost=287932 rows=36425) (actual time=0.0243..1208
      rows=37686 loops=1)
    actual_rows: 37686.0
    estimated_rows: 36425.0
    q_error: 1.0346190803019903
  - node: Index lookup on mi_idx using info_type_id_movie_info_idx (info_type_id=100)
      (cost=65836 rows=634560) (actual time=0.0159..535 rows=459925 loops=1)
    actual_rows: 459925.0
    estimated_rows: 634560.0
    q_error: 1.3797032124802957
  - node: 'Filter: (t.kind_id = 2) (cost=0.25 rows=0.0574) (actual time=0.00137..0.00138
      rows=0.0819 loops=459925)'
    actual_rows: 0.0819
    estimated_rows: 0.0574
    q_error: 1.4268292682926829
  - node: Single-row index lookup on t using PRIMARY (id=mi_idx.movie_id) (cost=0.25
      rows=1) (actual time=0.00121..0.00123 rows=1 loops=459925)
    actual_rows: 1.0
    estimated_rows: 1.0
    q_error: 1.0
  - node: Index lookup on ci using movie_id_cast_info (movie_id=mi_idx.movie_id) (cost=3.87
      rows=15.5) (actual time=0.00483..0.0381 rows=13.2 loops=37686)
    actual_rows: 13.2
    estimated_rows: 15.5
    q_error: 1.1742424242424243

- query: SELECT * FROM movie_info mi WHERE mi.info_type_id=7
  qep:
  - node: Index lookup on mi using info_type_id_movie_info (info_type_id=7) (cost=327123
      rows=2.58e+6) (actual time=0.024..2640 rows=1.4e+6 loops=1)
    actual_rows: 1400000.0
    estimated_rows: 2580000.0
    q_error: 1.8428571428571427

- query: SELECT * FROM title t WHERE t.production_year=1984
  qep:
  - node: 'Filter: (t.production_year = 1984) (cost=266255 rows=260127) (actual time=0.056..1641
      rows=16571 loops=1)'
    actual_rows: 16571.0
    estimated_rows: 260127.0
    q_error: 15.69772494116227
  - node: Table scan on t (cost=266255 rows=2.6e+6) (actual time=0.0125..1522 rows=2.53e+6
      loops=1)
    actual_rows: 2530000.0
    estimated_rows: 2600000.0
    q_error: 1.0276679841897234

- query: SELECT * FROM title t,movie_info_idx mi_idx,movie_keyword mk WHERE t.id=mi_idx.movie_id
    AND t.id=mk.movie_id AND t.production_year=2004 AND mi_idx.info_type_id=100 AND
    mk.keyword_id=57196
  qep:
  - node: Nested loop inner join (cost=13 rows=2.59) (actual time=0.0717..0.107 rows=1
      loops=1)
    actual_rows: 1.0
    estimated_rows: 2.59
    q_error: 2.59
  - node: Nested loop inner join (cost=11.2 rows=1.6) (actual time=0.0593..0.0922
      rows=1 loops=1)
    actual_rows: 1.0
    estimated_rows: 1.6
    q_error: 1.6
  - node: Index lookup on mk using keyword_id_movie_keyword (keyword_id=57196) (cost=5.6
      rows=16) (actual time=0.0495..0.052 rows=16 loops=1)
    actual_rows: 16.0
    estimated_rows: 16.0
    q_error: 1.0
  - node: 'Filter: (t.production_year = 2004) (cost=0.251 rows=0.1) (actual time=0.00239..0.00239
      rows=0.0625 loops=16)'
    actual_rows: 0.0625
    estimated_rows: 0.1
    q_error: 1.6
  - node: Single-row index lookup on t using PRIMARY (id=mk.movie_id) (cost=0.251
      rows=1) (actual time=0.00219..0.00222 rows=1 loops=16)
    actual_rows: 1.0
    estimated_rows: 1.0
    q_error: 1.0
  - node: 'Filter: (mi_idx.info_type_id = 100) (cost=0.912 rows=1.62) (actual time=0.0113..0.0129
      rows=1 loops=1)'
    actual_rows: 1.0
    estimated_rows: 1.62
    q_error: 1.62
  - node: Index lookup on mi_idx using movie_id_movie_info_idx (movie_id=mk.movie_id)
      (cost=0.912 rows=3.24) (actual time=0.0088..0.0125 rows=3 loops=1)
    actual_rows: 3.0
    estimated_rows: 3.24
    q_error: 1.08

- query: SELECT * FROM movie_info mi WHERE mi.info_type_id=5
  qep:
  - node: Index lookup on mi using info_type_id_movie_info (info_type_id=5) (cost=154870
      rows=855116) (actual time=0.0162..908 rows=486554 loops=1)
    actual_rows: 486554.0
    estimated_rows: 855116.0
    q_error: 1.7574945432572746

- query: SELECT * FROM title t,cast_info ci,movie_info mi WHERE t.id=ci.movie_id AND
    t.id=mi.movie_id AND t.kind_id>1 AND t.production_year>2008 AND ci.person_id>2289189
    AND mi.info_type_id=5
  qep:
  - node: Nested loop inner join (cost=1.23e+6 rows=1.1e+6) (actual time=0.061..3193
      rows=410328 loops=1)
    actual_rows: 410328.0
    estimated_rows: 1100000.0
    q_error: 2.6807822035054882
  - node: Nested loop inner join (cost=454161 rows=142505) (actual time=0.0329..1224
      rows=21516 loops=1)
    actual_rows: 21516.0
    estimated_rows: 142505.0
    q_error: 6.62321063394683
  - node: Index lookup on mi using info_type_id_movie_info (info_type_id=5) (cost=154870
      rows=855116) (actual time=0.0181..781 rows=486554 loops=1)
    actual_rows: 486554.0
    estimated_rows: 855116.0
    q_error: 1.7574945432572746
  - node: 'Filter: ((t.kind_id > 1) and (t.production_year > 2008)) (cost=0.25 rows=0.167)
      (actual time=822e-6..826e-6 rows=0.0442 loops=486554)'
    actual_rows: 0.0442
    estimated_rows: 0.167
    q_error: 3.7782805429864252
  - node: Single-row index lookup on t using PRIMARY (id=mi.movie_id) (cost=0.25 rows=1)
      (actual time=639e-6..660e-6 rows=1 loops=486554)
    actual_rows: 1.0
    estimated_rows: 1.0
    q_error: 1.0
  - node: 'Filter: (ci.person_id > 2289189) (cost=3.87 rows=7.73) (actual time=0.0357..0.0905
      rows=19.1 loops=21516)'
    actual_rows: 19.1
    estimated_rows: 7.73
    q_error: 2.4708926261319535
  - node: Index lookup on ci using movie_id_cast_info (movie_id=mi.movie_id) (cost=3.87
      rows=15.5) (actual time=0.00377..0.0872 rows=42.4 loops=21516)
    actual_rows: 42.4
    estimated_rows: 15.5
    q_error: 2.735483870967742

- query: SELECT * FROM title t,movie_companies mc,cast_info ci WHERE t.id=mc.movie_id
    AND t.id=ci.movie_id AND mc.company_id<1886
  qep:
  - node: Nested loop inner join (cost=7.75e+6 rows=20.1e+6) (actual time=0.035..57308
      rows=27e+6 loops=1)
    actual_rows: 27000000.0
    estimated_rows: 20100000.0
    q_error: 1.3432835820895523
  - node: Nested loop inner join (cost=717249 rows=1.3e+6) (actual time=0.0249..2959
      rows=812591 loops=1)
    actual_rows: 812591.0
    estimated_rows: 1300000.0
    q_error: 1.5998208200681523
  - node: 'Filter: (mc.company_id < 1886) (cost=262291 rows=1.3e+6) (actual time=0.0152..1772
      rows=812591 loops=1)'
    actual_rows: 812591.0
    estimated_rows: 1300000.0
    q_error: 1.5998208200681523
  - node: Table scan on mc (cost=262291 rows=2.6e+6) (actual time=0.0144..1570 rows=2.61e+6
      loops=1)
    actual_rows: 2610000.0
    estimated_rows: 2600000.0
    q_error: 1.0038461538461538
  - node: Single-row index lookup on t using PRIMARY (id=mc.movie_id) (cost=0.25 rows=1)
      (actual time=0.00128..0.0013 rows=1 loops=812591)
    actual_rows: 1.0
    estimated_rows: 1.0
    q_error: 1.0
  - node: Index lookup on ci using movie_id_cast_info (movie_id=mc.movie_id) (cost=3.87
      rows=15.5) (actual time=0.00321..0.0652 rows=33.3 loops=812591)
    actual_rows: 33.3
    estimated_rows: 15.5
    q_error: 2.148387096774193

- query: SELECT * FROM title t,cast_info ci,movie_info mi,movie_info_idx mi_idx WHERE
    t.id=ci.movie_id AND t.id=mi.movie_id AND t.id=mi_idx.movie_id AND t.kind_id=7
    AND t.production_year>1996 AND ci.person_id>2375987 AND ci.role_id=3 AND mi.info_type_id<17
    AND mi_idx.info_type_id<101
  qep:
  - node: Nested loop inner join (cost=1.28e+6 rows=511479) (actual time=0.153..24275
      rows=5.5e+6 loops=1)
    actual_rows: 5500000.0
    estimated_rows: 511479.0
    q_error: 10.753129649506628
  - node: Nested loop inner join (cost=922301 rows=190426) (actual time=0.127..15585
      rows=703168 loops=1)
    actual_rows: 703168.0
    estimated_rows: 190426.0
    q_error: 3.6926050014178737
  - node: Nested loop inner join (cost=349801 rows=105749) (actual time=0.0697..1825
      rows=178468 loops=1)
    actual_rows: 178468.0
    estimated_rows: 105749.0
    q_error: 1.6876566208663912
  - node: 'Filter: (mi_idx.info_type_id < 101) (cost=127705 rows=634560) (actual time=0.0259..909
      rows=919850 loops=1)'
    actual_rows: 919850.0
    estimated_rows: 634560.0
    q_error: 1.4495871154815936
  - node: Table scan on mi_idx (cost=127705 rows=1.27e+6) (actual time=0.024..804
      rows=1.38e+6 loops=1)
    actual_rows: 1380000.0
    estimated_rows: 1270000.0
    q_error: 1.0866141732283465
  - node: 'Filter: ((t.kind_id = 7) and (t.production_year > 1996)) (cost=0.25 rows=0.167)
      (actual time=887e-6..901e-6 rows=0.194 loops=919850)'
    actual_rows: 0.194
    estimated_rows: 0.167
    q_error: 1.1616766467065869
  - node: Single-row index lookup on t using PRIMARY (id=mi_idx.movie_id) (cost=0.25
      rows=1) (actual time=713e-6..735e-6 rows=1 loops=919850)
    actual_rows: 1.0
    estimated_rows: 1.0
    q_error: 1.0
  - node: 'Filter: ((ci.role_id = 3) and (ci.person_id > 2375987)) (cost=3.87 rows=1.8)
      (actual time=0.0365..0.0768 rows=3.94 loops=178468)'
    actual_rows: 3.94
    estimated_rows: 1.8
    q_error: 2.1888888888888887
  - node: Index lookup on ci using movie_id_cast_info (movie_id=mi_idx.movie_id) (cost=3.87
      rows=15.5) (actual time=0.00269..0.0732 rows=39.8 loops=178468)
    actual_rows: 39.8
    estimated_rows: 15.5
    q_error: 2.5677419354838706
  - node: 'Filter: (mi.info_type_id < 17) (cost=1.34 rows=2.69) (actual time=0.00228..0.0118
      rows=7.82 loops=703168)'
    actual_rows: 7.82
    estimated_rows: 2.69
    q_error: 2.9070631970260226
  - node: Index lookup on mi using movie_id_movie_info (movie_id=mi_idx.movie_id)
      (cost=1.34 rows=5.37) (actual time=0.00163..0.011 rows=9.43 loops=703168)
    actual_rows: 9.43
    estimated_rows: 5.37
    q_error: 1.7560521415270018

- query: SELECT * FROM title t,movie_info mi,movie_info_idx mi_idx WHERE t.id=mi.movie_id
    AND t.id=mi_idx.movie_id AND t.kind_id=7 AND mi.info_type_id>5 AND mi_idx.info_type_id<101
  qep:
  - node: Nested loop inner join (cost=946346 rows=852206) (actual time=0.0486..5302
      rows=1.87e+6 loops=1)
    actual_rows: 1870000.0
    estimated_rows: 852206.0
    q_error: 2.1943051327965306
  - node: Nested loop inner join (cost=349801 rows=317280) (actual time=0.0379..1722
      rows=283812 loops=1)
    actual_rows: 283812.0
    estimated_rows: 317280.0
    q_error: 1.1179231322142826
  - node: 'Filter: (mi_idx.info_type_id < 101) (cost=127705 rows=634560) (actual time=0.0125..875
      rows=919850 loops=1)'
    actual_rows: 919850.0
    estimated_rows: 634560.0
    q_error: 1.4495871154815936
  - node: Table scan on mi_idx (cost=127705 rows=1.27e+6) (actual time=0.0118..779
      rows=1.38e+6 loops=1)
    actual_rows: 1380000.0
    estimated_rows: 1270000.0
    q_error: 1.0866141732283465
  - node: 'Filter: (t.kind_id = 7) (cost=0.25 rows=0.5) (actual time=811e-6..831e-6
      rows=0.309 loops=919850)'
    actual_rows: 0.309
    estimated_rows: 0.5
    q_error: 1.6181229773462784
  - node: Single-row index lookup on t using PRIMARY (id=mi_idx.movie_id) (cost=0.25
      rows=1) (actual time=669e-6..690e-6 rows=1 loops=919850)
    actual_rows: 1.0
    estimated_rows: 1.0
    q_error: 1.0
  - node: 'Filter: (mi.info_type_id > 5) (cost=1.34 rows=2.69) (actual time=0.0025..0.0122
      rows=6.58 loops=283812)'
    actual_rows: 6.58
    estimated_rows: 2.69
    q_error: 2.446096654275093
  - node: Index lookup on mi using movie_id_movie_info (movie_id=mi_idx.movie_id)
      (cost=1.34 rows=5.37) (actual time=0.00201..0.0115 rows=8.54 loops=283812)
    actual_rows: 8.54
    estimated_rows: 5.37
    q_error: 1.5903165735567968

- query: SELECT * FROM title t,movie_companies mc,cast_info ci,movie_info mi WHERE
    t.id=mc.movie_id AND t.id=ci.movie_id AND t.id=mi.movie_id AND mc.company_id<708
    AND ci.person_id<3036144 AND ci.role_id>3
  qep:
  - node: Nested loop inner join (cost=17.2e+6 rows=27e+6) (actual time=0.0472..310365
      rows=237e+6 loops=1)
    actual_rows: 237000000.0
    estimated_rows: 27000000.0
    q_error: 8.777777777777779
  - node: Nested loop inner join (cost=7.75e+6 rows=5.03e+6) (actual time=0.0393..48189
      rows=3.69e+6 loops=1)
    actual_rows: 3690000.0
    estimated_rows: 5030000.0
    q_error: 1.3631436314363143
  - node: Nested loop inner join (cost=717249 rows=1.3e+6) (actual time=0.0222..2569
      rows=607408 loops=1)
    actual_rows: 607408.0
    estimated_rows: 1300000.0
    q_error: 2.14024181439823
  - node: 'Filter: (mc.company_id < 708) (cost=262291 rows=1.3e+6) (actual time=0.0135..1611
      rows=607408 loops=1)'
    actual_rows: 607408.0
    estimated_rows: 1300000.0
    q_error: 2.14024181439823
  - node: Table scan on mc (cost=262291 rows=2.6e+6) (actual time=0.0127..1439 rows=2.61e+6
      loops=1)
    actual_rows: 2610000.0
    estimated_rows: 2600000.0
    q_error: 1.0038461538461538
  - node: Single-row index lookup on t using PRIMARY (id=mc.movie_id) (cost=0.25 rows=1)
      (actual time=0.0014..0.00142 rows=1 loops=607408)
    actual_rows: 1.0
    estimated_rows: 1.0
    q_error: 1.0
  - node: 'Filter: ((ci.person_id < 3036144) and (ci.role_id > 3)) (cost=3.87 rows=3.87)
      (actual time=0.0485..0.0747 rows=6.08 loops=607408)'
    actual_rows: 6.08
    estimated_rows: 3.87
    q_error: 1.5710594315245479
  - node: Index lookup on ci using movie_id_cast_info (movie_id=mc.movie_id) (cost=3.87
      rows=15.5) (actual time=0.00352..0.0715 rows=31.7 loops=607408)
    actual_rows: 31.7
    estimated_rows: 15.5
    q_error: 2.0451612903225804
  - node: Index lookup on mi using movie_id_movie_info (movie_id=mc.movie_id) (cost=1.34
      rows=5.37) (actual time=0.0017..0.0681 rows=64.1 loops=3.69e+6)
    actual_rows: 64.1
    estimated_rows: 5.37
    q_error: 11.936685288640595

- query: SELECT * FROM title t,movie_info mi,movie_info_idx mi_idx,movie_keyword mk
    WHERE t.id=mi.movie_id AND t.id=mi_idx.movie_id AND t.id=mk.movie_id AND t.production_year>2011
  qep:
  - node: Nested loop inner join (cost=10.5e+6 rows=26.2e+6) (actual time=0.0985..16370
      rows=14.8e+6 loops=1)
    actual_rows: 14800000.0
    estimated_rows: 26200000.0
    q_error: 1.7702702702702702
  - node: Nested loop inner join (cost=1.37e+6 rows=2.27e+6) (actual time=0.0808..2897
      rows=744814 loops=1)
    actual_rows: 744814.0
    estimated_rows: 2270000.0
    q_error: 3.047740778234566
  - node: Nested loop inner join (cost=571898 rows=422998) (actual time=0.0702..1739
      rows=69471 loops=1)
    actual_rows: 69471.0
    estimated_rows: 422998.0
    q_error: 6.088842826503146
  - node: Table scan on mi_idx (cost=127705 rows=1.27e+6) (actual time=0.0444..767
      rows=1.38e+6 loops=1)
    actual_rows: 1380000.0
    estimated_rows: 1270000.0
    q_error: 1.0866141732283465
  - node: 'Filter: (t.production_year > 2011) (cost=0.25 rows=0.333) (actual time=625e-6..628e-6
      rows=0.0503 loops=1.38e+6)'
    actual_rows: 0.0503
    estimated_rows: 0.333
    q_error: 6.6202783300198815
  - node: Single-row index lookup on t using PRIMARY (id=mi_idx.movie_id) (cost=0.25
      rows=1) (actual time=470e-6..490e-6 rows=1 loops=1.38e+6)
    actual_rows: 1.0
    estimated_rows: 1.0
    q_error: 1.0
  - node: Index lookup on mi using movie_id_movie_info (movie_id=mi_idx.movie_id)
      (cost=1.34 rows=5.37) (actual time=0.00213..0.0161 rows=10.7 loops=69471)
    actual_rows: 10.7
    estimated_rows: 5.37
    q_error: 1.9925512104283052
  - node: Index lookup on mk using movie_id_movie_keyword (movie_id=mi_idx.movie_id)
      (cost=2.88 rows=11.5) (actual time=0.0043..0.0171 rows=19.9 loops=744814)
    actual_rows: 19.9
    estimated_rows: 11.5
    q_error: 1.7304347826086954

- query: SELECT * FROM title t,movie_companies mc WHERE t.id=mc.movie_id AND t.production_year>1984
    AND mc.company_type_id=1
  qep:
  - node: Nested loop inner join (cost=591889 rows=433250) (actual time=0.0257..2627
      rows=785208 loops=1)
    actual_rows: 785208.0
    estimated_rows: 433250.0
    q_error: 1.8123669936526254
  - node: Index lookup on mc using company_type_id_movie_companies (company_type_id=1)
      (cost=136931 rows=1.3e+6) (actual time=0.0177..1437 rows=1.27e+6 loops=1)
    actual_rows: 1270000.0
    estimated_rows: 1300000.0
    q_error: 1.0236220472440944
  - node: 'Filter: (t.production_year > 1984) (cost=0.25 rows=0.333) (actual time=796e-6..834e-6
      rows=0.616 loops=1.27e+6)'
    actual_rows: 0.616
    estimated_rows: 0.333
    q_error: 1.8498498498498497
  - node: Single-row index lookup on t using PRIMARY (id=mc.movie_id) (cost=0.25 rows=1)
      (actual time=672e-6..692e-6 rows=1 loops=1.27e+6)
    actual_rows: 1.0
    estimated_rows: 1.0
    q_error: 1.0

- query: SELECT * FROM title t,movie_companies mc,movie_info mi,movie_info_idx mi_idx,movie_keyword
    mk WHERE t.id=mc.movie_id AND t.id=mi.movie_id AND t.id=mi_idx.movie_id AND t.id=mk.movie_id
    AND t.kind_id<3 AND mc.company_type_id<2 AND mk.keyword_id<1535
  qep:
  - node: Nested loop inner join (cost=14.6e+6 rows=29.5e+6) (actual time=0.784..2.92e+6
      rows=2.68e+9 loops=1)
    actual_rows: 2680000000.0
    estimated_rows: 29500000.0
    q_error: 90.84745762711864
  - node: Nested loop inner join (cost=4.26e+6 rows=5.5e+6) (actual time=0.776..41438
      rows=16.5e+6 loops=1)
    actual_rows: 16500000.0
    estimated_rows: 5500000.0
    q_error: 3.0
  - node: Nested loop inner join (cost=2.34e+6 rows=1.7e+6) (actual time=0.768..14711
      rows=5.57e+6 loops=1)
    actual_rows: 5570000.0
    estimated_rows: 1700000.0
    q_error: 3.276470588235294
  - node: Nested loop inner join (cost=1.15e+6 rows=1.05e+6) (actual time=0.757..2563
      rows=832497 loops=1)
    actual_rows: 832497.0
    estimated_rows: 1050000.0
    q_error: 1.2612658063632662
  - node: 'Filter: (mk.keyword_id < 1535) (cost=420275 rows=2.09e+6) (actual time=0.745..1332
      rows=1.22e+6 loops=1)'
    actual_rows: 1220000.0
    estimated_rows: 2090000.0
    q_error: 1.7131147540983607
  - node: Table scan on mk (cost=420275 rows=4.18e+6) (actual time=0.744..1073 rows=4.52e+6
      loops=1)
    actual_rows: 4520000.0
    estimated_rows: 4180000.0
    q_error: 1.0813397129186604
  - node: 'Filter: (t.kind_id < 3) (cost=0.25 rows=0.5) (actual time=801e-6..867e-6
      rows=0.683 loops=1.22e+6)'
    actual_rows: 0.683
    estimated_rows: 0.5
    q_error: 1.366
  - node: Single-row index lookup on t using PRIMARY (id=mk.movie_id) (cost=0.25 rows=1)
      (actual time=653e-6..678e-6 rows=1 loops=1.22e+6)
    actual_rows: 1.0
    estimated_rows: 1.0
    q_error: 1.0
  - node: 'Filter: (mc.company_type_id < 2) (cost=0.811 rows=1.62) (actual time=0.00239..0.014
      rows=6.69 loops=832497)'
    actual_rows: 6.69
    estimated_rows: 1.62
    q_error: 4.12962962962963
  - node: Index lookup on mc using movie_id_movie_companies (movie_id=mk.movie_id)
      (cost=0.811 rows=3.24) (actual time=0.00215..0.0126 rows=8.8 loops=832497)
    actual_rows: 8.8
    estimated_rows: 3.24
    q_error: 2.7160493827160495
  - node: Index lookup on mi_idx using movie_id_movie_info_idx (movie_id=mk.movie_id)
      (cost=0.811 rows=3.24) (actual time=0.00175..0.00456 rows=2.97 loops=5.57e+6)
    actual_rows: 2.97
    estimated_rows: 3.24
    q_error: 1.0909090909090908
  - node: Index lookup on mi using movie_id_movie_info (movie_id=mk.movie_id) (cost=1.34
      rows=5.37) (actual time=0.00154..0.167 rows=162 loops=16.5e+6)
    actual_rows: 162.0
    estimated_rows: 5.37
    q_error: 30.167597765363126

- query: SELECT * FROM title t,movie_info mi,movie_info_idx mi_idx WHERE t.id=mi.movie_id
    AND t.id=mi_idx.movie_id AND t.kind_id>1
  qep:
  - node: Nested loop inner join (cost=1.76e+6 rows=3.41e+6) (actual time=0.0362..12040
      rows=7.25e+6 loops=1)
    actual_rows: 7250000.0
    estimated_rows: 3410000.0
    q_error: 2.126099706744868
  - node: Nested loop inner join (cost=571898 rows=634560) (actual time=0.0248..2043
      rows=750135 loops=1)
    actual_rows: 750135.0
    estimated_rows: 634560.0
    q_error: 1.1821340771558244
  - node: Table scan on mi_idx (cost=127705 rows=1.27e+6) (actual time=0.0141..859
      rows=1.38e+6 loops=1)
    actual_rows: 1380000.0
    estimated_rows: 1270000.0
    q_error: 1.0866141732283465
  - node: 'Filter: (t.kind_id > 1) (cost=0.25 rows=0.5) (actual time=710e-6..747e-6
      rows=0.544 loops=1.38e+6)'
    actual_rows: 0.544
    estimated_rows: 0.5
    q_error: 1.088
  - node: Single-row index lookup on t using PRIMARY (id=mi_idx.movie_id) (cost=0.25
      rows=1) (actual time=557e-6..578e-6 rows=1 loops=1.38e+6)
    actual_rows: 1.0
    estimated_rows: 1.0
    q_error: 1.0
  - node: Index lookup on mi using movie_id_movie_info (movie_id=mi_idx.movie_id)
      (cost=1.34 rows=5.37) (actual time=0.00196..0.0128 rows=9.66 loops=750135)
    actual_rows: 9.66
    estimated_rows: 5.37
    q_error: 1.7988826815642458

- query: SELECT * FROM title t,movie_info mi WHERE t.id=mi.movie_id AND t.kind_id=1
    AND t.production_year<1948
  qep:
  - node: Nested loop inner join (cost=876797 rows=2.33e+6) (actual time=0.0782..5193
      rows=1.84e+6 loops=1)
    actual_rows: 1840000.0
    estimated_rows: 2330000.0
    q_error: 1.266304347826087
  - node: 'Filter: (t.production_year < 1948) (cost=61734 rows=433502) (actual time=0.0684..1431
      rows=156740 loops=1)'
    actual_rows: 156740.0
    estimated_rows: 433502.0
    q_error: 2.765739441112671
  - node: Index lookup on t using kind_id_title (kind_id=1) (cost=61734 rows=1.3e+6)
      (actual time=0.0191..1376 rows=662825 loops=1)
    actual_rows: 662825.0
    estimated_rows: 1300000.0
    q_error: 1.9613020027910837
  - node: Index lookup on mi using movie_id_movie_info (movie_id=t.id) (cost=1.34
      rows=5.37) (actual time=0.0035..0.0233 rows=11.7 loops=156740)
    actual_rows: 11.7
    estimated_rows: 5.37
    q_error: 2.17877094972067

- query: SELECT * FROM movie_info_idx mi_idx WHERE mi_idx.info_type_id>101
  qep:
  - node: 'Index range scan on mi_idx using info_type_id_movie_info_idx over (101
      < info_type_id), with index condition: (mi_idx.info_type_id > 101) (cost=117
      rows=260) (actual time=0.0198..0.273 rows=260 loops=1)'
    actual_rows: 260.0
    estimated_rows: 260.0
    q_error: 1.0

- query: SELECT * FROM title t,movie_companies mc,movie_keyword mk WHERE t.id=mc.movie_id
    AND t.id=mk.movie_id AND t.kind_id<7 AND t.production_year>1984
  qep:
  - node: Nested loop inner join (cost=2.67e+6 rows=2.26e+6) (actual time=1.05..28796
      rows=23.5e+6 loops=1)
    actual_rows: 23500000.0
    estimated_rows: 2260000.0
    q_error: 10.398230088495575
  - node: Nested loop inner join (cost=1.88e+6 rows=696772) (actual time=1.03..3294
      rows=2.53e+6 loops=1)
    actual_rows: 2530000.0
    estimated_rows: 696772.0
    q_error: 3.63102994953873
  - node: Table scan on mk (cost=420275 rows=4.18e+6) (actual time=1.02..935 rows=4.52e+6
      loops=1)
    actual_rows: 4520000.0
    estimated_rows: 4180000.0
    q_error: 1.0813397129186604
  - node: 'Filter: ((t.kind_id < 7) and (t.production_year > 1984)) (cost=0.25 rows=0.167)
      (actual time=384e-6..420e-6 rows=0.559 loops=4.52e+6)'
    actual_rows: 0.559
    estimated_rows: 0.167
    q_error: 3.347305389221557
  - node: Single-row index lookup on t using PRIMARY (id=mk.movie_id) (cost=0.25 rows=1)
      (actual time=235e-6..256e-6 rows=1 loops=4.52e+6)
    actual_rows: 1.0
    estimated_rows: 1.0
    q_error: 1.0
  - node: Index lookup on mc using movie_id_movie_companies (movie_id=mk.movie_id)
      (cost=0.811 rows=3.24) (actual time=0.00149..0.00957 rows=9.3 loops=2.53e+6)
    actual_rows: 9.3
    estimated_rows: 3.24
    q_error: 2.8703703703703702

- query: SELECT * FROM movie_info mi WHERE mi.info_type_id=4
  qep:
  - node: Index lookup on mi using info_type_id_movie_info (info_type_id=4) (cost=311978
      rows=2.43e+6) (actual time=0.0243..2146 rows=1.3e+6 loops=1)
    actual_rows: 1300000.0
    estimated_rows: 2430000.0
    q_error: 1.8692307692307693

- query: SELECT * FROM title t,movie_info mi,movie_keyword mk WHERE t.id=mi.movie_id
    AND t.id=mk.movie_id AND t.kind_id<7 AND t.production_year<1960 AND mi.info_type_id<5
    AND mk.keyword_id<2346
  qep:
  - node: Nested loop inner join (cost=1.81e+6 rows=935756) (actual time=1.36..11472
      rows=1.33e+6 loops=1)
    actual_rows: 1330000.0
    estimated_rows: 935756.0
    q_error: 1.42131068355426
  - node: Nested loop inner join (cost=1.15e+6 rows=348386) (actual time=1.35..2066
      rows=239718 loops=1)
    actual_rows: 239718.0
    estimated_rows: 348386.0
    q_error: 1.4533159796093744
  - node: 'Filter: (mk.keyword_id < 2346) (cost=420275 rows=2.09e+6) (actual time=0.681..1089
      rows=1.56e+6 loops=1)'
    actual_rows: 1560000.0
    estimated_rows: 2090000.0
    q_error: 1.3397435897435896
  - node: Table scan on mk (cost=420275 rows=4.18e+6) (actual time=0.68..874 rows=4.52e+6
      loops=1)
    actual_rows: 4520000.0
    estimated_rows: 4180000.0
    q_error: 1.0813397129186604
  - node: 'Filter: ((t.kind_id < 7) and (t.production_year < 1960)) (cost=0.25 rows=0.167)
      (actual time=534e-6..544e-6 rows=0.153 loops=1.56e+6)'
    actual_rows: 0.153
    estimated_rows: 0.167
    q_error: 1.0915032679738563
  - node: Single-row index lookup on t using PRIMARY (id=mk.movie_id) (cost=0.25 rows=1)
      (actual time=376e-6..397e-6 rows=1 loops=1.56e+6)
    actual_rows: 1.0
    estimated_rows: 1.0
    q_error: 1.0
  - node: 'Filter: (mi.info_type_id < 5) (cost=1.34 rows=2.69) (actual time=0.0187..0.0389
      rows=5.56 loops=239718)'
    actual_rows: 5.56
    estimated_rows: 2.69
    q_error: 2.066914498141264
  - node: Index lookup on mi using movie_id_movie_info (movie_id=mk.movie_id) (cost=1.34
      rows=5.37) (actual time=0.00191..0.0368 rows=32.9 loops=239718)
    actual_rows: 32.9
    estimated_rows: 5.37
    q_error: 6.126629422718808

- query: SELECT * FROM title t,movie_info mi,movie_keyword mk WHERE t.id=mi.movie_id
    AND t.id=mk.movie_id AND t.kind_id=1 AND mk.keyword_id>2488
  qep:
  - node: Nested loop inner join (cost=3.12e+6 rows=5.62e+6) (actual time=420..158557
      rows=141e+6 loops=1)
    actual_rows: 141000000.0
    estimated_rows: 5620000.0
    q_error: 25.08896797153025
  - node: Nested loop inner join (cost=1.15e+6 rows=1.05e+6) (actual time=420..3014
      rows=1.84e+6 loops=1)
    actual_rows: 1840000.0
    estimated_rows: 1050000.0
    q_error: 1.7523809523809524
  - node: 'Filter: (mk.keyword_id > 2488) (cost=420275 rows=2.09e+6) (actual time=1.24..1302
      rows=2.88e+6 loops=1)'
    actual_rows: 2880000.0
    estimated_rows: 2090000.0
    q_error: 1.3779904306220097
  - node: Table scan on mk (cost=420275 rows=4.18e+6) (actual time=0.677..970 rows=4.52e+6
      loops=1)
    actual_rows: 4520000.0
    estimated_rows: 4180000.0
    q_error: 1.0813397129186604
  - node: 'Filter: (t.kind_id = 1) (cost=0.25 rows=0.5) (actual time=437e-6..481e-6
      rows=0.637 loops=2.88e+6)'
    actual_rows: 0.637
    estimated_rows: 0.5
    q_error: 1.274
  - node: Single-row index lookup on t using PRIMARY (id=mk.movie_id) (cost=0.25 rows=1)
      (actual time=313e-6..334e-6 rows=1 loops=2.88e+6)
    actual_rows: 1.0
    estimated_rows: 1.0
    q_error: 1.0
  - node: Index lookup on mi using movie_id_movie_info (movie_id=mk.movie_id) (cost=1.34
      rows=5.37) (actual time=0.00165..0.0812 rows=77 loops=1.84e+6)
    actual_rows: 77.0
    estimated_rows: 5.37
    q_error: 14.338919925512103

- query: SELECT * FROM title t,movie_companies mc,cast_info ci,movie_info_idx mi_idx,movie_keyword
    mk WHERE t.id=mc.movie_id AND t.id=ci.movie_id AND t.id=mi_idx.movie_id AND t.id=mk.movie_id
    AND mc.company_id=26870 AND mi_idx.info_type_id>100 AND mk.keyword_id>12102
  qep:
  - node: Nested loop inner join (cost=1712 rows=4196) (actual time=0.104..49.7 rows=41554
      loops=1)
    actual_rows: 41554.0
    estimated_rows: 4196.0
    q_error: 9.903241182078169
  - node: Nested loop inner join (cost=243 rows=271) (actual time=0.0951..4.74 rows=449
      loops=1)
    actual_rows: 449.0
    estimated_rows: 271.0
    q_error: 1.6568265682656826
  - node: Nested loop inner join (cost=53.2 rows=47) (actual time=0.0491..0.447 rows=29
      loops=1)
    actual_rows: 29.0
    estimated_rows: 47.0
    q_error: 1.6206896551724137
  - node: Nested loop inner join (cost=20.3 rows=29) (actual time=0.032..0.207 rows=29
      loops=1)
    actual_rows: 29.0
    estimated_rows: 29.0
    q_error: 1.0
  - node: Index lookup on mc using company_id_movie_companies (company_id=26870) (cost=10.2
      rows=29) (actual time=0.0239..0.105 rows=29 loops=1)
    actual_rows: 29.0
    estimated_rows: 29.0
    q_error: 1.0
  - node: Single-row index lookup on t using PRIMARY (id=mc.movie_id) (cost=0.253
      rows=1) (actual time=0.00323..0.00324 rows=1 loops=29)
    actual_rows: 1.0
    estimated_rows: 1.0
    q_error: 1.0
  - node: 'Filter: (mi_idx.info_type_id > 100) (cost=0.816 rows=1.62) (actual time=0.007..0.00809
      rows=1 loops=29)'
    actual_rows: 1.0
    estimated_rows: 1.62
    q_error: 1.62
  - node: Index lookup on mi_idx using movie_id_movie_info_idx (movie_id=mc.movie_id)
      (cost=0.816 rows=3.24) (actual time=0.00437..0.00774 rows=3 loops=29)
    actual_rows: 3.0
    estimated_rows: 3.24
    q_error: 1.08
  - node: 'Filter: (mk.keyword_id > 12102) (cost=2.9 rows=5.77) (actual time=0.0343..0.147
      rows=15.5 loops=29)'
    actual_rows: 15.5
    estimated_rows: 5.77
    q_error: 2.68630849220104
  - node: Index lookup on mk using movie_id_movie_keyword (movie_id=mc.movie_id) (cost=2.9
      rows=11.5) (actual time=0.0336..0.143 rows=55.3 loops=29)
    actual_rows: 55.3
    estimated_rows: 11.5
    q_error: 4.808695652173912
  - node: Index lookup on ci using movie_id_cast_info (movie_id=mc.movie_id) (cost=3.87
      rows=15.5) (actual time=0.00174..0.0967 rows=92.5 loops=449)
    actual_rows: 92.5
    estimated_rows: 15.5
    q_error: 5.967741935483871

- query: SELECT * FROM title t,cast_info ci,movie_info mi,movie_info_idx mi_idx,movie_keyword
    mk WHERE t.id=ci.movie_id AND t.id=mi.movie_id AND t.id=mi_idx.movie_id AND t.id=mk.movie_id
    AND ci.person_id<463537 AND mi.info_type_id>16 AND mi_idx.info_type_id<101 AND
    mk.keyword_id<16037
  qep:
  - node: Nested loop inner join (cost=24.5e+6 rows=25.1e+6) (actual time=0.15..2.77e+6
      rows=1.96e+9 loops=1)
    actual_rows: 1960000000.0
    estimated_rows: 25100000.0
    q_error: 78.08764940239044
  - node: Nested loop inner join (cost=6.96e+6 rows=4.34e+6) (actual time=0.136..351810
      rows=30.9e+6 loops=1)
    actual_rows: 30900000.0
    estimated_rows: 4340000.0
    q_error: 7.119815668202765
  - node: Nested loop inner join (cost=1.54e+6 rows=1e+6) (actual time=0.0607..28013
      rows=3.21e+6 loops=1)
    actual_rows: 3210000.0
    estimated_rows: 1000000.0
    q_error: 3.21
  - node: Nested loop inner join (cost=349801 rows=634560) (actual time=0.0347..2137
      rows=919850 loops=1)
    actual_rows: 919850.0
    estimated_rows: 634560.0
    q_error: 1.4495871154815936
  - node: 'Filter: (mi_idx.info_type_id < 101) (cost=127705 rows=634560) (actual time=0.0214..1039
      rows=919850 loops=1)'
    actual_rows: 919850.0
    estimated_rows: 634560.0
    q_error: 1.4495871154815936
  - node: Table scan on mi_idx (cost=127705 rows=1.27e+6) (actual time=0.0201..909
      rows=1.38e+6 loops=1)
    actual_rows: 1380000.0
    estimated_rows: 1270000.0
    q_error: 1.0866141732283465
  - node: Single-row index lookup on t using PRIMARY (id=mi_idx.movie_id) (cost=0.25
      rows=1) (actual time=0.00101..0.00103 rows=1 loops=919850)
    actual_rows: 1.0
    estimated_rows: 1.0
    q_error: 1.0
  - node: 'Filter: (mi.info_type_id > 16) (cost=1.34 rows=1.58) (actual time=0.00915..0.0278
      rows=3.49 loops=919850)'
    actual_rows: 3.49
    estimated_rows: 1.58
    q_error: 2.208860759493671
  - node: Index lookup on mi using movie_id_movie_info (movie_id=mi_idx.movie_id)
      (cost=1.34 rows=5.37) (actual time=0.00258..0.0266 rows=15.1 loops=919850)
    actual_rows: 15.1
    estimated_rows: 5.37
    q_error: 2.811918063314711
  - node: 'Filter: (ci.person_id < 463537) (cost=3.87 rows=4.34) (actual time=0.00393..0.1
      rows=9.63 loops=3.21e+6)'
    actual_rows: 9.63
    estimated_rows: 4.34
    q_error: 2.2188940092165903
  - node: Index lookup on ci using movie_id_cast_info (movie_id=mi_idx.movie_id) (cost=3.87
      rows=15.5) (actual time=0.00208..0.0957 rows=70.6 loops=3.21e+6)
    actual_rows: 70.6
    estimated_rows: 15.5
    q_error: 4.554838709677419
  - node: 'Filter: (mk.keyword_id < 16037) (cost=2.88 rows=5.77) (actual time=0.00883..0.0754
      rows=63.5 loops=30.9e+6)'
    actual_rows: 63.5
    estimated_rows: 5.77
    q_error: 11.0051993067591
  - node: Index lookup on mk using movie_id_movie_keyword (movie_id=mi_idx.movie_id)
      (cost=2.88 rows=11.5) (actual time=0.00866..0.0704 rows=86.6 loops=30.9e+6)
    actual_rows: 86.6
    estimated_rows: 11.5
    q_error: 7.530434782608695

- query: SELECT * FROM title t,movie_info mi WHERE t.id=mi.movie_id AND t.kind_id=1
    AND t.production_year=2010
  qep:
  - node: Nested loop inner join (cost=275934 rows=698695) (actual time=0.0397..1644
      rows=378799 loops=1)
    actual_rows: 378799.0
    estimated_rows: 698695.0
    q_error: 1.8445006454610493
  - node: 'Filter: (t.production_year = 2010) (cost=31390 rows=130064) (actual time=0.028..884
      rows=33190 loops=1)'
    actual_rows: 33190.0
    estimated_rows: 130064.0
    q_error: 3.918770714070503
  - node: Index lookup on t using kind_id_title (kind_id=1) (cost=31390 rows=1.3e+6)
      (actual time=0.0185..848 rows=662825 loops=1)
    actual_rows: 662825.0
    estimated_rows: 1300000.0
    q_error: 1.9613020027910837
  - node: Index lookup on mi using movie_id_movie_info (movie_id=t.id) (cost=1.34
      rows=5.37) (actual time=0.00374..0.0222 rows=11.4 loops=33190)
    actual_rows: 11.4
    estimated_rows: 5.37
    q_error: 2.122905027932961

- query: SELECT * FROM cast_info ci WHERE ci.person_id>2911291 AND ci.role_id>4
  qep:
  - node: 'Filter: ((ci.person_id > 2911291) and (ci.role_id > 4)) (cost=3.51e+6 rows=6.5e+6)
      (actual time=14602..19887 rows=5.64e+6 loops=1)'
    actual_rows: 5640000.0
    estimated_rows: 6500000.0
    q_error: 1.1524822695035462
  - node: Table scan on ci (cost=3.51e+6 rows=34.8e+6) (actual time=0.0118..17847
      rows=36.2e+6 loops=1)
    actual_rows: 36200000.0
    estimated_rows: 34800000.0
    q_error: 1.0402298850574712

- query: SELECT * FROM title t,movie_info mi WHERE t.id=mi.movie_id AND t.kind_id=7
    AND t.production_year<2002
  qep:
  - node: Nested loop inner join (cost=876797 rows=2.33e+6) (actual time=1.34..8379
      rows=2.06e+6 loops=1)
    actual_rows: 2060000.0
    estimated_rows: 2330000.0
    q_error: 1.1310679611650485
  - node: 'Filter: (t.production_year < 2002) (cost=61734 rows=433502) (actual time=1.32..3338
      rows=596495 loops=1)'
    actual_rows: 596495.0
    estimated_rows: 433502.0
    q_error: 1.37599134490729
  - node: Index lookup on t using kind_id_title (kind_id=7) (cost=61734 rows=1.3e+6)
      (actual time=0.0177..3208 rows=1.54e+6 loops=1)
    actual_rows: 1540000.0
    estimated_rows: 1300000.0
    q_error: 1.1846153846153846
  - node: Index lookup on mi using movie_id_movie_info (movie_id=t.id) (cost=1.34
      rows=5.37) (actual time=0.00332..0.00814 rows=3.45 loops=596495)
    actual_rows: 3.45
    estimated_rows: 5.37
    q_error: 1.5565217391304347

- query: SELECT * FROM title t,movie_companies mc,movie_keyword mk WHERE t.id=mc.movie_id
    AND t.id=mk.movie_id
  qep:
  - node: Nested loop inner join (cost=6.63e+6 rows=13.6e+6) (actual time=0.738..41234
      rows=34.9e+6 loops=1)
    actual_rows: 34900000.0
    estimated_rows: 13600000.0
    q_error: 2.5661764705882355
  - node: Nested loop inner join (cost=1.88e+6 rows=4.18e+6) (actual time=0.725..2828
      rows=4.52e+6 loops=1)
    actual_rows: 4520000.0
    estimated_rows: 4180000.0
    q_error: 1.0813397129186604
  - node: Table scan on mk (cost=420275 rows=4.18e+6) (actual time=0.716..993 rows=4.52e+6
      loops=1)
    actual_rows: 4520000.0
    estimated_rows: 4180000.0
    q_error: 1.0813397129186604
  - node: Single-row index lookup on t using PRIMARY (id=mk.movie_id) (cost=0.25 rows=1)
      (actual time=263e-6..283e-6 rows=1 loops=4.52e+6)
    actual_rows: 1.0
    estimated_rows: 1.0
    q_error: 1.0
  - node: Index lookup on mc using movie_id_movie_companies (movie_id=mk.movie_id)
      (cost=0.811 rows=3.24) (actual time=0.00146..0.00805 rows=7.71 loops=4.52e+6)
    actual_rows: 7.71
    estimated_rows: 3.24
    q_error: 2.3796296296296293

- query: SELECT * FROM title t,movie_info mi,movie_keyword mk WHERE t.id=mi.movie_id
    AND t.id=mk.movie_id AND mk.keyword_id=1749
  qep:
  - node: Nested loop inner join (cost=10447 rows=21751) (actual time=0.734..645 rows=347649
      loops=1)
    actual_rows: 347649.0
    estimated_rows: 21751.0
    q_error: 15.983127212541952
  - node: Nested loop inner join (cost=2834 rows=4049) (actual time=0.716..18.4 rows=4049
      loops=1)
    actual_rows: 4049.0
    estimated_rows: 4049.0
    q_error: 1.0
  - node: Index lookup on mk using keyword_id_movie_keyword (keyword_id=1749) (cost=1417
      rows=4049) (actual time=0.704..8.23 rows=4049 loops=1)
    actual_rows: 4049.0
    estimated_rows: 4049.0
    q_error: 1.0
  - node: Single-row index lookup on t using PRIMARY (id=mk.movie_id) (cost=0.25 rows=1)
      (actual time=0.00234..0.00236 rows=1 loops=4049)
    actual_rows: 1.0
    estimated_rows: 1.0
    q_error: 1.0
  - node: Index lookup on mi using movie_id_movie_info (movie_id=mk.movie_id) (cost=1.34
      rows=5.37) (actual time=0.005..0.151 rows=85.9 loops=4049)
    actual_rows: 85.9
    estimated_rows: 5.37
    q_error: 15.996275605214153

- query: SELECT * FROM movie_companies mc WHERE mc.company_id=18737
  qep:
  - node: Index lookup on mc using company_id_movie_companies (company_id=18737) (cost=10.2
      rows=29) (actual time=0.0163..0.0764 rows=29 loops=1)
    actual_rows: 29.0
    estimated_rows: 29.0
    q_error: 1.0

- query: SELECT * FROM movie_companies mc WHERE mc.company_type_id<2
  qep:
  - node: 'Filter: (mc.company_type_id < 2) (cost=262291 rows=1.3e+6) (actual time=0.0098..1184
      rows=1.27e+6 loops=1)'
    actual_rows: 1270000.0
    estimated_rows: 1300000.0
    q_error: 1.0236220472440944
  - node: Table scan on mc (cost=262291 rows=2.6e+6) (actual time=0.0085..1063 rows=2.61e+6
      loops=1)
    actual_rows: 2610000.0
    estimated_rows: 2600000.0
    q_error: 1.0038461538461538

- query: SELECT * FROM title t,movie_info_idx mi_idx WHERE t.id=mi_idx.movie_id AND
    mi_idx.info_type_id>100
  qep:
  - node: Nested loop inner join (cost=349801 rows=634560) (actual time=0.026..1413
      rows=460185 loops=1)
    actual_rows: 460185.0
    estimated_rows: 634560.0
    q_error: 1.3789236937318687
  - node: 'Filter: (mi_idx.info_type_id > 100) (cost=127705 rows=634560) (actual time=0.0158..807
      rows=460185 loops=1)'
    actual_rows: 460185.0
    estimated_rows: 634560.0
    q_error: 1.3789236937318687
  - node: Table scan on mi_idx (cost=127705 rows=1.27e+6) (actual time=0.0118..716
      rows=1.38e+6 loops=1)
    actual_rows: 1380000.0
    estimated_rows: 1270000.0
    q_error: 1.0866141732283465
  - node: Single-row index lookup on t using PRIMARY (id=mi_idx.movie_id) (cost=0.25
      rows=1) (actual time=0.00118..0.0012 rows=1 loops=460185)
    actual_rows: 1.0
    estimated_rows: 1.0
    q_error: 1.0

- query: SELECT * FROM title t,movie_info mi,movie_info_idx mi_idx WHERE t.id=mi.movie_id
    AND t.id=mi_idx.movie_id AND t.production_year=2004 AND mi_idx.info_type_id=99
  qep:
  - node: Nested loop inner join (cost=407241 rows=340883) (actual time=0.179..1766
      rows=259361 loops=1)
    actual_rows: 259361.0
    estimated_rows: 340883.0
    q_error: 1.314318652380273
  - node: Nested loop inner join (cost=287932 rows=63456) (actual time=0.154..1213
      rows=17034 loops=1)
    actual_rows: 17034.0
    estimated_rows: 63456.0
    q_error: 3.725255371609722
  - node: Index lookup on mi_idx using info_type_id_movie_info_idx (info_type_id=99)
      (cost=65836 rows=634560) (actual time=0.0209..536 rows=459925 loops=1)
    actual_rows: 459925.0
    estimated_rows: 634560.0
    q_error: 1.3797032124802957
  - node: 'Filter: (t.production_year = 2004) (cost=0.25 rows=0.1) (actual time=0.00138..0.00139
      rows=0.037 loops=459925)'
    actual_rows: 0.037
    estimated_rows: 0.1
    q_error: 2.702702702702703
  - node: Single-row index lookup on t using PRIMARY (id=mi_idx.movie_id) (cost=0.25
      rows=1) (actual time=0.00121..0.00123 rows=1 loops=459925)
    actual_rows: 1.0
    estimated_rows: 1.0
    q_error: 1.0
  - node: Index lookup on mi using movie_id_movie_info (movie_id=mi_idx.movie_id)
      (cost=1.34 rows=5.37) (actual time=0.00471..0.0316 rows=15.2 loops=17034)
    actual_rows: 15.2
    estimated_rows: 5.37
    q_error: 2.8305400372439475

- query: SELECT * FROM title t,movie_companies mc,cast_info ci,movie_info_idx mi_idx,movie_keyword
    mk WHERE t.id=mc.movie_id AND t.id=ci.movie_id AND t.id=mi_idx.movie_id AND t.id=mk.movie_id
    AND t.kind_id>1 AND mc.company_type_id=2 AND ci.person_id>990535 AND ci.role_id=2
    AND mi_idx.info_type_id=101
  qep:
  - node: Nested loop inner join (cost=10.4e+6 rows=20.4e+6) (actual time=0.28..38685
      rows=10.9e+6 loops=1)
    actual_rows: 10900000.0
    estimated_rows: 20400000.0
    q_error: 1.871559633027523
  - node: Nested loop inner join (cost=3.24e+6 rows=1.77e+6) (actual time=0.255..26495
      rows=1.53e+6 loops=1)
    actual_rows: 1530000.0
    estimated_rows: 1770000.0
    q_error: 1.1568627450980393
  - node: Nested loop inner join (cost=2.01e+6 rows=1.09e+6) (actual time=0.235..21015
      rows=1.21e+6 loops=1)
    actual_rows: 1210000.0
    estimated_rows: 1090000.0
    q_error: 1.110091743119266
  - node: Nested loop inner join (cost=287932 rows=317280) (actual time=0.0268..1505
      rows=250045 loops=1)
    actual_rows: 250045.0
    estimated_rows: 317280.0
    q_error: 1.2688915995120877
  - node: Index lookup on mi_idx using info_type_id_movie_info_idx (info_type_id=101)
      (cost=65836 rows=634560) (actual time=0.0175..702 rows=459925 loops=1)
    actual_rows: 459925.0
    estimated_rows: 634560.0
    q_error: 1.3797032124802957
  - node: 'Filter: (t.kind_id > 1) (cost=0.25 rows=0.5) (actual time=0.00159..0.00163
      rows=0.544 loops=459925)'
    actual_rows: 0.544
    estimated_rows: 0.5
    q_error: 1.088
  - node: Single-row index lookup on t using PRIMARY (id=mi_idx.movie_id) (cost=0.25
      rows=1) (actual time=0.00143..0.00145 rows=1 loops=459925)
    actual_rows: 1.0
    estimated_rows: 1.0
    q_error: 1.0
  - node: 'Filter: ((ci.role_id = 2) and (ci.person_id > 990535)) (cost=3.87 rows=3.44)
      (actual time=0.0311..0.0777 rows=4.83 loops=250045)'
    actual_rows: 4.83
    estimated_rows: 3.44
    q_error: 1.4040697674418605
  - node: Index lookup on ci using movie_id_cast_info (movie_id=mi_idx.movie_id) (cost=3.87
      rows=15.5) (actual time=0.00389..0.0751 rows=29.7 loops=250045)
    actual_rows: 29.7
    estimated_rows: 15.5
    q_error: 1.9161290322580644
  - node: 'Filter: (mc.company_type_id = 2) (cost=0.811 rows=1.62) (actual time=0.00333..0.00438
      rows=1.27 loops=1.21e+6)'
    actual_rows: 1.27
    estimated_rows: 1.62
    q_error: 1.2755905511811025
  - node: Index lookup on mc using movie_id_movie_companies (movie_id=mi_idx.movie_id)
      (cost=0.811 rows=3.24) (actual time=0.00174..0.00409 rows=2.7 loops=1.21e+6)
    actual_rows: 2.7
    estimated_rows: 3.24
    q_error: 1.2
  - node: Index lookup on mk using movie_id_movie_keyword (movie_id=mi_idx.movie_id)
      (cost=2.88 rows=11.5) (actual time=0.00423..0.00751 rows=7.12 loops=1.53e+6)
    actual_rows: 7.12
    estimated_rows: 11.5
    q_error: 1.6151685393258426

- query: SELECT * FROM movie_keyword mk WHERE mk.keyword_id>398
  qep:
  - node: 'Filter: (mk.keyword_id > 398) (cost=420275 rows=2.09e+6) (actual time=0.732..938
      rows=3.96e+6 loops=1)'
    actual_rows: 3960000.0
    estimated_rows: 2090000.0
    q_error: 1.894736842105263
  - node: Table scan on mk (cost=420275 rows=4.18e+6) (actual time=0.686..713 rows=4.52e+6
      loops=1)
    actual_rows: 4520000.0
    estimated_rows: 4180000.0
    q_error: 1.0813397129186604

- query: SELECT * FROM title t,movie_companies mc,cast_info ci,movie_info mi,movie_info_idx
    mi_idx WHERE t.id=mc.movie_id AND t.id=ci.movie_id AND t.id=mi.movie_id AND t.id=mi_idx.movie_id
    AND t.kind_id<7 AND t.production_year>2010 AND ci.person_id<614751 AND mi.info_type_id<16
    AND mi_idx.info_type_id<100
  qep:
  - node: Nested loop inner join (cost=4.03e+6 rows=5.54e+6) (actual time=0.443..51546
      rows=30.8e+6 loops=1)
    actual_rows: 30800000.0
    estimated_rows: 5540000.0
    q_error: 5.55956678700361
  - node: Nested loop inner join (cost=2.09e+6 rows=1.71e+6) (actual time=0.436..19098
      rows=1.93e+6 loops=1)
    actual_rows: 1930000.0
    estimated_rows: 1710000.0
    q_error: 1.128654970760234
  - node: Nested loop inner join (cost=548630 rows=284040) (actual time=0.427..2462
      rows=225937 loops=1)
    actual_rows: 225937.0
    estimated_rows: 284040.0
    q_error: 1.257164607833157
  - node: Nested loop inner join (cost=349801 rows=105749) (actual time=0.414..1516
      rows=25523 loops=1)
    actual_rows: 25523.0
    estimated_rows: 105749.0
    q_error: 4.143282529483211
  - node: 'Filter: (mi_idx.info_type_id < 100) (cost=127705 rows=634560) (actual time=0.395..824
      rows=459925 loops=1)'
    actual_rows: 459925.0
    estimated_rows: 634560.0
    q_error: 1.3797032124802957
  - node: Table scan on mi_idx (cost=127705 rows=1.27e+6) (actual time=0.394..738
      rows=1.38e+6 loops=1)
    actual_rows: 1380000.0
    estimated_rows: 1270000.0
    q_error: 1.0866141732283465
  - node: 'Filter: ((t.kind_id < 7) and (t.production_year > 2010)) (cost=0.25 rows=0.167)
      (actual time=0.00142..0.00143 rows=0.0555 loops=459925)'
    actual_rows: 0.0555
    estimated_rows: 0.167
    q_error: 3.0090090090090094
  - node: Single-row index lookup on t using PRIMARY (id=mi_idx.movie_id) (cost=0.25
      rows=1) (actual time=0.00123..0.00125 rows=1 loops=459925)
    actual_rows: 1.0
    estimated_rows: 1.0
    q_error: 1.0
  - node: 'Filter: (mi.info_type_id < 16) (cost=1.34 rows=2.69) (actual time=0.00733..0.0365
      rows=8.85 loops=25523)'
    actual_rows: 8.85
    estimated_rows: 2.69
    q_error: 3.2899628252788102
  - node: Index lookup on mi using movie_id_movie_info (movie_id=mi_idx.movie_id)
      (cost=1.34 rows=5.37) (actual time=0.00466..0.0351 rows=15.3 loops=25523)
    actual_rows: 15.3
    estimated_rows: 5.37
    q_error: 2.8491620111731844
  - node: 'Filter: (ci.person_id < 614751) (cost=3.87 rows=6.01) (actual time=0.0044..0.0731
      rows=8.54 loops=225937)'
    actual_rows: 8.54
    estimated_rows: 6.01
    q_error: 1.4209650582362727
  - node: Index lookup on ci using movie_id_cast_info (movie_id=mi_idx.movie_id) (cost=3.87
      rows=15.5) (actual time=0.00195..0.0697 rows=52.7 loops=225937)
    actual_rows: 52.7
    estimated_rows: 15.5
    q_error: 3.4000000000000004
  - node: Index lookup on mc using movie_id_movie_companies (movie_id=mi_idx.movie_id)
      (cost=0.811 rows=3.24) (actual time=0.00139..0.016 rows=16 loops=1.93e+6)
    actual_rows: 16.0
    estimated_rows: 3.24
    q_error: 4.938271604938271

- query: SELECT * FROM title t,movie_info mi WHERE t.id=mi.movie_id AND t.production_year>2003
    AND mi.info_type_id<8
  qep:
  - node: Nested loop inner join (cost=1.9e+6 rows=2.33e+6) (actual time=0.0352..15288
      rows=2.59e+6 loops=1)
    actual_rows: 2590000.0
    estimated_rows: 2330000.0
    q_error: 1.111587982832618
  - node: 'Filter: (t.production_year > 2003) (cost=266255 rows=867004) (actual time=0.02..2265
      rows=1.19e+6 loops=1)'
    actual_rows: 1190000.0
    estimated_rows: 867004.0
    q_error: 1.37254268723097
  - node: Table scan on t (cost=266255 rows=2.6e+6) (actual time=0.0149..2077 rows=2.53e+6
      loops=1)
    actual_rows: 2530000.0
    estimated_rows: 2600000.0
    q_error: 1.0276679841897234
  - node: 'Filter: (mi.info_type_id < 8) (cost=1.34 rows=2.69) (actual time=0.00496..0.0107
      rows=2.17 loops=1.19e+6)'
    actual_rows: 2.17
    estimated_rows: 2.69
    q_error: 1.23963133640553
  - node: Index lookup on mi using movie_id_movie_info (movie_id=t.id) (cost=1.34
      rows=5.37) (actual time=0.00313..0.0102 rows=4.96 loops=1.19e+6)
    actual_rows: 4.96
    estimated_rows: 5.37
    q_error: 1.0826612903225807

- query: SELECT * FROM movie_companies mc WHERE mc.company_id<2609
  qep:
  - node: 'Filter: (mc.company_id < 2609) (cost=262291 rows=1.3e+6) (actual time=0.0141..1335
      rows=877826 loops=1)'
    actual_rows: 877826.0
    estimated_rows: 1300000.0
    q_error: 1.4809313007361369
  - node: Table scan on mc (cost=262291 rows=2.6e+6) (actual time=0.0135..1200 rows=2.61e+6
      loops=1)
    actual_rows: 2610000.0
    estimated_rows: 2600000.0
    q_error: 1.0038461538461538

- query: SELECT * FROM movie_keyword mk WHERE mk.keyword_id=1114
  qep:
  - node: Index lookup on mk using keyword_id_movie_keyword (keyword_id=1114) (cost=347
      rows=992) (actual time=0.42..1.38 rows=992 loops=1)
    actual_rows: 992.0
    estimated_rows: 992.0
    q_error: 1.0

- query: SELECT * FROM title t,movie_info_idx mi_idx WHERE t.id=mi_idx.movie_id AND
    t.kind_id>1 AND mi_idx.info_type_id<100
  qep:
  - node: Nested loop inner join (cost=349801 rows=317280) (actual time=0.0758..1443
      rows=250045 loops=1)
    actual_rows: 250045.0
    estimated_rows: 317280.0
    q_error: 1.2688915995120877
  - node: 'Filter: (mi_idx.info_type_id < 100) (cost=127705 rows=634560) (actual time=0.0086..810
      rows=459925 loops=1)'
    actual_rows: 459925.0
    estimated_rows: 634560.0
    q_error: 1.3797032124802957
  - node: Table scan on mi_idx (cost=127705 rows=1.27e+6) (actual time=0.0078..722
      rows=1.38e+6 loops=1)
    actual_rows: 1380000.0
    estimated_rows: 1270000.0
    q_error: 1.0866141732283465
  - node: 'Filter: (t.kind_id > 1) (cost=0.25 rows=0.5) (actual time=0.00125..0.00128
      rows=0.544 loops=459925)'
    actual_rows: 0.544
    estimated_rows: 0.5
    q_error: 1.088
  - node: Single-row index lookup on t using PRIMARY (id=mi_idx.movie_id) (cost=0.25
      rows=1) (actual time=0.00111..0.00113 rows=1 loops=459925)
    actual_rows: 1.0
    estimated_rows: 1.0
    q_error: 1.0

- query: SELECT * FROM movie_info mi WHERE mi.info_type_id<13
  qep:
  - node: 'Filter: (mi.info_type_id < 13) (cost=1.39e+6 rows=6.81e+6) (actual time=0.0127..7914
      rows=8.79e+6 loops=1)'
    actual_rows: 8790000.0
    estimated_rows: 6810000.0
    q_error: 1.2907488986784141
  - node: Table scan on mi (cost=1.39e+6 rows=13.6e+6) (actual time=0.0121..7087 rows=14.8e+6
      loops=1)
    actual_rows: 14800000.0
    estimated_rows: 13600000.0
    q_error: 1.088235294117647

- query: SELECT * FROM title t,movie_info_idx mi_idx,movie_keyword mk WHERE t.id=mi_idx.movie_id
    AND t.id=mk.movie_id AND t.kind_id<7 AND t.production_year=2010 AND mk.keyword_id<2849
  qep:
  - node: Nested loop inner join (cost=828194 rows=366138) (actual time=0.391..2046
      rows=102118 loops=1)
    actual_rows: 102118.0
    estimated_rows: 366138.0
    q_error: 3.585440372901937
  - node: Nested loop inner join (cost=571898 rows=63456) (actual time=0.374..1688
      rows=39380 loops=1)
    actual_rows: 39380.0
    estimated_rows: 63456.0
    q_error: 1.6113763331640427
  - node: Table scan on mi_idx (cost=127705 rows=1.27e+6) (actual time=0.346..756
      rows=1.38e+6 loops=1)
    actual_rows: 1380000.0
    estimated_rows: 1270000.0
    q_error: 1.0866141732283465
  - node: 'Filter: ((t.production_year = 2010) and (t.kind_id < 7)) (cost=0.25 rows=0.05)
      (actual time=600e-6..602e-6 rows=0.0285 loops=1.38e+6)'
    actual_rows: 0.0285
    estimated_rows: 0.05
    q_error: 1.7543859649122808
  - node: Single-row index lookup on t using PRIMARY (id=mi_idx.movie_id) (cost=0.25
      rows=1) (actual time=442e-6..462e-6 rows=1 loops=1.38e+6)
    actual_rows: 1.0
    estimated_rows: 1.0
    q_error: 1.0
  - node: 'Filter: (mk.keyword_id < 2849) (cost=2.88 rows=5.77) (actual time=0.00437..0.00887
      rows=2.59 loops=39380)'
    actual_rows: 2.59
    estimated_rows: 5.77
    q_error: 2.2277992277992276
  - node: Index lookup on mk using movie_id_movie_keyword (movie_id=mi_idx.movie_id)
      (cost=2.88 rows=11.5) (actual time=0.00417..0.0084 rows=7.27 loops=39380)
    actual_rows: 7.27
    estimated_rows: 11.5
    q_error: 1.5818431911966988

- query: SELECT * FROM cast_info ci WHERE ci.person_id=983649 AND ci.role_id>2
  qep:
  - node: 'Filter: (ci.role_id > 2) (cost=39.9 rows=66.5) (actual time=0.0727..0.359
      rows=127 loops=1)'
    actual_rows: 127.0
    estimated_rows: 66.5
    q_error: 1.9097744360902256
  - node: Index lookup on ci using person_id_cast_info (person_id=983649) (cost=39.9
      rows=133) (actual time=0.021..0.324 rows=133 loops=1)
    actual_rows: 133.0
    estimated_rows: 133.0
    q_error: 1.0

- query: SELECT * FROM title t,movie_info mi,movie_info_idx mi_idx WHERE t.id=mi.movie_id
    AND t.id=mi_idx.movie_id AND mi_idx.info_type_id=101
  qep:
  - node: Nested loop inner join (cost=1.48e+6 rows=3.41e+6) (actual time=0.0347..13847
      rows=6.93e+6 loops=1)
    actual_rows: 6930000.0
    estimated_rows: 3410000.0
    q_error: 2.032258064516129
  - node: Nested loop inner join (cost=287932 rows=634560) (actual time=0.0201..1383
      rows=459925 loops=1)
    actual_rows: 459925.0
    estimated_rows: 634560.0
    q_error: 1.3797032124802957
  - node: Index lookup on mi_idx using info_type_id_movie_info_idx (info_type_id=101)
      (cost=65836 rows=634560) (actual time=0.0131..631 rows=459925 loops=1)
    actual_rows: 459925.0
    estimated_rows: 634560.0
    q_error: 1.3797032124802957
  - node: Single-row index lookup on t using PRIMARY (id=mi_idx.movie_id) (cost=0.25
      rows=1) (actual time=0.00147..0.00149 rows=1 loops=459925)
    actual_rows: 1.0
    estimated_rows: 1.0
    q_error: 1.0
  - node: Index lookup on mi using movie_id_movie_info (movie_id=mi_idx.movie_id)
      (cost=1.34 rows=5.37) (actual time=0.00293..0.0263 rows=15.1 loops=459925)
    actual_rows: 15.1
    estimated_rows: 5.37
    q_error: 2.811918063314711

- query: SELECT * FROM title t,movie_info mi WHERE t.id=mi.movie_id AND t.kind_id=1
    AND t.production_year=2010 AND mi.info_type_id<4
  qep:
  - node: Nested loop inner join (cost=275934 rows=349348) (actual time=0.0401..1698
      rows=140436 loops=1)
    actual_rows: 140436.0
    estimated_rows: 349348.0
    q_error: 2.4875957731635765
  - node: 'Filter: (t.production_year = 2010) (cost=31390 rows=130064) (actual time=0.0253..922
      rows=33190 loops=1)'
    actual_rows: 33190.0
    estimated_rows: 130064.0
    q_error: 3.918770714070503
  - node: Index lookup on t using kind_id_title (kind_id=1) (cost=31390 rows=1.3e+6)
      (actual time=0.017..879 rows=662825 loops=1)
    actual_rows: 662825.0
    estimated_rows: 1300000.0
    q_error: 1.9613020027910837
  - node: 'Filter: (mi.info_type_id < 4) (cost=1.34 rows=2.69) (actual time=0.00742..0.023
      rows=4.23 loops=33190)'
    actual_rows: 4.23
    estimated_rows: 2.69
    q_error: 1.572490706319703
  - node: Index lookup on mi using movie_id_movie_info (movie_id=t.id) (cost=1.34
      rows=5.37) (actual time=0.00365..0.0221 rows=11.4 loops=33190)
    actual_rows: 11.4
    estimated_rows: 5.37
    q_error: 2.122905027932961

- query: SELECT * FROM title t,movie_info_idx mi_idx,movie_keyword mk WHERE t.id=mi_idx.movie_id
    AND t.id=mk.movie_id AND t.production_year=2008 AND mk.keyword_id>8583
  qep:
  - node: Nested loop inner join (cost=1.08e+6 rows=732275) (actual time=19.9..2269
      rows=159774 loops=1)
    actual_rows: 159774.0
    estimated_rows: 732275.0
    q_error: 4.583192509419555
  - node: Nested loop inner join (cost=571898 rows=126912) (actual time=0.419..1741
      rows=58600 loops=1)
    actual_rows: 58600.0
    estimated_rows: 126912.0
    q_error: 2.1657337883959045
  - node: Table scan on mi_idx (cost=127705 rows=1.27e+6) (actual time=0.0125..781
      rows=1.38e+6 loops=1)
    actual_rows: 1380000.0
    estimated_rows: 1270000.0
    q_error: 1.0866141732283465
  - node: 'Filter: (t.production_year = 2008) (cost=0.25 rows=0.1) (actual time=615e-6..618e-6
      rows=0.0425 loops=1.38e+6)'
    actual_rows: 0.0425
    estimated_rows: 0.1
    q_error: 2.3529411764705883
  - node: Single-row index lookup on t using PRIMARY (id=mi_idx.movie_id) (cost=0.25
      rows=1) (actual time=458e-6..478e-6 rows=1 loops=1.38e+6)
    actual_rows: 1.0
    estimated_rows: 1.0
    q_error: 1.0
  - node: 'Filter: (mk.keyword_id > 8583) (cost=2.88 rows=5.77) (actual time=0.00471..0.00879
      rows=2.73 loops=58600)'
    actual_rows: 2.73
    estimated_rows: 5.77
    q_error: 2.1135531135531136
  - node: Index lookup on mk using movie_id_movie_keyword (movie_id=mi_idx.movie_id)
      (cost=2.88 rows=11.5) (actual time=0.00443..0.00834 rows=7 loops=58600)
    actual_rows: 7.0
    estimated_rows: 11.5
    q_error: 1.6428571428571428

- query: SELECT * FROM title t WHERE t.production_year>1990
  qep:
  - node: 'Filter: (t.production_year > 1990) (cost=266255 rows=867004) (actual time=0.0325..1815
      rows=1.75e+6 loops=1)'
    actual_rows: 1750000.0
    estimated_rows: 867004.0
    q_error: 2.018445128280838
  - node: Table scan on t (cost=266255 rows=2.6e+6) (actual time=0.0276..1660 rows=2.53e+6
      loops=1)
    actual_rows: 2530000.0
    estimated_rows: 2600000.0
    q_error: 1.0276679841897234

- query: SELECT * FROM cast_info ci WHERE ci.person_id<975780 AND ci.role_id=10
  qep:
  - node: 'Filter: (ci.person_id < 975780) (cost=574734 rows=4.82e+6) (actual time=0.0316..9857
      rows=387833 loops=1)'
    actual_rows: 387833.0
    estimated_rows: 4820000.0
    q_error: 12.428029590055514
  - node: Index lookup on ci using role_id_cast_info (role_id=10) (cost=574734 rows=9.64e+6)
      (actual time=0.0226..9563 rows=4.32e+6 loops=1)
    actual_rows: 4320000.0
    estimated_rows: 9640000.0
    q_error: 2.2314814814814814

- query: SELECT * FROM title t,cast_info ci WHERE t.id=ci.movie_id AND t.kind_id=7
    AND t.production_year>2012 AND ci.person_id=802024 AND ci.role_id=1
  qep:
  - node: Nested loop inner join (cost=266 rows=46.7) (actual time=1.8..2.52 rows=8
      loops=1)
    actual_rows: 8.0
    estimated_rows: 46.7
    q_error: 5.8375
  - node: 'Filter: (ci.role_id = 1) (cost=168 rows=280) (actual time=0.0197..1.7 rows=558
      loops=1)'
    actual_rows: 558.0
    estimated_rows: 280.0
    q_error: 1.9928571428571429
  - node: Index lookup on ci using person_id_cast_info (person_id=802024) (cost=168
      rows=560) (actual time=0.019..1.67 rows=560 loops=1)
    actual_rows: 560.0
    estimated_rows: 560.0
    q_error: 1.0
  - node: 'Filter: ((t.kind_id = 7) and (t.production_year > 2012)) (cost=0.25 rows=0.167)
      (actual time=0.00141..0.00142 rows=0.0143 loops=558)'
    actual_rows: 0.0143
    estimated_rows: 0.167
    q_error: 11.678321678321678
  - node: Single-row index lookup on t using PRIMARY (id=ci.movie_id) (cost=0.25 rows=1)
      (actual time=0.00129..0.0013 rows=1 loops=558)
    actual_rows: 1.0
    estimated_rows: 1.0
    q_error: 1.0

- query: SELECT * FROM title t,movie_info mi,movie_keyword mk WHERE t.id=mi.movie_id
    AND t.id=mk.movie_id AND t.production_year>1991 AND mi.info_type_id>3 AND mk.keyword_id>13654
  qep:
  - node: Nested loop inner join (cost=2.46e+6 rows=1.87e+6) (actual time=7.45..54741
      rows=41.3e+6 loops=1)
    actual_rows: 41300000.0
    estimated_rows: 1870000.0
    q_error: 22.085561497326204
  - node: Nested loop inner join (cost=1.15e+6 rows=696772) (actual time=7.44..2028
      rows=774780 loops=1)
    actual_rows: 774780.0
    estimated_rows: 696772.0
    q_error: 1.1119562783808763
  - node: 'Filter: (mk.keyword_id > 13654) (cost=420275 rows=2.09e+6) (actual time=7.42..1110
      rows=1.29e+6 loops=1)'
    actual_rows: 1290000.0
    estimated_rows: 2090000.0
    q_error: 1.62015503875969
  - node: Table scan on mk (cost=420275 rows=4.18e+6) (actual time=0.678..889 rows=4.52e+6
      loops=1)
    actual_rows: 4520000.0
    estimated_rows: 4180000.0
    q_error: 1.0813397129186604
  - node: 'Filter: (t.production_year > 1991) (cost=0.25 rows=0.333) (actual time=564e-6..605e-6
      rows=0.599 loops=1.29e+6)'
    actual_rows: 0.599
    estimated_rows: 0.333
    q_error: 1.7987987987987986
  - node: Single-row index lookup on t using PRIMARY (id=mk.movie_id) (cost=0.25 rows=1)
      (actual time=436e-6..457e-6 rows=1 loops=1.29e+6)
    actual_rows: 1.0
    estimated_rows: 1.0
    q_error: 1.0
  - node: 'Filter: (mi.info_type_id > 3) (cost=1.34 rows=2.69) (actual time=0.00223..0.0656
      rows=53.2 loops=774780)'
    actual_rows: 53.2
    estimated_rows: 2.69
    q_error: 19.776951672862456
  - node: Index lookup on mi using movie_id_movie_info (movie_id=mk.movie_id) (cost=1.34
      rows=5.37) (actual time=0.00186..0.0615 rows=56.9 loops=774780)
    actual_rows: 56.9
    estimated_rows: 5.37
    q_error: 10.595903165735567

- query: SELECT * FROM movie_info_idx mi_idx WHERE mi_idx.info_type_id=101
  qep:
  - node: Index lookup on mi_idx using info_type_id_movie_info_idx (info_type_id=101)
      (cost=65836 rows=634560) (actual time=0.0146..409 rows=459925 loops=1)
    actual_rows: 459925.0
    estimated_rows: 634560.0
    q_error: 1.3797032124802957

- query: SELECT * FROM title t,movie_companies mc,cast_info ci,movie_info_idx mi_idx
    WHERE t.id=mc.movie_id AND t.id=ci.movie_id AND t.id=mi_idx.movie_id AND ci.person_id<3666974
    AND ci.role_id>1
  qep:
  - node: Nested loop inner join (cost=13e+6 rows=15.9e+6) (actual time=0.0512..206548
      rows=103e+6 loops=1)
    actual_rows: 103000000.0
    estimated_rows: 15900000.0
    q_error: 6.477987421383648
  - node: Nested loop inner join (cost=7.44e+6 rows=4.91e+6) (actual time=0.0313..77645
      rows=23.4e+6 loops=1)
    actual_rows: 23400000.0
    estimated_rows: 4910000.0
    q_error: 4.765784114052953
  - node: Nested loop inner join (cost=571898 rows=1.27e+6) (actual time=0.0206..2102
      rows=1.38e+6 loops=1)
    actual_rows: 1380000.0
    estimated_rows: 1270000.0
    q_error: 1.0866141732283465
  - node: Table scan on mi_idx (cost=127705 rows=1.27e+6) (actual time=0.011..940
      rows=1.38e+6 loops=1)
    actual_rows: 1380000.0
    estimated_rows: 1270000.0
    q_error: 1.0866141732283465
  - node: Single-row index lookup on t using PRIMARY (id=mi_idx.movie_id) (cost=0.25
      rows=1) (actual time=678e-6..700e-6 rows=1 loops=1.38e+6)
    actual_rows: 1.0
    estimated_rows: 1.0
    q_error: 1.0
  - node: 'Filter: ((ci.person_id < 3666974) and (ci.role_id > 1)) (cost=3.87 rows=3.87)
      (actual time=0.0202..0.0538 rows=17 loops=1.38e+6)'
    actual_rows: 17.0
    estimated_rows: 3.87
    q_error: 4.3927648578811365
  - node: Index lookup on ci using movie_id_cast_info (movie_id=mi_idx.movie_id) (cost=3.87
      rows=15.5) (actual time=0.00232..0.0507 rows=29.6 loops=1.38e+6)
    actual_rows: 29.6
    estimated_rows: 15.5
    q_error: 1.9096774193548387
  - node: Index lookup on mc using movie_id_movie_companies (movie_id=mi_idx.movie_id)
      (cost=0.811 rows=3.24) (actual time=0.00141..0.00518 rows=4.4 loops=23.4e+6)
    actual_rows: 4.4
    estimated_rows: 3.24
    q_error: 1.3580246913580247

- query: SELECT * FROM title t,movie_companies mc,cast_info ci,movie_info_idx mi_idx
    WHERE t.id=mc.movie_id AND t.id=ci.movie_id AND t.id=mi_idx.movie_id AND ci.person_id>1148661
    AND ci.role_id<2
  qep:
  - node: Nested loop inner join (cost=13e+6 rows=15.9e+6) (actual time=0.096..102633
      rows=21.5e+6 loops=1)
    actual_rows: 21500000.0
    estimated_rows: 15900000.0
    q_error: 1.3522012578616351
  - node: Nested loop inner join (cost=7.44e+6 rows=4.91e+6) (actual time=0.0882..74182
      rows=4.77e+6 loops=1)
    actual_rows: 4770000.0
    estimated_rows: 4910000.0
    q_error: 1.029350104821803
  - node: Nested loop inner join (cost=571898 rows=1.27e+6) (actual time=0.0252..2095
      rows=1.38e+6 loops=1)
    actual_rows: 1380000.0
    estimated_rows: 1270000.0
    q_error: 1.0866141732283465
  - node: Table scan on mi_idx (cost=127705 rows=1.27e+6) (actual time=0.0143..924
      rows=1.38e+6 loops=1)
    actual_rows: 1380000.0
    estimated_rows: 1270000.0
    q_error: 1.0866141732283465
  - node: Single-row index lookup on t using PRIMARY (id=mi_idx.movie_id) (cost=0.25
      rows=1) (actual time=680e-6..702e-6 rows=1 loops=1.38e+6)
    actual_rows: 1.0
    estimated_rows: 1.0
    q_error: 1.0
  - node: 'Filter: ((ci.person_id > 1148661) and (ci.role_id < 2)) (cost=3.87 rows=3.87)
      (actual time=0.0173..0.0519 rows=3.46 loops=1.38e+6)'
    actual_rows: 3.46
    estimated_rows: 3.87
    q_error: 1.1184971098265897
  - node: Index lookup on ci using movie_id_cast_info (movie_id=mi_idx.movie_id) (cost=3.87
      rows=15.5) (actual time=0.00228..0.0489 rows=29.6 loops=1.38e+6)
    actual_rows: 29.6
    estimated_rows: 15.5
    q_error: 1.9096774193548387
  - node: Index lookup on mc using movie_id_movie_companies (movie_id=mi_idx.movie_id)
      (cost=0.811 rows=3.24) (actual time=0.00159..0.00561 rows=4.51 loops=4.77e+6)
    actual_rows: 4.51
    estimated_rows: 3.24
    q_error: 1.391975308641975

- query: SELECT * FROM title t,movie_companies mc,cast_info ci,movie_info mi WHERE
    t.id=mc.movie_id AND t.id=ci.movie_id AND t.id=mi.movie_id AND t.production_year<2000
    AND mc.company_id<1451 AND mc.company_type_id>1 AND ci.person_id<2800476
  qep:
  - node: Nested loop inner join (cost=4.81e+6 rows=9e+6) (actual time=723..59310
      rows=43.5e+6 loops=1)
    actual_rows: 43500000.0
    estimated_rows: 9000000.0
    q_error: 4.833333333333333
  - node: Nested loop inner join (cost=1.66e+6 rows=1.68e+6) (actual time=723..9366
      rows=1.98e+6 loops=1)
    actual_rows: 1980000.0
    estimated_rows: 1680000.0
    q_error: 1.1785714285714286
  - node: Nested loop inner join (cost=489770 rows=216625) (actual time=723..1928
      rows=124515 loops=1)
    actual_rows: 124515.0
    estimated_rows: 216625.0
    q_error: 1.739750230895876
  - node: 'Filter: ((mc.company_id < 1451) and (mc.company_type_id > 1)) (cost=262291
      rows=649940) (actual time=722..1534 rows=218186 loops=1)'
    actual_rows: 218186.0
    estimated_rows: 649940.0
    q_error: 2.9788345723373637
  - node: Table scan on mc (cost=262291 rows=2.6e+6) (actual time=0.0132..1346 rows=2.61e+6
      loops=1)
    actual_rows: 2610000.0
    estimated_rows: 2600000.0
    q_error: 1.0038461538461538
  - node: 'Filter: (t.production_year < 2000) (cost=0.25 rows=0.333) (actual time=0.00164..0.00169
      rows=0.571 loops=218186)'
    actual_rows: 0.571
    estimated_rows: 0.333
    q_error: 1.7147147147147144
  - node: Single-row index lookup on t using PRIMARY (id=mc.movie_id) (cost=0.25 rows=1)
      (actual time=0.00148..0.0015 rows=1 loops=218186)
    actual_rows: 1.0
    estimated_rows: 1.0
    q_error: 1.0
  - node: 'Filter: (ci.person_id < 2800476) (cost=3.87 rows=7.73) (actual time=0.00434..0.0588
      rows=15.9 loops=124515)'
    actual_rows: 15.9
    estimated_rows: 7.73
    q_error: 2.056921086675291
  - node: Index lookup on ci using movie_id_cast_info (movie_id=mc.movie_id) (cost=3.87
      rows=15.5) (actual time=0.00408..0.0568 rows=20 loops=124515)
    actual_rows: 20.0
    estimated_rows: 15.5
    q_error: 1.2903225806451613
  - node: Index lookup on mi using movie_id_movie_info (movie_id=mc.movie_id) (cost=1.34
      rows=5.37) (actual time=0.00155..0.0241 rows=22 loops=1.98e+6)
    actual_rows: 22.0
    estimated_rows: 5.37
    q_error: 4.0968342644320295

- query: SELECT * FROM cast_info ci WHERE ci.person_id=3049090
  qep:
  - node: Index lookup on ci using person_id_cast_info (person_id=3049090) (cost=4.55
      rows=13) (actual time=0.0166..0.0453 rows=13 loops=1)
    actual_rows: 13.0
    estimated_rows: 13.0
    q_error: 1.0

- query: SELECT * FROM movie_keyword mk WHERE mk.keyword_id=5703
  qep:
  - node: Index lookup on mk using keyword_id_movie_keyword (keyword_id=5703) (cost=85
      rows=243) (actual time=0.394..0.408 rows=243 loops=1)
    actual_rows: 243.0
    estimated_rows: 243.0
    q_error: 1.0

- query: SELECT * FROM title t,movie_companies mc,movie_info mi,movie_info_idx mi_idx,movie_keyword
    mk WHERE t.id=mc.movie_id AND t.id=mi.movie_id AND t.id=mi_idx.movie_id AND t.id=mk.movie_id
    AND mi.info_type_id>8 AND mi_idx.info_type_id<100 AND mk.keyword_id>825
  qep:
  - node: Nested loop inner join (cost=19.6e+6 rows=31.9e+6) (actual time=13.8..3.59e+6
      rows=3.35e+9 loops=1)
    actual_rows: 3350000000.0
    estimated_rows: 31900000.0
    q_error: 105.01567398119123
  - node: Nested loop inner join (cost=8.43e+6 rows=9.83e+6) (actual time=13.6..199339
      rows=143e+6 loops=1)
    actual_rows: 143000000.0
    estimated_rows: 9830000.0
    q_error: 14.547304170905392
  - node: Nested loop inner join (cost=1.54e+6 rows=1.7e+6) (actual time=0.0566..17681
      rows=3.59e+6 loops=1)
    actual_rows: 3590000.0
    estimated_rows: 1700000.0
    q_error: 2.111764705882353
  - node: Nested loop inner join (cost=349801 rows=634560) (actual time=0.0298..1814
      rows=459925 loops=1)
    actual_rows: 459925.0
    estimated_rows: 634560.0
    q_error: 1.3797032124802957
  - node: 'Filter: (mi_idx.info_type_id < 100) (cost=127705 rows=634560) (actual time=0.0144..948
      rows=459925 loops=1)'
    actual_rows: 459925.0
    estimated_rows: 634560.0
    q_error: 1.3797032124802957
  - node: Table scan on mi_idx (cost=127705 rows=1.27e+6) (actual time=0.0134..837
      rows=1.38e+6 loops=1)
    actual_rows: 1380000.0
    estimated_rows: 1270000.0
    q_error: 1.0866141732283465
  - node: Single-row index lookup on t using PRIMARY (id=mi_idx.movie_id) (cost=0.25
      rows=1) (actual time=0.0017..0.00172 rows=1 loops=459925)
    actual_rows: 1.0
    estimated_rows: 1.0
    q_error: 1.0
  - node: 'Filter: (mi.info_type_id > 8) (cost=1.34 rows=2.69) (actual time=0.00716..0.034
      rows=7.8 loops=459925)'
    actual_rows: 7.8
    estimated_rows: 2.69
    q_error: 2.899628252788104
  - node: Index lookup on mi using movie_id_movie_info (movie_id=mi_idx.movie_id)
      (cost=1.34 rows=5.37) (actual time=0.00345..0.0327 rows=15.1 loops=459925)
    actual_rows: 15.1
    estimated_rows: 5.37
    q_error: 2.811918063314711
  - node: 'Filter: (mk.keyword_id > 825) (cost=2.88 rows=5.77) (actual time=0.00782..0.0484
      rows=39.8 loops=3.59e+6)'
    actual_rows: 39.8
    estimated_rows: 5.77
    q_error: 6.897746967071058
  - node: Index lookup on mk using movie_id_movie_keyword (movie_id=mi_idx.movie_id)
      (cost=2.88 rows=11.5) (actual time=0.00764..0.0444 rows=46.6 loops=3.59e+6)
    actual_rows: 46.6
    estimated_rows: 11.5
    q_error: 4.052173913043478
  - node: Index lookup on mc using movie_id_movie_companies (movie_id=mi_idx.movie_id)
      (cost=0.811 rows=3.24) (actual time=0.00132..0.0226 rows=23.5 loops=143e+6)
    actual_rows: 23.5
    estimated_rows: 3.24
    q_error: 7.253086419753086

- query: SELECT * FROM title t,movie_keyword mk WHERE t.id=mk.movie_id AND mk.keyword_id=4618
  qep:
  - node: Nested loop inner join (cost=956 rows=1365) (actual time=1.75..5.16 rows=1365
      loops=1)
    actual_rows: 1365.0
    estimated_rows: 1365.0
    q_error: 1.0
  - node: Index lookup on mk using keyword_id_movie_keyword (keyword_id=4618) (cost=478
      rows=1365) (actual time=1.74..3.14 rows=1365 loops=1)
    actual_rows: 1365.0
    estimated_rows: 1365.0
    q_error: 1.0
  - node: Single-row index lookup on t using PRIMARY (id=mk.movie_id) (cost=0.25 rows=1)
      (actual time=0.00138..0.00139 rows=1 loops=1365)
    actual_rows: 1.0
    estimated_rows: 1.0
    q_error: 1.0

- query: SELECT * FROM title t WHERE t.production_year>1972
  qep:
  - node: 'Filter: (t.production_year > 1972) (cost=266255 rows=867004) (actual time=0.0236..1804
      rows=2.05e+6 loops=1)'
    actual_rows: 2050000.0
    estimated_rows: 867004.0
    q_error: 2.3644642931289823
  - node: Table scan on t (cost=266255 rows=2.6e+6) (actual time=0.0195..1652 rows=2.53e+6
      loops=1)
    actual_rows: 2530000.0
    estimated_rows: 2600000.0
    q_error: 1.0276679841897234

- query: SELECT * FROM title t,movie_companies mc WHERE t.id=mc.movie_id AND t.kind_id=1
    AND t.production_year=2005
  qep:
  - node: Nested loop inner join (cost=179046 rows=421872) (actual time=0.159..926
      rows=33733 loops=1)
    actual_rows: 33733.0
    estimated_rows: 421872.0
    q_error: 12.50621053567723
  - node: 'Filter: (t.production_year = 2005) (cost=31390 rows=130064) (actual time=0.0272..846
      rows=15457 loops=1)'
    actual_rows: 15457.0
    estimated_rows: 130064.0
    q_error: 8.414569450734295
  - node: Index lookup on t using kind_id_title (kind_id=1) (cost=31390 rows=1.3e+6)
      (actual time=0.0202..810 rows=662825 loops=1)
    actual_rows: 662825.0
    estimated_rows: 1300000.0
    q_error: 1.9613020027910837
  - node: Index lookup on mc using movie_id_movie_companies (movie_id=t.id) (cost=0.811
      rows=3.24) (actual time=0.00287..0.00495 rows=2.18 loops=15457)
    actual_rows: 2.18
    estimated_rows: 3.24
    q_error: 1.4862385321100917

- query: SELECT * FROM title t,movie_info mi WHERE t.id=mi.movie_id AND t.kind_id>1
    AND mi.info_type_id>16
  qep:
  - node: Nested loop inner join (cost=2.71e+6 rows=2.05e+6) (actual time=0.032..15921
      rows=687938 loops=1)
    actual_rows: 687938.0
    estimated_rows: 2050000.0
    q_error: 2.9799197020661747
  - node: 'Filter: (t.kind_id > 1) (cost=266255 rows=1.3e+6) (actual time=0.0118..2128
      rows=1.87e+6 loops=1)'
    actual_rows: 1870000.0
    estimated_rows: 1300000.0
    q_error: 1.4384615384615385
  - node: Table scan on t (cost=266255 rows=2.6e+6) (actual time=0.011..1944 rows=2.53e+6
      loops=1)
    actual_rows: 2530000.0
    estimated_rows: 2600000.0
    q_error: 1.0276679841897234
  - node: 'Filter: (mi.info_type_id > 16) (cost=1.34 rows=1.58) (actual time=0.00536..0.00726
      rows=0.369 loops=1.87e+6)'
    actual_rows: 0.369
    estimated_rows: 1.58
    q_error: 4.281842818428185
  - node: Index lookup on mi using movie_id_movie_info (movie_id=t.id) (cost=1.34
      rows=5.37) (actual time=0.00267..0.00692 rows=3.5 loops=1.87e+6)
    actual_rows: 3.5
    estimated_rows: 5.37
    q_error: 1.5342857142857143

- query: SELECT * FROM title t,movie_companies mc WHERE t.id=mc.movie_id AND t.production_year=2004
  qep:
  - node: Nested loop inner join (cost=561566 rows=843744) (actual time=0.11..2092
      rows=75723 loops=1)
    actual_rows: 75723.0
    estimated_rows: 843744.0
    q_error: 11.142506239847867
  - node: 'Filter: (t.production_year = 2004) (cost=266255 rows=260127) (actual time=0.0698..1826
      rows=84593 loops=1)'
    actual_rows: 84593.0
    estimated_rows: 260127.0
    q_error: 3.0750416701145484
  - node: Table scan on t (cost=266255 rows=2.6e+6) (actual time=0.0185..1693 rows=2.53e+6
      loops=1)
    actual_rows: 2530000.0
    estimated_rows: 2600000.0
    q_error: 1.0276679841897234
  - node: Index lookup on mc using movie_id_movie_companies (movie_id=t.id) (cost=0.811
      rows=3.24) (actual time=0.00221..0.003 rows=0.895 loops=84593)
    actual_rows: 0.895
    estimated_rows: 3.24
    q_error: 3.6201117318435756

- query: SELECT * FROM title t,movie_info mi WHERE t.id=mi.movie_id AND t.production_year>1986
  qep:
  - node: Nested loop inner join (cost=1.9e+6 rows=4.66e+6) (actual time=0.0431..21022
      rows=9.63e+6 loops=1)
    actual_rows: 9630000.0
    estimated_rows: 4660000.0
    q_error: 2.0665236051502145
  - node: 'Filter: (t.production_year > 1986) (cost=266255 rows=867004) (actual time=0.0196..2185
      rows=1.83e+6 loops=1)'
    actual_rows: 1830000.0
    estimated_rows: 867004.0
    q_error: 2.1107169055736765
  - node: Table scan on t (cost=266255 rows=2.6e+6) (actual time=0.0164..1973 rows=2.53e+6
      loops=1)
    actual_rows: 2530000.0
    estimated_rows: 2600000.0
    q_error: 1.0276679841897234
  - node: Index lookup on mi using movie_id_movie_info (movie_id=t.id) (cost=1.34
      rows=5.37) (actual time=0.0027..0.00989 rows=5.25 loops=1.83e+6)
    actual_rows: 5.25
    estimated_rows: 5.37
    q_error: 1.022857142857143

- query: SELECT * FROM title t,movie_info_idx mi_idx WHERE t.id=mi_idx.movie_id AND
    t.kind_id=7 AND t.production_year<2009 AND mi_idx.info_type_id=101
  qep:
  - node: Nested loop inner join (cost=287932 rows=105749) (actual time=0.12..1105
      rows=109567 loops=1)
    actual_rows: 109567.0
    estimated_rows: 105749.0
    q_error: 1.0361043603249203
  - node: Index lookup on mi_idx using info_type_id_movie_info_idx (info_type_id=101)
      (cost=65836 rows=634560) (actual time=0.0158..489 rows=459925 loops=1)
    actual_rows: 459925.0
    estimated_rows: 634560.0
    q_error: 1.3797032124802957
  - node: 'Filter: ((t.kind_id = 7) and (t.production_year < 2009)) (cost=0.25 rows=0.167)
      (actual time=0.00124..0.00125 rows=0.238 loops=459925)'
    actual_rows: 0.238
    estimated_rows: 0.167
    q_error: 1.4251497005988023
  - node: Single-row index lookup on t using PRIMARY (id=mi_idx.movie_id) (cost=0.25
      rows=1) (actual time=0.00108..0.0011 rows=1 loops=459925)
    actual_rows: 1.0
    estimated_rows: 1.0
    q_error: 1.0

- query: SELECT * FROM title t,movie_companies mc,movie_info mi,movie_info_idx mi_idx,movie_keyword
    mk WHERE t.id=mc.movie_id AND t.id=mi.movie_id AND t.id=mi_idx.movie_id AND t.id=mk.movie_id
    AND t.production_year>2006 AND mk.keyword_id>3588
  qep:
  - node: Nested loop inner join (cost=18.3e+6 rows=39.4e+6) (actual time=2.08..2.6e+6
      rows=2.4e+9 loops=1)
    actual_rows: 2400000000.0
    estimated_rows: 39400000.0
    q_error: 60.91370558375635
  - node: Nested loop inner join (cost=4.51e+6 rows=7.33e+6) (actual time=2.07..28083
      rows=15.1e+6 loops=1)
    actual_rows: 15100000.0
    estimated_rows: 7330000.0
    q_error: 2.060027285129604
  - node: Nested loop inner join (cost=1.94e+6 rows=2.26e+6) (actual time=2.05..7240
      rows=1.24e+6 loops=1)
    actual_rows: 1240000.0
    estimated_rows: 2260000.0
    q_error: 1.8225806451612903
  - node: Nested loop inner join (cost=1.15e+6 rows=696772) (actual time=1.64..2922
      rows=600197 loops=1)
    actual_rows: 600197.0
    estimated_rows: 696772.0
    q_error: 1.1609055026932824
  - node: 'Filter: (mk.keyword_id > 3588) (cost=420275 rows=2.09e+6) (actual time=1.58..1382
      rows=2.51e+6 loops=1)'
    actual_rows: 2510000.0
    estimated_rows: 2090000.0
    q_error: 1.200956937799043
  - node: Table scan on mk (cost=420275 rows=4.18e+6) (actual time=0.709..1001 rows=4.52e+6
      loops=1)
    actual_rows: 4520000.0
    estimated_rows: 4180000.0
    q_error: 1.0813397129186604
  - node: 'Filter: (t.production_year > 2006) (cost=0.25 rows=0.333) (actual time=473e-6..501e-6
      rows=0.239 loops=2.51e+6)'
    actual_rows: 0.239
    estimated_rows: 0.333
    q_error: 1.393305439330544
  - node: Single-row index lookup on t using PRIMARY (id=mk.movie_id) (cost=0.25 rows=1)
      (actual time=325e-6..348e-6 rows=1 loops=2.51e+6)
    actual_rows: 1.0
    estimated_rows: 1.0
    q_error: 1.0
  - node: Index lookup on mi_idx using movie_id_movie_info_idx (movie_id=mk.movie_id)
      (cost=0.811 rows=3.24) (actual time=0.00458..0.00699 rows=2.07 loops=600197)
    actual_rows: 2.07
    estimated_rows: 3.24
    q_error: 1.5652173913043481
  - node: Index lookup on mc using movie_id_movie_companies (movie_id=mk.movie_id)
      (cost=0.811 rows=3.24) (actual time=0.00184..0.0161 rows=12.2 loops=1.24e+6)
    actual_rows: 12.2
    estimated_rows: 3.24
    q_error: 3.7654320987654315
  - node: Index lookup on mi using movie_id_movie_info (movie_id=mk.movie_id) (cost=1.34
      rows=5.37) (actual time=0.00158..0.163 rows=159 loops=15.1e+6)
    actual_rows: 159.0
    estimated_rows: 5.37
    q_error: 29.608938547486034

- query: SELECT * FROM title t,movie_companies mc,cast_info ci,movie_keyword mk WHERE
    t.id=mc.movie_id AND t.id=ci.movie_id AND t.id=mk.movie_id AND t.kind_id<7 AND
    t.production_year=1993 AND mc.company_id>13255 AND mk.keyword_id>151
  qep:
  - node: Nested loop inner join (cost=2.19e+6 rows=2.62e+6) (actual time=2.06..12493
      rows=7.92e+6 loops=1)
    actual_rows: 7920000.0
    estimated_rows: 2620000.0
    q_error: 3.0229007633587788
  - node: Nested loop inner join (cost=1.27e+6 rows=169520) (actual time=2.05..3436
      rows=119819 loops=1)
    actual_rows: 119819.0
    estimated_rows: 169520.0
    q_error: 1.4148006576586352
  - node: Nested loop inner join (cost=1.15e+6 rows=104526) (actual time=0.856..2905
      rows=51740 loops=1)
    actual_rows: 51740.0
    estimated_rows: 104526.0
    q_error: 2.0202164669501355
  - node: 'Filter: (mk.keyword_id > 151) (cost=420275 rows=2.09e+6) (actual time=0.743..1107
      rows=4.31e+6 loops=1)'
    actual_rows: 4310000.0
    estimated_rows: 2090000.0
    q_error: 2.062200956937799
  - node: Table scan on mk (cost=420275 rows=4.18e+6) (actual time=0.723..867 rows=4.52e+6
      loops=1)
    actual_rows: 4520000.0
    estimated_rows: 4180000.0
    q_error: 1.0813397129186604
  - node: 'Filter: ((t.production_year = 1993) and (t.kind_id < 7)) (cost=0.25 rows=0.05)
      (actual time=339e-6..340e-6 rows=0.012 loops=4.31e+6)'
    actual_rows: 0.012
    estimated_rows: 0.05
    q_error: 4.166666666666667
  - node: Single-row index lookup on t using PRIMARY (id=mk.movie_id) (cost=0.25 rows=1)
      (actual time=193e-6..213e-6 rows=1 loops=4.31e+6)
    actual_rows: 1.0
    estimated_rows: 1.0
    q_error: 1.0
  - node: 'Filter: (mc.company_id > 13255) (cost=0.811 rows=1.62) (actual time=0.00465..0.01
      rows=2.32 loops=51740)'
    actual_rows: 2.32
    estimated_rows: 1.62
    q_error: 1.4320987654320985
  - node: Index lookup on mc using movie_id_movie_companies (movie_id=mk.movie_id)
      (cost=0.811 rows=3.24) (actual time=0.00188..0.00939 rows=7.8 loops=51740)
    actual_rows: 7.8
    estimated_rows: 3.24
    q_error: 2.407407407407407
  - node: Index lookup on ci using movie_id_cast_info (movie_id=mk.movie_id) (cost=3.87
      rows=15.5) (actual time=0.00158..0.0725 rows=66.1 loops=119819)
    actual_rows: 66.1
    estimated_rows: 15.5
    q_error: 4.264516129032257

- query: SELECT * FROM title t WHERE t.kind_id=7 AND t.production_year<1989
  qep:
  - node: 'Filter: (t.production_year < 1989) (cost=61734 rows=433502) (actual time=2.46..2422
      rows=288892 loops=1)'
    actual_rows: 288892.0
    estimated_rows: 433502.0
    q_error: 1.5005676861941486
  - node: Index lookup on t using kind_id_title (kind_id=7) (cost=61734 rows=1.3e+6)
      (actual time=0.432..2329 rows=1.54e+6 loops=1)
    actual_rows: 1540000.0
    estimated_rows: 1300000.0
    q_error: 1.1846153846153846

- query: SELECT * FROM title t,movie_info_idx mi_idx WHERE t.id=mi_idx.movie_id AND
    mi_idx.info_type_id>101
  qep:
  - node: Nested loop inner join (cost=208 rows=260) (actual time=0.302..1.43 rows=260
      loops=1)
    actual_rows: 260.0
    estimated_rows: 260.0
    q_error: 1.0
  - node: 'Index range scan on mi_idx using info_type_id_movie_info_idx over (101
      < info_type_id), with index condition: (mi_idx.info_type_id > 101) (cost=117
      rows=260) (actual time=0.292..0.984 rows=260 loops=1)'
    actual_rows: 260.0
    estimated_rows: 260.0
    q_error: 1.0
  - node: Single-row index lookup on t using PRIMARY (id=mi_idx.movie_id) (cost=0.25
      rows=1) (actual time=0.00159..0.00161 rows=1 loops=260)
    actual_rows: 1.0
    estimated_rows: 1.0
    q_error: 1.0

- query: SELECT * FROM title t,cast_info ci WHERE t.id=ci.movie_id AND ci.role_id<9
  qep:
  - node: Nested loop inner join (cost=9.6e+6 rows=17.4e+6) (actual time=0.0215..73526
      rows=30.5e+6 loops=1)
    actual_rows: 30500000.0
    estimated_rows: 17400000.0
    q_error: 1.7528735632183907
  - node: 'Filter: (ci.role_id < 9) (cost=3.51e+6 rows=17.4e+6) (actual time=0.0116..26022
      rows=30.5e+6 loops=1)'
    actual_rows: 30500000.0
    estimated_rows: 17400000.0
    q_error: 1.7528735632183907
  - node: Table scan on ci (cost=3.51e+6 rows=34.8e+6) (actual time=0.0106..23436
      rows=36.2e+6 loops=1)
    actual_rows: 36200000.0
    estimated_rows: 34800000.0
    q_error: 1.0402298850574712
  - node: Single-row index lookup on t using PRIMARY (id=ci.movie_id) (cost=0.25 rows=1)
      (actual time=0.00141..0.00143 rows=1 loops=30.5e+6)
    actual_rows: 1.0
    estimated_rows: 1.0
    q_error: 1.0

- query: SELECT * FROM title t,movie_info mi,movie_info_idx mi_idx,movie_keyword mk
    WHERE t.id=mi.movie_id AND t.id=mi_idx.movie_id AND t.id=mk.movie_id AND t.kind_id<7
    AND t.production_year>2010 AND mi.info_type_id=15 AND mi_idx.info_type_id=101
  qep:
  - node: Nested loop inner join (cost=674698 rows=536965) (actual time=1.95..3133
      rows=1.12e+6 loops=1)
    actual_rows: 1120000.0
    estimated_rows: 536965.0
    q_error: 2.085797025876919
  - node: Nested loop inner join (cost=486760 rows=46531) (actual time=1.94..2060
      rows=13312 loops=1)
    actual_rows: 13312.0
    estimated_rows: 46531.0
    q_error: 3.495417668269231
  - node: Nested loop inner join (cost=287932 rows=105749) (actual time=0.0334..1261
      rows=25523 loops=1)
    actual_rows: 25523.0
    estimated_rows: 105749.0
    q_error: 4.143282529483211
  - node: Index lookup on mi_idx using info_type_id_movie_info_idx (info_type_id=101)
      (cost=65836 rows=634560) (actual time=0.0178..548 rows=459925 loops=1)
    actual_rows: 459925.0
    estimated_rows: 634560.0
    q_error: 1.3797032124802957
  - node: 'Filter: ((t.kind_id < 7) and (t.production_year > 2010)) (cost=0.25 rows=0.167)
      (actual time=0.00146..0.00146 rows=0.0555 loops=459925)'
    actual_rows: 0.0555
    estimated_rows: 0.167
    q_error: 3.0090090090090094
  - node: Single-row index lookup on t using PRIMARY (id=mi_idx.movie_id) (cost=0.25
      rows=1) (actual time=0.00125..0.00127 rows=1 loops=459925)
    actual_rows: 1.0
    estimated_rows: 1.0
    q_error: 1.0
  - node: 'Filter: (mi.info_type_id = 15) (cost=1.34 rows=0.44) (actual time=0.024..0.0312
      rows=0.522 loops=25523)'
    actual_rows: 0.522
    estimated_rows: 0.44
    q_error: 1.1863636363636365
  - node: Index lookup on mi using movie_id_movie_info (movie_id=mi_idx.movie_id)
      (cost=1.34 rows=5.37) (actual time=0.00381..0.0299 rows=15.3 loops=25523)
    actual_rows: 15.3
    estimated_rows: 5.37
    q_error: 2.8491620111731844
  - node: Index lookup on mk using movie_id_movie_keyword (movie_id=mi_idx.movie_id)
      (cost=2.88 rows=11.5) (actual time=0.00998..0.0764 rows=84 loops=13312)
    actual_rows: 84.0
    estimated_rows: 11.5
    q_error: 7.304347826086956

- query: SELECT * FROM title t,movie_companies mc,movie_info mi,movie_info_idx mi_idx
    WHERE t.id=mc.movie_id AND t.id=mi.movie_id AND t.id=mi_idx.movie_id AND t.production_year>2008
    AND mc.company_type_id=1 AND mi.info_type_id=16 AND mi_idx.info_type_id<101
  qep:
  - node: Nested loop inner join (cost=1.2e+6 rows=646932) (actual time=0.0596..10678
      rows=3.36e+6 loops=1)
    actual_rows: 3360000.0
    estimated_rows: 646932.0
    q_error: 5.193745246795645
  - node: Nested loop inner join (cost=747458 rows=398900) (actual time=0.0487..5076
      rows=478322 loops=1)
    actual_rows: 478322.0
    estimated_rows: 398900.0
    q_error: 1.199102531962898
  - node: Nested loop inner join (cost=349801 rows=211499) (actual time=0.0274..1759
      rows=168348 loops=1)
    actual_rows: 168348.0
    estimated_rows: 211499.0
    q_error: 1.2563202414047092
  - node: 'Filter: (mi_idx.info_type_id < 101) (cost=127705 rows=634560) (actual time=0.0112..883
      rows=919850 loops=1)'
    actual_rows: 919850.0
    estimated_rows: 634560.0
    q_error: 1.4495871154815936
  - node: Table scan on mi_idx (cost=127705 rows=1.27e+6) (actual time=0.0105..781
      rows=1.38e+6 loops=1)
    actual_rows: 1380000.0
    estimated_rows: 1270000.0
    q_error: 1.0866141732283465
  - node: 'Filter: (t.production_year > 2008) (cost=0.25 rows=0.333) (actual time=854e-6..867e-6
      rows=0.183 loops=919850)'
    actual_rows: 0.183
    estimated_rows: 0.333
    q_error: 1.8196721311475412
  - node: Single-row index lookup on t using PRIMARY (id=mi_idx.movie_id) (cost=0.25
      rows=1) (actual time=701e-6..723e-6 rows=1 loops=919850)
    actual_rows: 1.0
    estimated_rows: 1.0
    q_error: 1.0
  - node: 'Filter: (mi.info_type_id = 16) (cost=1.34 rows=1.89) (actual time=0.016..0.0195
      rows=2.84 loops=168348)'
    actual_rows: 2.84
    estimated_rows: 1.89
    q_error: 1.5026455026455026
  - node: Index lookup on mi using movie_id_movie_info (movie_id=mi_idx.movie_id)
      (cost=1.34 rows=5.37) (actual time=0.00229..0.0185 rows=12.7 loops=168348)
    actual_rows: 12.7
    estimated_rows: 5.37
    q_error: 2.364990689013035
  - node: 'Filter: (mc.company_type_id = 1) (cost=0.811 rows=1.62) (actual time=0.00194..0.0113
      rows=7.03 loops=478322)'
    actual_rows: 7.03
    estimated_rows: 1.62
    q_error: 4.339506172839506
  - node: Index lookup on mc using movie_id_movie_companies (movie_id=mi_idx.movie_id)
      (cost=0.811 rows=3.24) (actual time=0.00168..0.0105 rows=9.69 loops=478322)
    actual_rows: 9.69
    estimated_rows: 3.24
    q_error: 2.9907407407407405

- query: SELECT * FROM title t,movie_companies mc WHERE t.id=mc.movie_id AND mc.company_id=14328
    AND mc.company_type_id>1
  qep:
  - node: Nested loop inner join (cost=663 rows=698) (actual time=0.317..3.49 rows=1208
      loops=1)
    actual_rows: 1208.0
    estimated_rows: 698.0
    q_error: 1.7306590257879657
  - node: 'Filter: (mc.company_type_id > 1) (cost=419 rows=698) (actual time=0.308..1.81
      rows=1208 loops=1)'
    actual_rows: 1208.0
    estimated_rows: 698.0
    q_error: 1.7306590257879657
  - node: Index lookup on mc using company_id_movie_companies (company_id=14328) (cost=419
      rows=1396) (actual time=0.0198..1.74 rows=1396 loops=1)
    actual_rows: 1396.0
    estimated_rows: 1396.0
    q_error: 1.0
  - node: Single-row index lookup on t using PRIMARY (id=mc.movie_id) (cost=0.25 rows=1)
      (actual time=0.00128..0.00129 rows=1 loops=1208)
    actual_rows: 1.0
    estimated_rows: 1.0
    q_error: 1.0

- query: SELECT * FROM title t,movie_info mi WHERE t.id=mi.movie_id AND mi.info_type_id=7
  qep:
  - node: Nested loop inner join (cost=1.23e+6 rows=2.58e+6) (actual time=0.0296..3541
      rows=1.4e+6 loops=1)
    actual_rows: 1400000.0
    estimated_rows: 2580000.0
    q_error: 1.8428571428571427
  - node: Index lookup on mi using info_type_id_movie_info (info_type_id=7) (cost=327123
      rows=2.58e+6) (actual time=0.0207..2563 rows=1.4e+6 loops=1)
    actual_rows: 1400000.0
    estimated_rows: 2580000.0
    q_error: 1.8428571428571427
  - node: Single-row index lookup on t using PRIMARY (id=mi.movie_id) (cost=0.25 rows=1)
      (actual time=536e-6..558e-6 rows=1 loops=1.4e+6)
    actual_rows: 1.0
    estimated_rows: 1.0
    q_error: 1.0

- query: SELECT * FROM title t,movie_companies mc,movie_info mi WHERE t.id=mc.movie_id
    AND t.id=mi.movie_id AND t.kind_id=7 AND t.production_year>2005 AND mc.company_type_id>1
  qep:
  - node: Nested loop inner join (cost=1.12e+6 rows=1.16e+6) (actual time=619..4327
      rows=968944 loops=1)
    actual_rows: 968944.0
    estimated_rows: 1160000.0
    q_error: 1.1971796099671395
  - node: Nested loop inner join (cost=717249 rows=216625) (actual time=619..2959
      rows=147855 loops=1)
    actual_rows: 147855.0
    estimated_rows: 216625.0
    q_error: 1.4651178519495451
  - node: 'Filter: (mc.company_type_id > 1) (cost=262291 rows=1.3e+6) (actual time=619..1466
      rows=1.33e+6 loops=1)'
    actual_rows: 1330000.0
    estimated_rows: 1300000.0
    q_error: 1.023076923076923
  - node: Table scan on mc (cost=262291 rows=2.6e+6) (actual time=0.0119..1316 rows=2.61e+6
      loops=1)
    actual_rows: 2610000.0
    estimated_rows: 2600000.0
    q_error: 1.0038461538461538
  - node: 'Filter: ((t.kind_id = 7) and (t.production_year > 2005)) (cost=0.25 rows=0.167)
      (actual time=0.00103..0.00104 rows=0.111 loops=1.33e+6)'
    actual_rows: 0.111
    estimated_rows: 0.167
    q_error: 1.5045045045045047
  - node: Single-row index lookup on t using PRIMARY (id=mc.movie_id) (cost=0.25 rows=1)
      (actual time=856e-6..877e-6 rows=1 loops=1.33e+6)
    actual_rows: 1.0
    estimated_rows: 1.0
    q_error: 1.0
  - node: Index lookup on mi using movie_id_movie_info (movie_id=mc.movie_id) (cost=1.34
      rows=5.37) (actual time=0.00207..0.00882 rows=6.55 loops=147855)
    actual_rows: 6.55
    estimated_rows: 5.37
    q_error: 1.2197392923649906

- query: SELECT * FROM title t,cast_info ci WHERE t.id=ci.movie_id AND ci.role_id>1
  qep:
  - node: Nested loop inner join (cost=9.6e+6 rows=17.4e+6) (actual time=7357..61864
      rows=23.6e+6 loops=1)
    actual_rows: 23600000.0
    estimated_rows: 17400000.0
    q_error: 1.3563218390804597
  - node: 'Filter: (ci.role_id > 1) (cost=3.51e+6 rows=17.4e+6) (actual time=7357..24605
      rows=23.6e+6 loops=1)'
    actual_rows: 23600000.0
    estimated_rows: 17400000.0
    q_error: 1.3563218390804597
  - node: Table scan on ci (cost=3.51e+6 rows=34.8e+6) (actual time=0.0122..22109
      rows=36.2e+6 loops=1)
    actual_rows: 36200000.0
    estimated_rows: 34800000.0
    q_error: 1.0402298850574712
  - node: Single-row index lookup on t using PRIMARY (id=ci.movie_id) (cost=0.25 rows=1)
      (actual time=0.00143..0.00145 rows=1 loops=23.6e+6)
    actual_rows: 1.0
    estimated_rows: 1.0
    q_error: 1.0

- query: SELECT * FROM title t,movie_companies mc,movie_info_idx mi_idx,movie_keyword
    mk WHERE t.id=mc.movie_id AND t.id=mi_idx.movie_id AND t.id=mk.movie_id AND mi_idx.info_type_id=99
    AND mk.keyword_id=3305
  qep:
  - node: Nested loop inner join (cost=3370 rows=4822) (actual time=0.624..13.9 rows=4898
      loops=1)
    actual_rows: 4898.0
    estimated_rows: 4822.0
    q_error: 1.0157610949813356
  - node: Nested loop inner join (cost=1683 rows=1487) (actual time=0.613..7.37 rows=642
      loops=1)
    actual_rows: 642.0
    estimated_rows: 1487.0
    q_error: 2.3161993769470404
  - node: Nested loop inner join (cost=642 rows=917) (actual time=0.545..3.08 rows=917
      loops=1)
    actual_rows: 917.0
    estimated_rows: 917.0
    q_error: 1.0
  - node: Index lookup on mk using keyword_id_movie_keyword (keyword_id=3305) (cost=321
      rows=917) (actual time=0.535..1.54 rows=917 loops=1)
    actual_rows: 917.0
    estimated_rows: 917.0
    q_error: 1.0
  - node: Single-row index lookup on t using PRIMARY (id=mk.movie_id) (cost=0.25 rows=1)
      (actual time=0.00157..0.00158 rows=1 loops=917)
    actual_rows: 1.0
    estimated_rows: 1.0
    q_error: 1.0
  - node: 'Filter: (mi_idx.info_type_id = 99) (cost=0.811 rows=1.62) (actual time=0.00286..0.00459
      rows=0.7 loops=917)'
    actual_rows: 0.7
    estimated_rows: 1.62
    q_error: 2.3142857142857145
  - node: Index lookup on mi_idx using movie_id_movie_info_idx (movie_id=mk.movie_id)
      (cost=0.811 rows=3.24) (actual time=0.00277..0.00443 rows=2.11 loops=917)
    actual_rows: 2.11
    estimated_rows: 3.24
    q_error: 1.5355450236966826
  - node: Index lookup on mc using movie_id_movie_companies (movie_id=mk.movie_id)
      (cost=0.811 rows=3.24) (actual time=0.00306..0.00979 rows=7.63 loops=642)
    actual_rows: 7.63
    estimated_rows: 3.24
    q_error: 2.3549382716049383

- query: SELECT * FROM title t,cast_info ci,movie_info mi,movie_info_idx mi_idx WHERE
    t.id=ci.movie_id AND t.id=mi.movie_id AND t.id=mi_idx.movie_id AND mi.info_type_id=4
  qep:
  - node: Nested loop inner join (cost=9.51e+6 rows=18.8e+6) (actual time=0.0523..100026
      rows=40.7e+6 loops=1)
    actual_rows: 40700000.0
    estimated_rows: 18800000.0
    q_error: 2.1648936170212765
  - node: Nested loop inner join (cost=2.94e+6 rows=1.21e+6) (actual time=0.044..33109
      rows=1.28e+6 loops=1)
    actual_rows: 1280000.0
    estimated_rows: 1210000.0
    q_error: 1.0578512396694215
  - node: Nested loop inner join (cost=2.51e+6 rows=1.21e+6) (actual time=0.039..32085
      rows=1.28e+6 loops=1)
    actual_rows: 1280000.0
    estimated_rows: 1210000.0
    q_error: 1.0578512396694215
  - node: Table scan on mi_idx (cost=127705 rows=1.27e+6) (actual time=0.0136..915
      rows=1.38e+6 loops=1)
    actual_rows: 1380000.0
    estimated_rows: 1270000.0
    q_error: 1.0866141732283465
  - node: 'Filter: (mi.info_type_id = 4) (cost=1.34 rows=0.957) (actual time=0.0142..0.0224
      rows=0.929 loops=1.38e+6)'
    actual_rows: 0.929
    estimated_rows: 0.957
    q_error: 1.030139935414424
  - node: Index lookup on mi using movie_id_movie_info (movie_id=mi_idx.movie_id)
      (cost=1.34 rows=5.37) (actual time=0.0022..0.0212 rows=15.1 loops=1.38e+6)
    actual_rows: 15.1
    estimated_rows: 5.37
    q_error: 2.811918063314711
  - node: Single-row index lookup on t using PRIMARY (id=mi_idx.movie_id) (cost=0.25
      rows=1) (actual time=620e-6..643e-6 rows=1 loops=1.28e+6)
    actual_rows: 1.0
    estimated_rows: 1.0
    q_error: 1.0
  - node: Index lookup on ci using movie_id_cast_info (movie_id=mi_idx.movie_id) (cost=3.87
      rows=15.5) (actual time=0.00232..0.0505 rows=31.7 loops=1.28e+6)
    actual_rows: 31.7
    estimated_rows: 15.5
    q_error: 2.0451612903225804

- query: SELECT * FROM title t,movie_companies mc,cast_info ci,movie_keyword mk WHERE
    t.id=mc.movie_id AND t.id=ci.movie_id AND t.id=mk.movie_id AND ci.person_id=1395474
    AND ci.role_id>1 AND mk.keyword_id<3636
  qep:
  - node: Nested loop inner join (cost=127 rows=206) (actual time=0.0665..0.207 rows=48
      loops=1)
    actual_rows: 48.0
    estimated_rows: 206.0
    q_error: 4.291666666666667
  - node: Nested loop inner join (cost=54.9 rows=63.5) (actual time=0.0577..0.15 rows=6
      loops=1)
    actual_rows: 6.0
    estimated_rows: 63.5
    q_error: 10.583333333333334
  - node: Nested loop inner join (cost=10.4 rows=11) (actual time=0.0377..0.0924 rows=21
      loops=1)
    actual_rows: 21.0
    estimated_rows: 11.0
    q_error: 1.9090909090909092
  - node: 'Filter: (ci.role_id > 1) (cost=6.6 rows=11) (actual time=0.0284..0.0561
      rows=21 loops=1)'
    actual_rows: 21.0
    estimated_rows: 11.0
    q_error: 1.9090909090909092
  - node: Index lookup on ci using person_id_cast_info (person_id=1395474) (cost=6.6
      rows=22) (actual time=0.0221..0.0539 rows=22 loops=1)
    actual_rows: 22.0
    estimated_rows: 22.0
    q_error: 1.0
  - node: Single-row index lookup on t using PRIMARY (id=ci.movie_id) (cost=0.259
      rows=1) (actual time=0.00156..0.00158 rows=1 loops=21)
    actual_rows: 1.0
    estimated_rows: 1.0
    q_error: 1.0
  - node: 'Filter: (mk.keyword_id < 3636) (cost=2.94 rows=5.77) (actual time=0.0024..0.00268
      rows=0.286 loops=21)'
    actual_rows: 0.286
    estimated_rows: 5.77
    q_error: 20.174825174825173
  - node: Index lookup on mk using movie_id_movie_keyword (movie_id=ci.movie_id) (cost=2.94
      rows=11.5) (actual time=0.0023..0.00255 rows=0.81 loops=21)
    actual_rows: 0.81
    estimated_rows: 11.5
    q_error: 14.19753086419753
  - node: Index lookup on mc using movie_id_movie_companies (movie_id=ci.movie_id)
      (cost=0.816 rows=3.24) (actual time=0.00212..0.00885 rows=8 loops=6)
    actual_rows: 8.0
    estimated_rows: 3.24
    q_error: 2.4691358024691357

- query: SELECT * FROM title t,cast_info ci,movie_keyword mk WHERE t.id=ci.movie_id
    AND t.id=mk.movie_id AND t.kind_id=7 AND t.production_year<2010 AND ci.person_id>240473
    AND ci.role_id=3
  qep:
  - node: Nested loop inner join (cost=4.64e+6 rows=7.79e+6) (actual time=1.23..23882
      rows=2.26e+6 loops=1)
    actual_rows: 2260000.0
    estimated_rows: 7790000.0
    q_error: 3.4469026548672566
  - node: Nested loop inner join (cost=1.91e+6 rows=674815) (actual time=0.588..17416
      rows=1.73e+6 loops=1)
    actual_rows: 1730000.0
    estimated_rows: 674815.0
    q_error: 2.5636655972377613
  - node: 'Filter: (ci.person_id > 240473) (cost=497425 rows=4.05e+6) (actual time=0.0206..10657
      rows=3.81e+6 loops=1)'
    actual_rows: 3810000.0
    estimated_rows: 4050000.0
    q_error: 1.062992125984252
  - node: Index lookup on ci using role_id_cast_info (role_id=3) (cost=497425 rows=8.1e+6)
      (actual time=0.0195..10328 rows=4.01e+6 loops=1)
    actual_rows: 4010000.0
    estimated_rows: 8100000.0
    q_error: 2.0199501246882794
  - node: 'Filter: ((t.kind_id = 7) and (t.production_year < 2010)) (cost=0.25 rows=0.167)
      (actual time=0.00164..0.00167 rows=0.454 loops=3.81e+6)'
    actual_rows: 0.454
    estimated_rows: 0.167
    q_error: 2.718562874251497
  - node: Single-row index lookup on t using PRIMARY (id=ci.movie_id) (cost=0.25 rows=1)
      (actual time=0.00145..0.00148 rows=1 loops=3.81e+6)
    actual_rows: 1.0
    estimated_rows: 1.0
    q_error: 1.0
  - node: Index lookup on mk using movie_id_movie_keyword (movie_id=ci.movie_id) (cost=2.88
      rows=11.5) (actual time=0.003..0.00355 rows=1.3 loops=1.73e+6)
    actual_rows: 1.3
    estimated_rows: 11.5
    q_error: 8.846153846153847

- query: SELECT * FROM title t,movie_keyword mk WHERE t.id=mk.movie_id AND t.kind_id>2
    AND t.production_year=1979
  qep:
  - node: Nested loop inner join (cost=791577 rows=1.5e+6) (actual time=2.46..1833
      rows=6815 loops=1)
    actual_rows: 6815.0
    estimated_rows: 1500000.0
    q_error: 220.10271460014673
  - node: 'Filter: ((t.production_year = 1979) and (t.kind_id > 2)) (cost=266255 rows=130064)
      (actual time=0.168..1802 rows=9793 loops=1)'
    actual_rows: 9793.0
    estimated_rows: 130064.0
    q_error: 13.281323394261207
  - node: Table scan on t (cost=266255 rows=2.6e+6) (actual time=0.0151..1660 rows=2.53e+6
      loops=1)
    actual_rows: 2530000.0
    estimated_rows: 2600000.0
    q_error: 1.0276679841897234
  - node: Index lookup on mk using movie_id_movie_keyword (movie_id=t.id) (cost=2.88
      rows=11.5) (actual time=0.00271..0.00299 rows=0.696 loops=9793)
    actual_rows: 0.696
    estimated_rows: 11.5
    q_error: 16.52298850574713

- query: SELECT * FROM title t,cast_info ci,movie_info mi,movie_info_idx mi_idx,movie_keyword
    mk WHERE t.id=ci.movie_id AND t.id=mi.movie_id AND t.id=mi_idx.movie_id AND t.id=mk.movie_id
    AND t.kind_id>2 AND ci.role_id=6
  qep:
  - node: Nested loop inner join (cost=14.4e+6 rows=27.3e+6) (actual time=0.174..86818
      rows=41.3e+6 loops=1)
    actual_rows: 41300000.0
    estimated_rows: 27300000.0
    q_error: 1.5128205128205128
  - node: Nested loop inner join (cost=4.84e+6 rows=2.37e+6) (actual time=0.155..44039
      rows=4.69e+6 loops=1)
    actual_rows: 4690000.0
    estimated_rows: 2370000.0
    q_error: 1.978902953586498
  - node: Nested loop inner join (cost=4.01e+6 rows=441139) (actual time=0.147..36932
      rows=426531 loops=1)
    actual_rows: 426531.0
    estimated_rows: 441139.0
    q_error: 1.0342483899177317
  - node: Nested loop inner join (cost=571898 rows=634560) (actual time=0.0419..2007
      rows=637077 loops=1)
    actual_rows: 637077.0
    estimated_rows: 634560.0
    q_error: 1.003966527987897
  - node: Table scan on mi_idx (cost=127705 rows=1.27e+6) (actual time=0.0144..821
      rows=1.38e+6 loops=1)
    actual_rows: 1380000.0
    estimated_rows: 1270000.0
    q_error: 1.0866141732283465
  - node: 'Filter: (t.kind_id > 2) (cost=0.25 rows=0.5) (actual time=721e-6..754e-6
      rows=0.462 loops=1.38e+6)'
    actual_rows: 0.462
    estimated_rows: 0.5
    q_error: 1.0822510822510822
  - node: Single-row index lookup on t using PRIMARY (id=mi_idx.movie_id) (cost=0.25
      rows=1) (actual time=575e-6..596e-6 rows=1 loops=1.38e+6)
    actual_rows: 1.0
    estimated_rows: 1.0
    q_error: 1.0
  - node: 'Filter: (ci.role_id = 6) (cost=3.87 rows=0.695) (actual time=0.0436..0.0547
      rows=0.67 loops=637077)'
    actual_rows: 0.67
    estimated_rows: 0.695
    q_error: 1.0373134328358207
  - node: Index lookup on ci using movie_id_cast_info (movie_id=mi_idx.movie_id) (cost=3.87
      rows=15.5) (actual time=0.0023..0.0526 rows=32.6 loops=637077)
    actual_rows: 32.6
    estimated_rows: 15.5
    q_error: 2.103225806451613
  - node: Index lookup on mi using movie_id_movie_info (movie_id=mi_idx.movie_id)
      (cost=1.34 rows=5.37) (actual time=0.0022..0.016 rows=11 loops=426531)
    actual_rows: 11.0
    estimated_rows: 5.37
    q_error: 2.0484171322160147
  - node: Index lookup on mk using movie_id_movie_keyword (movie_id=mi_idx.movie_id)
      (cost=2.88 rows=11.5) (actual time=0.0043..0.00853 rows=8.79 loops=4.69e+6)
    actual_rows: 8.79
    estimated_rows: 11.5
    q_error: 1.3083048919226394

- query: SELECT * FROM title t,movie_companies mc,movie_info mi,movie_info_idx mi_idx
    WHERE t.id=mc.movie_id AND t.id=mi.movie_id AND t.id=mi_idx.movie_id AND t.production_year=2004
  qep:
  - node: Nested loop inner join (cost=1.49e+6 rows=2.21e+6) (actual time=0.126..10359
      rows=7.6e+6 loops=1)
    actual_rows: 7600000.0
    estimated_rows: 2210000.0
    q_error: 3.4389140271493215
  - node: Nested loop inner join (cost=715975 rows=411650) (actual time=0.119..2006
      rows=144075 loops=1)
    actual_rows: 144075.0
    estimated_rows: 411650.0
    q_error: 2.8571924344959223
  - node: Nested loop inner join (cost=571898 rows=126912) (actual time=0.11..1734
      rows=51108 loops=1)
    actual_rows: 51108.0
    estimated_rows: 126912.0
    q_error: 2.483212021601315
  - node: Table scan on mi_idx (cost=127705 rows=1.27e+6) (actual time=0.0184..763
      rows=1.38e+6 loops=1)
    actual_rows: 1380000.0
    estimated_rows: 1270000.0
    q_error: 1.0866141732283465
  - node: 'Filter: (t.production_year = 2004) (cost=0.25 rows=0.1) (actual time=625e-6..627e-6
      rows=0.037 loops=1.38e+6)'
    actual_rows: 0.037
    estimated_rows: 0.1
    q_error: 2.702702702702703
  - node: Single-row index lookup on t using PRIMARY (id=mi_idx.movie_id) (cost=0.25
      rows=1) (actual time=468e-6..489e-6 rows=1 loops=1.38e+6)
    actual_rows: 1.0
    estimated_rows: 1.0
    q_error: 1.0
  - node: Index lookup on mc using movie_id_movie_companies (movie_id=mi_idx.movie_id)
      (cost=0.811 rows=3.24) (actual time=0.00222..0.00509 rows=2.82 loops=51108)
    actual_rows: 2.82
    estimated_rows: 3.24
    q_error: 1.148936170212766
  - node: Index lookup on mi using movie_id_movie_info (movie_id=mi_idx.movie_id)
      (cost=1.34 rows=5.37) (actual time=0.00167..0.0555 rows=52.7 loops=144075)
    actual_rows: 52.7
    estimated_rows: 5.37
    q_error: 9.813780260707635

- query: SELECT * FROM title t,movie_companies mc,cast_info ci,movie_info_idx mi_idx,movie_keyword
    mk WHERE t.id=mc.movie_id AND t.id=ci.movie_id AND t.id=mi_idx.movie_id AND t.id=mk.movie_id
    AND t.production_year=1958 AND mc.company_id>12740
  qep:
  - node: Nested loop inner join (cost=14.4e+6 rows=36.7e+6) (actual time=15.9..6470
      rows=4.02e+6 loops=1)
    actual_rows: 4020000.0
    estimated_rows: 36700000.0
    q_error: 9.129353233830846
  - node: Nested loop inner join (cost=1.55e+6 rows=2.38e+6) (actual time=15.9..1833
      rows=93560 loops=1)
    actual_rows: 93560.0
    estimated_rows: 2380000.0
    q_error: 25.438221462163316
  - node: Nested loop inner join (cost=715975 rows=205825) (actual time=15.9..1715
      rows=7179 loops=1)
    actual_rows: 7179.0
    estimated_rows: 205825.0
    q_error: 28.670427636161026
  - node: Nested loop inner join (cost=571898 rows=126912) (actual time=2.31..1677
      rows=6167 loops=1)
    actual_rows: 6167.0
    estimated_rows: 126912.0
    q_error: 20.57921193449003
  - node: Table scan on mi_idx (cost=127705 rows=1.27e+6) (actual time=0.0148..745
      rows=1.38e+6 loops=1)
    actual_rows: 1380000.0
    estimated_rows: 1270000.0
    q_error: 1.0866141732283465
  - node: 'Filter: (t.production_year = 1958) (cost=0.25 rows=0.1) (actual time=601e-6..602e-6
      rows=0.00447 loops=1.38e+6)'
    actual_rows: 0.00447
    estimated_rows: 0.1
    q_error: 22.371364653243848
  - node: Single-row index lookup on t using PRIMARY (id=mi_idx.movie_id) (cost=0.25
      rows=1) (actual time=450e-6..471e-6 rows=1 loops=1.38e+6)
    actual_rows: 1.0
    estimated_rows: 1.0
    q_error: 1.0
  - node: 'Filter: (mc.company_id > 12740) (cost=0.811 rows=1.62) (actual time=0.00413..0.00594
      rows=1.16 loops=6167)'
    actual_rows: 1.16
    estimated_rows: 1.62
    q_error: 1.3965517241379313
  - node: Index lookup on mc using movie_id_movie_companies (movie_id=mi_idx.movie_id)
      (cost=0.811 rows=3.24) (actual time=0.00241..0.00554 rows=3.11 loops=6167)
    actual_rows: 3.11
    estimated_rows: 3.24
    q_error: 1.0418006430868167
  - node: Index lookup on mk using movie_id_movie_keyword (movie_id=mi_idx.movie_id)
      (cost=2.88 rows=11.5) (actual time=0.00626..0.0157 rows=13 loops=7179)
    actual_rows: 13.0
    estimated_rows: 11.5
    q_error: 1.1304347826086956
  - node: Index lookup on ci using movie_id_cast_info (movie_id=mi_idx.movie_id) (cost=3.87
      rows=15.5) (actual time=0.00147..0.0475 rows=42.9 loops=93560)
    actual_rows: 42.9
    estimated_rows: 15.5
    q_error: 2.767741935483871

- query: SELECT * FROM title t,movie_companies mc,movie_info mi,movie_keyword mk WHERE
    t.id=mc.movie_id AND t.id=mi.movie_id AND t.id=mk.movie_id AND mk.keyword_id<14075
  qep:
  - node: Nested loop inner join (cost=16.3e+6 rows=36.4e+6) (actual time=0.726..3.79e+6
      rows=3.44e+9 loops=1)
    actual_rows: 3440000000.0
    estimated_rows: 36400000.0
    q_error: 94.50549450549451
  - node: Nested loop inner join (cost=3.53e+6 rows=6.78e+6) (actual time=0.717..40197
      rows=25.2e+6 loops=1)
    actual_rows: 25200000.0
    estimated_rows: 6780000.0
    q_error: 3.7168141592920354
  - node: Nested loop inner join (cost=1.15e+6 rows=2.09e+6) (actual time=0.707..4210
      rows=3.26e+6 loops=1)
    actual_rows: 3260000.0
    estimated_rows: 2090000.0
    q_error: 1.5598086124401913
  - node: 'Filter: (mk.keyword_id < 14075) (cost=420275 rows=2.09e+6) (actual time=0.687..1954
      rows=3.26e+6 loops=1)'
    actual_rows: 3260000.0
    estimated_rows: 2090000.0
    q_error: 1.5598086124401913
  - node: Table scan on mk (cost=420275 rows=4.18e+6) (actual time=0.686..1267 rows=4.52e+6
      loops=1)
    actual_rows: 4520000.0
    estimated_rows: 4180000.0
    q_error: 1.0813397129186604
  - node: Single-row index lookup on t using PRIMARY (id=mk.movie_id) (cost=0.25 rows=1)
      (actual time=481e-6..506e-6 rows=1 loops=3.26e+6)
    actual_rows: 1.0
    estimated_rows: 1.0
    q_error: 1.0
  - node: Index lookup on mc using movie_id_movie_companies (movie_id=mk.movie_id)
      (cost=0.811 rows=3.24) (actual time=0.00189..0.0106 rows=7.73 loops=3.26e+6)
    actual_rows: 7.73
    estimated_rows: 3.24
    q_error: 2.3858024691358026
  - node: Index lookup on mi using movie_id_movie_info (movie_id=mk.movie_id) (cost=1.34
      rows=5.37) (actual time=0.00159..0.142 rows=137 loops=25.2e+6)
    actual_rows: 137.0
    estimated_rows: 5.37
    q_error: 25.512104283054004

- query: SELECT * FROM title t,movie_companies mc,cast_info ci,movie_info mi,movie_info_idx
    mi_idx WHERE t.id=mc.movie_id AND t.id=ci.movie_id AND t.id=mi.movie_id AND t.id=mi_idx.movie_id
    AND mi_idx.info_type_id>100
  qep:
  - node: Nested loop inner join (cost=64.8e+6 rows=171e+6) (actual time=0.0968..7.5e+6
      rows=6.19e+9 loops=1)
    actual_rows: 6190000000.0
    estimated_rows: 171000000.0
    q_error: 36.198830409356724
  - node: Nested loop inner join (cost=4.94e+6 rows=11.1e+6) (actual time=0.0871..127587
      rows=61.4e+6 loops=1)
    actual_rows: 61400000.0
    estimated_rows: 11100000.0
    q_error: 5.531531531531532
  - node: Nested loop inner join (cost=1.07e+6 rows=2.06e+6) (actual time=0.0723..6804
      rows=1.36e+6 loops=1)
    actual_rows: 1360000.0
    estimated_rows: 2060000.0
    q_error: 1.5147058823529411
  - node: Nested loop inner join (cost=349801 rows=634560) (actual time=0.0519..2650
      rows=460185 loops=1)
    actual_rows: 460185.0
    estimated_rows: 634560.0
    q_error: 1.3789236937318687
  - node: 'Filter: (mi_idx.info_type_id > 100) (cost=127705 rows=634560) (actual time=0.0406..1451
      rows=460185 loops=1)'
    actual_rows: 460185.0
    estimated_rows: 634560.0
    q_error: 1.3789236937318687
  - node: Table scan on mi_idx (cost=127705 rows=1.27e+6) (actual time=0.0359..1235
      rows=1.38e+6 loops=1)
    actual_rows: 1380000.0
    estimated_rows: 1270000.0
    q_error: 1.0866141732283465
  - node: Single-row index lookup on t using PRIMARY (id=mi_idx.movie_id) (cost=0.25
      rows=1) (actual time=0.00231..0.00234 rows=1 loops=460185)
    actual_rows: 1.0
    estimated_rows: 1.0
    q_error: 1.0
  - node: Index lookup on mc using movie_id_movie_companies (movie_id=mi_idx.movie_id)
      (cost=0.811 rows=3.24) (actual time=0.00368..0.00877 rows=2.96 loops=460185)
    actual_rows: 2.96
    estimated_rows: 3.24
    q_error: 1.0945945945945947
  - node: Index lookup on mi using movie_id_movie_info (movie_id=mi_idx.movie_id)
      (cost=1.34 rows=5.37) (actual time=0.00303..0.0863 rows=45.1 loops=1.36e+6)
    actual_rows: 45.1
    estimated_rows: 5.37
    q_error: 8.398510242085662
  - node: Index lookup on ci using movie_id_cast_info (movie_id=mi_idx.movie_id) (cost=3.87
      rows=15.5) (actual time=0.00163..0.115 rows=101 loops=61.4e+6)
    actual_rows: 101.0
    estimated_rows: 15.5
    q_error: 6.516129032258065

- query: SELECT * FROM title t,cast_info ci,movie_info mi,movie_info_idx mi_idx,movie_keyword
    mk WHERE t.id=ci.movie_id AND t.id=mi.movie_id AND t.id=mi_idx.movie_id AND t.id=mk.movie_id
    AND ci.person_id<4042059
  qep:
  - node: Nested loop inner join (cost=239e+6 rows=608e+6) (actual time=0.127..69.2e+6
      rows=78.7e+9 loops=1)
    actual_rows: 78700000000.0
    estimated_rows: 608000000.0
    q_error: 129.44078947368422
  - node: Nested loop inner join (cost=25.9e+6 rows=52.7e+6) (actual time=0.0536..2.09e+6
      rows=1.12e+9 loops=1)
    actual_rows: 1120000000.0
    estimated_rows: 52700000.0
    q_error: 21.25237191650854
  - node: Nested loop inner join (cost=7.44e+6 rows=9.82e+6) (actual time=0.0431..236837
      rows=40.7e+6 loops=1)
    actual_rows: 40700000.0
    estimated_rows: 9820000.0
    q_error: 4.144602851323829
  - node: Nested loop inner join (cost=571898 rows=1.27e+6) (actual time=0.0294..13814
      rows=1.38e+6 loops=1)
    actual_rows: 1380000.0
    estimated_rows: 1270000.0
    q_error: 1.0866141732283465
  - node: Table scan on mi_idx (cost=127705 rows=1.27e+6) (actual time=0.0172..2881
      rows=1.38e+6 loops=1)
    actual_rows: 1380000.0
    estimated_rows: 1270000.0
    q_error: 1.0866141732283465
  - node: Single-row index lookup on t using PRIMARY (id=mi_idx.movie_id) (cost=0.25
      rows=1) (actual time=0.00763..0.00767 rows=1 loops=1.38e+6)
    actual_rows: 1.0
    estimated_rows: 1.0
    q_error: 1.0
  - node: 'Filter: (ci.person_id < 4042059) (cost=3.87 rows=7.73) (actual time=0.0152..0.159
      rows=29.5 loops=1.38e+6)'
    actual_rows: 29.5
    estimated_rows: 7.73
    q_error: 3.816300129366106
  - node: Index lookup on ci using movie_id_cast_info (movie_id=mi_idx.movie_id) (cost=3.87
      rows=15.5) (actual time=0.015..0.153 rows=29.6 loops=1.38e+6)
    actual_rows: 29.6
    estimated_rows: 15.5
    q_error: 1.9096774193548387
  - node: Index lookup on mi using movie_id_movie_info (movie_id=mi_idx.movie_id)
      (cost=1.34 rows=5.37) (actual time=0.00207..0.0441 rows=27.4 loops=40.7e+6)
    actual_rows: 27.4
    estimated_rows: 5.37
    q_error: 5.1024208566108005
  - node: Index lookup on mk using movie_id_movie_keyword (movie_id=mi_idx.movie_id)
      (cost=2.88 rows=11.5) (actual time=0.00758..0.0569 rows=70.5 loops=1.12e+9)
    actual_rows: 70.5
    estimated_rows: 11.5
    q_error: 6.130434782608695

- query: SELECT * FROM cast_info ci WHERE ci.role_id=1
  qep:
  - node: Index lookup on ci using role_id_cast_info (role_id=1) (cost=1.83e+6 rows=17.4e+6)
      (actual time=0.337..47004 rows=12.7e+6 loops=1)
    actual_rows: 12700000.0
    estimated_rows: 17400000.0
    q_error: 1.3700787401574803

- query: SELECT * FROM title t,movie_info mi,movie_keyword mk WHERE t.id=mi.movie_id
    AND t.id=mk.movie_id AND t.kind_id=7 AND t.production_year=1967
  qep:
  - node: Nested loop inner join (cost=2.28e+6 rows=1.12e+6) (actual time=56.1..7089
      rows=80581 loops=1)
    actual_rows: 80581.0
    estimated_rows: 1120000.0
    q_error: 13.899058090616895
  - node: Nested loop inner join (cost=1.88e+6 rows=209053) (actual time=55..6401
      rows=5175 loops=1)
    actual_rows: 5175.0
    estimated_rows: 209053.0
    q_error: 40.39671497584541
  - node: Table scan on mk (cost=420275 rows=4.18e+6) (actual time=4.66..1426 rows=4.52e+6
      loops=1)
    actual_rows: 4520000.0
    estimated_rows: 4180000.0
    q_error: 1.0813397129186604
  - node: 'Filter: ((t.production_year = 1967) and (t.kind_id = 7)) (cost=0.25 rows=0.05)
      (actual time=0.00103..0.00103 rows=0.00114 loops=4.52e+6)'
    actual_rows: 0.00114
    estimated_rows: 0.05
    q_error: 43.85964912280702
  - node: Single-row index lookup on t using PRIMARY (id=mk.movie_id) (cost=0.25 rows=1)
      (actual time=894e-6..913e-6 rows=1 loops=4.52e+6)
    actual_rows: 1.0
    estimated_rows: 1.0
    q_error: 1.0
  - node: Index lookup on mi using movie_id_movie_info (movie_id=mk.movie_id) (cost=1.34
      rows=5.37) (actual time=0.0458..0.132 rows=15.6 loops=5175)
    actual_rows: 15.6
    estimated_rows: 5.37
    q_error: 2.905027932960894

- query: SELECT * FROM title t,movie_info mi WHERE t.id=mi.movie_id AND t.production_year<1998
    AND mi.info_type_id=7
  qep:
  - node: Nested loop inner join (cost=1.23e+6 rows=859129) (actual time=0.807..5493
      rows=1.1e+6 loops=1)
    actual_rows: 1100000.0
    estimated_rows: 859129.0
    q_error: 1.2803665107335453
  - node: Index lookup on mi using info_type_id_movie_info (info_type_id=7) (cost=327123
      rows=2.58e+6) (actual time=0.373..3249 rows=1.4e+6 loops=1)
    actual_rows: 1400000.0
    estimated_rows: 2580000.0
    q_error: 1.8428571428571427
  - node: 'Filter: (t.production_year < 1998) (cost=0.25 rows=0.333) (actual time=0.00143..0.00148
      rows=0.783 loops=1.4e+6)'
    actual_rows: 0.783
    estimated_rows: 0.333
    q_error: 2.3513513513513513
  - node: Single-row index lookup on t using PRIMARY (id=mi.movie_id) (cost=0.25 rows=1)
      (actual time=0.00131..0.00133 rows=1 loops=1.4e+6)
    actual_rows: 1.0
    estimated_rows: 1.0
    q_error: 1.0

- query: SELECT * FROM title t,movie_info mi,movie_info_idx mi_idx WHERE t.id=mi.movie_id
    AND t.id=mi_idx.movie_id AND t.kind_id<7 AND t.production_year>2011
  qep:
  - node: Nested loop inner join (cost=969555 rows=1.14e+6) (actual time=1.94..9127
      rows=580834 loops=1)
    actual_rows: 580834.0
    estimated_rows: 1140000.0
    q_error: 1.9626950212969627
  - node: Nested loop inner join (cost=571898 rows=211499) (actual time=1.48..2606
      rows=38610 loops=1)
    actual_rows: 38610.0
    estimated_rows: 211499.0
    q_error: 5.477829577829578
  - node: Table scan on mi_idx (cost=127705 rows=1.27e+6) (actual time=1.46..1122
      rows=1.38e+6 loops=1)
    actual_rows: 1380000.0
    estimated_rows: 1270000.0
    q_error: 1.0866141732283465
  - node: 'Filter: ((t.kind_id < 7) and (t.production_year > 2011)) (cost=0.25 rows=0.167)
      (actual time=0.001..0.00101 rows=0.028 loops=1.38e+6)'
    actual_rows: 0.028
    estimated_rows: 0.167
    q_error: 5.964285714285714
  - node: Single-row index lookup on t using PRIMARY (id=mi_idx.movie_id) (cost=0.25
      rows=1) (actual time=841e-6..860e-6 rows=1 loops=1.38e+6)
    actual_rows: 1.0
    estimated_rows: 1.0
    q_error: 1.0
  - node: Index lookup on mi using movie_id_movie_info (movie_id=mi_idx.movie_id)
      (cost=1.34 rows=5.37) (actual time=0.0685..0.168 rows=15 loops=38610)
    actual_rows: 15.0
    estimated_rows: 5.37
    q_error: 2.793296089385475

- query: SELECT * FROM movie_info mi WHERE mi.info_type_id>4
  qep:
  - node: 'Filter: (mi.info_type_id > 4) (cost=1.39e+6 rows=6.81e+6) (actual time=0.893..16322
      rows=9.91e+6 loops=1)'
    actual_rows: 9910000.0
    estimated_rows: 6810000.0
    q_error: 1.4552129221732746
  - node: Table scan on mi (cost=1.39e+6 rows=13.6e+6) (actual time=0.892..15543 rows=14.8e+6
      loops=1)
    actual_rows: 14800000.0
    estimated_rows: 13600000.0
    q_error: 1.088235294117647

- query: SELECT * FROM title t,movie_companies mc,cast_info ci WHERE t.id=mc.movie_id
    AND t.id=ci.movie_id AND mc.company_id<166 AND mc.company_type_id=2 AND ci.person_id>2661217
    AND ci.role_id=4
  qep:
  - node: Nested loop inner join (cost=2.06e+6 rows=411095) (actual time=8.53..25056
      rows=49188 loops=1)
    actual_rows: 49188.0
    estimated_rows: 411095.0
    q_error: 8.357627876717899
  - node: Nested loop inner join (cost=164568 rows=350278) (actual time=3.25..4955
      rows=69352 loops=1)
    actual_rows: 69352.0
    estimated_rows: 350278.0
    q_error: 5.050726727419541
  - node: 'Filter: (mc.company_id < 166) (cost=41971 rows=350278) (actual time=3.23..4664
      rows=69352 loops=1)'
    actual_rows: 69352.0
    estimated_rows: 350278.0
    q_error: 5.050726727419541
  - node: Index lookup on mc using company_type_id_movie_companies (company_type_id=2)
      (cost=41971 rows=1.3e+6) (actual time=2.34..4584 rows=1.33e+6 loops=1)
    actual_rows: 1330000.0
    estimated_rows: 1300000.0
    q_error: 1.023076923076923
  - node: Single-row index lookup on t using PRIMARY (id=mc.movie_id) (cost=0.25 rows=1)
      (actual time=0.00393..0.00396 rows=1 loops=69352)
    actual_rows: 1.0
    estimated_rows: 1.0
    q_error: 1.0
  - node: 'Filter: ((ci.role_id = 4) and (ci.person_id > 2661217)) (cost=3.87 rows=1.17)
      (actual time=0.251..0.289 rows=0.709 loops=69352)'
    actual_rows: 0.709
    estimated_rows: 1.17
    q_error: 1.6502115655853313
  - node: Index lookup on ci using movie_id_cast_info (movie_id=mc.movie_id) (cost=3.87
      rows=15.5) (actual time=0.0982..0.287 rows=22.3 loops=69352)
    actual_rows: 22.3
    estimated_rows: 15.5
    q_error: 1.4387096774193548

- query: SELECT * FROM title t,cast_info ci,movie_info mi,movie_info_idx mi_idx,movie_keyword
    mk WHERE t.id=ci.movie_id AND t.id=mi.movie_id AND t.id=mi_idx.movie_id AND t.id=mk.movie_id
    AND t.production_year<1973 AND ci.role_id<9 AND mi.info_type_id=6 AND mk.keyword_id<3736
  qep:
  - node: Nested loop inner join (cost=5.69e+6 rows=5.7e+6) (actual time=5.81..117364
      rows=39.7e+6 loops=1)
    actual_rows: 39700000.0
    estimated_rows: 5700000.0
    q_error: 6.964912280701754
  - node: Nested loop inner join (cost=3.69e+6 rows=1.76e+6) (actual time=2.59..60389
      rows=14.3e+6 loops=1)
    actual_rows: 14300000.0
    estimated_rows: 1760000.0
    q_error: 8.125
  - node: Nested loop inner join (cost=2.46e+6 rows=227261) (actual time=1.94..27311
      rows=435385 loops=1)
    actual_rows: 435385.0
    estimated_rows: 227261.0
    q_error: 1.9157928549113135
  - node: Nested loop inner join (cost=1.15e+6 rows=696772) (actual time=1.55..2913
      rows=455374 loops=1)
    actual_rows: 455374.0
    estimated_rows: 696772.0
    q_error: 1.5301093167374509
  - node: 'Filter: (mk.keyword_id < 3736) (cost=420275 rows=2.09e+6) (actual time=1.36..1514
      rows=2.09e+6 loops=1)'
    actual_rows: 2090000.0
    estimated_rows: 2090000.0
    q_error: 1.0
  - node: Table scan on mk (cost=420275 rows=4.18e+6) (actual time=1.35..1272 rows=4.52e+6
      loops=1)
    actual_rows: 4520000.0
    estimated_rows: 4180000.0
    q_error: 1.0813397129186604
  - node: 'Filter: (t.production_year < 1973) (cost=0.25 rows=0.333) (actual time=562e-6..582e-6
      rows=0.218 loops=2.09e+6)'
    actual_rows: 0.218
    estimated_rows: 0.333
    q_error: 1.5275229357798166
  - node: Single-row index lookup on t using PRIMARY (id=mk.movie_id) (cost=0.25 rows=1)
      (actual time=423e-6..444e-6 rows=1 loops=2.09e+6)
    actual_rows: 1.0
    estimated_rows: 1.0
    q_error: 1.0
  - node: 'Filter: (mi.info_type_id = 6) (cost=1.34 rows=0.326) (actual time=0.0415..0.0534
      rows=0.956 loops=455374)'
    actual_rows: 0.956
    estimated_rows: 0.326
    q_error: 2.932515337423313
  - node: Index lookup on mi using movie_id_movie_info (movie_id=mk.movie_id) (cost=1.34
      rows=5.37) (actual time=0.00831..0.0513 rows=36.2 loops=455374)
    actual_rows: 36.2
    estimated_rows: 5.37
    q_error: 6.741154562383613
  - node: 'Filter: (ci.role_id < 9) (cost=3.87 rows=7.73) (actual time=0.00786..0.0743
      rows=32.8 loops=435385)'
    actual_rows: 32.8
    estimated_rows: 7.73
    q_error: 4.243208279430789
  - node: Index lookup on ci using movie_id_cast_info (movie_id=mk.movie_id) (cost=3.87
      rows=15.5) (actual time=0.00771..0.0713 rows=35.7 loops=435385)
    actual_rows: 35.7
    estimated_rows: 15.5
    q_error: 2.303225806451613
  - node: Index lookup on mi_idx using movie_id_movie_info_idx (movie_id=mk.movie_id)
      (cost=0.811 rows=3.24) (actual time=0.00156..0.00375 rows=2.79 loops=14.3e+6)
    actual_rows: 2.79
    estimated_rows: 3.24
    q_error: 1.1612903225806452

- query: SELECT * FROM title t,movie_info mi,movie_info_idx mi_idx WHERE t.id=mi.movie_id
    AND t.id=mi_idx.movie_id AND mi.info_type_id<2
  qep:
  - node: Nested loop inner join (cost=2.8e+6 rows=828160) (actual time=0.472..34106
      rows=993826 loops=1)
    actual_rows: 993826.0
    estimated_rows: 828160.0
    q_error: 1.2000410548686244
  - node: Nested loop inner join (cost=2.51e+6 rows=828160) (actual time=0.465..33293
      rows=993826 loops=1)
    actual_rows: 993826.0
    estimated_rows: 828160.0
    q_error: 1.2000410548686244
  - node: Table scan on mi_idx (cost=127705 rows=1.27e+6) (actual time=0.396..854
      rows=1.38e+6 loops=1)
    actual_rows: 1380000.0
    estimated_rows: 1270000.0
    q_error: 1.0866141732283465
  - node: 'Filter: (mi.info_type_id < 2) (cost=1.34 rows=0.653) (actual time=0.0181..0.0234
      rows=0.72 loops=1.38e+6)'
    actual_rows: 0.72
    estimated_rows: 0.653
    q_error: 1.1026033690658499
  - node: Index lookup on mi using movie_id_movie_info (movie_id=mi_idx.movie_id)
      (cost=1.34 rows=5.37) (actual time=0.00265..0.0224 rows=15.1 loops=1.38e+6)
    actual_rows: 15.1
    estimated_rows: 5.37
    q_error: 2.811918063314711
  - node: Single-row index lookup on t using PRIMARY (id=mi_idx.movie_id) (cost=0.25
      rows=1) (actual time=648e-6..670e-6 rows=1 loops=993826)
    actual_rows: 1.0
    estimated_rows: 1.0
    q_error: 1.0

- query: SELECT * FROM movie_keyword mk WHERE mk.keyword_id=1615
  qep:
  - node: Index lookup on mk using keyword_id_movie_keyword (keyword_id=1615) (cost=498
      rows=1423) (actual time=31.9..149 rows=1423 loops=1)
    actual_rows: 1423.0
    estimated_rows: 1423.0
    q_error: 1.0

- query: SELECT * FROM title t WHERE t.kind_id=1
  qep:
  - node: Index lookup on t using kind_id_title (kind_id=1) (cost=148448 rows=1.3e+6)
      (actual time=0.021..2423 rows=662825 loops=1)
    actual_rows: 662825.0
    estimated_rows: 1300000.0
    q_error: 1.9613020027910837

- query: SELECT * FROM movie_info mi WHERE mi.info_type_id>75
  qep:
  - node: 'Index range scan on mi using info_type_id_movie_info over (75 < info_type_id),
      with index condition: (mi.info_type_id > 75) (cost=873697 rows=1.94e+6) (actual
      time=2.02..2721 rows=1.07e+6 loops=1)'
    actual_rows: 1070000.0
    estimated_rows: 1940000.0
    q_error: 1.8130841121495327

- query: SELECT * FROM cast_info ci WHERE ci.person_id<3896608
  qep:
  - node: 'Filter: (ci.person_id < 3896608) (cost=3.51e+6 rows=17.4e+6) (actual time=0.0154..44838
      rows=35.4e+6 loops=1)'
    actual_rows: 35400000.0
    estimated_rows: 17400000.0
    q_error: 2.0344827586206895
  - node: Table scan on ci (cost=3.51e+6 rows=34.8e+6) (actual time=0.0145..41493
      rows=36.2e+6 loops=1)
    actual_rows: 36200000.0
    estimated_rows: 34800000.0
    q_error: 1.0402298850574712

- query: SELECT * FROM title t,cast_info ci,movie_keyword mk WHERE t.id=ci.movie_id
    AND t.id=mk.movie_id AND t.kind_id=7 AND t.production_year=2006
  qep:
  - node: Nested loop inner join (cost=3.02e+6 rows=3.23e+6) (actual time=1.54..6384
      rows=1.33e+6 loops=1)
    actual_rows: 1330000.0
    estimated_rows: 3230000.0
    q_error: 2.4285714285714284
  - node: Nested loop inner join (cost=1.88e+6 rows=209053) (actual time=1.07..3105
      rows=32611 loops=1)
    actual_rows: 32611.0
    estimated_rows: 209053.0
    q_error: 6.410505657600196
  - node: Table scan on mk (cost=420275 rows=4.18e+6) (actual time=0.941..949 rows=4.52e+6
      loops=1)
    actual_rows: 4520000.0
    estimated_rows: 4180000.0
    q_error: 1.0813397129186604
  - node: 'Filter: ((t.production_year = 2006) and (t.kind_id = 7)) (cost=0.25 rows=0.05)
      (actual time=399e-6..400e-6 rows=0.00721 loops=4.52e+6)'
    actual_rows: 0.00721
    estimated_rows: 0.05
    q_error: 6.934812760055479
  - node: Single-row index lookup on t using PRIMARY (id=mk.movie_id) (cost=0.25 rows=1)
      (actual time=239e-6..261e-6 rows=1 loops=4.52e+6)
    actual_rows: 1.0
    estimated_rows: 1.0
    q_error: 1.0
  - node: Index lookup on ci using movie_id_cast_info (movie_id=mk.movie_id) (cost=3.87
      rows=15.5) (actual time=0.0196..0.0977 rows=40.8 loops=32611)
    actual_rows: 40.8
    estimated_rows: 15.5
    q_error: 2.6322580645161286

- query: SELECT * FROM movie_info mi WHERE mi.info_type_id<4
  qep:
  - node: 'Filter: (mi.info_type_id < 4) (cost=1.39e+6 rows=6.81e+6) (actual time=1706..8095
      rows=3.62e+6 loops=1)'
    actual_rows: 3620000.0
    estimated_rows: 6810000.0
    q_error: 1.8812154696132597
  - node: Table scan on mi (cost=1.39e+6 rows=13.6e+6) (actual time=0.0199..7387 rows=14.8e+6
      loops=1)
    actual_rows: 14800000.0
    estimated_rows: 13600000.0
    q_error: 1.088235294117647

- query: SELECT * FROM title t,movie_companies mc,movie_info mi,movie_info_idx mi_idx,movie_keyword
    mk WHERE t.id=mc.movie_id AND t.id=mi.movie_id AND t.id=mi_idx.movie_id AND t.id=mk.movie_id
    AND t.kind_id=7 AND t.production_year=2011 AND mi.info_type_id=16 AND mk.keyword_id>870
  qep:
  - node: Nested loop inner join (cost=1.96e+6 rows=2.24e+6) (actual time=5.79..8053
      rows=2.56e+6 loops=1)
    actual_rows: 2560000.0
    estimated_rows: 2240000.0
    q_error: 1.1428571428571428
  - node: Nested loop inner join (cost=1.17e+6 rows=690558) (actual time=5.26..4449
      rows=293646 loops=1)
    actual_rows: 293646.0
    estimated_rows: 690558.0
    q_error: 2.351668335342555
  - node: Nested loop inner join (cost=691207 rows=119682) (actual time=0.133..2284
      rows=59097 loops=1)
    actual_rows: 59097.0
    estimated_rows: 119682.0
    q_error: 2.025178943093558
  - node: Nested loop inner join (cost=571898 rows=63456) (actual time=0.101..1954
      rows=24084 loops=1)
    actual_rows: 24084.0
    estimated_rows: 63456.0
    q_error: 2.6347782760338814
  - node: Table scan on mi_idx (cost=127705 rows=1.27e+6) (actual time=0.0368..810
      rows=1.38e+6 loops=1)
    actual_rows: 1380000.0
    estimated_rows: 1270000.0
    q_error: 1.0866141732283465
  - node: 'Filter: ((t.production_year = 2011) and (t.kind_id = 7)) (cost=0.25 rows=0.05)
      (actual time=748e-6..749e-6 rows=0.0175 loops=1.38e+6)'
    actual_rows: 0.0175
    estimated_rows: 0.05
    q_error: 2.857142857142857
  - node: Single-row index lookup on t using PRIMARY (id=mi_idx.movie_id) (cost=0.25
      rows=1) (actual time=577e-6..598e-6 rows=1 loops=1.38e+6)
    actual_rows: 1.0
    estimated_rows: 1.0
    q_error: 1.0
  - node: 'Filter: (mi.info_type_id = 16) (cost=1.34 rows=1.89) (actual time=0.0104..0.0135
      rows=2.45 loops=24084)'
    actual_rows: 2.45
    estimated_rows: 1.89
    q_error: 1.2962962962962965
  - node: Index lookup on mi using movie_id_movie_info (movie_id=mi_idx.movie_id)
      (cost=1.34 rows=5.37) (actual time=0.00274..0.0127 rows=7.17 loops=24084)
    actual_rows: 7.17
    estimated_rows: 5.37
    q_error: 1.3351955307262569
  - node: 'Filter: (mk.keyword_id > 870) (cost=2.88 rows=5.77) (actual time=0.0271..0.0362
      rows=4.97 loops=59097)'
    actual_rows: 4.97
    estimated_rows: 5.77
    q_error: 1.1609657947686116
  - node: Index lookup on mk using movie_id_movie_keyword (movie_id=mi_idx.movie_id)
      (cost=2.88 rows=11.5) (actual time=0.0269..0.0356 rows=5.69 loops=59097)
    actual_rows: 5.69
    estimated_rows: 11.5
    q_error: 2.0210896309314585
  - node: Index lookup on mc using movie_id_movie_companies (movie_id=mi_idx.movie_id)
      (cost=0.811 rows=3.24) (actual time=0.00306..0.0117 rows=8.73 loops=293646)
    actual_rows: 8.73
    estimated_rows: 3.24
    q_error: 2.694444444444444

- query: SELECT * FROM title t,movie_companies mc,cast_info ci,movie_keyword mk WHERE
    t.id=mc.movie_id AND t.id=ci.movie_id AND t.id=mk.movie_id AND ci.role_id=1 AND
    mk.keyword_id=1578
  qep:
  - node: Nested loop inner join (cost=62494 rows=105259) (actual time=9.19..1449
      rows=144096 loops=1)
    actual_rows: 144096.0
    estimated_rows: 105259.0
    q_error: 1.3689660741599292
  - node: Nested loop inner join (cost=25653 rows=32451) (actual time=8.22..714 rows=68349
      loops=1)
    actual_rows: 68349.0
    estimated_rows: 32451.0
    q_error: 2.106221688083572
  - node: Nested loop inner join (cost=2937 rows=4196) (actual time=8.2..183 rows=4196
      loops=1)
    actual_rows: 4196.0
    estimated_rows: 4196.0
    q_error: 1.0
  - node: Index lookup on mk using keyword_id_movie_keyword (keyword_id=1578) (cost=1469
      rows=4196) (actual time=8.18..171 rows=4196 loops=1)
    actual_rows: 4196.0
    estimated_rows: 4196.0
    q_error: 1.0
  - node: Single-row index lookup on t using PRIMARY (id=mk.movie_id) (cost=0.25 rows=1)
      (actual time=0.0025..0.00253 rows=1 loops=4196)
    actual_rows: 1.0
    estimated_rows: 1.0
    q_error: 1.0
  - node: 'Filter: (ci.role_id = 1) (cost=3.87 rows=7.73) (actual time=0.0183..0.125
      rows=16.3 loops=4196)'
    actual_rows: 16.3
    estimated_rows: 7.73
    q_error: 2.108667529107374
  - node: Index lookup on ci using movie_id_cast_info (movie_id=mk.movie_id) (cost=3.87
      rows=15.5) (actual time=0.017..0.122 rows=34.1 loops=4196)
    actual_rows: 34.1
    estimated_rows: 15.5
    q_error: 2.2
  - node: Index lookup on mc using movie_id_movie_companies (movie_id=mk.movie_id)
      (cost=0.811 rows=3.24) (actual time=0.0086..0.0105 rows=2.11 loops=68349)
    actual_rows: 2.11
    estimated_rows: 3.24
    q_error: 1.5355450236966826

- query: SELECT * FROM title t,cast_info ci,movie_info mi WHERE t.id=ci.movie_id AND
    t.id=mi.movie_id AND t.kind_id=7 AND t.production_year<1969 AND mi.info_type_id>4
  qep:
  - node: Nested loop inner join (cost=7.18e+6 rows=18e+6) (actual time=10.4..20236
      rows=6.02e+6 loops=1)
    actual_rows: 6020000.0
    estimated_rows: 18000000.0
    q_error: 2.990033222591362
  - node: Nested loop inner join (cost=876797 rows=1.16e+6) (actual time=10.3..8387
      rows=435963 loops=1)
    actual_rows: 435963.0
    estimated_rows: 1160000.0
    q_error: 2.6607762585357015
  - node: 'Filter: (t.production_year < 1969) (cost=61734 rows=433502) (actual time=10.3..6528
      rows=112299 loops=1)'
    actual_rows: 112299.0
    estimated_rows: 433502.0
    q_error: 3.8602480876944587
  - node: Index lookup on t using kind_id_title (kind_id=7) (cost=61734 rows=1.3e+6)
      (actual time=0.321..6403 rows=1.54e+6 loops=1)
    actual_rows: 1540000.0
    estimated_rows: 1300000.0
    q_error: 1.1846153846153846
  - node: 'Filter: (mi.info_type_id > 4) (cost=1.34 rows=2.69) (actual time=0.00702..0.0162
      rows=3.88 loops=112299)'
    actual_rows: 3.88
    estimated_rows: 2.69
    q_error: 1.4423791821561338
  - node: Index lookup on mi using movie_id_movie_info (movie_id=t.id) (cost=1.34
      rows=5.37) (actual time=0.00531..0.0155 rows=5.34 loops=112299)
    actual_rows: 5.34
    estimated_rows: 5.37
    q_error: 1.00561797752809
  - node: Index lookup on ci using movie_id_cast_info (movie_id=t.id) (cost=3.87 rows=15.5)
      (actual time=0.00393..0.0263 rows=13.8 loops=435963)
    actual_rows: 13.8
    estimated_rows: 15.5
    q_error: 1.1231884057971013

- query: SELECT * FROM title t,movie_info mi,movie_keyword mk WHERE t.id=mi.movie_id
    AND t.id=mk.movie_id AND mi.info_type_id<4
  qep:
  - node: Nested loop inner join (cost=9.74e+6 rows=11.2e+6) (actual time=0.784..256555
      rows=17.8e+6 loops=1)
    actual_rows: 17800000.0
    estimated_rows: 11200000.0
    q_error: 1.5892857142857142
  - node: Nested loop inner join (cost=1.88e+6 rows=4.18e+6) (actual time=0.767..3179
      rows=4.52e+6 loops=1)
    actual_rows: 4520000.0
    estimated_rows: 4180000.0
    q_error: 1.0813397129186604
  - node: Table scan on mk (cost=420275 rows=4.18e+6) (actual time=0.755..1051 rows=4.52e+6
      loops=1)
    actual_rows: 4520000.0
    estimated_rows: 4180000.0
    q_error: 1.0813397129186604
  - node: Single-row index lookup on t using PRIMARY (id=mk.movie_id) (cost=0.25 rows=1)
      (actual time=315e-6..336e-6 rows=1 loops=4.52e+6)
    actual_rows: 1.0
    estimated_rows: 1.0
    q_error: 1.0
  - node: 'Filter: (mi.info_type_id < 4) (cost=1.34 rows=2.69) (actual time=0.0347..0.0557
      rows=3.93 loops=4.52e+6)'
    actual_rows: 3.93
    estimated_rows: 2.69
    q_error: 1.4609665427509295
  - node: Index lookup on mi using movie_id_movie_info (movie_id=mk.movie_id) (cost=1.34
      rows=5.37) (actual time=0.00167..0.0531 rows=52 loops=4.52e+6)
    actual_rows: 52.0
    estimated_rows: 5.37
    q_error: 9.683426443202979

- query: SELECT * FROM title t,movie_companies mc,movie_info_idx mi_idx WHERE t.id=mc.movie_id
    AND t.id=mi_idx.movie_id AND t.kind_id=7 AND mc.company_id<1772 AND mc.company_type_id=2
    AND mi_idx.info_type_id=100
  qep:
  - node: Nested loop inner join (cost=648125 rows=257281) (actual time=0.614..3246
      rows=41224 loops=1)
    actual_rows: 41224.0
    estimated_rows: 257281.0
    q_error: 6.241048903551329
  - node: Nested loop inner join (cost=287932 rows=317280) (actual time=0.0467..1713
      rows=141906 loops=1)
    actual_rows: 141906.0
    estimated_rows: 317280.0
    q_error: 2.2358462644285653
  - node: Index lookup on mi_idx using info_type_id_movie_info_idx (info_type_id=100)
      (cost=65836 rows=634560) (actual time=0.0216..809 rows=459925 loops=1)
    actual_rows: 459925.0
    estimated_rows: 634560.0
    q_error: 1.3797032124802957
  - node: 'Filter: (t.kind_id = 7) (cost=0.25 rows=0.5) (actual time=0.0018..0.00183
      rows=0.309 loops=459925)'
    actual_rows: 0.309
    estimated_rows: 0.5
    q_error: 1.6181229773462784
  - node: Single-row index lookup on t using PRIMARY (id=mi_idx.movie_id) (cost=0.25
      rows=1) (actual time=0.00161..0.00163 rows=1 loops=459925)
    actual_rows: 1.0
    estimated_rows: 1.0
    q_error: 1.0
  - node: 'Filter: ((mc.company_type_id = 2) and (mc.company_id < 1772)) (cost=0.811
      rows=0.811) (actual time=0.00994..0.0106 rows=0.291 loops=141906)'
    actual_rows: 0.291
    estimated_rows: 0.811
    q_error: 2.786941580756014
  - node: Index lookup on mc using movie_id_movie_companies (movie_id=mi_idx.movie_id)
      (cost=0.811 rows=3.24) (actual time=0.00625..0.0101 rows=2.09 loops=141906)
    actual_rows: 2.09
    estimated_rows: 3.24
    q_error: 1.550239234449761

- query: SELECT * FROM title t,movie_companies mc,movie_info mi,movie_info_idx mi_idx
    WHERE t.id=mc.movie_id AND t.id=mi.movie_id AND t.id=mi_idx.movie_id AND mi.info_type_id<16
  qep:
  - node: Nested loop inner join (cost=6.83e+6 rows=11.1e+6) (actual time=0.0453..138044
      rows=86.4e+6 loops=1)
    actual_rows: 86400000.0
    estimated_rows: 11100000.0
    q_error: 7.783783783783784
  - node: Nested loop inner join (cost=2.96e+6 rows=3.41e+6) (actual time=0.0345..35127
      rows=12.7e+6 loops=1)
    actual_rows: 12700000.0
    estimated_rows: 3410000.0
    q_error: 3.724340175953079
  - node: Nested loop inner join (cost=571898 rows=1.27e+6) (actual time=0.0226..2050
      rows=1.38e+6 loops=1)
    actual_rows: 1380000.0
    estimated_rows: 1270000.0
    q_error: 1.0866141732283465
  - node: Table scan on mi_idx (cost=127705 rows=1.27e+6) (actual time=0.0128..906
      rows=1.38e+6 loops=1)
    actual_rows: 1380000.0
    estimated_rows: 1270000.0
    q_error: 1.0866141732283465
  - node: Single-row index lookup on t using PRIMARY (id=mi_idx.movie_id) (cost=0.25
      rows=1) (actual time=666e-6..689e-6 rows=1 loops=1.38e+6)
    actual_rows: 1.0
    estimated_rows: 1.0
    q_error: 1.0
  - node: 'Filter: (mi.info_type_id < 16) (cost=1.34 rows=2.69) (actual time=0.00347..0.0234
      rows=9.17 loops=1.38e+6)'
    actual_rows: 9.17
    estimated_rows: 2.69
    q_error: 3.408921933085502
  - node: Index lookup on mi using movie_id_movie_info (movie_id=mi_idx.movie_id)
      (cost=1.34 rows=5.37) (actual time=0.00211..0.0222 rows=15.1 loops=1.38e+6)
    actual_rows: 15.1
    estimated_rows: 5.37
    q_error: 2.811918063314711
  - node: Index lookup on mc using movie_id_movie_companies (movie_id=mi_idx.movie_id)
      (cost=0.811 rows=3.24) (actual time=0.00154..0.00769 rows=6.83 loops=12.7e+6)
    actual_rows: 6.83
    estimated_rows: 3.24
    q_error: 2.1080246913580245

- query: SELECT * FROM title t,movie_companies mc,cast_info ci,movie_info mi,movie_info_idx
    mi_idx WHERE t.id=mc.movie_id AND t.id=ci.movie_id AND t.id=mi.movie_id AND t.id=mi_idx.movie_id
    AND t.production_year>2004
  qep:
  - node: Nested loop inner join (cost=43.5e+6 rows=114e+6) (actual time=1.01..8.8e+6
      rows=7.2e+9 loops=1)
    actual_rows: 7200000000.0
    estimated_rows: 114000000.0
    q_error: 63.1578947368421
  - node: Nested loop inner join (cost=3.63e+6 rows=7.37e+6) (actual time=0.383..122509
      rows=58.7e+6 loops=1)
    actual_rows: 58700000.0
    estimated_rows: 7370000.0
    q_error: 7.96472184531886
  - node: Nested loop inner join (cost=1.05e+6 rows=1.37e+6) (actual time=0.373..7698
      rows=1.45e+6 loops=1)
    actual_rows: 1450000.0
    estimated_rows: 1370000.0
    q_error: 1.0583941605839415
  - node: Nested loop inner join (cost=571898 rows=422998) (actual time=0.363..3570
      rows=488617 loops=1)
    actual_rows: 488617.0
    estimated_rows: 422998.0
    q_error: 1.1551283930420475
  - node: Table scan on mi_idx (cost=127705 rows=1.27e+6) (actual time=0.347..1047
      rows=1.38e+6 loops=1)
    actual_rows: 1380000.0
    estimated_rows: 1270000.0
    q_error: 1.0866141732283465
  - node: 'Filter: (t.production_year > 2004) (cost=0.25 rows=0.333) (actual time=0.00163..0.00168
      rows=0.354 loops=1.38e+6)'
    actual_rows: 0.354
    estimated_rows: 0.333
    q_error: 1.0630630630630629
  - node: Single-row index lookup on t using PRIMARY (id=mi_idx.movie_id) (cost=0.25
      rows=1) (actual time=0.0014..0.00142 rows=1 loops=1.38e+6)
    actual_rows: 1.0
    estimated_rows: 1.0
    q_error: 1.0
  - node: Index lookup on mc using movie_id_movie_companies (movie_id=mi_idx.movie_id)
      (cost=0.811 rows=3.24) (actual time=0.00303..0.00817 rows=2.96 loops=488617)
    actual_rows: 2.96
    estimated_rows: 3.24
    q_error: 1.0945945945945947
  - node: Index lookup on mi using movie_id_movie_info (movie_id=mi_idx.movie_id)
      (cost=1.34 rows=5.37) (actual time=0.00271..0.077 rows=40.5 loops=1.45e+6)
    actual_rows: 40.5
    estimated_rows: 5.37
    q_error: 7.541899441340782
  - node: Index lookup on ci using movie_id_cast_info (movie_id=mi_idx.movie_id) (cost=3.87
      rows=15.5) (actual time=0.00191..0.142 rows=123 loops=58.7e+6)
    actual_rows: 123.0
    estimated_rows: 15.5
    q_error: 7.935483870967742

- query: SELECT * FROM title t,movie_companies mc,movie_info mi,movie_info_idx mi_idx,movie_keyword
    mk WHERE t.id=mc.movie_id AND t.id=mi.movie_id AND t.id=mi_idx.movie_id AND t.id=mk.movie_id
    AND mi_idx.info_type_id<100 AND mk.keyword_id<91063
  qep:
  - node: Nested loop inner join (cost=28e+6 rows=59.1e+6) (actual time=3.46..5.21e+6
      rows=4.72e+9 loops=1)
    actual_rows: 4720000000.0
    estimated_rows: 59100000.0
    q_error: 79.86463620981388
  - node: Nested loop inner join (cost=7.37e+6 rows=11e+6) (actual time=3.44..78909
      rows=32.5e+6 loops=1)
    actual_rows: 32500000.0
    estimated_rows: 11000000.0
    q_error: 2.9545454545454546
  - node: Nested loop inner join (cost=3.52e+6 rows=3.39e+6) (actual time=3.25..32328
      rows=3.4e+6 loops=1)
    actual_rows: 3400000.0
    estimated_rows: 3390000.0
    q_error: 1.0029498525073746
  - node: Nested loop inner join (cost=1.15e+6 rows=2.09e+6) (actual time=1.46..7661
      rows=4.45e+6 loops=1)
    actual_rows: 4450000.0
    estimated_rows: 2090000.0
    q_error: 2.1291866028708135
  - node: 'Filter: (mk.keyword_id < 91063) (cost=420275 rows=2.09e+6) (actual time=1.45..3803
      rows=4.45e+6 loops=1)'
    actual_rows: 4450000.0
    estimated_rows: 2090000.0
    q_error: 2.1291866028708135
  - node: Table scan on mk (cost=420275 rows=4.18e+6) (actual time=1.45..3345 rows=4.52e+6
      loops=1)
    actual_rows: 4520000.0
    estimated_rows: 4180000.0
    q_error: 1.0813397129186604
  - node: Single-row index lookup on t using PRIMARY (id=mk.movie_id) (cost=0.25 rows=1)
      (actual time=677e-6..702e-6 rows=1 loops=4.45e+6)
    actual_rows: 1.0
    estimated_rows: 1.0
    q_error: 1.0
  - node: 'Filter: (mi_idx.info_type_id < 100) (cost=0.811 rows=1.62) (actual time=0.0028..0.00535
      rows=0.764 loops=4.45e+6)'
    actual_rows: 0.764
    estimated_rows: 1.62
    q_error: 2.1204188481675392
  - node: Index lookup on mi_idx using movie_id_movie_info_idx (movie_id=mk.movie_id)
      (cost=0.811 rows=3.24) (actual time=0.00268..0.00495 rows=2.3 loops=4.45e+6)
    actual_rows: 2.3
    estimated_rows: 3.24
    q_error: 1.4086956521739133
  - node: Index lookup on mc using movie_id_movie_companies (movie_id=mk.movie_id)
      (cost=0.811 rows=3.24) (actual time=0.00186..0.0131 rows=9.56 loops=3.4e+6)
    actual_rows: 9.56
    estimated_rows: 3.24
    q_error: 2.950617283950617
  - node: Index lookup on mi using movie_id_movie_info (movie_id=mk.movie_id) (cost=1.34
      rows=5.37) (actual time=0.00165..0.151 rows=145 loops=32.5e+6)
    actual_rows: 145.0
    estimated_rows: 5.37
    q_error: 27.001862197392924

- query: SELECT * FROM title t,movie_companies mc WHERE t.id=mc.movie_id AND t.kind_id<7
    AND t.production_year<2009
  qep:
  - node: Nested loop inner join (cost=758390 rows=1.41e+6) (actual time=0.123..6857
      rows=1.54e+6 loops=1)
    actual_rows: 1540000.0
    estimated_rows: 1410000.0
    q_error: 1.0921985815602837
  - node: 'Filter: ((t.kind_id < 7) and (t.production_year < 2009)) (cost=266255 rows=433502)
      (actual time=0.024..3170 rows=749931 loops=1)'
    actual_rows: 749931.0
    estimated_rows: 433502.0
    q_error: 1.7299366554248885
  - node: Table scan on t (cost=266255 rows=2.6e+6) (actual time=0.019..2957 rows=2.53e+6
      loops=1)
    actual_rows: 2530000.0
    estimated_rows: 2600000.0
    q_error: 1.0276679841897234
  - node: Index lookup on mc using movie_id_movie_companies (movie_id=t.id) (cost=0.811
      rows=3.24) (actual time=0.00272..0.00468 rows=2.05 loops=749931)
    actual_rows: 2.05
    estimated_rows: 3.24
    q_error: 1.580487804878049

- query: SELECT * FROM title t,cast_info ci,movie_info mi WHERE t.id=ci.movie_id AND
    t.id=mi.movie_id AND t.kind_id=7
  qep:
  - node: Nested loop inner join (cost=40.4e+6 rows=108e+6) (actual time=0.336..219237
      rows=90.4e+6 loops=1)
    actual_rows: 90400000.0
    estimated_rows: 108000000.0
    q_error: 1.1946902654867257
  - node: Nested loop inner join (cost=2.59e+6 rows=6.99e+6) (actual time=0.0538..24919
      rows=3.96e+6 loops=1)
    actual_rows: 3960000.0
    estimated_rows: 6990000.0
    q_error: 1.7651515151515151
  - node: Index lookup on t using kind_id_title (kind_id=7) (cost=148448 rows=1.3e+6)
      (actual time=0.0321..7292 rows=1.54e+6 loops=1)
    actual_rows: 1540000.0
    estimated_rows: 1300000.0
    q_error: 1.1846153846153846
  - node: Index lookup on mi using movie_id_movie_info (movie_id=t.id) (cost=1.34
      rows=5.37) (actual time=0.00556..0.0112 rows=2.57 loops=1.54e+6)
    actual_rows: 2.57
    estimated_rows: 5.37
    q_error: 2.0894941634241246
  - node: Index lookup on ci using movie_id_cast_info (movie_id=t.id) (cost=3.87 rows=15.5)
      (actual time=0.00395..0.0477 rows=22.8 loops=3.96e+6)
    actual_rows: 22.8
    estimated_rows: 15.5
    q_error: 1.4709677419354839

- query: SELECT * FROM title t,movie_companies mc,movie_info mi,movie_info_idx mi_idx
    WHERE t.id=mc.movie_id AND t.id=mi.movie_id AND t.id=mi_idx.movie_id AND t.production_year>1998
    AND mi.info_type_id<7
  qep:
  - node: Nested loop inner join (cost=2.66e+6 rows=3.69e+6) (actual time=1.07..46588
      rows=19.5e+6 loops=1)
    actual_rows: 19500000.0
    estimated_rows: 3690000.0
    q_error: 5.284552845528455
  - node: Nested loop inner join (cost=1.37e+6 rows=1.14e+6) (actual time=0.585..22134
      rows=3.39e+6 loops=1)
    actual_rows: 3390000.0
    estimated_rows: 1140000.0
    q_error: 2.973684210526316
  - node: Nested loop inner join (cost=571898 rows=422998) (actual time=0.454..3214
      rows=729984 loops=1)
    actual_rows: 729984.0
    estimated_rows: 422998.0
    q_error: 1.7257386559747327
  - node: Table scan on mi_idx (cost=127705 rows=1.27e+6) (actual time=0.28..1505
      rows=1.38e+6 loops=1)
    actual_rows: 1380000.0
    estimated_rows: 1270000.0
    q_error: 1.0866141732283465
  - node: 'Filter: (t.production_year > 1998) (cost=0.25 rows=0.333) (actual time=0.00109..0.00113
      rows=0.529 loops=1.38e+6)'
    actual_rows: 0.529
    estimated_rows: 0.333
    q_error: 1.5885885885885886
  - node: Single-row index lookup on t using PRIMARY (id=mi_idx.movie_id) (cost=0.25
      rows=1) (actual time=935e-6..958e-6 rows=1 loops=1.38e+6)
    actual_rows: 1.0
    estimated_rows: 1.0
    q_error: 1.0
  - node: 'Filter: (mi.info_type_id < 7) (cost=1.34 rows=2.69) (actual time=0.011..0.0256
      rows=4.64 loops=729984)'
    actual_rows: 4.64
    estimated_rows: 2.69
    q_error: 1.724907063197026
  - node: Index lookup on mi using movie_id_movie_info (movie_id=mi_idx.movie_id)
      (cost=1.34 rows=5.37) (actual time=0.00365..0.0245 rows=14.2 loops=729984)
    actual_rows: 14.2
    estimated_rows: 5.37
    q_error: 2.6443202979515825
  - node: Index lookup on mc using movie_id_movie_companies (movie_id=mi_idx.movie_id)
      (cost=0.811 rows=3.24) (actual time=0.00161..0.00682 rows=5.76 loops=3.39e+6)
    actual_rows: 5.76
    estimated_rows: 3.24
    q_error: 1.7777777777777777

- query: SELECT * FROM title t,movie_info mi WHERE t.id=mi.movie_id AND mi.info_type_id=8
  qep:
  - node: Nested loop inner join (cost=1.34e+6 rows=2.81e+6) (actual time=0.0308..4180
      rows=1.33e+6 loops=1)
    actual_rows: 1330000.0
    estimated_rows: 2810000.0
    q_error: 2.112781954887218
  - node: Index lookup on mi using info_type_id_movie_info (info_type_id=8) (cost=350686
      rows=2.81e+6) (actual time=0.0214..2376 rows=1.33e+6 loops=1)
    actual_rows: 1330000.0
    estimated_rows: 2810000.0
    q_error: 2.112781954887218
  - node: Single-row index lookup on t using PRIMARY (id=mi.movie_id) (cost=0.25 rows=1)
      (actual time=0.00121..0.00123 rows=1 loops=1.33e+6)
    actual_rows: 1.0
    estimated_rows: 1.0
    q_error: 1.0

- query: SELECT * FROM title t,movie_companies mc,movie_info mi,movie_info_idx mi_idx,movie_keyword
    mk WHERE t.id=mc.movie_id AND t.id=mi.movie_id AND t.id=mi_idx.movie_id AND t.id=mk.movie_id
    AND mc.company_id>11323 AND mc.company_type_id=2 AND mi.info_type_id>3 AND mk.keyword_id>4962
  qep:
  - node: Nested loop inner join (cost=11.7e+6 rows=14.8e+6) (actual time=8.39..1.42e+6
      rows=818e+6 loops=1)
    actual_rows: 818000000.0
    estimated_rows: 14800000.0
    q_error: 55.270270270270274
  - node: Nested loop inner join (cost=6.57e+6 rows=4.55e+6) (actual time=7.89..391863
      rows=268e+6 loops=1)
    actual_rows: 268000000.0
    estimated_rows: 4550000.0
    q_error: 58.9010989010989
  - node: Nested loop inner join (cost=3.39e+6 rows=1.7e+6) (actual time=7.87..28440
      rows=3.05e+6 loops=1)
    actual_rows: 3050000.0
    estimated_rows: 1700000.0
    q_error: 1.7941176470588236
  - node: Nested loop inner join (cost=2.79e+6 rows=1.7e+6) (actual time=7.86..26859
      rows=3.05e+6 loops=1)
    actual_rows: 3050000.0
    estimated_rows: 1700000.0
    q_error: 1.7941176470588236
  - node: 'Filter: (mk.keyword_id > 4962) (cost=420275 rows=2.09e+6) (actual time=7.8..3433
      rows=2.21e+6 loops=1)'
    actual_rows: 2210000.0
    estimated_rows: 2090000.0
    q_error: 1.0574162679425838
  - node: Table scan on mk (cost=420275 rows=4.18e+6) (actual time=3.04..3116 rows=4.52e+6
      loops=1)
    actual_rows: 4520000.0
    estimated_rows: 4180000.0
    q_error: 1.0813397129186604
  - node: 'Filter: ((mc.company_type_id = 2) and (mc.company_id > 11323)) (cost=0.811
      rows=0.811) (actual time=0.00869..0.0104 rows=1.38 loops=2.21e+6)'
    actual_rows: 1.38
    estimated_rows: 0.811
    q_error: 1.7016029593094941
  - node: Index lookup on mc using movie_id_movie_companies (movie_id=mk.movie_id)
      (cost=0.811 rows=3.24) (actual time=0.00188..0.00959 rows=8 loops=2.21e+6)
    actual_rows: 8.0
    estimated_rows: 3.24
    q_error: 2.4691358024691357
  - node: Single-row index lookup on t using PRIMARY (id=mk.movie_id) (cost=0.25 rows=1)
      (actual time=327e-6..352e-6 rows=1 loops=3.05e+6)
    actual_rows: 1.0
    estimated_rows: 1.0
    q_error: 1.0
  - node: 'Filter: (mi.info_type_id > 3) (cost=1.34 rows=2.69) (actual time=0.00217..0.115
      rows=88.1 loops=3.05e+6)'
    actual_rows: 88.1
    estimated_rows: 2.69
    q_error: 32.75092936802974
  - node: Index lookup on mi using movie_id_movie_info (movie_id=mk.movie_id) (cost=1.34
      rows=5.37) (actual time=0.00196..0.108 rows=92.8 loops=3.05e+6)
    actual_rows: 92.8
    estimated_rows: 5.37
    q_error: 17.28119180633147
  - node: Index lookup on mi_idx using movie_id_movie_info_idx (movie_id=mk.movie_id)
      (cost=0.811 rows=3.24) (actual time=0.00127..0.00359 rows=3.05 loops=268e+6)
    actual_rows: 3.05
    estimated_rows: 3.24
    q_error: 1.0622950819672132

- query: SELECT * FROM title t,movie_companies mc,cast_info ci,movie_info_idx mi_idx,movie_keyword
    mk WHERE t.id=mc.movie_id AND t.id=ci.movie_id AND t.id=mi_idx.movie_id AND t.id=mk.movie_id
    AND mc.company_id>525 AND mc.company_type_id<2 AND ci.role_id=1 AND mi_idx.info_type_id>100
  qep:
  - node: Nested loop inner join (cost=19.9e+6 rows=45.9e+6) (actual time=17.5..750201
      rows=762e+6 loops=1)
    actual_rows: 762000000.0
    estimated_rows: 45900000.0
    q_error: 16.601307189542485
  - node: Nested loop inner join (cost=3.81e+6 rows=3.98e+6) (actual time=11..88014
      rows=11.4e+6 loops=1)
    actual_rows: 11400000.0
    estimated_rows: 3980000.0
    q_error: 2.864321608040201
  - node: Nested loop inner join (cost=1.03e+6 rows=514561) (actual time=10.5..5400
      rows=563285 loops=1)
    actual_rows: 563285.0
    estimated_rows: 514561.0
    q_error: 1.0946904254306098
  - node: Nested loop inner join (cost=848092 rows=514561) (actual time=10.5..4643
      rows=563285 loops=1)
    actual_rows: 563285.0
    estimated_rows: 514561.0
    q_error: 1.0946904254306098
  - node: 'Filter: (mi_idx.info_type_id > 100) (cost=127705 rows=634560) (actual time=0.318..978
      rows=460185 loops=1)'
    actual_rows: 460185.0
    estimated_rows: 634560.0
    q_error: 1.3789236937318687
  - node: Table scan on mi_idx (cost=127705 rows=1.27e+6) (actual time=0.314..870
      rows=1.38e+6 loops=1)
    actual_rows: 1380000.0
    estimated_rows: 1270000.0
    q_error: 1.0866141732283465
  - node: 'Filter: ((mc.company_id > 525) and (mc.company_type_id < 2)) (cost=0.811
      rows=0.811) (actual time=0.00414..0.00777 rows=1.22 loops=460185)'
    actual_rows: 1.22
    estimated_rows: 0.811
    q_error: 1.504315659679408
  - node: Index lookup on mc using movie_id_movie_companies (movie_id=mi_idx.movie_id)
      (cost=0.811 rows=3.24) (actual time=0.00309..0.00712 rows=2.96 loops=460185)
    actual_rows: 2.96
    estimated_rows: 3.24
    q_error: 1.0945945945945947
  - node: Single-row index lookup on t using PRIMARY (id=mi_idx.movie_id) (cost=0.25
      rows=1) (actual time=0.0011..0.00113 rows=1 loops=563285)
    actual_rows: 1.0
    estimated_rows: 1.0
    q_error: 1.0
  - node: 'Filter: (ci.role_id = 1) (cost=3.87 rows=7.73) (actual time=0.0157..0.145
      rows=20.2 loops=563285)'
    actual_rows: 20.2
    estimated_rows: 7.73
    q_error: 2.613195342820181
  - node: Index lookup on ci using movie_id_cast_info (movie_id=mi_idx.movie_id) (cost=3.87
      rows=15.5) (actual time=0.0141..0.141 rows=56.4 loops=563285)
    actual_rows: 56.4
    estimated_rows: 15.5
    q_error: 3.638709677419355
  - node: Index lookup on mk using movie_id_movie_keyword (movie_id=mi_idx.movie_id)
      (cost=2.88 rows=11.5) (actual time=0.00863..0.0551 rows=66.9 loops=11.4e+6)
    actual_rows: 66.9
    estimated_rows: 11.5
    q_error: 5.817391304347827

- query: SELECT * FROM title t,movie_companies mc,movie_info_idx mi_idx,movie_keyword
    mk WHERE t.id=mc.movie_id AND t.id=mi_idx.movie_id AND t.id=mk.movie_id AND t.production_year=2011
    AND mc.company_id<9749 AND mc.company_type_id<2 AND mi_idx.info_type_id=100
  qep:
  - node: Nested loop inner join (cost=567800 rows=593798) (actual time=1.59..1909
      rows=446433 loops=1)
    actual_rows: 446433.0
    estimated_rows: 593798.0
    q_error: 1.3300943254642914
  - node: Nested loop inner join (cost=359970 rows=51456) (actual time=0.065..1439
      rows=21868 loops=1)
    actual_rows: 21868.0
    estimated_rows: 51456.0
    q_error: 2.353027254435705
  - node: Nested loop inner join (cost=287932 rows=63456) (actual time=0.0436..1292
      rows=20683 loops=1)
    actual_rows: 20683.0
    estimated_rows: 63456.0
    q_error: 3.06802688198037
  - node: Index lookup on mi_idx using info_type_id_movie_info_idx (info_type_id=100)
      (cost=65836 rows=634560) (actual time=0.024..604 rows=459925 loops=1)
    actual_rows: 459925.0
    estimated_rows: 634560.0
    q_error: 1.3797032124802957
  - node: 'Filter: (t.production_year = 2011) (cost=0.25 rows=0.1) (actual time=0.00141..0.00141
      rows=0.045 loops=459925)'
    actual_rows: 0.045
    estimated_rows: 0.1
    q_error: 2.2222222222222223
  - node: Single-row index lookup on t using PRIMARY (id=mi_idx.movie_id) (cost=0.25
      rows=1) (actual time=0.00125..0.00127 rows=1 loops=459925)
    actual_rows: 1.0
    estimated_rows: 1.0
    q_error: 1.0
  - node: 'Filter: ((mc.company_id < 9749) and (mc.company_type_id < 2)) (cost=0.811
      rows=0.811) (actual time=0.00408..0.0069 rows=1.06 loops=20683)'
    actual_rows: 1.06
    estimated_rows: 0.811
    q_error: 1.3070283600493218
  - node: Index lookup on mc using movie_id_movie_companies (movie_id=mi_idx.movie_id)
      (cost=0.811 rows=3.24) (actual time=0.00312..0.00651 rows=2.99 loops=20683)
    actual_rows: 2.99
    estimated_rows: 3.24
    q_error: 1.0836120401337792
  - node: Index lookup on mk using movie_id_movie_keyword (movie_id=mi_idx.movie_id)
      (cost=2.88 rows=11.5) (actual time=0.00674..0.0204 rows=20.4 loops=21868)
    actual_rows: 20.4
    estimated_rows: 11.5
    q_error: 1.7739130434782608

- query: SELECT * FROM title t,movie_companies mc,movie_info mi WHERE t.id=mc.movie_id
    AND t.id=mi.movie_id AND t.kind_id>1 AND t.production_year>1999 AND mc.company_type_id<2
  qep:
  - node: Nested loop inner join (cost=1.12e+6 rows=1.16e+6) (actual time=0.119..9995
      rows=4.23e+6 loops=1)
    actual_rows: 4230000.0
    estimated_rows: 1160000.0
    q_error: 3.646551724137931
  - node: Nested loop inner join (cost=717249 rows=216625) (actual time=0.089..3257
      rows=341362 loops=1)
    actual_rows: 341362.0
    estimated_rows: 216625.0
    q_error: 1.5758199653779572
  - node: 'Filter: (mc.company_type_id < 2) (cost=262291 rows=1.3e+6) (actual time=0.0679..1747
      rows=1.27e+6 loops=1)'
    actual_rows: 1270000.0
    estimated_rows: 1300000.0
    q_error: 1.0236220472440944
  - node: Table scan on mc (cost=262291 rows=2.6e+6) (actual time=0.0656..1579 rows=2.61e+6
      loops=1)
    actual_rows: 2610000.0
    estimated_rows: 2600000.0
    q_error: 1.0038461538461538
  - node: 'Filter: ((t.kind_id > 1) and (t.production_year > 1999)) (cost=0.25 rows=0.167)
      (actual time=0.00107..0.00109 rows=0.268 loops=1.27e+6)'
    actual_rows: 0.268
    estimated_rows: 0.167
    q_error: 1.6047904191616766
  - node: Single-row index lookup on t using PRIMARY (id=mc.movie_id) (cost=0.25 rows=1)
      (actual time=894e-6..916e-6 rows=1 loops=1.27e+6)
    actual_rows: 1.0
    estimated_rows: 1.0
    q_error: 1.0
  - node: Index lookup on mi using movie_id_movie_info (movie_id=mc.movie_id) (cost=1.34
      rows=5.37) (actual time=0.00317..0.019 rows=12.4 loops=341362)
    actual_rows: 12.4
    estimated_rows: 5.37
    q_error: 2.309124767225326

- query: SELECT * FROM movie_keyword mk WHERE mk.keyword_id<1571
  qep:
  - node: 'Filter: (mk.keyword_id < 1571) (cost=420275 rows=2.09e+6) (actual time=1.32..916
      rows=1.24e+6 loops=1)'
    actual_rows: 1240000.0
    estimated_rows: 2090000.0
    q_error: 1.685483870967742
  - node: Table scan on mk (cost=420275 rows=4.18e+6) (actual time=1.32..726 rows=4.52e+6
      loops=1)
    actual_rows: 4520000.0
    estimated_rows: 4180000.0
    q_error: 1.0813397129186604

- query: SELECT * FROM title t,movie_info mi,movie_keyword mk WHERE t.id=mi.movie_id
    AND t.id=mk.movie_id AND t.production_year>2012 AND mk.keyword_id<13699
  qep:
  - node: Nested loop inner join (cost=2.46e+6 rows=3.74e+6) (actual time=0.809..3503
      rows=657708 loops=1)
    actual_rows: 657708.0
    estimated_rows: 3740000.0
    q_error: 5.686414031758774
  - node: Nested loop inner join (cost=1.15e+6 rows=696772) (actual time=0.799..2684
      rows=30795 loops=1)
    actual_rows: 30795.0
    estimated_rows: 696772.0
    q_error: 22.626140607241435
  - node: 'Filter: (mk.keyword_id < 13699) (cost=420275 rows=2.09e+6) (actual time=0.778..1153
      rows=3.23e+6 loops=1)'
    actual_rows: 3230000.0
    estimated_rows: 2090000.0
    q_error: 1.5454545454545454
  - node: Table scan on mk (cost=420275 rows=4.18e+6) (actual time=0.777..900 rows=4.52e+6
      loops=1)
    actual_rows: 4520000.0
    estimated_rows: 4180000.0
    q_error: 1.0813397129186604
  - node: 'Filter: (t.production_year > 2012) (cost=0.25 rows=0.333) (actual time=399e-6..399e-6
      rows=0.00952 loops=3.23e+6)'
    actual_rows: 0.00952
    estimated_rows: 0.333
    q_error: 34.97899159663866
  - node: Single-row index lookup on t using PRIMARY (id=mk.movie_id) (cost=0.25 rows=1)
      (actual time=254e-6..275e-6 rows=1 loops=3.23e+6)
    actual_rows: 1.0
    estimated_rows: 1.0
    q_error: 1.0
  - node: Index lookup on mi using movie_id_movie_info (movie_id=mk.movie_id) (cost=1.34
      rows=5.37) (actual time=0.00281..0.0255 rows=21.4 loops=30795)
    actual_rows: 21.4
    estimated_rows: 5.37
    q_error: 3.9851024208566104

- query: SELECT * FROM title t,movie_companies mc,movie_info mi,movie_info_idx mi_idx,movie_keyword
    mk WHERE t.id=mc.movie_id AND t.id=mi.movie_id AND t.id=mi_idx.movie_id AND t.id=mk.movie_id
    AND t.kind_id<7 AND t.production_year=1969 AND mc.company_id<115151 AND mi.info_type_id=16
    AND mi_idx.info_type_id>101 AND mk.keyword_id>1614
  qep:
  - node: Nested loop inner join (cost=421 rows=229) (actual time=2.09..239 rows=233863
      loops=1)
    actual_rows: 233863.0
    estimated_rows: 229.0
    q_error: 1021.235807860262
  - node: Nested loop inner join (cost=261 rows=39.8) (actual time=2.07..6.19 rows=2271
      loops=1)
    actual_rows: 2271.0
    estimated_rows: 39.8
    q_error: 57.060301507537694
  - node: Nested loop inner join (cost=233 rows=24.5) (actual time=2.06..3.21 rows=75
      loops=1)
    actual_rows: 75.0
    estimated_rows: 24.5
    q_error: 3.061224489795918
  - node: Nested loop inner join (cost=208 rows=13) (actual time=1.59..1.95 rows=2
      loops=1)
    actual_rows: 2.0
    estimated_rows: 13.0
    q_error: 6.5
  - node: 'Index range scan on mi_idx using info_type_id_movie_info_idx over (101
      < info_type_id), with index condition: (mi_idx.info_type_id > 101) (cost=117
      rows=260) (actual time=1.14..1.43 rows=260 loops=1)'
    actual_rows: 260.0
    estimated_rows: 260.0
    q_error: 1.0
  - node: 'Filter: ((t.production_year = 1969) and (t.kind_id < 7)) (cost=0.25 rows=0.05)
      (actual time=0.00191..0.00191 rows=0.00769 loops=260)'
    actual_rows: 0.00769
    estimated_rows: 0.05
    q_error: 6.501950585175553
  - node: Single-row index lookup on t using PRIMARY (id=mi_idx.movie_id) (cost=0.25
      rows=1) (actual time=0.00178..0.0018 rows=1 loops=260)
    actual_rows: 1.0
    estimated_rows: 1.0
    q_error: 1.0
  - node: 'Filter: (mi.info_type_id = 16) (cost=1.36 rows=1.89) (actual time=0.497..0.629
      rows=37.5 loops=2)'
    actual_rows: 37.5
    estimated_rows: 1.89
    q_error: 19.841269841269842
  - node: Index lookup on mi using movie_id_movie_info (movie_id=mi_idx.movie_id)
      (cost=1.36 rows=5.37) (actual time=0.00945..0.613 rows=318 loops=2)
    actual_rows: 318.0
    estimated_rows: 5.37
    q_error: 59.21787709497207
  - node: 'Filter: (mc.company_id < 115151) (cost=0.818 rows=1.62) (actual time=0.00218..0.0382
      rows=30.3 loops=75)'
    actual_rows: 30.3
    estimated_rows: 1.62
    q_error: 18.703703703703702
  - node: Index lookup on mc using movie_id_movie_companies (movie_id=mi_idx.movie_id)
      (cost=0.818 rows=3.24) (actual time=0.00204..0.0357 rows=31.1 loops=75)
    actual_rows: 31.1
    estimated_rows: 3.24
    q_error: 9.598765432098766
  - node: 'Filter: (mk.keyword_id > 1614) (cost=2.9 rows=5.77) (actual time=0.00936..0.0982
      rows=103 loops=2271)'
    actual_rows: 103.0
    estimated_rows: 5.77
    q_error: 17.85095320623917
  - node: Index lookup on mk using movie_id_movie_keyword (movie_id=mi_idx.movie_id)
      (cost=2.9 rows=11.5) (actual time=0.00914..0.092 rows=126 loops=2271)
    actual_rows: 126.0
    estimated_rows: 11.5
    q_error: 10.956521739130435

- query: SELECT * FROM title t,movie_companies mc,movie_info_idx mi_idx,movie_keyword
    mk WHERE t.id=mc.movie_id AND t.id=mi_idx.movie_id AND t.id=mk.movie_id AND t.kind_id<7
    AND t.production_year=1997 AND mc.company_id>10922 AND mc.company_type_id<2 AND
    mk.keyword_id=687
  qep:
  - node: Nested loop inner join (cost=741 rows=121) (actual time=9.34..11 rows=57
      loops=1)
    actual_rows: 57.0
    estimated_rows: 121.0
    q_error: 2.1228070175438596
  - node: Nested loop inner join (cost=698 rows=37.4) (actual time=9.33..10.9 rows=19
      loops=1)
    actual_rows: 19.0
    estimated_rows: 37.4
    q_error: 1.9684210526315788
  - node: Nested loop inner join (cost=646 rows=46.2) (actual time=9.31..10.7 rows=6
      loops=1)
    actual_rows: 6.0
    estimated_rows: 46.2
    q_error: 7.7
  - node: Index lookup on mk using keyword_id_movie_keyword (keyword_id=687) (cost=323
      rows=923) (actual time=8.36..9.31 rows=923 loops=1)
    actual_rows: 923.0
    estimated_rows: 923.0
    q_error: 1.0
  - node: 'Filter: ((t.production_year = 1997) and (t.kind_id < 7)) (cost=0.25 rows=0.05)
      (actual time=0.0015..0.0015 rows=0.0065 loops=923)'
    actual_rows: 0.0065
    estimated_rows: 0.05
    q_error: 7.692307692307693
  - node: Single-row index lookup on t using PRIMARY (id=mk.movie_id) (cost=0.25 rows=1)
      (actual time=0.00138..0.00139 rows=1 loops=923)
    actual_rows: 1.0
    estimated_rows: 1.0
    q_error: 1.0
  - node: 'Filter: ((mc.company_id > 10922) and (mc.company_type_id < 2)) (cost=0.813
      rows=0.811) (actual time=0.0105..0.018 rows=3.17 loops=6)'
    actual_rows: 3.17
    estimated_rows: 0.811
    q_error: 3.9087546239210846
  - node: Index lookup on mc using movie_id_movie_companies (movie_id=mk.movie_id)
      (cost=0.813 rows=3.24) (actual time=0.00518..0.0172 rows=7 loops=6)
    actual_rows: 7.0
    estimated_rows: 3.24
    q_error: 2.1604938271604937
  - node: Index lookup on mi_idx using movie_id_movie_info_idx (movie_id=mk.movie_id)
      (cost=0.819 rows=3.24) (actual time=0.00283..0.00502 rows=3 loops=19)
    actual_rows: 3.0
    estimated_rows: 3.24
    q_error: 1.08

- query: SELECT * FROM title t,cast_info ci,movie_info mi,movie_info_idx mi_idx,movie_keyword
    mk WHERE t.id=ci.movie_id AND t.id=mi.movie_id AND t.id=mi_idx.movie_id AND t.id=mk.movie_id
    AND mi.info_type_id>4 AND mi_idx.info_type_id<100 AND mk.keyword_id>2048
  qep:
  - node: Nested loop inner join (cost=59.2e+6 rows=141e+6) (actual time=2.05..21e+6
      rows=17.2e+9 loops=1)
    actual_rows: 17200000000.0
    estimated_rows: 141000000.0
    q_error: 121.98581560283688
  - node: Nested loop inner join (cost=9.9e+6 rows=9.1e+6) (actual time=1.76..404758
      rows=147e+6 loops=1)
    actual_rows: 147000000.0
    estimated_rows: 9100000.0
    q_error: 16.153846153846153
  - node: Nested loop inner join (cost=3.52e+6 rows=3.39e+6) (actual time=1.73..32194
      rows=2.37e+6 loops=1)
    actual_rows: 2370000.0
    estimated_rows: 3390000.0
    q_error: 1.4303797468354431
  - node: Nested loop inner join (cost=1.15e+6 rows=2.09e+6) (actual time=1.19..8445
      rows=3.07e+6 loops=1)
    actual_rows: 3070000.0
    estimated_rows: 2090000.0
    q_error: 1.4688995215311005
  - node: 'Filter: (mk.keyword_id > 2048) (cost=420275 rows=2.09e+6) (actual time=1.18..2972
      rows=3.07e+6 loops=1)'
    actual_rows: 3070000.0
    estimated_rows: 2090000.0
    q_error: 1.4688995215311005
  - node: Table scan on mk (cost=420275 rows=4.18e+6) (actual time=0.704..2439 rows=4.52e+6
      loops=1)
    actual_rows: 4520000.0
    estimated_rows: 4180000.0
    q_error: 1.0813397129186604
  - node: Single-row index lookup on t using PRIMARY (id=mk.movie_id) (cost=0.25 rows=1)
      (actual time=0.00153..0.00156 rows=1 loops=3.07e+6)
    actual_rows: 1.0
    estimated_rows: 1.0
    q_error: 1.0
  - node: 'Filter: (mi_idx.info_type_id < 100) (cost=0.811 rows=1.62) (actual time=0.00433..0.00755
      rows=0.773 loops=3.07e+6)'
    actual_rows: 0.773
    estimated_rows: 1.62
    q_error: 2.095730918499353
  - node: Index lookup on mi_idx using movie_id_movie_info_idx (movie_id=mk.movie_id)
      (cost=0.811 rows=3.24) (actual time=0.00417..0.00712 rows=2.33 loops=3.07e+6)
    actual_rows: 2.33
    estimated_rows: 3.24
    q_error: 1.3905579399141632
  - node: 'Filter: (mi.info_type_id > 4) (cost=1.34 rows=2.69) (actual time=0.00466..0.153
      rows=61.9 loops=2.37e+6)'
    actual_rows: 61.9
    estimated_rows: 2.69
    q_error: 23.01115241635688
  - node: Index lookup on mi using movie_id_movie_info (movie_id=mk.movie_id) (cost=1.34
      rows=5.37) (actual time=0.00439..0.144 rows=67.4 loops=2.37e+6)
    actual_rows: 67.4
    estimated_rows: 5.37
    q_error: 12.551210428305401
  - node: Index lookup on ci using movie_id_cast_info (movie_id=mk.movie_id) (cost=3.87
      rows=15.5) (actual time=0.00172..0.135 rows=117 loops=147e+6)
    actual_rows: 117.0
    estimated_rows: 15.5
    q_error: 7.548387096774194

- query: SELECT * FROM title t,movie_keyword mk WHERE t.id=mk.movie_id AND t.production_year>1954
    AND mk.keyword_id=2218
  qep:
  - node: Nested loop inner join (cost=679 rows=323) (actual time=101..489 rows=848
      loops=1)
    actual_rows: 848.0
    estimated_rows: 323.0
    q_error: 2.625386996904025
  - node: Index lookup on mk using keyword_id_movie_keyword (keyword_id=2218) (cost=340
      rows=970) (actual time=99.9..408 rows=970 loops=1)
    actual_rows: 970.0
    estimated_rows: 970.0
    q_error: 1.0
  - node: 'Filter: (t.production_year > 1954) (cost=0.25 rows=0.333) (actual time=0.0835..0.0836
      rows=0.874 loops=970)'
    actual_rows: 0.874
    estimated_rows: 0.333
    q_error: 2.6246246246246243
  - node: Single-row index lookup on t using PRIMARY (id=mk.movie_id) (cost=0.25 rows=1)
      (actual time=0.0832..0.0833 rows=1 loops=970)
    actual_rows: 1.0
    estimated_rows: 1.0
    q_error: 1.0

- query: SELECT * FROM movie_companies mc WHERE mc.company_id<160 AND mc.company_type_id=1
  qep:
  - node: 'Filter: (mc.company_id < 160) (cost=36955 rows=300123) (actual time=0.242..2118
      rows=224384 loops=1)'
    actual_rows: 224384.0
    estimated_rows: 300123.0
    q_error: 1.3375418924700513
  - node: Index lookup on mc using company_type_id_movie_companies (company_type_id=1)
      (cost=36955 rows=1.3e+6) (actual time=0.24..2047 rows=1.27e+6 loops=1)
    actual_rows: 1270000.0
    estimated_rows: 1300000.0
    q_error: 1.0236220472440944

- query: SELECT * FROM title t,cast_info ci,movie_keyword mk WHERE t.id=ci.movie_id
    AND t.id=mk.movie_id AND t.kind_id=1 AND t.production_year>2005
  qep:
  - node: Nested loop inner join (cost=5.66e+6 rows=10.8e+6) (actual time=1745..71135
      rows=53.8e+6 loops=1)
    actual_rows: 53800000.0
    estimated_rows: 10800000.0
    q_error: 4.981481481481482
  - node: Nested loop inner join (cost=1.88e+6 rows=696772) (actual time=1745..4500
      rows=682355 loops=1)
    actual_rows: 682355.0
    estimated_rows: 696772.0
    q_error: 1.0211282983197896
  - node: Table scan on mk (cost=420275 rows=4.18e+6) (actual time=2.5..1088 rows=4.52e+6
      loops=1)
    actual_rows: 4520000.0
    estimated_rows: 4180000.0
    q_error: 1.0813397129186604
  - node: 'Filter: ((t.kind_id = 1) and (t.production_year > 2005)) (cost=0.25 rows=0.167)
      (actual time=663e-6..673e-6 rows=0.151 loops=4.52e+6)'
    actual_rows: 0.151
    estimated_rows: 0.167
    q_error: 1.1059602649006623
  - node: Single-row index lookup on t using PRIMARY (id=mk.movie_id) (cost=0.25 rows=1)
      (actual time=505e-6..525e-6 rows=1 loops=4.52e+6)
    actual_rows: 1.0
    estimated_rows: 1.0
    q_error: 1.0
  - node: Index lookup on ci using movie_id_cast_info (movie_id=mk.movie_id) (cost=3.87
      rows=15.5) (actual time=0.00253..0.0941 rows=78.8 loops=682355)
    actual_rows: 78.8
    estimated_rows: 15.5
    q_error: 5.083870967741936

- query: SELECT * FROM title t,movie_companies mc,movie_info mi,movie_info_idx mi_idx,movie_keyword
    mk WHERE t.id=mc.movie_id AND t.id=mi.movie_id AND t.id=mi_idx.movie_id AND t.id=mk.movie_id
    AND mi_idx.info_type_id=100
  qep:
  - node: Nested loop inner join (cost=49.5e+6 rows=128e+6) (actual time=1.8..4.3e+6
      rows=4.83e+9 loops=1)
    actual_rows: 4830000000.0
    estimated_rows: 128000000.0
    q_error: 37.734375
  - node: Nested loop inner join (cost=4.88e+6 rows=11.1e+6) (actual time=0.994..145402
      rows=58e+6 loops=1)
    actual_rows: 58000000.0
    estimated_rows: 11100000.0
    q_error: 5.225225225225225
  - node: Nested loop inner join (cost=1.01e+6 rows=2.06e+6) (actual time=0.732..13818
      rows=1.35e+6 loops=1)
    actual_rows: 1350000.0
    estimated_rows: 2060000.0
    q_error: 1.525925925925926
  - node: Nested loop inner join (cost=287932 rows=634560) (actual time=0.0292..3502
      rows=459925 loops=1)
    actual_rows: 459925.0
    estimated_rows: 634560.0
    q_error: 1.3797032124802957
  - node: Index lookup on mi_idx using info_type_id_movie_info_idx (info_type_id=100)
      (cost=65836 rows=634560) (actual time=0.0205..1767 rows=459925 loops=1)
    actual_rows: 459925.0
    estimated_rows: 634560.0
    q_error: 1.3797032124802957
  - node: Single-row index lookup on t using PRIMARY (id=mi_idx.movie_id) (cost=0.25
      rows=1) (actual time=0.00353..0.00356 rows=1 loops=459925)
    actual_rows: 1.0
    estimated_rows: 1.0
    q_error: 1.0
  - node: Index lookup on mc using movie_id_movie_companies (movie_id=mi_idx.movie_id)
      (cost=0.811 rows=3.24) (actual time=0.0141..0.0221 rows=2.95 loops=459925)
    actual_rows: 2.95
    estimated_rows: 3.24
    q_error: 1.0983050847457627
  - node: Index lookup on mi using movie_id_movie_info (movie_id=mi_idx.movie_id)
      (cost=1.34 rows=5.37) (actual time=0.00776..0.0949 rows=42.8 loops=1.35e+6)
    actual_rows: 42.8
    estimated_rows: 5.37
    q_error: 7.970204841713221
  - node: Index lookup on mk using movie_id_movie_keyword (movie_id=mi_idx.movie_id)
      (cost=2.88 rows=11.5) (actual time=0.00869..0.0677 rows=83.3 loops=58e+6)
    actual_rows: 83.3
    estimated_rows: 11.5
    q_error: 7.243478260869565

- query: SELECT * FROM title t,movie_companies mc,cast_info ci,movie_info mi,movie_keyword
    mk WHERE t.id=mc.movie_id AND t.id=ci.movie_id AND t.id=mi.movie_id AND t.id=mk.movie_id
    AND mc.company_id=1627 AND mc.company_type_id>1 AND mk.keyword_id>9986
  qep:
  - node: Nested loop inner join (cost=68865 rows=179789) (actual time=1.67..2.66
      rows=455 loops=1)
    actual_rows: 455.0
    estimated_rows: 179789.0
    q_error: 395.14065934065934
  - node: Nested loop inner join (cost=5939 rows=11623) (actual time=1.61..1.7 rows=35
      loops=1)
    actual_rows: 35.0
    estimated_rows: 11623.0
    q_error: 332.0857142857143
  - node: Nested loop inner join (cost=1871 rows=2164) (actual time=1.6..1.64 rows=5
      loops=1)
    actual_rows: 5.0
    estimated_rows: 2164.0
    q_error: 432.8
  - node: Nested loop inner join (cost=356 rows=375) (actual time=1.46..1.55 rows=21
      loops=1)
    actual_rows: 21.0
    estimated_rows: 375.0
    q_error: 17.857142857142858
  - node: 'Filter: (mc.company_type_id > 1) (cost=225 rows=375) (actual time=1.45..1.49
      rows=21 loops=1)'
    actual_rows: 21.0
    estimated_rows: 375.0
    q_error: 17.857142857142858
  - node: Index lookup on mc using company_id_movie_companies (company_id=1627) (cost=225
      rows=750) (actual time=0.265..1.46 rows=750 loops=1)
    actual_rows: 750.0
    estimated_rows: 750.0
    q_error: 1.0
  - node: Single-row index lookup on t using PRIMARY (id=mc.movie_id) (cost=0.25 rows=1)
      (actual time=0.00254..0.00255 rows=1 loops=21)
    actual_rows: 1.0
    estimated_rows: 1.0
    q_error: 1.0
  - node: 'Filter: (mk.keyword_id > 9986) (cost=2.89 rows=5.77) (actual time=0.00428..0.00444
      rows=0.238 loops=21)'
    actual_rows: 0.238
    estimated_rows: 5.77
    q_error: 24.243697478991596
  - node: Index lookup on mk using movie_id_movie_keyword (movie_id=mc.movie_id) (cost=2.89
      rows=11.5) (actual time=0.00422..0.00434 rows=0.429 loops=21)
    actual_rows: 0.429
    estimated_rows: 11.5
    q_error: 26.806526806526808
  - node: Index lookup on mi using movie_id_movie_info (movie_id=mc.movie_id) (cost=1.34
      rows=5.37) (actual time=0.00346..0.0114 rows=7 loops=5)
    actual_rows: 7.0
    estimated_rows: 5.37
    q_error: 1.303538175046555
  - node: Index lookup on ci using movie_id_cast_info (movie_id=mc.movie_id) (cost=3.87
      rows=15.5) (actual time=0.00276..0.0269 rows=13 loops=35)
    actual_rows: 13.0
    estimated_rows: 15.5
    q_error: 1.1923076923076923

- query: SELECT * FROM title t,cast_info ci,movie_info_idx mi_idx WHERE t.id=ci.movie_id
    AND t.id=mi_idx.movie_id AND t.production_year=2005
  qep:
  - node: Nested loop inner join (cost=1.26e+6 rows=1.96e+6) (actual time=2.36..14426
      rows=1.76e+6 loops=1)
    actual_rows: 1760000.0
    estimated_rows: 1960000.0
    q_error: 1.1136363636363635
  - node: Nested loop inner join (cost=571898 rows=126912) (actual time=1.57..2149
      rows=57870 loops=1)
    actual_rows: 57870.0
    estimated_rows: 126912.0
    q_error: 2.1930533955417313
  - node: Table scan on mi_idx (cost=127705 rows=1.27e+6) (actual time=0.317..946
      rows=1.38e+6 loops=1)
    actual_rows: 1380000.0
    estimated_rows: 1270000.0
    q_error: 1.0866141732283465
  - node: 'Filter: (t.production_year = 2005) (cost=0.25 rows=0.1) (actual time=773e-6..778e-6
      rows=0.0419 loops=1.38e+6)'
    actual_rows: 0.0419
    estimated_rows: 0.1
    q_error: 2.3866348448687353
  - node: Single-row index lookup on t using PRIMARY (id=mi_idx.movie_id) (cost=0.25
      rows=1) (actual time=586e-6..611e-6 rows=1 loops=1.38e+6)
    actual_rows: 1.0
    estimated_rows: 1.0
    q_error: 1.0
  - node: Index lookup on ci using movie_id_cast_info (movie_id=mi_idx.movie_id) (cost=3.87
      rows=15.5) (actual time=0.0405..0.21 rows=30.4 loops=57870)
    actual_rows: 30.4
    estimated_rows: 15.5
    q_error: 1.961290322580645

- query: SELECT * FROM title t,movie_keyword mk WHERE t.id=mk.movie_id AND t.kind_id<3
    AND t.production_year>1997
  qep:
  - node: Nested loop inner join (cost=1.88e+6 rows=696772) (actual time=0.763..3051
      rows=1.32e+6 loops=1)
    actual_rows: 1320000.0
    estimated_rows: 696772.0
    q_error: 1.8944504084549896
  - node: Table scan on mk (cost=420275 rows=4.18e+6) (actual time=0.747..927 rows=4.52e+6
      loops=1)
    actual_rows: 4520000.0
    estimated_rows: 4180000.0
    q_error: 1.0813397129186604
  - node: 'Filter: ((t.kind_id < 3) and (t.production_year > 1997)) (cost=0.25 rows=0.167)
      (actual time=363e-6..382e-6 rows=0.292 loops=4.52e+6)'
    actual_rows: 0.292
    estimated_rows: 0.167
    q_error: 1.7485029940119758
  - node: Single-row index lookup on t using PRIMARY (id=mk.movie_id) (cost=0.25 rows=1)
      (actual time=213e-6..234e-6 rows=1 loops=4.52e+6)
    actual_rows: 1.0
    estimated_rows: 1.0
    q_error: 1.0

- query: SELECT * FROM title t,cast_info ci,movie_info mi,movie_info_idx mi_idx,movie_keyword
    mk WHERE t.id=ci.movie_id AND t.id=mi.movie_id AND t.id=mi_idx.movie_id AND t.id=mk.movie_id
    AND t.kind_id=7 AND mi.info_type_id=9 AND mi_idx.info_type_id<100 AND mk.keyword_id<71574
  qep:
  - node: Nested loop inner join (cost=2.02e+6 rows=2.71e+6) (actual time=5.9..5698
      rows=65833 loops=1)
    actual_rows: 65833.0
    estimated_rows: 2710000.0
    q_error: 41.16476539121717
  - node: Nested loop inner join (cost=1.07e+6 rows=175220) (actual time=5.15..5495
      rows=1203 loops=1)
    actual_rows: 1203.0
    estimated_rows: 175220.0
    q_error: 145.6525353283458
  - node: Nested loop inner join (cost=946346 rows=30368) (actual time=5.09..5491
      rows=117 loops=1)
    actual_rows: 117.0
    estimated_rows: 30368.0
    q_error: 259.55555555555554
  - node: Nested loop inner join (cost=349801 rows=317280) (actual time=0.0488..1721
      rows=141906 loops=1)
    actual_rows: 141906.0
    estimated_rows: 317280.0
    q_error: 2.2358462644285653
  - node: 'Filter: (mi_idx.info_type_id < 100) (cost=127705 rows=634560) (actual time=0.0195..938
      rows=459925 loops=1)'
    actual_rows: 459925.0
    estimated_rows: 634560.0
    q_error: 1.3797032124802957
  - node: Table scan on mi_idx (cost=127705 rows=1.27e+6) (actual time=0.0187..843
      rows=1.38e+6 loops=1)
    actual_rows: 1380000.0
    estimated_rows: 1270000.0
    q_error: 1.0866141732283465
  - node: 'Filter: (t.kind_id = 7) (cost=0.25 rows=0.5) (actual time=0.00156..0.00159
      rows=0.309 loops=459925)'
    actual_rows: 0.309
    estimated_rows: 0.5
    q_error: 1.6181229773462784
  - node: Single-row index lookup on t using PRIMARY (id=mi_idx.movie_id) (cost=0.25
      rows=1) (actual time=0.0014..0.00143 rows=1 loops=459925)
    actual_rows: 1.0
    estimated_rows: 1.0
    q_error: 1.0
  - node: 'Filter: (mi.info_type_id = 9) (cost=1.34 rows=0.0957) (actual time=0.0264..0.0264
      rows=824e-6 loops=141906)'
    actual_rows: 0.000824
    estimated_rows: 0.0957
    q_error: 116.14077669902912
  - node: Index lookup on mi using movie_id_movie_info (movie_id=mi_idx.movie_id)
      (cost=1.34 rows=5.37) (actual time=0.00753..0.0256 rows=8.54 loops=141906)
    actual_rows: 8.54
    estimated_rows: 5.37
    q_error: 1.5903165735567968
  - node: 'Filter: (mk.keyword_id < 71574) (cost=2.88 rows=5.77) (actual time=0.0198..0.0322
      rows=10.3 loops=117)'
    actual_rows: 10.3
    estimated_rows: 5.77
    q_error: 1.785095320623917
  - node: Index lookup on mk using movie_id_movie_keyword (movie_id=mi_idx.movie_id)
      (cost=2.88 rows=11.5) (actual time=0.0195..0.0301 rows=10.3 loops=117)
    actual_rows: 10.3
    estimated_rows: 11.5
    q_error: 1.116504854368932
  - node: Index lookup on ci using movie_id_cast_info (movie_id=mi_idx.movie_id) (cost=3.87
      rows=15.5) (actual time=0.0269..0.165 rows=54.7 loops=1203)
    actual_rows: 54.7
    estimated_rows: 15.5
    q_error: 3.5290322580645164

- query: SELECT * FROM title t,movie_info mi,movie_keyword mk WHERE t.id=mi.movie_id
    AND t.id=mk.movie_id AND t.kind_id>1 AND mi.info_type_id>8
  qep:
  - node: Nested loop inner join (cost=5.81e+6 rows=5.62e+6) (actual time=0.73..39814
      rows=13.6e+6 loops=1)
    actual_rows: 13600000.0
    estimated_rows: 5620000.0
    q_error: 2.419928825622776
  - node: Nested loop inner join (cost=1.88e+6 rows=2.09e+6) (actual time=0.706..3396
      rows=1.64e+6 loops=1)
    actual_rows: 1640000.0
    estimated_rows: 2090000.0
    q_error: 1.274390243902439
  - node: Table scan on mk (cost=420275 rows=4.18e+6) (actual time=0.693..1011 rows=4.52e+6
      loops=1)
    actual_rows: 4520000.0
    estimated_rows: 4180000.0
    q_error: 1.0813397129186604
  - node: 'Filter: (t.kind_id > 1) (cost=0.25 rows=0.5) (actual time=402e-6..428e-6
      rows=0.362 loops=4.52e+6)'
    actual_rows: 0.362
    estimated_rows: 0.5
    q_error: 1.3812154696132597
  - node: Single-row index lookup on t using PRIMARY (id=mk.movie_id) (cost=0.25 rows=1)
      (actual time=262e-6..284e-6 rows=1 loops=4.52e+6)
    actual_rows: 1.0
    estimated_rows: 1.0
    q_error: 1.0
  - node: 'Filter: (mi.info_type_id > 8) (cost=1.34 rows=2.69) (actual time=0.00603..0.0217
      rows=8.32 loops=1.64e+6)'
    actual_rows: 8.32
    estimated_rows: 2.69
    q_error: 3.092936802973978
  - node: Index lookup on mi using movie_id_movie_info (movie_id=mk.movie_id) (cost=1.34
      rows=5.37) (actual time=0.0031..0.0206 rows=14.7 loops=1.64e+6)
    actual_rows: 14.7
    estimated_rows: 5.37
    q_error: 2.7374301675977653

- query: SELECT * FROM title t,movie_companies mc,cast_info ci,movie_info mi,movie_info_idx
    mi_idx WHERE t.id=mc.movie_id AND t.id=ci.movie_id AND t.id=mi.movie_id AND t.id=mi_idx.movie_id
    AND t.production_year=2007 AND ci.role_id>1 AND mi.info_type_id>8 AND mi_idx.info_type_id<100
  qep:
  - node: Nested loop inner join (cost=2.89e+6 rows=4.28e+6) (actual time=1.72..208750
      rows=174e+6 loops=1)
    actual_rows: 174000000.0
    estimated_rows: 4280000.0
    q_error: 40.654205607476634
  - node: Nested loop inner join (cost=1.39e+6 rows=1.32e+6) (actual time=1.68..29058
      rows=9.14e+6 loops=1)
    actual_rows: 9140000.0
    estimated_rows: 1320000.0
    q_error: 6.924242424242424
  - node: Nested loop inner join (cost=469110 rows=170441) (actual time=0.876..2548
      rows=163404 loops=1)
    actual_rows: 163404.0
    estimated_rows: 170441.0
    q_error: 1.0430650412474602
  - node: Nested loop inner join (cost=349801 rows=63456) (actual time=0.842..1693
      rows=19339 loops=1)
    actual_rows: 19339.0
    estimated_rows: 63456.0
    q_error: 3.2812451522829513
  - node: 'Filter: (mi_idx.info_type_id < 100) (cost=127705 rows=634560) (actual time=0.316..915
      rows=459925 loops=1)'
    actual_rows: 459925.0
    estimated_rows: 634560.0
    q_error: 1.3797032124802957
  - node: Table scan on mi_idx (cost=127705 rows=1.27e+6) (actual time=0.313..818
      rows=1.38e+6 loops=1)
    actual_rows: 1380000.0
    estimated_rows: 1270000.0
    q_error: 1.0866141732283465
  - node: 'Filter: (t.production_year = 2007) (cost=0.25 rows=0.1) (actual time=0.0016..0.0016
      rows=0.042 loops=459925)'
    actual_rows: 0.042
    estimated_rows: 0.1
    q_error: 2.380952380952381
  - node: Single-row index lookup on t using PRIMARY (id=mi_idx.movie_id) (cost=0.25
      rows=1) (actual time=0.00142..0.00144 rows=1 loops=459925)
    actual_rows: 1.0
    estimated_rows: 1.0
    q_error: 1.0
  - node: 'Filter: (mi.info_type_id > 8) (cost=1.34 rows=2.69) (actual time=0.00943..0.0436
      rows=8.45 loops=19339)'
    actual_rows: 8.45
    estimated_rows: 2.69
    q_error: 3.141263940520446
  - node: Index lookup on mi using movie_id_movie_info (movie_id=mi_idx.movie_id)
      (cost=1.34 rows=5.37) (actual time=0.00524..0.042 rows=14.8 loops=19339)
    actual_rows: 14.8
    estimated_rows: 5.37
    q_error: 2.756052141527002
  - node: 'Filter: (ci.role_id > 1) (cost=3.87 rows=7.73) (actual time=0.0535..0.159
      rows=55.9 loops=163404)'
    actual_rows: 55.9
    estimated_rows: 7.73
    q_error: 7.23156532988357
  - node: Index lookup on ci using movie_id_cast_info (movie_id=mi_idx.movie_id) (cost=3.87
      rows=15.5) (actual time=0.0106..0.153 rows=77.7 loops=163404)
    actual_rows: 77.7
    estimated_rows: 15.5
    q_error: 5.012903225806451
  - node: Index lookup on mc using movie_id_movie_companies (movie_id=mi_idx.movie_id)
      (cost=0.811 rows=3.24) (actual time=0.0014..0.0187 rows=19 loops=9.14e+6)
    actual_rows: 19.0
    estimated_rows: 3.24
    q_error: 5.864197530864197

- query: SELECT * FROM title t,movie_companies mc,cast_info ci WHERE t.id=mc.movie_id
    AND t.id=ci.movie_id AND t.kind_id=7 AND t.production_year>1986 AND mc.company_id<1724
    AND mc.company_type_id=1 AND ci.role_id=2
  qep:
  - node: Nested loop inner join (cost=885791 rows=745147) (actual time=0.124..29535
      rows=1.12e+6 loops=1)
    actual_rows: 1120000.0
    estimated_rows: 745147.0
    q_error: 1.5030591279304621
  - node: Nested loop inner join (cost=299416 rows=108313) (actual time=0.0575..4030
      rows=174921 loops=1)
    actual_rows: 174921.0
    estimated_rows: 108313.0
    q_error: 1.6149584999030586
  - node: 'Filter: (mc.company_id < 1724) (cost=71937 rows=649940) (actual time=0.0265..2719
      rows=564884 loops=1)'
    actual_rows: 564884.0
    estimated_rows: 649940.0
    q_error: 1.1505725069217752
  - node: Index lookup on mc using company_type_id_movie_companies (company_type_id=1)
      (cost=71937 rows=1.3e+6) (actual time=0.0255..2604 rows=1.27e+6 loops=1)
    actual_rows: 1270000.0
    estimated_rows: 1300000.0
    q_error: 1.0236220472440944
  - node: 'Filter: ((t.kind_id = 7) and (t.production_year > 1986)) (cost=0.25 rows=0.167)
      (actual time=0.00216..0.00219 rows=0.31 loops=564884)'
    actual_rows: 0.31
    estimated_rows: 0.167
    q_error: 1.8562874251497006
  - node: Single-row index lookup on t using PRIMARY (id=mc.movie_id) (cost=0.25 rows=1)
      (actual time=0.00191..0.00194 rows=1 loops=564884)
    actual_rows: 1.0
    estimated_rows: 1.0
    q_error: 1.0
  - node: 'Filter: (ci.role_id = 2) (cost=3.87 rows=6.88) (actual time=0.0509..0.145
      rows=6.43 loops=174921)'
    actual_rows: 6.43
    estimated_rows: 6.88
    q_error: 1.0699844479004665
  - node: Index lookup on ci using movie_id_cast_info (movie_id=mc.movie_id) (cost=3.87
      rows=15.5) (actual time=0.0126..0.141 rows=42.8 loops=174921)
    actual_rows: 42.8
    estimated_rows: 15.5
    q_error: 2.761290322580645

- query: SELECT * FROM movie_companies mc WHERE mc.company_id=12094
  qep:
  - node: Index lookup on mc using company_id_movie_companies (company_id=12094) (cost=125
      rows=356) (actual time=0.238..0.746 rows=356 loops=1)
    actual_rows: 356.0
    estimated_rows: 356.0
    q_error: 1.0

- query: SELECT * FROM title t,movie_companies mc WHERE t.id=mc.movie_id AND t.production_year>1996
    AND mc.company_id>11
  qep:
  - node: Nested loop inner join (cost=717249 rows=433250) (actual time=0.0757..5284
      rows=1.31e+6 loops=1)
    actual_rows: 1310000.0
    estimated_rows: 433250.0
    q_error: 3.023658395845355
  - node: 'Filter: (mc.company_id > 11) (cost=262291 rows=1.3e+6) (actual time=0.0627..1951
      rows=2.53e+6 loops=1)'
    actual_rows: 2530000.0
    estimated_rows: 1300000.0
    q_error: 1.9461538461538461
  - node: Table scan on mc (cost=262291 rows=2.6e+6) (actual time=0.0188..1744 rows=2.61e+6
      loops=1)
    actual_rows: 2610000.0
    estimated_rows: 2600000.0
    q_error: 1.0038461538461538
  - node: 'Filter: (t.production_year > 1996) (cost=0.25 rows=0.333) (actual time=0.00117..0.00121
      rows=0.519 loops=2.53e+6)'
    actual_rows: 0.519
    estimated_rows: 0.333
    q_error: 1.5585585585585586
  - node: Single-row index lookup on t using PRIMARY (id=mc.movie_id) (cost=0.25 rows=1)
      (actual time=0.00102..0.00104 rows=1 loops=2.53e+6)
    actual_rows: 1.0
    estimated_rows: 1.0
    q_error: 1.0

- query: SELECT * FROM title t,movie_companies mc,movie_info mi,movie_keyword mk WHERE
    t.id=mc.movie_id AND t.id=mi.movie_id AND t.id=mk.movie_id AND t.production_year=1940
    AND mi.info_type_id>16
  qep:
  - node: Nested loop inner join (cost=3.32e+6 rows=4.73e+6) (actual time=597..9192
      rows=4.68e+6 loops=1)
    actual_rows: 4680000.0
    estimated_rows: 4730000.0
    q_error: 1.0106837606837606
  - node: Nested loop inner join (cost=1.66e+6 rows=410275) (actual time=596..4876
      rows=69111 loops=1)
    actual_rows: 69111.0
    estimated_rows: 410275.0
    q_error: 5.9364645280780195
  - node: Nested loop inner join (cost=1.17e+6 rows=259976) (actual time=554..4255
      rows=6382 loops=1)
    actual_rows: 6382.0
    estimated_rows: 259976.0
    q_error: 40.73581949232216
  - node: Table scan on mc (cost=262291 rows=2.6e+6) (actual time=0.0155..1513 rows=2.61e+6
      loops=1)
    actual_rows: 2610000.0
    estimated_rows: 2600000.0
    q_error: 1.0038461538461538
  - node: 'Filter: (t.production_year = 1940) (cost=0.25 rows=0.1) (actual time=971e-6..971e-6
      rows=0.00245 loops=2.61e+6)'
    actual_rows: 0.00245
    estimated_rows: 0.1
    q_error: 40.81632653061225
  - node: Single-row index lookup on t using PRIMARY (id=mc.movie_id) (cost=0.25 rows=1)
      (actual time=807e-6..829e-6 rows=1 loops=2.61e+6)
    actual_rows: 1.0
    estimated_rows: 1.0
    q_error: 1.0
  - node: 'Filter: (mi.info_type_id > 16) (cost=1.34 rows=1.58) (actual time=0.0337..0.0965
      rows=10.8 loops=6382)'
    actual_rows: 10.8
    estimated_rows: 1.58
    q_error: 6.8354430379746836
  - node: Index lookup on mi using movie_id_movie_info (movie_id=mc.movie_id) (cost=1.34
      rows=5.37) (actual time=0.0149..0.0936 rows=35.3 loops=6382)
    actual_rows: 35.3
    estimated_rows: 5.37
    q_error: 6.573556797020483
  - node: Index lookup on mk using movie_id_movie_keyword (movie_id=mc.movie_id) (cost=2.88
      rows=11.5) (actual time=0.0112..0.0592 rows=67.7 loops=69111)
    actual_rows: 67.7
    estimated_rows: 11.5
    q_error: 5.886956521739131

- query: SELECT * FROM title t,movie_info_idx mi_idx WHERE t.id=mi_idx.movie_id AND
    t.kind_id>1 AND t.production_year<1948
  qep:
  - node: Nested loop inner join (cost=571898 rows=211499) (actual time=2.65..1885
      rows=198 loops=1)
    actual_rows: 198.0
    estimated_rows: 211499.0
    q_error: 1068.1767676767677
  - node: Table scan on mi_idx (cost=127705 rows=1.27e+6) (actual time=0.0833..876
      rows=1.38e+6 loops=1)
    actual_rows: 1380000.0
    estimated_rows: 1270000.0
    q_error: 1.0866141732283465
  - node: 'Filter: ((t.kind_id > 1) and (t.production_year < 1948)) (cost=0.25 rows=0.167)
      (actual time=654e-6..654e-6 rows=143e-6 loops=1.38e+6)'
    actual_rows: 0.000143
    estimated_rows: 0.167
    q_error: 1167.832167832168
  - node: Single-row index lookup on t using PRIMARY (id=mi_idx.movie_id) (cost=0.25
      rows=1) (actual time=481e-6..503e-6 rows=1 loops=1.38e+6)
    actual_rows: 1.0
    estimated_rows: 1.0
    q_error: 1.0

- query: SELECT * FROM title t,cast_info ci,movie_info mi,movie_info_idx mi_idx,movie_keyword
    mk WHERE t.id=ci.movie_id AND t.id=mi.movie_id AND t.id=mi_idx.movie_id AND t.id=mk.movie_id
    AND t.production_year=2011 AND mi.info_type_id>15 AND mi_idx.info_type_id>100
  qep:
  - node: Nested loop inner join (cost=11.8e+6 rows=30.4e+6) (actual time=3.13..766548
      rows=601e+6 loops=1)
    actual_rows: 601000000.0
    estimated_rows: 30400000.0
    q_error: 19.769736842105264
  - node: Nested loop inner join (cost=1.16e+6 rows=1.97e+6) (actual time=0.0894..10126
      rows=3.58e+6 loops=1)
    actual_rows: 3580000.0
    estimated_rows: 1970000.0
    q_error: 1.8172588832487309
  - node: Nested loop inner join (cost=469110 rows=170441) (actual time=0.0477..3883
      rows=113386 loops=1)
    actual_rows: 113386.0
    estimated_rows: 170441.0
    q_error: 1.5031926340112536
  - node: Nested loop inner join (cost=349801 rows=63456) (actual time=0.0369..1668
      rows=20689 loops=1)
    actual_rows: 20689.0
    estimated_rows: 63456.0
    q_error: 3.06713712600899
  - node: 'Filter: (mi_idx.info_type_id > 100) (cost=127705 rows=634560) (actual time=0.0177..901
      rows=460185 loops=1)'
    actual_rows: 460185.0
    estimated_rows: 634560.0
    q_error: 1.3789236937318687
  - node: Table scan on mi_idx (cost=127705 rows=1.27e+6) (actual time=0.0138..809
      rows=1.38e+6 loops=1)
    actual_rows: 1380000.0
    estimated_rows: 1270000.0
    q_error: 1.0866141732283465
  - node: 'Filter: (t.production_year = 2011) (cost=0.25 rows=0.1) (actual time=0.00157..0.00158
      rows=0.045 loops=460185)'
    actual_rows: 0.045
    estimated_rows: 0.1
    q_error: 2.2222222222222223
  - node: Single-row index lookup on t using PRIMARY (id=mi_idx.movie_id) (cost=0.25
      rows=1) (actual time=0.00139..0.00142 rows=1 loops=460185)
    actual_rows: 1.0
    estimated_rows: 1.0
    q_error: 1.0
  - node: 'Filter: (mi.info_type_id > 15) (cost=1.34 rows=2.69) (actual time=0.0487..0.106
      rows=5.48 loops=20689)'
    actual_rows: 5.48
    estimated_rows: 2.69
    q_error: 2.0371747211895914
  - node: Index lookup on mi using movie_id_movie_info (movie_id=mi_idx.movie_id)
      (cost=1.34 rows=5.37) (actual time=0.0323..0.103 rows=12.5 loops=20689)
    actual_rows: 12.5
    estimated_rows: 5.37
    q_error: 2.3277467411545625
  - node: Index lookup on mk using movie_id_movie_keyword (movie_id=mi_idx.movie_id)
      (cost=2.88 rows=11.5) (actual time=0.0186..0.0534 rows=31.6 loops=113386)
    actual_rows: 31.6
    estimated_rows: 11.5
    q_error: 2.747826086956522
  - node: Index lookup on ci using movie_id_cast_info (movie_id=mi_idx.movie_id) (cost=3.87
      rows=15.5) (actual time=0.00211..0.203 rows=168 loops=3.58e+6)
    actual_rows: 168.0
    estimated_rows: 15.5
    q_error: 10.838709677419354

- query: SELECT * FROM movie_companies mc WHERE mc.company_id<7876 AND mc.company_type_id<2
  qep:
  - node: 'Filter: ((mc.company_id < 7876) and (mc.company_type_id < 2)) (cost=262291
      rows=649940) (actual time=0.255..1361 rows=760775 loops=1)'
    actual_rows: 760775.0
    estimated_rows: 649940.0
    q_error: 1.1705311259500877
  - node: Table scan on mc (cost=262291 rows=2.6e+6) (actual time=0.253..1191 rows=2.61e+6
      loops=1)
    actual_rows: 2610000.0
    estimated_rows: 2600000.0
    q_error: 1.0038461538461538

- query: SELECT * FROM title t,movie_keyword mk WHERE t.id=mk.movie_id AND t.production_year>2011
    AND mk.keyword_id<121
  qep:
  - node: Nested loop inner join (cost=331181 rows=137978) (actual time=123..1289
      rows=4304 loops=1)
    actual_rows: 4304.0
    estimated_rows: 137978.0
    q_error: 32.058085501858734
  - node: 'Index range scan on mk using keyword_id_movie_keyword over (keyword_id
      < 121), with index condition: (mk.keyword_id < 121) (cost=186289 rows=413976)
      (actual time=122..938 rows=163809 loops=1)'
    actual_rows: 163809.0
    estimated_rows: 413976.0
    q_error: 2.5271871508891453
  - node: 'Filter: (t.production_year > 2011) (cost=0.25 rows=0.333) (actual time=0.00204..0.00204
      rows=0.0263 loops=163809)'
    actual_rows: 0.0263
    estimated_rows: 0.333
    q_error: 12.661596958174906
  - node: Single-row index lookup on t using PRIMARY (id=mk.movie_id) (cost=0.25 rows=1)
      (actual time=0.00183..0.00186 rows=1 loops=163809)
    actual_rows: 1.0
    estimated_rows: 1.0
    q_error: 1.0

- query: SELECT * FROM title t,movie_keyword mk WHERE t.id=mk.movie_id AND t.production_year>2009
    AND mk.keyword_id<23175
  qep:
  - node: Nested loop inner join (cost=1.15e+6 rows=696772) (actual time=0.736..2726
      rows=378514 loops=1)
    actual_rows: 378514.0
    estimated_rows: 696772.0
    q_error: 1.840809058581717
  - node: 'Filter: (mk.keyword_id < 23175) (cost=420275 rows=2.09e+6) (actual time=0.72..1128
      rows=3.73e+6 loops=1)'
    actual_rows: 3730000.0
    estimated_rows: 2090000.0
    q_error: 1.784688995215311
  - node: Table scan on mk (cost=420275 rows=4.18e+6) (actual time=0.718..888 rows=4.52e+6
      loops=1)
    actual_rows: 4520000.0
    estimated_rows: 4180000.0
    q_error: 1.0813397129186604
  - node: 'Filter: (t.production_year > 2009) (cost=0.25 rows=0.333) (actual time=348e-6..354e-6
      rows=0.102 loops=3.73e+6)'
    actual_rows: 0.102
    estimated_rows: 0.333
    q_error: 3.2647058823529416
  - node: Single-row index lookup on t using PRIMARY (id=mk.movie_id) (cost=0.25 rows=1)
      (actual time=216e-6..236e-6 rows=1 loops=3.73e+6)
    actual_rows: 1.0
    estimated_rows: 1.0
    q_error: 1.0

- query: SELECT * FROM title t,movie_companies mc,cast_info ci,movie_info mi WHERE
    t.id=mc.movie_id AND t.id=ci.movie_id AND t.id=mi.movie_id
  qep:
  - node: Nested loop inner join (cost=81.7e+6 rows=216e+6) (actual time=0.0516..7.15e+6
      rows=5.78e+9 loops=1)
    actual_rows: 5780000000.0
    estimated_rows: 216000000.0
    q_error: 26.75925925925926
  - node: Nested loop inner join (cost=6.06e+6 rows=14e+6) (actual time=0.0442..170282
      rows=67.4e+6 loops=1)
    actual_rows: 67400000.0
    estimated_rows: 14000000.0
    q_error: 4.814285714285714
  - node: Nested loop inner join (cost=1.17e+6 rows=2.6e+6) (actual time=0.0333..7936
      rows=2.61e+6 loops=1)
    actual_rows: 2610000.0
    estimated_rows: 2600000.0
    q_error: 1.0038461538461538
  - node: Table scan on mc (cost=262291 rows=2.6e+6) (actual time=0.0205..2935 rows=2.61e+6
      loops=1)
    actual_rows: 2610000.0
    estimated_rows: 2600000.0
    q_error: 1.0038461538461538
  - node: Single-row index lookup on t using PRIMARY (id=mc.movie_id) (cost=0.25 rows=1)
      (actual time=0.00165..0.00168 rows=1 loops=2.61e+6)
    actual_rows: 1.0
    estimated_rows: 1.0
    q_error: 1.0
  - node: Index lookup on mi using movie_id_movie_info (movie_id=mc.movie_id) (cost=1.34
      rows=5.37) (actual time=0.00533..0.0609 rows=25.8 loops=2.61e+6)
    actual_rows: 25.8
    estimated_rows: 5.37
    q_error: 4.804469273743017
  - node: Index lookup on ci using movie_id_cast_info (movie_id=mc.movie_id) (cost=3.87
      rows=15.5) (actual time=0.00181..0.0995 rows=85.8 loops=67.4e+6)
    actual_rows: 85.8
    estimated_rows: 15.5
    q_error: 5.535483870967742

- query: SELECT * FROM title t,movie_companies mc,movie_info mi,movie_info_idx mi_idx,movie_keyword
    mk WHERE t.id=mc.movie_id AND t.id=mi.movie_id AND t.id=mi_idx.movie_id AND t.id=mk.movie_id
    AND mc.company_id=19 AND mc.company_type_id<2 AND mi.info_type_id<6 AND mk.keyword_id<6663
  qep:
  - node: Nested loop inner join (cost=1.35e+6 rows=2.19e+6) (actual time=4.54..13232
      rows=3.02e+6 loops=1)
    actual_rows: 3020000.0
    estimated_rows: 2190000.0
    q_error: 1.3789954337899544
  - node: Nested loop inner join (cost=582115 rows=676391) (actual time=1.22..6076
      rows=1e+6 loops=1)
    actual_rows: 1000000.0
    estimated_rows: 676391.0
    q_error: 1.4784348106346772
  - node: Nested loop inner join (cost=108641 rows=117227) (actual time=0.523..2108
      rows=132756 loops=1)
    actual_rows: 132756.0
    estimated_rows: 117227.0
    q_error: 1.132469482286504
  - node: Nested loop inner join (cost=26583 rows=43644) (actual time=0.508..889 rows=42064
      loops=1)
    actual_rows: 42064.0
    estimated_rows: 43644.0
    q_error: 1.037561810574363
  - node: 'Filter: (mc.company_type_id < 2) (cost=11307 rows=43644) (actual time=0.497..783
      rows=42064 loops=1)'
    actual_rows: 42064.0
    estimated_rows: 43644.0
    q_error: 1.037561810574363
  - node: Index lookup on mc using company_id_movie_companies (company_id=19) (cost=11307
      rows=87288) (actual time=0.492..777 rows=47252 loops=1)
    actual_rows: 47252.0
    estimated_rows: 87288.0
    q_error: 1.8472868873275206
  - node: Single-row index lookup on t using PRIMARY (id=mc.movie_id) (cost=0.25 rows=1)
      (actual time=0.00232..0.00234 rows=1 loops=42064)
    actual_rows: 1.0
    estimated_rows: 1.0
    q_error: 1.0
  - node: 'Filter: (mi.info_type_id < 6) (cost=1.34 rows=2.69) (actual time=0.0133..0.0287
      rows=3.16 loops=42064)'
    actual_rows: 3.16
    estimated_rows: 2.69
    q_error: 1.174721189591078
  - node: Index lookup on mi using movie_id_movie_info (movie_id=mc.movie_id) (cost=1.34
      rows=5.37) (actual time=0.00386..0.0278 rows=13.2 loops=42064)
    actual_rows: 13.2
    estimated_rows: 5.37
    q_error: 2.4581005586592175
  - node: 'Filter: (mk.keyword_id < 6663) (cost=2.88 rows=5.77) (actual time=0.0164..0.0294
      rows=7.54 loops=132756)'
    actual_rows: 7.54
    estimated_rows: 5.77
    q_error: 1.3067590987868285
  - node: Index lookup on mk using movie_id_movie_keyword (movie_id=mc.movie_id) (cost=2.88
      rows=11.5) (actual time=0.0163..0.0283 rows=13.7 loops=132756)
    actual_rows: 13.7
    estimated_rows: 11.5
    q_error: 1.191304347826087
  - node: Index lookup on mi_idx using movie_id_movie_info_idx (movie_id=mc.movie_id)
      (cost=0.811 rows=3.24) (actual time=0.00393..0.00689 rows=3.02 loops=1e+6)
    actual_rows: 3.02
    estimated_rows: 3.24
    q_error: 1.0728476821192054

- query: SELECT * FROM title t,movie_info mi WHERE t.id=mi.movie_id AND t.kind_id>1
    AND t.production_year>1999
  qep:
  - node: Nested loop inner join (cost=1.08e+6 rows=2.33e+6) (actual time=0.268..14683
      rows=3.64e+6 loops=1)
    actual_rows: 3640000.0
    estimated_rows: 2330000.0
    q_error: 1.5622317596566524
  - node: 'Filter: ((t.kind_id > 1) and (t.production_year > 1999)) (cost=266255 rows=433502)
      (actual time=0.249..3511 rows=1.15e+6 loops=1)'
    actual_rows: 1150000.0
    estimated_rows: 433502.0
    q_error: 2.652813597169102
  - node: Table scan on t (cost=266255 rows=2.6e+6) (actual time=0.242..3262 rows=2.53e+6
      loops=1)
    actual_rows: 2530000.0
    estimated_rows: 2600000.0
    q_error: 1.0276679841897234
  - node: Index lookup on mi using movie_id_movie_info (movie_id=t.id) (cost=1.34
      rows=5.37) (actual time=0.0048..0.0094 rows=3.16 loops=1.15e+6)
    actual_rows: 3.16
    estimated_rows: 5.37
    q_error: 1.6993670886075949

- query: SELECT * FROM title t WHERE t.kind_id<7 AND t.production_year>2007
  qep:
  - node: 'Filter: ((t.kind_id < 7) and (t.production_year > 2007)) (cost=266255 rows=433502)
      (actual time=0.035..1769 rows=266599 loops=1)'
    actual_rows: 266599.0
    estimated_rows: 433502.0
    q_error: 1.6260451089463952
  - node: Table scan on t (cost=266255 rows=2.6e+6) (actual time=0.0245..1628 rows=2.53e+6
      loops=1)
    actual_rows: 2530000.0
    estimated_rows: 2600000.0
    q_error: 1.0276679841897234

- query: SELECT * FROM title t,movie_companies mc,movie_info mi WHERE t.id=mc.movie_id
    AND t.id=mi.movie_id AND mc.company_type_id<2 AND mi.info_type_id=6
  qep:
  - node: Nested loop inner join (cost=1.38e+6 rows=1.34e+6) (actual time=0.671..6283
      rows=899370 loops=1)
    actual_rows: 899370.0
    estimated_rows: 1340000.0
    q_error: 1.4899318411777134
  - node: Nested loop inner join (cost=441460 rows=826892) (actual time=0.365..2540
      rows=474443 loops=1)
    actual_rows: 474443.0
    estimated_rows: 826892.0
    q_error: 1.7428690063927594
  - node: Index lookup on mi using info_type_id_movie_info (info_type_id=6) (cost=152048
      rows=826892) (actual time=0.354..926 rows=474443 loops=1)
    actual_rows: 474443.0
    estimated_rows: 826892.0
    q_error: 1.7428690063927594
  - node: Single-row index lookup on t using PRIMARY (id=mi.movie_id) (cost=0.25 rows=1)
      (actual time=0.00325..0.00327 rows=1 loops=474443)
    actual_rows: 1.0
    estimated_rows: 1.0
    q_error: 1.0
  - node: 'Filter: (mc.company_type_id < 2) (cost=0.811 rows=1.62) (actual time=0.0039..0.00767
      rows=1.9 loops=474443)'
    actual_rows: 1.9
    estimated_rows: 1.62
    q_error: 1.1728395061728394
  - node: Index lookup on mc using movie_id_movie_companies (movie_id=mi.movie_id)
      (cost=0.811 rows=3.24) (actual time=0.00362..0.00732 rows=3.22 loops=474443)
    actual_rows: 3.22
    estimated_rows: 3.24
    q_error: 1.0062111801242235

- query: SELECT * FROM title t,cast_info ci,movie_info mi,movie_keyword mk WHERE t.id=ci.movie_id
    AND t.id=mi.movie_id AND t.id=mk.movie_id AND ci.role_id>10 AND mi.info_type_id>15
  qep:
  - node: Nested loop inner join (cost=7.51e+6 rows=17.2e+6) (actual time=1.71..104928
      rows=98.5e+6 loops=1)
    actual_rows: 98500000.0
    estimated_rows: 17200000.0
    q_error: 5.726744186046512
  - node: Nested loop inner join (cost=1.49e+6 rows=1.49e+6) (actual time=0.493..13907
      rows=1.8e+6 loops=1)
    actual_rows: 1800000.0
    estimated_rows: 1490000.0
    q_error: 1.2080536912751678
  - node: Nested loop inner join (cost=444280 rows=555350) (actual time=0.395..3528
      rows=316118 loops=1)
    actual_rows: 316118.0
    estimated_rows: 555350.0
    q_error: 1.7567806958161194
  - node: 'Index range scan on ci using role_id_cast_info over (10 < role_id), with
      index condition: (ci.role_id > 10) (cost=249908 rows=555350) (actual time=0.382..1343
      rows=316118 loops=1)'
    actual_rows: 316118.0
    estimated_rows: 555350.0
    q_error: 1.7567806958161194
  - node: Single-row index lookup on t using PRIMARY (id=ci.movie_id) (cost=0.25 rows=1)
      (actual time=0.00672..0.00674 rows=1 loops=316118)
    actual_rows: 1.0
    estimated_rows: 1.0
    q_error: 1.0
  - node: 'Filter: (mi.info_type_id > 15) (cost=1.34 rows=2.69) (actual time=0.0123..0.0324
      rows=5.71 loops=316118)'
    actual_rows: 5.71
    estimated_rows: 2.69
    q_error: 2.1226765799256504
  - node: Index lookup on mi using movie_id_movie_info (movie_id=ci.movie_id) (cost=1.34
      rows=5.37) (actual time=0.00495..0.0312 rows=13 loops=316118)
    actual_rows: 13.0
    estimated_rows: 5.37
    q_error: 2.4208566108007448
  - node: Index lookup on mk using movie_id_movie_keyword (movie_id=ci.movie_id) (cost=2.88
      rows=11.5) (actual time=0.00926..0.0479 rows=54.6 loops=1.8e+6)
    actual_rows: 54.6
    estimated_rows: 11.5
    q_error: 4.747826086956522

- query: SELECT * FROM title t,movie_companies mc,cast_info ci,movie_info mi,movie_info_idx
    mi_idx WHERE t.id=mc.movie_id AND t.id=ci.movie_id AND t.id=mi.movie_id AND t.id=mi_idx.movie_id
    AND mc.company_id=4482 AND mc.company_type_id<2 AND ci.person_id>1875226
  qep:
  - node: Nested loop inner join (cost=592 rows=1280) (actual time=3.19..6.01 rows=2457
      loops=1)
    actual_rows: 2457.0
    estimated_rows: 1280.0
    q_error: 1.91953125
  - node: Nested loop inner join (cost=144 rows=238) (actual time=2.64..3.52 rows=63
      loops=1)
    actual_rows: 63.0
    estimated_rows: 238.0
    q_error: 3.7777777777777777
  - node: Nested loop inner join (cost=60.5 rows=73.5) (actual time=0.322..2.13 rows=42
      loops=1)
    actual_rows: 42.0
    estimated_rows: 73.5
    q_error: 1.75
  - node: Nested loop inner join (cost=9.02 rows=9.5) (actual time=0.0523..0.38 rows=15
      loops=1)
    actual_rows: 15.0
    estimated_rows: 9.5
    q_error: 1.5789473684210527
  - node: 'Filter: (mc.company_type_id < 2) (cost=5.7 rows=9.5) (actual time=0.0416..0.32
      rows=15 loops=1)'
    actual_rows: 15.0
    estimated_rows: 9.5
    q_error: 1.5789473684210527
  - node: Index lookup on mc using company_id_movie_companies (company_id=4482) (cost=5.7
      rows=19) (actual time=0.04..0.315 rows=19 loops=1)
    actual_rows: 19.0
    estimated_rows: 19.0
    q_error: 1.0
  - node: Single-row index lookup on t using PRIMARY (id=mc.movie_id) (cost=0.261
      rows=1) (actual time=0.00367..0.00372 rows=1 loops=15)
    actual_rows: 1.0
    estimated_rows: 1.0
    q_error: 1.0
  - node: 'Filter: (ci.person_id > 1875226) (cost=3.95 rows=7.73) (actual time=0.0776..0.116
      rows=2.8 loops=15)'
    actual_rows: 2.8
    estimated_rows: 7.73
    q_error: 2.760714285714286
  - node: Index lookup on ci using movie_id_cast_info (movie_id=mc.movie_id) (cost=3.95
      rows=15.5) (actual time=0.0338..0.115 rows=6.27 loops=15)
    actual_rows: 6.27
    estimated_rows: 15.5
    q_error: 2.4720893141945774
  - node: Index lookup on mi_idx using movie_id_movie_info_idx (movie_id=mc.movie_id)
      (cost=0.815 rows=3.24) (actual time=0.0318..0.0329 rows=1.5 loops=42)
    actual_rows: 1.5
    estimated_rows: 3.24
    q_error: 2.16
  - node: Index lookup on mi using movie_id_movie_info (movie_id=mc.movie_id) (cost=1.35
      rows=5.37) (actual time=0.00982..0.0381 rows=39 loops=63)
    actual_rows: 39.0
    estimated_rows: 5.37
    q_error: 7.262569832402234

- query: SELECT * FROM movie_keyword mk WHERE mk.keyword_id=347
  qep:
  - node: Index lookup on mk using keyword_id_movie_keyword (keyword_id=347) (cost=6803
      rows=19436) (actual time=10.1..37.1 rows=10799 loops=1)
    actual_rows: 10799.0
    estimated_rows: 19436.0
    q_error: 1.7997962774330956

- query: SELECT * FROM title t,movie_companies mc,cast_info ci,movie_info mi,movie_keyword
    mk WHERE t.id=mc.movie_id AND t.id=ci.movie_id AND t.id=mi.movie_id AND t.id=mk.movie_id
    AND t.production_year>1963 AND ci.role_id<5 AND mi.info_type_id<4
  qep:
  - node: Nested loop inner join (cost=57.6e+6 rows=93.9e+6) (actual time=1.19..9.92e+6
      rows=7.98e+9 loops=1)
    actual_rows: 7980000000.0
    estimated_rows: 93900000.0
    q_error: 84.98402555910543
  - node: Nested loop inner join (cost=24.8e+6 rows=28.9e+6) (actual time=1.18..1.63e+6
      rows=514e+6 loops=1)
    actual_rows: 514000000.0
    estimated_rows: 28900000.0
    q_error: 17.785467128027683
  - node: Nested loop inner join (cost=4.5e+6 rows=3.74e+6) (actual time=1.1..324363
      rows=14.1e+6 loops=1)
    actual_rows: 14100000.0
    estimated_rows: 3740000.0
    q_error: 3.770053475935829
  - node: Nested loop inner join (cost=1.88e+6 rows=1.39e+6) (actual time=1.08..8672
      rows=3.7e+6 loops=1)
    actual_rows: 3700000.0
    estimated_rows: 1390000.0
    q_error: 2.661870503597122
  - node: Table scan on mk (cost=420275 rows=4.18e+6) (actual time=1.06..3110 rows=4.52e+6
      loops=1)
    actual_rows: 4520000.0
    estimated_rows: 4180000.0
    q_error: 1.0813397129186604
  - node: 'Filter: (t.production_year > 1963) (cost=0.25 rows=0.333) (actual time=950e-6..0.00105
      rows=0.818 loops=4.52e+6)'
    actual_rows: 0.818
    estimated_rows: 0.333
    q_error: 2.4564564564564564
  - node: Single-row index lookup on t using PRIMARY (id=mk.movie_id) (cost=0.25 rows=1)
      (actual time=756e-6..786e-6 rows=1 loops=4.52e+6)
    actual_rows: 1.0
    estimated_rows: 1.0
    q_error: 1.0
  - node: 'Filter: (mi.info_type_id < 4) (cost=1.34 rows=2.69) (actual time=0.0543..0.085
      rows=3.82 loops=3.7e+6)'
    actual_rows: 3.82
    estimated_rows: 2.69
    q_error: 1.420074349442379
  - node: Index lookup on mi using movie_id_movie_info (movie_id=mk.movie_id) (cost=1.34
      rows=5.37) (actual time=0.00257..0.0818 rows=55.8 loops=3.7e+6)
    actual_rows: 55.8
    estimated_rows: 5.37
    q_error: 10.391061452513966
  - node: 'Filter: (ci.role_id < 5) (cost=3.87 rows=7.73) (actual time=0.00266..0.0903
      rows=36.4 loops=14.1e+6)'
    actual_rows: 36.4
    estimated_rows: 7.73
    q_error: 4.708926261319534
  - node: Index lookup on ci using movie_id_cast_info (movie_id=mk.movie_id) (cost=3.87
      rows=15.5) (actual time=0.00249..0.0858 rows=60.6 loops=14.1e+6)
    actual_rows: 60.6
    estimated_rows: 15.5
    q_error: 3.9096774193548387
  - node: Index lookup on mc using movie_id_movie_companies (movie_id=mk.movie_id)
      (cost=0.811 rows=3.24) (actual time=0.00133..0.0153 rows=15.5 loops=514e+6)
    actual_rows: 15.5
    estimated_rows: 3.24
    q_error: 4.78395061728395

- query: SELECT * FROM movie_keyword mk WHERE mk.keyword_id>7956
  qep:
  - node: 'Filter: (mk.keyword_id > 7956) (cost=420275 rows=2.09e+6) (actual time=3.87..1125
      rows=1.75e+6 loops=1)'
    actual_rows: 1750000.0
    estimated_rows: 2090000.0
    q_error: 1.1942857142857144
  - node: Table scan on mk (cost=420275 rows=4.18e+6) (actual time=0.833..899 rows=4.52e+6
      loops=1)
    actual_rows: 4520000.0
    estimated_rows: 4180000.0
    q_error: 1.0813397129186604

- query: SELECT * FROM movie_keyword mk WHERE mk.keyword_id=13168
  qep:
  - node: Index lookup on mk using keyword_id_movie_keyword (keyword_id=13168) (cost=37.5
      rows=107) (actual time=2.25..2.26 rows=107 loops=1)
    actual_rows: 107.0
    estimated_rows: 107.0
    q_error: 1.0

- query: SELECT * FROM title t,movie_companies mc,movie_info mi,movie_keyword mk WHERE
    t.id=mc.movie_id AND t.id=mi.movie_id AND t.id=mk.movie_id AND t.kind_id=7 AND
    t.production_year>1993 AND mc.company_type_id=1
  qep:
  - node: Nested loop inner join (cost=4.8e+6 rows=6.07e+6) (actual time=1.38..24500
      rows=15.2e+6 loops=1)
    actual_rows: 15200000.0
    estimated_rows: 6070000.0
    q_error: 2.504118616144975
  - node: Nested loop inner join (cost=2.67e+6 rows=1.13e+6) (actual time=1.03..6316
      rows=684163 loops=1)
    actual_rows: 684163.0
    estimated_rows: 1130000.0
    q_error: 1.6516531879098986
  - node: Nested loop inner join (cost=1.88e+6 rows=696772) (actual time=1.02..3942
      rows=454977 loops=1)
    actual_rows: 454977.0
    estimated_rows: 696772.0
    q_error: 1.5314444466423578
  - node: Table scan on mk (cost=420275 rows=4.18e+6) (actual time=0.991..1016 rows=4.52e+6
      loops=1)
    actual_rows: 4520000.0
    estimated_rows: 4180000.0
    q_error: 1.0813397129186604
  - node: 'Filter: ((t.kind_id = 7) and (t.production_year > 1993)) (cost=0.25 rows=0.167)
      (actual time=553e-6..560e-6 rows=0.101 loops=4.52e+6)'
    actual_rows: 0.101
    estimated_rows: 0.167
    q_error: 1.6534653465346534
  - node: Single-row index lookup on t using PRIMARY (id=mk.movie_id) (cost=0.25 rows=1)
      (actual time=386e-6..409e-6 rows=1 loops=4.52e+6)
    actual_rows: 1.0
    estimated_rows: 1.0
    q_error: 1.0
  - node: 'Filter: (mc.company_type_id = 1) (cost=0.811 rows=1.62) (actual time=0.00232..0.00504
      rows=1.5 loops=454977)'
    actual_rows: 1.5
    estimated_rows: 1.62
    q_error: 1.08
  - node: Index lookup on mc using movie_id_movie_companies (movie_id=mk.movie_id)
      (cost=0.811 rows=3.24) (actual time=0.0021..0.00472 rows=2.55 loops=454977)
    actual_rows: 2.55
    estimated_rows: 3.24
    q_error: 1.2705882352941178
  - node: Index lookup on mi using movie_id_movie_info (movie_id=mk.movie_id) (cost=1.34
      rows=5.37) (actual time=0.002..0.0254 rows=22.2 loops=684163)
    actual_rows: 22.2
    estimated_rows: 5.37
    q_error: 4.134078212290502

- query: SELECT * FROM title t,cast_info ci,movie_info mi,movie_keyword mk WHERE t.id=ci.movie_id
    AND t.id=mi.movie_id AND t.id=mk.movie_id AND t.production_year>2003 AND mi.info_type_id=4
    AND mk.keyword_id=1417
  qep:
  - node: Nested loop inner join (cost=3667 rows=5925) (actual time=4.2..357 rows=44028
      loops=1)
    actual_rows: 44028.0
    estimated_rows: 5925.0
    q_error: 7.430886075949367
  - node: Nested loop inner join (cost=1593 rows=383) (actual time=4.19..232 rows=508
      loops=1)
    actual_rows: 508.0
    estimated_rows: 383.0
    q_error: 1.3263707571801566
  - node: Nested loop inner join (cost=841 rows=400) (actual time=4.09..21.2 rows=422
      loops=1)
    actual_rows: 422.0
    estimated_rows: 400.0
    q_error: 1.055
  - node: Index lookup on mk using keyword_id_movie_keyword (keyword_id=1417) (cost=420
      rows=1201) (actual time=4.08..17.9 rows=1201 loops=1)
    actual_rows: 1201.0
    estimated_rows: 1201.0
    q_error: 1.0
  - node: 'Filter: (t.production_year > 2003) (cost=0.25 rows=0.333) (actual time=0.00261..0.00264
      rows=0.351 loops=1201)'
    actual_rows: 0.351
    estimated_rows: 0.333
    q_error: 1.054054054054054
  - node: Single-row index lookup on t using PRIMARY (id=mk.movie_id) (cost=0.25 rows=1)
      (actual time=0.00242..0.00244 rows=1 loops=1201)
    actual_rows: 1.0
    estimated_rows: 1.0
    q_error: 1.0
  - node: 'Filter: (mi.info_type_id = 4) (cost=1.34 rows=0.957) (actual time=0.325..0.498
      rows=1.2 loops=422)'
    actual_rows: 1.2
    estimated_rows: 0.957
    q_error: 1.2539184952978057
  - node: Index lookup on mi using movie_id_movie_info (movie_id=mk.movie_id) (cost=1.34
      rows=5.37) (actual time=0.0873..0.494 rows=73.8 loops=422)
    actual_rows: 73.8
    estimated_rows: 5.37
    q_error: 13.743016759776536
  - node: Index lookup on ci using movie_id_cast_info (movie_id=mk.movie_id) (cost=3.87
      rows=15.5) (actual time=0.0324..0.244 rows=86.7 loops=508)
    actual_rows: 86.7
    estimated_rows: 15.5
    q_error: 5.593548387096774

- query: SELECT * FROM title t,cast_info ci,movie_keyword mk WHERE t.id=ci.movie_id
    AND t.id=mk.movie_id AND mk.keyword_id<125340
  qep:
  - node: Nested loop inner join (cost=12.5e+6 rows=32.3e+6) (actual time=0.837..284659
      rows=215e+6 loops=1)
    actual_rows: 215000000.0
    estimated_rows: 32300000.0
    q_error: 6.656346749226006
  - node: Nested loop inner join (cost=1.15e+6 rows=2.09e+6) (actual time=0.789..4046
      rows=4.51e+6 loops=1)
    actual_rows: 4510000.0
    estimated_rows: 2090000.0
    q_error: 2.1578947368421053
  - node: 'Filter: (mk.keyword_id < 125340) (cost=420275 rows=2.09e+6) (actual time=0.772..1676
      rows=4.51e+6 loops=1)'
    actual_rows: 4510000.0
    estimated_rows: 2090000.0
    q_error: 2.1578947368421053
  - node: Table scan on mk (cost=420275 rows=4.18e+6) (actual time=0.77..1189 rows=4.52e+6
      loops=1)
    actual_rows: 4520000.0
    estimated_rows: 4180000.0
    q_error: 1.0813397129186604
  - node: Single-row index lookup on t using PRIMARY (id=mk.movie_id) (cost=0.25 rows=1)
      (actual time=359e-6..381e-6 rows=1 loops=4.51e+6)
    actual_rows: 1.0
    estimated_rows: 1.0
    q_error: 1.0
  - node: Index lookup on ci using movie_id_cast_info (movie_id=mk.movie_id) (cost=3.87
      rows=15.5) (actual time=0.00228..0.0598 rows=47.7 loops=4.51e+6)
    actual_rows: 47.7
    estimated_rows: 15.5
    q_error: 3.07741935483871

- query: SELECT * FROM title t,movie_companies mc,movie_info_idx mi_idx WHERE t.id=mc.movie_id
    AND t.id=mi_idx.movie_id AND mc.company_id<19613 AND mc.company_type_id=1
  qep:
  - node: Nested loop inner join (cost=1.04e+6 rows=2.11e+6) (actual time=1.61..14068
      rows=2.1e+6 loops=1)
    actual_rows: 2100000.0
    estimated_rows: 2110000.0
    q_error: 1.0047619047619047
  - node: Nested loop inner join (cost=299416 rows=649940) (actual time=0.0262..4233
      rows=1.14e+6 loops=1)
    actual_rows: 1140000.0
    estimated_rows: 649940.0
    q_error: 1.7540080622826721
  - node: 'Filter: (mc.company_id < 19613) (cost=71937 rows=649940) (actual time=0.0187..2473
      rows=1.14e+6 loops=1)'
    actual_rows: 1140000.0
    estimated_rows: 649940.0
    q_error: 1.7540080622826721
  - node: Index lookup on mc using company_type_id_movie_companies (company_type_id=1)
      (cost=71937 rows=1.3e+6) (actual time=0.0175..2334 rows=1.27e+6 loops=1)
    actual_rows: 1270000.0
    estimated_rows: 1300000.0
    q_error: 1.0236220472440944
  - node: Single-row index lookup on t using PRIMARY (id=mc.movie_id) (cost=0.25 rows=1)
      (actual time=0.00136..0.00139 rows=1 loops=1.14e+6)
    actual_rows: 1.0
    estimated_rows: 1.0
    q_error: 1.0
  - node: Index lookup on mi_idx using movie_id_movie_info_idx (movie_id=mc.movie_id)
      (cost=0.811 rows=3.24) (actual time=0.00573..0.00839 rows=1.84 loops=1.14e+6)
    actual_rows: 1.84
    estimated_rows: 3.24
    q_error: 1.7608695652173914

- query: SELECT * FROM movie_info mi WHERE mi.info_type_id<3
  qep:
  - node: 'Filter: (mi.info_type_id < 3) (cost=1.39e+6 rows=4.45e+6) (actual time=3602..11582
      rows=2.09e+6 loops=1)'
    actual_rows: 2090000.0
    estimated_rows: 4450000.0
    q_error: 2.1291866028708135
  - node: Table scan on mi (cost=1.39e+6 rows=13.6e+6) (actual time=0.0152..10846
      rows=14.8e+6 loops=1)
    actual_rows: 14800000.0
    estimated_rows: 13600000.0
    q_error: 1.088235294117647

- query: SELECT * FROM movie_keyword mk WHERE mk.keyword_id>6857
  qep:
  - node: 'Filter: (mk.keyword_id > 6857) (cost=420275 rows=2.09e+6) (actual time=2.87..802
      rows=1.93e+6 loops=1)'
    actual_rows: 1930000.0
    estimated_rows: 2090000.0
    q_error: 1.0829015544041452
  - node: Table scan on mk (cost=420275 rows=4.18e+6) (actual time=0.78..620 rows=4.52e+6
      loops=1)
    actual_rows: 4520000.0
    estimated_rows: 4180000.0
    q_error: 1.0813397129186604

- query: SELECT * FROM title t WHERE t.kind_id=4 AND t.production_year<1947
  qep:
  - node: 'Filter: (t.production_year < 1947) (cost=24682 rows=62975) (actual time=70.8..337
      rows=1 loops=1)'
    actual_rows: 1.0
    estimated_rows: 62975.0
    q_error: 62975.0
  - node: Index lookup on t using kind_id_title (kind_id=4) (cost=24682 rows=188944)
      (actual time=0.0312..326 rows=118234 loops=1)
    actual_rows: 118234.0
    estimated_rows: 188944.0
    q_error: 1.5980513219547676

- query: SELECT * FROM title t,cast_info ci WHERE t.id=ci.movie_id AND t.kind_id=1
    AND t.production_year=2007 AND ci.person_id=41459
  qep:
  - node: Nested loop inner join (cost=617 rows=44.1) (actual time=0.094..6.49 rows=1
      loops=1)
    actual_rows: 1.0
    estimated_rows: 44.1
    q_error: 44.1
  - node: Index lookup on ci using person_id_cast_info (person_id=41459) (cost=309
      rows=882) (actual time=0.0264..5.44 rows=882 loops=1)
    actual_rows: 882.0
    estimated_rows: 882.0
    q_error: 1.0
  - node: 'Filter: ((t.production_year = 2007) and (t.kind_id = 1)) (cost=0.25 rows=0.05)
      (actual time=0.00113..0.00113 rows=0.00113 loops=882)'
    actual_rows: 0.00113
    estimated_rows: 0.05
    q_error: 44.247787610619476
  - node: Single-row index lookup on t using PRIMARY (id=ci.movie_id) (cost=0.25 rows=1)
      (actual time=0.00101..0.00102 rows=1 loops=882)
    actual_rows: 1.0
    estimated_rows: 1.0
    q_error: 1.0

- query: SELECT * FROM title t,cast_info ci,movie_info mi,movie_info_idx mi_idx WHERE
    t.id=ci.movie_id AND t.id=mi.movie_id AND t.id=mi_idx.movie_id AND t.kind_id>1
    AND ci.person_id<2102346 AND ci.role_id>9 AND mi.info_type_id=16 AND mi_idx.info_type_id<101
  qep:
  - node: Nested loop inner join (cost=3.41e+6 rows=1.34e+6) (actual time=0.454..52360
      rows=1.67e+6 loops=1)
    actual_rows: 1670000.0
    estimated_rows: 1340000.0
    q_error: 1.2462686567164178
  - node: Nested loop inner join (cost=2.07e+6 rows=712066) (actual time=0.223..37295
      rows=626292 loops=1)
    actual_rows: 626292.0
    estimated_rows: 712066.0
    q_error: 1.1369552860327132
  - node: Nested loop inner join (cost=349801 rows=317280) (actual time=0.0303..2265
      rows=500090 loops=1)
    actual_rows: 500090.0
    estimated_rows: 317280.0
    q_error: 1.5761787695410994
  - node: 'Filter: (mi_idx.info_type_id < 101) (cost=127705 rows=634560) (actual time=0.0182..1033
      rows=919850 loops=1)'
    actual_rows: 919850.0
    estimated_rows: 634560.0
    q_error: 1.4495871154815936
  - node: Table scan on mi_idx (cost=127705 rows=1.27e+6) (actual time=0.0172..913
      rows=1.38e+6 loops=1)
    actual_rows: 1380000.0
    estimated_rows: 1270000.0
    q_error: 1.0866141732283465
  - node: 'Filter: (t.kind_id > 1) (cost=0.25 rows=0.5) (actual time=0.00118..0.00122
      rows=0.544 loops=919850)'
    actual_rows: 0.544
    estimated_rows: 0.5
    q_error: 1.088
  - node: Single-row index lookup on t using PRIMARY (id=mi_idx.movie_id) (cost=0.25
      rows=1) (actual time=0.00102..0.00104 rows=1 loops=919850)
    actual_rows: 1.0
    estimated_rows: 1.0
    q_error: 1.0
  - node: 'Filter: ((ci.person_id < 2102346) and (ci.role_id > 9)) (cost=3.87 rows=2.24)
      (actual time=0.0615..0.0699 rows=1.25 loops=500090)'
    actual_rows: 1.25
    estimated_rows: 2.24
    q_error: 1.7920000000000003
  - node: Index lookup on ci using movie_id_cast_info (movie_id=mi_idx.movie_id) (cost=3.87
      rows=15.5) (actual time=0.00434..0.067 rows=29.7 loops=500090)
    actual_rows: 29.7
    estimated_rows: 15.5
    q_error: 1.9161290322580644
  - node: 'Filter: (mi.info_type_id = 16) (cost=1.34 rows=1.89) (actual time=0.0211..0.0237
      rows=2.66 loops=626292)'
    actual_rows: 2.66
    estimated_rows: 1.89
    q_error: 1.4074074074074077
  - node: Index lookup on mi using movie_id_movie_info (movie_id=mi_idx.movie_id)
      (cost=1.34 rows=5.37) (actual time=0.00615..0.0227 rows=14.2 loops=626292)
    actual_rows: 14.2
    estimated_rows: 5.37
    q_error: 2.6443202979515825

- query: SELECT * FROM title t,movie_info_idx mi_idx WHERE t.id=mi_idx.movie_id AND
    t.production_year=1966
  qep:
  - node: Nested loop inner join (cost=561476 rows=843488) (actual time=3.44..2262
      rows=10183 loops=1)
    actual_rows: 10183.0
    estimated_rows: 843488.0
    q_error: 82.83295688893253
  - node: 'Filter: (t.production_year = 1966) (cost=266255 rows=260127) (actual time=3.41..2211
      rows=13711 loops=1)'
    actual_rows: 13711.0
    estimated_rows: 260127.0
    q_error: 18.97213915834002
  - node: Table scan on t (cost=266255 rows=2.6e+6) (actual time=0.0218..2101 rows=2.53e+6
      loops=1)
    actual_rows: 2530000.0
    estimated_rows: 2600000.0
    q_error: 1.0276679841897234
  - node: Index lookup on mi_idx using movie_id_movie_info_idx (movie_id=t.id) (cost=0.811
      rows=3.24) (actual time=0.00271..0.00347 rows=0.743 loops=13711)
    actual_rows: 0.743
    estimated_rows: 3.24
    q_error: 4.360699865410498

- query: SELECT * FROM title t,movie_info_idx mi_idx,movie_keyword mk WHERE t.id=mi_idx.movie_id
    AND t.id=mk.movie_id AND t.production_year>2001
  qep:
  - node: Nested loop inner join (cost=2.28e+6 rows=4.88e+6) (actual time=1.07..8659
      rows=3.94e+6 loops=1)
    actual_rows: 3940000.0
    estimated_rows: 4880000.0
    q_error: 1.2385786802030456
  - node: Nested loop inner join (cost=571898 rows=422998) (actual time=0.032..1965
      rows=626561 loops=1)
    actual_rows: 626561.0
    estimated_rows: 422998.0
    q_error: 1.4812386819795837
  - node: Table scan on mi_idx (cost=127705 rows=1.27e+6) (actual time=0.0185..831
      rows=1.38e+6 loops=1)
    actual_rows: 1380000.0
    estimated_rows: 1270000.0
    q_error: 1.0866141732283465
  - node: 'Filter: (t.production_year > 2001) (cost=0.25 rows=0.333) (actual time=690e-6..721e-6
      rows=0.454 loops=1.38e+6)'
    actual_rows: 0.454
    estimated_rows: 0.333
    q_error: 1.3633633633633633
  - node: Single-row index lookup on t using PRIMARY (id=mi_idx.movie_id) (cost=0.25
      rows=1) (actual time=541e-6..562e-6 rows=1 loops=1.38e+6)
    actual_rows: 1.0
    estimated_rows: 1.0
    q_error: 1.0
  - node: Index lookup on mk using movie_id_movie_keyword (movie_id=mi_idx.movie_id)
      (cost=2.88 rows=11.5) (actual time=0.00588..0.0103 rows=6.29 loops=626561)
    actual_rows: 6.29
    estimated_rows: 11.5
    q_error: 1.8282988871224166

- query: SELECT * FROM title t WHERE t.kind_id<7 AND t.production_year=1970
  qep:
  - node: 'Filter: ((t.production_year = 1970) and (t.kind_id < 7)) (cost=266255 rows=130064)
      (actual time=1.96..1633 rows=6232 loops=1)'
    actual_rows: 6232.0
    estimated_rows: 130064.0
    q_error: 20.870346598202826
  - node: Table scan on t (cost=266255 rows=2.6e+6) (actual time=0.0124..1507 rows=2.53e+6
      loops=1)
    actual_rows: 2530000.0
    estimated_rows: 2600000.0
    q_error: 1.0276679841897234

- query: SELECT * FROM movie_keyword mk WHERE mk.keyword_id=87437
  qep:
  - node: Index lookup on mk using keyword_id_movie_keyword (keyword_id=87437) (cost=10.2
      rows=29) (actual time=0.0733..0.0763 rows=29 loops=1)
    actual_rows: 29.0
    estimated_rows: 29.0
    q_error: 1.0

- query: SELECT * FROM title t,movie_companies mc,movie_keyword mk WHERE t.id=mc.movie_id
    AND t.id=mk.movie_id AND t.production_year=2010 AND mk.keyword_id=6226
  qep:
  - node: Nested loop inner join (cost=1234 rows=492) (actual time=0.431..14.9 rows=179
      loops=1)
    actual_rows: 179.0
    estimated_rows: 492.0
    q_error: 2.7486033519553073
  - node: Nested loop inner join (cost=1062 rows=152) (actual time=0.417..4.25 rows=62
      loops=1)
    actual_rows: 62.0
    estimated_rows: 152.0
    q_error: 2.4516129032258065
  - node: Index lookup on mk using keyword_id_movie_keyword (keyword_id=6226) (cost=531
      rows=1517) (actual time=0.378..2.03 rows=1517 loops=1)
    actual_rows: 1517.0
    estimated_rows: 1517.0
    q_error: 1.0
  - node: 'Filter: (t.production_year = 2010) (cost=0.25 rows=0.1) (actual time=0.0014..0.0014
      rows=0.0409 loops=1517)'
    actual_rows: 0.0409
    estimated_rows: 0.1
    q_error: 2.444987775061125
  - node: Single-row index lookup on t using PRIMARY (id=mk.movie_id) (cost=0.25 rows=1)
      (actual time=0.00129..0.0013 rows=1 loops=1517)
    actual_rows: 1.0
    estimated_rows: 1.0
    q_error: 1.0
  - node: Index lookup on mc using movie_id_movie_companies (movie_id=mk.movie_id)
      (cost=0.813 rows=3.24) (actual time=0.11..0.172 rows=2.89 loops=62)
    actual_rows: 2.89
    estimated_rows: 3.24
    q_error: 1.1211072664359862

- query: SELECT * FROM title t,cast_info ci,movie_info mi,movie_info_idx mi_idx,movie_keyword
    mk WHERE t.id=ci.movie_id AND t.id=mi.movie_id AND t.id=mi_idx.movie_id AND t.id=mk.movie_id
    AND ci.person_id=360343 AND ci.role_id<2 AND mk.keyword_id<359
  qep:
  - node: Nested loop inner join (cost=3810 rows=7592) (actual time=0.128..6.22 rows=2877
      loops=1)
    actual_rows: 2877.0
    estimated_rows: 7592.0
    q_error: 2.6388599235314563
  - node: Nested loop inner join (cost=1153 rows=1413) (actual time=0.116..2.76 rows=84
      loops=1)
    actual_rows: 84.0
    estimated_rows: 1413.0
    q_error: 16.821428571428573
  - node: Nested loop inner join (cost=659 rows=436) (actual time=0.105..2.57 rows=29
      loops=1)
    actual_rows: 29.0
    estimated_rows: 436.0
    q_error: 15.03448275862069
  - node: Nested loop inner join (cost=125 rows=132) (actual time=0.0275..1.01 rows=264
      loops=1)
    actual_rows: 264.0
    estimated_rows: 132.0
    q_error: 2.0
  - node: 'Filter: (ci.role_id < 2) (cost=79.2 rows=132) (actual time=0.0201..0.61
      rows=264 loops=1)'
    actual_rows: 264.0
    estimated_rows: 132.0
    q_error: 2.0
  - node: Index lookup on ci using person_id_cast_info (person_id=360343) (cost=79.2
      rows=264) (actual time=0.019..0.594 rows=264 loops=1)
    actual_rows: 264.0
    estimated_rows: 264.0
    q_error: 1.0
  - node: Single-row index lookup on t using PRIMARY (id=ci.movie_id) (cost=0.251
      rows=1) (actual time=0.00139..0.00141 rows=1 loops=264)
    actual_rows: 1.0
    estimated_rows: 1.0
    q_error: 1.0
  - node: 'Filter: (mk.keyword_id < 359) (cost=2.89 rows=3.3) (actual time=0.00523..0.00586
      rows=0.11 loops=264)'
    actual_rows: 0.11
    estimated_rows: 3.3
    q_error: 30.0
  - node: Index lookup on mk using movie_id_movie_keyword (movie_id=ci.movie_id) (cost=2.89
      rows=11.5) (actual time=0.00442..0.0057 rows=2.23 loops=264)
    actual_rows: 2.23
    estimated_rows: 11.5
    q_error: 5.15695067264574
  - node: Index lookup on mi_idx using movie_id_movie_info_idx (movie_id=ci.movie_id)
      (cost=0.811 rows=3.24) (actual time=0.00366..0.00644 rows=2.9 loops=29)
    actual_rows: 2.9
    estimated_rows: 3.24
    q_error: 1.1172413793103448
  - node: Index lookup on mi using movie_id_movie_info (movie_id=ci.movie_id) (cost=1.34
      rows=5.37) (actual time=0.00365..0.0391 rows=34.2 loops=84)
    actual_rows: 34.2
    estimated_rows: 5.37
    q_error: 6.368715083798883

- query: SELECT * FROM title t,movie_keyword mk WHERE t.id=mk.movie_id AND t.kind_id>3
  qep:
  - node: Nested loop inner join (cost=1.88e+6 rows=2.09e+6) (actual time=0.729..2796
      rows=1.2e+6 loops=1)
    actual_rows: 1200000.0
    estimated_rows: 2090000.0
    q_error: 1.7416666666666667
  - node: Table scan on mk (cost=420275 rows=4.18e+6) (actual time=0.705..884 rows=4.52e+6
      loops=1)
    actual_rows: 4520000.0
    estimated_rows: 4180000.0
    q_error: 1.0813397129186604
  - node: 'Filter: (t.kind_id > 3) (cost=0.25 rows=0.5) (actual time=324e-6..340e-6
      rows=0.266 loops=4.52e+6)'
    actual_rows: 0.266
    estimated_rows: 0.5
    q_error: 1.8796992481203008
  - node: Single-row index lookup on t using PRIMARY (id=mk.movie_id) (cost=0.25 rows=1)
      (actual time=195e-6..215e-6 rows=1 loops=4.52e+6)
    actual_rows: 1.0
    estimated_rows: 1.0
    q_error: 1.0

- query: SELECT * FROM title t,cast_info ci WHERE t.id=ci.movie_id AND t.production_year>2004
  qep:
  - node: Nested loop inner join (cost=4.96e+6 rows=13.4e+6) (actual time=0.0445..57956
      rows=17.4e+6 loops=1)
    actual_rows: 17400000.0
    estimated_rows: 13400000.0
    q_error: 1.2985074626865671
  - node: 'Filter: (t.production_year > 2004) (cost=266255 rows=867004) (actual time=0.0259..2272
      rows=1.11e+6 loops=1)'
    actual_rows: 1110000.0
    estimated_rows: 867004.0
    q_error: 1.2802709099381318
  - node: Table scan on t (cost=266255 rows=2.6e+6) (actual time=0.0207..2066 rows=2.53e+6
      loops=1)
    actual_rows: 2530000.0
    estimated_rows: 2600000.0
    q_error: 1.0276679841897234
  - node: Index lookup on ci using movie_id_cast_info (movie_id=t.id) (cost=3.87 rows=15.5)
      (actual time=0.00458..0.0493 rows=15.7 loops=1.11e+6)
    actual_rows: 15.7
    estimated_rows: 15.5
    q_error: 1.0129032258064516

- query: SELECT * FROM movie_info mi WHERE mi.info_type_id>5
  qep:
  - node: 'Filter: (mi.info_type_id > 5) (cost=1.39e+6 rows=6.81e+6) (actual time=0.3..8618
      rows=9.43e+6 loops=1)'
    actual_rows: 9430000.0
    estimated_rows: 6810000.0
    q_error: 1.3847283406754773
  - node: Table scan on mi (cost=1.39e+6 rows=13.6e+6) (actual time=0.299..7815 rows=14.8e+6
      loops=1)
    actual_rows: 14800000.0
    estimated_rows: 13600000.0
    q_error: 1.088235294117647

- query: SELECT * FROM movie_info mi WHERE mi.info_type_id>3
  qep:
  - node: 'Filter: (mi.info_type_id > 3) (cost=1.39e+6 rows=6.81e+6) (actual time=0.0126..7552
      rows=11.2e+6 loops=1)'
    actual_rows: 11200000.0
    estimated_rows: 6810000.0
    q_error: 1.644640234948605
  - node: Table scan on mi (cost=1.39e+6 rows=13.6e+6) (actual time=0.0114..6795 rows=14.8e+6
      loops=1)
    actual_rows: 14800000.0
    estimated_rows: 13600000.0
    q_error: 1.088235294117647

- query: SELECT * FROM title t,movie_companies mc,movie_keyword mk WHERE t.id=mc.movie_id
    AND t.id=mk.movie_id AND t.kind_id=7 AND t.production_year<2007
  qep:
  - node: Nested loop inner join (cost=2.67e+6 rows=2.26e+6) (actual time=0.802..4363
      rows=819332 loops=1)
    actual_rows: 819332.0
    estimated_rows: 2260000.0
    q_error: 2.7583446026763268
  - node: Nested loop inner join (cost=1.88e+6 rows=696772) (actual time=0.748..2878
      rows=387842 loops=1)
    actual_rows: 387842.0
    estimated_rows: 696772.0
    q_error: 1.7965357026830513
  - node: Table scan on mk (cost=420275 rows=4.18e+6) (actual time=0.668..913 rows=4.52e+6
      loops=1)
    actual_rows: 4520000.0
    estimated_rows: 4180000.0
    q_error: 1.0813397129186604
  - node: 'Filter: ((t.kind_id = 7) and (t.production_year < 2007)) (cost=0.25 rows=0.167)
      (actual time=352e-6..358e-6 rows=0.0857 loops=4.52e+6)'
    actual_rows: 0.0857
    estimated_rows: 0.167
    q_error: 1.9486581096849476
  - node: Single-row index lookup on t using PRIMARY (id=mk.movie_id) (cost=0.25 rows=1)
      (actual time=204e-6..225e-6 rows=1 loops=4.52e+6)
    actual_rows: 1.0
    estimated_rows: 1.0
    q_error: 1.0
  - node: Index lookup on mc using movie_id_movie_companies (movie_id=mk.movie_id)
      (cost=0.811 rows=3.24) (actual time=0.00177..0.00362 rows=2.11 loops=387842)
    actual_rows: 2.11
    estimated_rows: 3.24
    q_error: 1.5355450236966826

- query: SELECT * FROM title t,movie_companies mc,movie_info_idx mi_idx WHERE t.id=mc.movie_id
    AND t.id=mi_idx.movie_id AND t.production_year>2011 AND mc.company_id<4155
  qep:
  - node: Nested loop inner join (cost=1.05e+6 rows=686014) (actual time=0.0512..2513
      rows=67492 loops=1)
    actual_rows: 67492.0
    estimated_rows: 686014.0
    q_error: 10.164375037041427
  - node: Nested loop inner join (cost=571898 rows=422998) (actual time=0.0352..1769
      rows=69471 loops=1)
    actual_rows: 69471.0
    estimated_rows: 422998.0
    q_error: 6.088842826503146
  - node: Table scan on mi_idx (cost=127705 rows=1.27e+6) (actual time=0.0156..795
      rows=1.38e+6 loops=1)
    actual_rows: 1380000.0
    estimated_rows: 1270000.0
    q_error: 1.0866141732283465
  - node: 'Filter: (t.production_year > 2011) (cost=0.25 rows=0.333) (actual time=624e-6..628e-6
      rows=0.0503 loops=1.38e+6)'
    actual_rows: 0.0503
    estimated_rows: 0.333
    q_error: 6.6202783300198815
  - node: Single-row index lookup on t using PRIMARY (id=mi_idx.movie_id) (cost=0.25
      rows=1) (actual time=473e-6..495e-6 rows=1 loops=1.38e+6)
    actual_rows: 1.0
    estimated_rows: 1.0
    q_error: 1.0
  - node: 'Filter: (mc.company_id < 4155) (cost=0.811 rows=1.62) (actual time=0.00808..0.0105
      rows=0.972 loops=69471)'
    actual_rows: 0.972
    estimated_rows: 1.62
    q_error: 1.6666666666666667
  - node: Index lookup on mc using movie_id_movie_companies (movie_id=mi_idx.movie_id)
      (cost=0.811 rows=3.24) (actual time=0.00635..0.0103 rows=2.64 loops=69471)
    actual_rows: 2.64
    estimated_rows: 3.24
    q_error: 1.2272727272727273

- query: SELECT * FROM title t,movie_companies mc,cast_info ci,movie_keyword mk WHERE
    t.id=mc.movie_id AND t.id=ci.movie_id AND t.id=mk.movie_id AND ci.person_id>1323513
    AND ci.role_id=2 AND mk.keyword_id=53929
  qep:
  - node: Nested loop inner join (cost=80.2 rows=89.3) (actual time=0.195..2.38 rows=1086
      loops=1)
    actual_rows: 1086.0
    estimated_rows: 89.3
    q_error: 12.161254199328107
  - node: Nested loop inner join (cost=48.9 rows=27.5) (actual time=0.076..1.46 rows=82
      loops=1)
    actual_rows: 82.0
    estimated_rows: 27.5
    q_error: 2.981818181818182
  - node: Nested loop inner join (cost=5.6 rows=8) (actual time=0.0458..0.0623 rows=8
      loops=1)
    actual_rows: 8.0
    estimated_rows: 8.0
    q_error: 1.0
  - node: Index lookup on mk using keyword_id_movie_keyword (keyword_id=53929) (cost=2.8
      rows=8) (actual time=0.0366..0.0389 rows=8 loops=1)
    actual_rows: 8.0
    estimated_rows: 8.0
    q_error: 1.0
  - node: Single-row index lookup on t using PRIMARY (id=mk.movie_id) (cost=0.263
      rows=1) (actual time=0.00271..0.00274 rows=1 loops=8)
    actual_rows: 1.0
    estimated_rows: 1.0
    q_error: 1.0
  - node: 'Filter: ((ci.role_id = 2) and (ci.person_id > 1323513)) (cost=3.91 rows=3.44)
      (actual time=0.0553..0.174 rows=10.2 loops=8)'
    actual_rows: 10.2
    estimated_rows: 3.44
    q_error: 2.9651162790697674
  - node: Index lookup on ci using movie_id_cast_info (movie_id=mk.movie_id) (cost=3.91
      rows=15.5) (actual time=0.00583..0.17 rows=66.4 loops=8)
    actual_rows: 66.4
    estimated_rows: 15.5
    q_error: 4.283870967741936
  - node: Index lookup on mc using movie_id_movie_companies (movie_id=mk.movie_id)
      (cost=0.823 rows=3.24) (actual time=0.00148..0.0108 rows=13.2 loops=82)
    actual_rows: 13.2
    estimated_rows: 3.24
    q_error: 4.0740740740740735

- query: SELECT * FROM title t,movie_info_idx mi_idx,movie_keyword mk WHERE t.id=mi_idx.movie_id
    AND t.id=mk.movie_id
  qep:
  - node: Nested loop inner join (cost=5.7e+6 rows=14.6e+6) (actual time=0.0369..15451
      rows=10.4e+6 loops=1)
    actual_rows: 10400000.0
    estimated_rows: 14600000.0
    q_error: 1.4038461538461537
  - node: Nested loop inner join (cost=571898 rows=1.27e+6) (actual time=0.0248..1774
      rows=1.38e+6 loops=1)
    actual_rows: 1380000.0
    estimated_rows: 1270000.0
    q_error: 1.0866141732283465
  - node: Table scan on mi_idx (cost=127705 rows=1.27e+6) (actual time=0.0147..815
      rows=1.38e+6 loops=1)
    actual_rows: 1380000.0
    estimated_rows: 1270000.0
    q_error: 1.0866141732283465
  - node: Single-row index lookup on t using PRIMARY (id=mi_idx.movie_id) (cost=0.25
      rows=1) (actual time=550e-6..570e-6 rows=1 loops=1.38e+6)
    actual_rows: 1.0
    estimated_rows: 1.0
    q_error: 1.0
  - node: Index lookup on mk using movie_id_movie_keyword (movie_id=mi_idx.movie_id)
      (cost=2.88 rows=11.5) (actual time=0.00526..0.00948 rows=7.55 loops=1.38e+6)
    actual_rows: 7.55
    estimated_rows: 11.5
    q_error: 1.5231788079470199

- query: SELECT * FROM title t,movie_companies mc,movie_keyword mk WHERE t.id=mc.movie_id
    AND t.id=mk.movie_id AND t.kind_id=2 AND t.production_year=1971 AND mc.company_id<7851
    AND mc.company_type_id=1 AND mk.keyword_id>7473
  qep:
  - node: Nested loop inner join (cost=85734 rows=69864) (actual time=9.14..297 rows=866
      loops=1)
    actual_rows: 866.0
    estimated_rows: 69864.0
    q_error: 80.6743648960739
  - node: Nested loop inner join (cost=36829 rows=12108) (actual time=0.346..292 rows=468
      loops=1)
    actual_rows: 468.0
    estimated_rows: 12108.0
    q_error: 25.871794871794872
  - node: 'Filter: (t.production_year = 1971) (cost=19877 rows=14932) (actual time=0.333..284
      rows=556 loops=1)'
    actual_rows: 556.0
    estimated_rows: 14932.0
    q_error: 26.85611510791367
  - node: Index lookup on t using kind_id_title (kind_id=2) (cost=19877 rows=149320)
      (actual time=0.0256..280 rows=90852 loops=1)
    actual_rows: 90852.0
    estimated_rows: 149320.0
    q_error: 1.6435521507506714
  - node: 'Filter: ((mc.company_type_id = 1) and (mc.company_id < 7851)) (cost=0.811
      rows=0.811) (actual time=0.00776..0.0139 rows=0.842 loops=556)'
    actual_rows: 0.842
    estimated_rows: 0.811
    q_error: 1.038224414303329
  - node: Index lookup on mc using movie_id_movie_companies (movie_id=t.id) (cost=0.811
      rows=3.24) (actual time=0.00699..0.0133 rows=2 loops=556)
    actual_rows: 2.0
    estimated_rows: 3.24
    q_error: 1.62
  - node: 'Filter: (mk.keyword_id > 7473) (cost=2.89 rows=5.77) (actual time=0.0072..0.00958
      rows=1.85 loops=468)'
    actual_rows: 1.85
    estimated_rows: 5.77
    q_error: 3.1189189189189186
  - node: Index lookup on mk using movie_id_movie_keyword (movie_id=t.id) (cost=2.89
      rows=11.5) (actual time=0.00667..0.00914 rows=6.09 loops=468)
    actual_rows: 6.09
    estimated_rows: 11.5
    q_error: 1.8883415435139574

- query: SELECT * FROM title t,cast_info ci,movie_info_idx mi_idx WHERE t.id=ci.movie_id
    AND t.id=mi_idx.movie_id
  qep:
  - node: Nested loop inner join (cost=7.44e+6 rows=19.6e+6) (actual time=0.039..72784
      rows=40.9e+6 loops=1)
    actual_rows: 40900000.0
    estimated_rows: 19600000.0
    q_error: 2.086734693877551
  - node: Nested loop inner join (cost=571898 rows=1.27e+6) (actual time=0.0284..2112
      rows=1.38e+6 loops=1)
    actual_rows: 1380000.0
    estimated_rows: 1270000.0
    q_error: 1.0866141732283465
  - node: Table scan on mi_idx (cost=127705 rows=1.27e+6) (actual time=0.0169..941
      rows=1.38e+6 loops=1)
    actual_rows: 1380000.0
    estimated_rows: 1270000.0
    q_error: 1.0866141732283465
  - node: Single-row index lookup on t using PRIMARY (id=mi_idx.movie_id) (cost=0.25
      rows=1) (actual time=682e-6..705e-6 rows=1 loops=1.38e+6)
    actual_rows: 1.0
    estimated_rows: 1.0
    q_error: 1.0
  - node: Index lookup on ci using movie_id_cast_info (movie_id=mi_idx.movie_id) (cost=3.87
      rows=15.5) (actual time=0.00232..0.0497 rows=29.6 loops=1.38e+6)
    actual_rows: 29.6
    estimated_rows: 15.5
    q_error: 1.9096774193548387

- query: SELECT * FROM title t,movie_companies mc,movie_info mi,movie_info_idx mi_idx,movie_keyword
    mk WHERE t.id=mc.movie_id AND t.id=mi.movie_id AND t.id=mi_idx.movie_id AND t.id=mk.movie_id
    AND t.kind_id=7 AND mc.company_type_id<2 AND mi.info_type_id<3
  qep:
  - node: Nested loop inner join (cost=10.3e+6 rows=20.8e+6) (actual time=0.0862..15602
      rows=4.5e+6 loops=1)
    actual_rows: 4500000.0
    estimated_rows: 20800000.0
    q_error: 4.622222222222222
  - node: Nested loop inner join (cost=3.03e+6 rows=1.81e+6) (actual time=0.0691..10228
      rows=730560 loops=1)
    actual_rows: 730560.0
    estimated_rows: 1810000.0
    q_error: 2.477551467367499
  - node: Nested loop inner join (cost=1.76e+6 rows=1.11e+6) (actual time=0.0582..7847
      rows=424218 loops=1)
    actual_rows: 424218.0
    estimated_rows: 1110000.0
    q_error: 2.6165792116317554
  - node: Nested loop inner join (cost=571898 rows=634560) (actual time=0.0407..1917
      rows=425718 loops=1)
    actual_rows: 425718.0
    estimated_rows: 634560.0
    q_error: 1.4905641762857103
  - node: Table scan on mi_idx (cost=127705 rows=1.27e+6) (actual time=0.0135..815
      rows=1.38e+6 loops=1)
    actual_rows: 1380000.0
    estimated_rows: 1270000.0
    q_error: 1.0866141732283465
  - node: 'Filter: (t.kind_id = 7) (cost=0.25 rows=0.5) (actual time=677e-6..702e-6
      rows=0.308 loops=1.38e+6)'
    actual_rows: 0.308
    estimated_rows: 0.5
    q_error: 1.6233766233766234
  - node: Single-row index lookup on t using PRIMARY (id=mi_idx.movie_id) (cost=0.25
      rows=1) (actual time=527e-6..549e-6 rows=1 loops=1.38e+6)
    actual_rows: 1.0
    estimated_rows: 1.0
    q_error: 1.0
  - node: 'Filter: (mi.info_type_id < 3) (cost=1.34 rows=1.76) (actual time=0.00759..0.0138
      rows=0.996 loops=425718)'
    actual_rows: 0.996
    estimated_rows: 1.76
    q_error: 1.7670682730923695
  - node: Index lookup on mi using movie_id_movie_info (movie_id=mi_idx.movie_id)
      (cost=1.34 rows=5.37) (actual time=0.00293..0.0131 rows=8.54 loops=425718)
    actual_rows: 8.54
    estimated_rows: 5.37
    q_error: 1.5903165735567968
  - node: 'Filter: (mc.company_type_id < 2) (cost=0.811 rows=1.62) (actual time=0.00209..0.00541
      rows=1.72 loops=424218)'
    actual_rows: 1.72
    estimated_rows: 1.62
    q_error: 1.0617283950617282
  - node: Index lookup on mc using movie_id_movie_companies (movie_id=mi_idx.movie_id)
      (cost=0.811 rows=3.24) (actual time=0.00186..0.00504 rows=3.27 loops=424218)
    actual_rows: 3.27
    estimated_rows: 3.24
    q_error: 1.0092592592592593
  - node: Index lookup on mk using movie_id_movie_keyword (movie_id=mi_idx.movie_id)
      (cost=2.88 rows=11.5) (actual time=0.00432..0.00695 rows=6.15 loops=730560)
    actual_rows: 6.15
    estimated_rows: 11.5
    q_error: 1.8699186991869918

- query: SELECT * FROM title t,cast_info ci WHERE t.id=ci.movie_id AND ci.person_id>3091529
  qep:
  - node: Nested loop inner join (cost=7.44e+6 rows=11.2e+6) (actual time=17875..55393
      rows=5.61e+6 loops=1)
    actual_rows: 5610000.0
    estimated_rows: 11200000.0
    q_error: 1.9964349376114081
  - node: 'Filter: (ci.person_id > 3091529) (cost=3.51e+6 rows=11.2e+6) (actual time=17875..26421
      rows=5.61e+6 loops=1)'
    actual_rows: 5610000.0
    estimated_rows: 11200000.0
    q_error: 1.9964349376114081
  - node: Table scan on ci (cost=3.51e+6 rows=34.8e+6) (actual time=0.0174..24484
      rows=36.2e+6 loops=1)
    actual_rows: 36200000.0
    estimated_rows: 34800000.0
    q_error: 1.0402298850574712
  - node: Single-row index lookup on t using PRIMARY (id=ci.movie_id) (cost=0.25 rows=1)
      (actual time=0.00502..0.00504 rows=1 loops=5.61e+6)
    actual_rows: 1.0
    estimated_rows: 1.0
    q_error: 1.0

- query: SELECT * FROM title t,movie_companies mc,movie_keyword mk WHERE t.id=mc.movie_id
    AND t.id=mk.movie_id AND mc.company_id=1402
  qep:
  - node: Nested loop inner join (cost=14260 rows=34724) (actual time=0.0566..137
      rows=100720 loops=1)
    actual_rows: 100720.0
    estimated_rows: 34724.0
    q_error: 2.900587489920516
  - node: Nested loop inner join (cost=2106 rows=3009) (actual time=0.0351..34.6 rows=3009
      loops=1)
    actual_rows: 3009.0
    estimated_rows: 3009.0
    q_error: 1.0
  - node: Index lookup on mc using company_id_movie_companies (company_id=1402) (cost=1053
      rows=3009) (actual time=0.0258..29.6 rows=3009 loops=1)
    actual_rows: 3009.0
    estimated_rows: 3009.0
    q_error: 1.0
  - node: Single-row index lookup on t using PRIMARY (id=mc.movie_id) (cost=0.25 rows=1)
      (actual time=0.00143..0.00145 rows=1 loops=3009)
    actual_rows: 1.0
    estimated_rows: 1.0
    q_error: 1.0
  - node: Index lookup on mk using movie_id_movie_keyword (movie_id=mc.movie_id) (cost=2.89
      rows=11.5) (actual time=0.00861..0.0325 rows=33.5 loops=3009)
    actual_rows: 33.5
    estimated_rows: 11.5
    q_error: 2.9130434782608696

- query: SELECT * FROM title t,movie_companies mc,movie_info mi,movie_info_idx mi_idx,movie_keyword
    mk WHERE t.id=mc.movie_id AND t.id=mi.movie_id AND t.id=mi_idx.movie_id AND t.id=mk.movie_id
    AND mi.info_type_id=16
  qep:
  - node: Nested loop inner join (cost=37e+6 rows=89.6e+6) (actual time=0.0771..2.09e+6
      rows=2.32e+9 loops=1)
    actual_rows: 2320000000.0
    estimated_rows: 89600000.0
    q_error: 25.892857142857142
  - node: Nested loop inner join (cost=5.68e+6 rows=7.76e+6) (actual time=0.0661..92628
      rows=29.2e+6 loops=1)
    actual_rows: 29200000.0
    estimated_rows: 7760000.0
    q_error: 3.7628865979381443
  - node: Nested loop inner join (cost=2.96e+6 rows=2.39e+6) (actual time=0.059..48427
      rows=3.37e+6 loops=1)
    actual_rows: 3370000.0
    estimated_rows: 2390000.0
    q_error: 1.4100418410041842
  - node: Nested loop inner join (cost=571898 rows=1.27e+6) (actual time=0.0301..2869
      rows=1.38e+6 loops=1)
    actual_rows: 1380000.0
    estimated_rows: 1270000.0
    q_error: 1.0866141732283465
  - node: Table scan on mi_idx (cost=127705 rows=1.27e+6) (actual time=0.0177..999
      rows=1.38e+6 loops=1)
    actual_rows: 1380000.0
    estimated_rows: 1270000.0
    q_error: 1.0866141732283465
  - node: Single-row index lookup on t using PRIMARY (id=mi_idx.movie_id) (cost=0.25
      rows=1) (actual time=0.00118..0.0012 rows=1 loops=1.38e+6)
    actual_rows: 1.0
    estimated_rows: 1.0
    q_error: 1.0
  - node: 'Filter: (mi.info_type_id = 16) (cost=1.34 rows=1.89) (actual time=0.0284..0.0327
      rows=2.44 loops=1.38e+6)'
    actual_rows: 2.44
    estimated_rows: 1.89
    q_error: 1.291005291005291
  - node: Index lookup on mi using movie_id_movie_info (movie_id=mi_idx.movie_id)
      (cost=1.34 rows=5.37) (actual time=0.0067..0.0315 rows=15.1 loops=1.38e+6)
    actual_rows: 15.1
    estimated_rows: 5.37
    q_error: 2.811918063314711
  - node: Index lookup on mc using movie_id_movie_companies (movie_id=mi_idx.movie_id)
      (cost=0.811 rows=3.24) (actual time=0.00227..0.0126 rows=8.66 loops=3.37e+6)
    actual_rows: 8.66
    estimated_rows: 3.24
    q_error: 2.6728395061728394
  - node: Index lookup on mk using movie_id_movie_keyword (movie_id=mi_idx.movie_id)
      (cost=2.88 rows=11.5) (actual time=0.00871..0.0651 rows=79.5 loops=29.2e+6)
    actual_rows: 79.5
    estimated_rows: 11.5
    q_error: 6.913043478260869

- query: SELECT * FROM title t,movie_companies mc,movie_info_idx mi_idx,movie_keyword
    mk WHERE t.id=mc.movie_id AND t.id=mi_idx.movie_id AND t.id=mk.movie_id AND mk.keyword_id<7467
  qep:
  - node: Nested loop inner join (cost=11.2e+6 rows=22e+6) (actual time=1.97..81333
      rows=58.1e+6 loops=1)
    actual_rows: 58100000.0
    estimated_rows: 22000000.0
    q_error: 2.640909090909091
  - node: Nested loop inner join (cost=3.52e+6 rows=6.78e+6) (actual time=1.64..16926
      rows=6.15e+6 loops=1)
    actual_rows: 6150000.0
    estimated_rows: 6780000.0
    q_error: 1.102439024390244
  - node: Nested loop inner join (cost=1.15e+6 rows=2.09e+6) (actual time=0.948..3841
      rows=2.67e+6 loops=1)
    actual_rows: 2670000.0
    estimated_rows: 2090000.0
    q_error: 1.277511961722488
  - node: 'Filter: (mk.keyword_id < 7467) (cost=420275 rows=2.09e+6) (actual time=0.926..1605
      rows=2.67e+6 loops=1)'
    actual_rows: 2670000.0
    estimated_rows: 2090000.0
    q_error: 1.277511961722488
  - node: Table scan on mk (cost=420275 rows=4.18e+6) (actual time=0.762..1259 rows=4.52e+6
      loops=1)
    actual_rows: 4520000.0
    estimated_rows: 4180000.0
    q_error: 1.0813397129186604
  - node: Single-row index lookup on t using PRIMARY (id=mk.movie_id) (cost=0.25 rows=1)
      (actual time=680e-6..702e-6 rows=1 loops=2.67e+6)
    actual_rows: 1.0
    estimated_rows: 1.0
    q_error: 1.0
  - node: Index lookup on mi_idx using movie_id_movie_info_idx (movie_id=mk.movie_id)
      (cost=0.811 rows=3.24) (actual time=0.0025..0.00471 rows=2.3 loops=2.67e+6)
    actual_rows: 2.3
    estimated_rows: 3.24
    q_error: 1.4086956521739133
  - node: Index lookup on mc using movie_id_movie_companies (movie_id=mk.movie_id)
      (cost=0.811 rows=3.24) (actual time=0.00143..0.00993 rows=9.44 loops=6.15e+6)
    actual_rows: 9.44
    estimated_rows: 3.24
    q_error: 2.91358024691358

- query: SELECT * FROM title t,movie_info mi,movie_info_idx mi_idx WHERE t.id=mi.movie_id
    AND t.id=mi_idx.movie_id
  qep:
  - node: Nested loop inner join (cost=2.96e+6 rows=6.82e+6) (actual time=0.0808..31524
      rows=20.9e+6 loops=1)
    actual_rows: 20900000.0
    estimated_rows: 6820000.0
    q_error: 3.064516129032258
  - node: Nested loop inner join (cost=571898 rows=1.27e+6) (actual time=0.027..1946
      rows=1.38e+6 loops=1)
    actual_rows: 1380000.0
    estimated_rows: 1270000.0
    q_error: 1.0866141732283465
  - node: Table scan on mi_idx (cost=127705 rows=1.27e+6) (actual time=0.0164..865
      rows=1.38e+6 loops=1)
    actual_rows: 1380000.0
    estimated_rows: 1270000.0
    q_error: 1.0866141732283465
  - node: Single-row index lookup on t using PRIMARY (id=mi_idx.movie_id) (cost=0.25
      rows=1) (actual time=629e-6..651e-6 rows=1 loops=1.38e+6)
    actual_rows: 1.0
    estimated_rows: 1.0
    q_error: 1.0
  - node: Index lookup on mi using movie_id_movie_info (movie_id=mi_idx.movie_id)
      (cost=1.34 rows=5.37) (actual time=0.00217..0.0206 rows=15.1 loops=1.38e+6)
    actual_rows: 15.1
    estimated_rows: 5.37
    q_error: 2.811918063314711

- query: SELECT * FROM title t,cast_info ci,movie_info mi,movie_info_idx mi_idx,movie_keyword
    mk WHERE t.id=ci.movie_id AND t.id=mi.movie_id AND t.id=mi_idx.movie_id AND t.id=mk.movie_id
    AND t.production_year=1997 AND mi_idx.info_type_id<101
  qep:
  - node: Nested loop inner join (cost=23.1e+6 rows=60.8e+6) (actual time=8.09..1.56e+6
      rows=1.28e+9 loops=1)
    actual_rows: 1280000000.0
    estimated_rows: 60800000.0
    q_error: 21.05263157894737
  - node: Nested loop inner join (cost=1.85e+6 rows=3.93e+6) (actual time=8..16431
      rows=10.3e+6 loops=1)
    actual_rows: 10300000.0
    estimated_rows: 3930000.0
    q_error: 2.6208651399491094
  - node: Nested loop inner join (cost=469110 rows=340883) (actual time=5.05..2728
      rows=267984 loops=1)
    actual_rows: 267984.0
    estimated_rows: 340883.0
    q_error: 1.2720274344737
  - node: Nested loop inner join (cost=349801 rows=63456) (actual time=4.99..1836
      rows=17996 loops=1)
    actual_rows: 17996.0
    estimated_rows: 63456.0
    q_error: 3.526116914869971
  - node: 'Filter: (mi_idx.info_type_id < 101) (cost=127705 rows=634560) (actual time=0.0557..930
      rows=919850 loops=1)'
    actual_rows: 919850.0
    estimated_rows: 634560.0
    q_error: 1.4495871154815936
  - node: Table scan on mi_idx (cost=127705 rows=1.27e+6) (actual time=0.0525..829
      rows=1.38e+6 loops=1)
    actual_rows: 1380000.0
    estimated_rows: 1270000.0
    q_error: 1.0866141732283465
  - node: 'Filter: (t.production_year = 1997) (cost=0.25 rows=0.1) (actual time=897e-6..900e-6
      rows=0.0196 loops=919850)'
    actual_rows: 0.0196
    estimated_rows: 0.1
    q_error: 5.102040816326531
  - node: Single-row index lookup on t using PRIMARY (id=mi_idx.movie_id) (cost=0.25
      rows=1) (actual time=729e-6..752e-6 rows=1 loops=919850)
    actual_rows: 1.0
    estimated_rows: 1.0
    q_error: 1.0
  - node: Index lookup on mi using movie_id_movie_info (movie_id=mi_idx.movie_id)
      (cost=1.34 rows=5.37) (actual time=0.00421..0.0486 rows=14.9 loops=17996)
    actual_rows: 14.9
    estimated_rows: 5.37
    q_error: 2.7746741154562384
  - node: Index lookup on mk using movie_id_movie_keyword (movie_id=mi_idx.movie_id)
      (cost=2.88 rows=11.5) (actual time=0.01..0.0492 rows=38.3 loops=267984)
    actual_rows: 38.3
    estimated_rows: 11.5
    q_error: 3.3304347826086955
  - node: Index lookup on ci using movie_id_cast_info (movie_id=mi_idx.movie_id) (cost=3.87
      rows=15.5) (actual time=0.0018..0.145 rows=124 loops=10.3e+6)
    actual_rows: 124.0
    estimated_rows: 15.5
    q_error: 8.0

- query: SELECT * FROM movie_keyword mk WHERE mk.keyword_id<479
  qep:
  - node: 'Filter: (mk.keyword_id < 479) (cost=420275 rows=1.57e+6) (actual time=0.67..930
      rows=621177 loops=1)'
    actual_rows: 621177.0
    estimated_rows: 1570000.0
    q_error: 2.527459967126922
  - node: Table scan on mk (cost=420275 rows=4.18e+6) (actual time=0.669..751 rows=4.52e+6
      loops=1)
    actual_rows: 4520000.0
    estimated_rows: 4180000.0
    q_error: 1.0813397129186604

- query: SELECT * FROM title t,movie_companies mc,cast_info ci,movie_info mi,movie_info_idx
    mi_idx WHERE t.id=mc.movie_id AND t.id=ci.movie_id AND t.id=mi.movie_id AND t.id=mi_idx.movie_id
    AND mc.company_id>19661 AND mc.company_type_id<2 AND mi.info_type_id<18 AND mi_idx.info_type_id>99
  qep:
  - node: Nested loop inner join (cost=9.48e+6 rows=21.4e+6) (actual time=2026..482917
      rows=368e+6 loops=1)
    actual_rows: 368000000.0
    estimated_rows: 21400000.0
    q_error: 17.19626168224299
  - node: Nested loop inner join (cost=2e+6 rows=1.38e+6) (actual time=2024..19593
      rows=4.43e+6 loops=1)
    actual_rows: 4430000.0
    estimated_rows: 1380000.0
    q_error: 3.210144927536232
  - node: Nested loop inner join (cost=1.03e+6 rows=514561) (actual time=2024..6533
      rows=147948 loops=1)
    actual_rows: 147948.0
    estimated_rows: 514561.0
    q_error: 3.477985508421878
  - node: Nested loop inner join (cost=848092 rows=514561) (actual time=2024..6300
      rows=147948 loops=1)
    actual_rows: 147948.0
    estimated_rows: 514561.0
    q_error: 3.477985508421878
  - node: 'Filter: (mi_idx.info_type_id > 99) (cost=127705 rows=634560) (actual time=0.37..966
      rows=920110 loops=1)'
    actual_rows: 920110.0
    estimated_rows: 634560.0
    q_error: 1.4499968482097831
  - node: Table scan on mi_idx (cost=127705 rows=1.27e+6) (actual time=0.365..858
      rows=1.38e+6 loops=1)
    actual_rows: 1380000.0
    estimated_rows: 1270000.0
    q_error: 1.0866141732283465
  - node: 'Filter: ((mc.company_id > 19661) and (mc.company_type_id < 2)) (cost=0.811
      rows=0.811) (actual time=0.00478..0.0057 rows=0.161 loops=920110)'
    actual_rows: 0.161
    estimated_rows: 0.811
    q_error: 5.037267080745342
  - node: Index lookup on mc using movie_id_movie_companies (movie_id=mi_idx.movie_id)
      (cost=0.811 rows=3.24) (actual time=0.0023..0.00531 rows=2.95 loops=920110)
    actual_rows: 2.95
    estimated_rows: 3.24
    q_error: 1.0983050847457627
  - node: Single-row index lookup on t using PRIMARY (id=mi_idx.movie_id) (cost=0.25
      rows=1) (actual time=0.00129..0.00132 rows=1 loops=147948)
    actual_rows: 1.0
    estimated_rows: 1.0
    q_error: 1.0
  - node: 'Filter: (mi.info_type_id < 18) (cost=1.34 rows=2.69) (actual time=0.00521..0.0862
      rows=30 loops=147948)'
    actual_rows: 30.0
    estimated_rows: 2.69
    q_error: 11.152416356877323
  - node: Index lookup on mi using movie_id_movie_info (movie_id=mi_idx.movie_id)
      (cost=1.34 rows=5.37) (actual time=0.00336..0.0815 rows=41.3 loops=147948)
    actual_rows: 41.3
    estimated_rows: 5.37
    q_error: 7.690875232774673
  - node: Index lookup on ci using movie_id_cast_info (movie_id=mi_idx.movie_id) (cost=3.87
      rows=15.5) (actual time=0.00221..0.101 rows=83.1 loops=4.43e+6)
    actual_rows: 83.1
    estimated_rows: 15.5
    q_error: 5.361290322580645

- query: SELECT * FROM title t,movie_companies mc,movie_info_idx mi_idx,movie_keyword
    mk WHERE t.id=mc.movie_id AND t.id=mi_idx.movie_id AND t.id=mk.movie_id AND t.kind_id<7
    AND t.production_year<2007 AND mc.company_id=12591 AND mc.company_type_id=1 AND
    mk.keyword_id>829
  qep:
  - node: Nested loop inner join (cost=691 rows=794) (actual time=3.16..8.97 rows=567
      loops=1)
    actual_rows: 567.0
    estimated_rows: 794.0
    q_error: 1.400352733686067
  - node: Nested loop inner join (cost=413 rows=245) (actual time=1.27..8.36 rows=219
      loops=1)
    actual_rows: 219.0
    estimated_rows: 245.0
    q_error: 1.1187214611872147
  - node: Nested loop inner join (cost=242 rows=42.4) (actual time=0.266..1.87 rows=496
      loops=1)
    actual_rows: 496.0
    estimated_rows: 42.4
    q_error: 11.69811320754717
  - node: 'Filter: (mc.company_type_id = 1) (cost=153 rows=254) (actual time=0.254..1.01
      rows=496 loops=1)'
    actual_rows: 496.0
    estimated_rows: 254.0
    q_error: 1.952755905511811
  - node: Index lookup on mc using company_id_movie_companies (company_id=12591) (cost=153
      rows=509) (actual time=0.253..0.974 rows=509 loops=1)
    actual_rows: 509.0
    estimated_rows: 509.0
    q_error: 1.0
  - node: 'Filter: ((t.kind_id < 7) and (t.production_year < 2007)) (cost=0.25 rows=0.167)
      (actual time=0.00158..0.00163 rows=1 loops=496)'
    actual_rows: 1.0
    estimated_rows: 0.167
    q_error: 5.988023952095808
  - node: Single-row index lookup on t using PRIMARY (id=mc.movie_id) (cost=0.25 rows=1)
      (actual time=0.00147..0.00148 rows=1 loops=496)
    actual_rows: 1.0
    estimated_rows: 1.0
    q_error: 1.0
  - node: 'Filter: (mk.keyword_id > 829) (cost=2.9 rows=5.77) (actual time=0.0126..0.013
      rows=0.442 loops=496)'
    actual_rows: 0.442
    estimated_rows: 5.77
    q_error: 13.054298642533935
  - node: Index lookup on mk using movie_id_movie_keyword (movie_id=mc.movie_id) (cost=2.9
      rows=11.5) (actual time=0.0125..0.0129 rows=0.53 loops=496)
    actual_rows: 0.53
    estimated_rows: 11.5
    q_error: 21.69811320754717
  - node: Index lookup on mi_idx using movie_id_movie_info_idx (movie_id=mc.movie_id)
      (cost=0.812 rows=3.24) (actual time=0.00117..0.00259 rows=2.59 loops=219)
    actual_rows: 2.59
    estimated_rows: 3.24
    q_error: 1.2509652509652511

- query: SELECT * FROM title t,movie_companies mc,movie_info mi,movie_info_idx mi_idx
    WHERE t.id=mc.movie_id AND t.id=mi.movie_id AND t.id=mi_idx.movie_id AND t.kind_id>4
    AND t.production_year=2008 AND mi_idx.info_type_id=99
  qep:
  - node: Nested loop inner join (cost=517445 rows=552840) (actual time=0.358..1863
      rows=263936 loops=1)
    actual_rows: 263936.0
    estimated_rows: 552840.0
    q_error: 2.0945986905916585
  - node: Nested loop inner join (cost=323951 rows=102912) (actual time=0.351..1531
      rows=14626 loops=1)
    actual_rows: 14626.0
    estimated_rows: 102912.0
    q_error: 7.036236838506769
  - node: Nested loop inner join (cost=287932 rows=31728) (actual time=0.343..1492
      rows=6565 loops=1)
    actual_rows: 6565.0
    estimated_rows: 31728.0
    q_error: 4.832901751713633
  - node: Index lookup on mi_idx using info_type_id_movie_info_idx (info_type_id=99)
      (cost=65836 rows=634560) (actual time=0.0169..707 rows=459925 loops=1)
    actual_rows: 459925.0
    estimated_rows: 634560.0
    q_error: 1.3797032124802957
  - node: 'Filter: ((t.production_year = 2008) and (t.kind_id > 4)) (cost=0.25 rows=0.05)
      (actual time=0.0016..0.0016 rows=0.0143 loops=459925)'
    actual_rows: 0.0143
    estimated_rows: 0.05
    q_error: 3.4965034965034967
  - node: Single-row index lookup on t using PRIMARY (id=mi_idx.movie_id) (cost=0.25
      rows=1) (actual time=0.00138..0.00141 rows=1 loops=459925)
    actual_rows: 1.0
    estimated_rows: 1.0
    q_error: 1.0
  - node: Index lookup on mc using movie_id_movie_companies (movie_id=mi_idx.movie_id)
      (cost=0.811 rows=3.24) (actual time=0.003..0.00572 rows=2.23 loops=6565)
    actual_rows: 2.23
    estimated_rows: 3.24
    q_error: 1.4529147982062782
  - node: Index lookup on mi using movie_id_movie_info (movie_id=mi_idx.movie_id)
      (cost=1.34 rows=5.37) (actual time=0.00199..0.0217 rows=18 loops=14626)
    actual_rows: 18.0
    estimated_rows: 5.37
    q_error: 3.35195530726257

- query: SELECT * FROM title t,cast_info ci,movie_info_idx mi_idx WHERE t.id=ci.movie_id
    AND t.id=mi_idx.movie_id AND ci.person_id>2419858 AND mi_idx.info_type_id>101
  qep:
  - node: Nested loop inner join (cost=1616 rows=2011) (actual time=0.507..88.6 rows=11525
      loops=1)
    actual_rows: 11525.0
    estimated_rows: 2011.0
    q_error: 5.730979612133267
  - node: Nested loop inner join (cost=208 rows=260) (actual time=0.316..1.67 rows=260
      loops=1)
    actual_rows: 260.0
    estimated_rows: 260.0
    q_error: 1.0
  - node: 'Index range scan on mi_idx using info_type_id_movie_info_idx over (101
      < info_type_id), with index condition: (mi_idx.info_type_id > 101) (cost=117
      rows=260) (actual time=0.304..0.862 rows=260 loops=1)'
    actual_rows: 260.0
    estimated_rows: 260.0
    q_error: 1.0
  - node: Single-row index lookup on t using PRIMARY (id=mi_idx.movie_id) (cost=0.25
      rows=1) (actual time=0.00286..0.00289 rows=1 loops=260)
    actual_rows: 1.0
    estimated_rows: 1.0
    q_error: 1.0
  - node: 'Filter: (ci.person_id > 2419858) (cost=3.87 rows=7.73) (actual time=0.163..0.332
      rows=44.3 loops=260)'
    actual_rows: 44.3
    estimated_rows: 7.73
    q_error: 5.7309184993531685
  - node: Index lookup on ci using movie_id_cast_info (movie_id=mi_idx.movie_id) (cost=3.87
      rows=15.5) (actual time=0.00755..0.325 rows=124 loops=260)
    actual_rows: 124.0
    estimated_rows: 15.5
    q_error: 8.0

- query: SELECT * FROM movie_keyword mk WHERE mk.keyword_id>9751
  qep:
  - node: 'Filter: (mk.keyword_id > 9751) (cost=420275 rows=2.09e+6) (actual time=4.14..886
      rows=1.59e+6 loops=1)'
    actual_rows: 1590000.0
    estimated_rows: 2090000.0
    q_error: 1.3144654088050314
  - node: Table scan on mk (cost=420275 rows=4.18e+6) (actual time=0.717..690 rows=4.52e+6
      loops=1)
    actual_rows: 4520000.0
    estimated_rows: 4180000.0
    q_error: 1.0813397129186604

- query: SELECT * FROM title t,movie_companies mc,cast_info ci,movie_info mi,movie_info_idx
    mi_idx WHERE t.id=mc.movie_id AND t.id=ci.movie_id AND t.id=mi.movie_id AND t.id=mi_idx.movie_id
    AND t.production_year=2012 AND mc.company_id=139 AND ci.role_id>10 AND mi.info_type_id=3
    AND mi_idx.info_type_id=100
  qep:
  - node: Nested loop inner join (cost=4921 rows=183) (actual time=2.87..28.9 rows=6
      loops=1)
    actual_rows: 6.0
    estimated_rows: 183.0
    q_error: 30.5
  - node: Nested loop inner join (cost=4793 rows=113) (actual time=0.525..28.9 rows=8
      loops=1)
    actual_rows: 8.0
    estimated_rows: 113.0
    q_error: 14.125
  - node: Nested loop inner join (cost=4620 rows=91.9) (actual time=0.512..28.8 rows=5
      loops=1)
    actual_rows: 5.0
    estimated_rows: 91.9
    q_error: 18.380000000000003
  - node: Nested loop inner join (cost=2605 rows=372) (actual time=0.404..16.6 rows=95
      loops=1)
    actual_rows: 95.0
    estimated_rows: 372.0
    q_error: 3.9157894736842107
  - node: Index lookup on mc using company_id_movie_companies (company_id=139) (cost=1303
      rows=3722) (actual time=0.0193..5.05 rows=3722 loops=1)
    actual_rows: 3722.0
    estimated_rows: 3722.0
    q_error: 1.0
  - node: 'Filter: (t.production_year = 2012) (cost=0.25 rows=0.1) (actual time=0.00303..0.00303
      rows=0.0255 loops=3722)'
    actual_rows: 0.0255
    estimated_rows: 0.1
    q_error: 3.9215686274509807
  - node: Single-row index lookup on t using PRIMARY (id=mc.movie_id) (cost=0.25 rows=1)
      (actual time=0.00292..0.00293 rows=1 loops=3722)
    actual_rows: 1.0
    estimated_rows: 1.0
    q_error: 1.0
  - node: 'Filter: (ci.role_id > 10) (cost=3.87 rows=0.247) (actual time=0.128..0.128
      rows=0.0526 loops=95)'
    actual_rows: 0.0526
    estimated_rows: 0.247
    q_error: 4.695817490494297
  - node: Index lookup on ci using movie_id_cast_info (movie_id=mc.movie_id) (cost=3.87
      rows=15.5) (actual time=0.0366..0.127 rows=21.4 loops=95)
    actual_rows: 21.4
    estimated_rows: 15.5
    q_error: 1.3806451612903226
  - node: 'Filter: (mi.info_type_id = 3) (cost=1.34 rows=1.22) (actual time=0.0146..0.0193
      rows=1.6 loops=5)'
    actual_rows: 1.6
    estimated_rows: 1.22
    q_error: 1.3114754098360657
  - node: Index lookup on mi using movie_id_movie_info (movie_id=mc.movie_id) (cost=1.34
      rows=5.37) (actual time=0.0078..0.0187 rows=6.6 loops=5)
    actual_rows: 6.6
    estimated_rows: 5.37
    q_error: 1.2290502793296088
  - node: 'Filter: (mi_idx.info_type_id = 100) (cost=0.812 rows=1.62) (actual time=0.00615..0.00716
      rows=0.75 loops=8)'
    actual_rows: 0.75
    estimated_rows: 1.62
    q_error: 2.16
  - node: Index lookup on mi_idx using movie_id_movie_info_idx (movie_id=mc.movie_id)
      (cost=0.812 rows=3.24) (actual time=0.00526..0.00686 rows=2.25 loops=8)
    actual_rows: 2.25
    estimated_rows: 3.24
    q_error: 1.4400000000000002

- query: SELECT * FROM movie_keyword mk WHERE mk.keyword_id=2810
  qep:
  - node: Index lookup on mk using keyword_id_movie_keyword (keyword_id=2810) (cost=473
      rows=1351) (actual time=1.17..2.63 rows=1351 loops=1)
    actual_rows: 1351.0
    estimated_rows: 1351.0
    q_error: 1.0

- query: SELECT * FROM title t,movie_info_idx mi_idx WHERE t.id=mi_idx.movie_id AND
    t.production_year=2004
  qep:
  - node: Nested loop inner join (cost=561476 rows=843488) (actual time=0.12..3184
      rows=51108 loops=1)
    actual_rows: 51108.0
    estimated_rows: 843488.0
    q_error: 16.504030680128356
  - node: 'Filter: (t.production_year = 2004) (cost=266255 rows=260127) (actual time=0.0844..2892
      rows=84593 loops=1)'
    actual_rows: 84593.0
    estimated_rows: 260127.0
    q_error: 3.0750416701145484
  - node: Table scan on t (cost=266255 rows=2.6e+6) (actual time=0.0333..2720 rows=2.53e+6
      loops=1)
    actual_rows: 2530000.0
    estimated_rows: 2600000.0
    q_error: 1.0276679841897234
  - node: Index lookup on mi_idx using movie_id_movie_info_idx (movie_id=t.id) (cost=0.811
      rows=3.24) (actual time=0.0026..0.00326 rows=0.604 loops=84593)
    actual_rows: 0.604
    estimated_rows: 3.24
    q_error: 5.364238410596027

- query: SELECT * FROM title t,movie_companies mc,movie_info_idx mi_idx,movie_keyword
    mk WHERE t.id=mc.movie_id AND t.id=mi_idx.movie_id AND t.id=mk.movie_id AND mc.company_id>47026
    AND mc.company_type_id<2
  qep:
  - node: Nested loop inner join (cost=6.09e+6 rows=11.9e+6) (actual time=4454..8537
      rows=854324 loops=1)
    actual_rows: 854324.0
    estimated_rows: 11900000.0
    q_error: 13.929141637130643
  - node: Nested loop inner join (cost=1.93e+6 rows=1.03e+6) (actual time=4454..7421
      rows=42534 loops=1)
    actual_rows: 42534.0
    estimated_rows: 1030000.0
    q_error: 24.215921380542625
  - node: Nested loop inner join (cost=1.57e+6 rows=1.03e+6) (actual time=4454..7383
      rows=42534 loops=1)
    actual_rows: 42534.0
    estimated_rows: 1030000.0
    q_error: 24.215921380542625
  - node: Table scan on mi_idx (cost=127705 rows=1.27e+6) (actual time=0.0135..806
      rows=1.38e+6 loops=1)
    actual_rows: 1380000.0
    estimated_rows: 1270000.0
    q_error: 1.0866141732283465
  - node: 'Filter: ((mc.company_id > 47026) and (mc.company_type_id < 2)) (cost=0.811
      rows=0.811) (actual time=0.00455..0.00469 rows=0.0308 loops=1.38e+6)'
    actual_rows: 0.0308
    estimated_rows: 0.811
    q_error: 26.33116883116883
  - node: Index lookup on mc using movie_id_movie_companies (movie_id=mi_idx.movie_id)
      (cost=0.811 rows=3.24) (actual time=0.00182..0.00438 rows=2.95 loops=1.38e+6)
    actual_rows: 2.95
    estimated_rows: 3.24
    q_error: 1.0983050847457627
  - node: Single-row index lookup on t using PRIMARY (id=mi_idx.movie_id) (cost=0.25
      rows=1) (actual time=695e-6..718e-6 rows=1 loops=42534)
    actual_rows: 1.0
    estimated_rows: 1.0
    q_error: 1.0
  - node: Index lookup on mk using movie_id_movie_keyword (movie_id=mi_idx.movie_id)
      (cost=2.88 rows=11.5) (actual time=0.0106..0.0251 rows=20.1 loops=42534)
    actual_rows: 20.1
    estimated_rows: 11.5
    q_error: 1.7478260869565219

- query: SELECT * FROM movie_keyword mk WHERE mk.keyword_id>6313
  qep:
  - node: 'Filter: (mk.keyword_id > 6313) (cost=420275 rows=2.09e+6) (actual time=2.67..897
      rows=1.99e+6 loops=1)'
    actual_rows: 1990000.0
    estimated_rows: 2090000.0
    q_error: 1.050251256281407
  - node: Table scan on mk (cost=420275 rows=4.18e+6) (actual time=0.716..692 rows=4.52e+6
      loops=1)
    actual_rows: 4520000.0
    estimated_rows: 4180000.0
    q_error: 1.0813397129186604

- query: SELECT * FROM title t,movie_companies mc,cast_info ci,movie_info_idx mi_idx,movie_keyword
    mk WHERE t.id=mc.movie_id AND t.id=ci.movie_id AND t.id=mi_idx.movie_id AND t.id=mk.movie_id
    AND mc.company_id<145 AND mc.company_type_id<2 AND ci.person_id>1174178 AND mi_idx.info_type_id<101
  qep:
  - node: Nested loop inner join (cost=9.06e+6 rows=19.8e+6) (actual time=0.332..210198
      rows=190e+6 loops=1)
    actual_rows: 190000000.0
    estimated_rows: 19800000.0
    q_error: 9.595959595959595
  - node: Nested loop inner join (cost=2.13e+6 rows=1.72e+6) (actual time=0.318..36446
      rows=6.01e+6 loops=1)
    actual_rows: 6010000.0
    estimated_rows: 1720000.0
    q_error: 3.494186046511628
  - node: Nested loop inner join (cost=925777 rows=221957) (actual time=0.27..6606
      rows=203908 loops=1)
    actual_rows: 203908.0
    estimated_rows: 221957.0
    q_error: 1.0885154089099005
  - node: Nested loop inner join (cost=848092 rows=221957) (actual time=0.262..6324
      rows=203908 loops=1)
    actual_rows: 203908.0
    estimated_rows: 221957.0
    q_error: 1.0885154089099005
  - node: 'Filter: (mi_idx.info_type_id < 101) (cost=127705 rows=634560) (actual time=0.245..990
      rows=919850 loops=1)'
    actual_rows: 919850.0
    estimated_rows: 634560.0
    q_error: 1.4495871154815936
  - node: Table scan on mi_idx (cost=127705 rows=1.27e+6) (actual time=0.244..877
      rows=1.38e+6 loops=1)
    actual_rows: 1380000.0
    estimated_rows: 1270000.0
    q_error: 1.0866141732283465
  - node: 'Filter: ((mc.company_id < 145) and (mc.company_type_id < 2)) (cost=0.811
      rows=0.35) (actual time=0.00471..0.0057 rows=0.222 loops=919850)'
    actual_rows: 0.222
    estimated_rows: 0.35
    q_error: 1.5765765765765765
  - node: Index lookup on mc using movie_id_movie_companies (movie_id=mi_idx.movie_id)
      (cost=0.811 rows=3.24) (actual time=0.00228..0.00534 rows=2.95 loops=919850)
    actual_rows: 2.95
    estimated_rows: 3.24
    q_error: 1.0983050847457627
  - node: Single-row index lookup on t using PRIMARY (id=mi_idx.movie_id) (cost=0.25
      rows=1) (actual time=0.00114..0.00117 rows=1 loops=203908)
    actual_rows: 1.0
    estimated_rows: 1.0
    q_error: 1.0
  - node: 'Filter: (ci.person_id > 1174178) (cost=3.87 rows=7.73) (actual time=0.044..0.145
      rows=29.5 loops=203908)'
    actual_rows: 29.5
    estimated_rows: 7.73
    q_error: 3.816300129366106
  - node: Index lookup on ci using movie_id_cast_info (movie_id=mi_idx.movie_id) (cost=3.87
      rows=15.5) (actual time=0.0184..0.14 rows=44.4 loops=203908)
    actual_rows: 44.4
    estimated_rows: 15.5
    q_error: 2.864516129032258
  - node: Index lookup on mk using movie_id_movie_keyword (movie_id=mi_idx.movie_id)
      (cost=2.88 rows=11.5) (actual time=0.00591..0.0274 rows=31.6 loops=6.01e+6)
    actual_rows: 31.6
    estimated_rows: 11.5
    q_error: 2.747826086956522

- query: SELECT * FROM movie_info mi WHERE mi.info_type_id<2
  qep:
  - node: 'Index range scan on mi using info_type_id_movie_info over (info_type_id
      < 2), with index condition: (mi.info_type_id < 2) (cost=744455 rows=1.65e+6)
      (actual time=0.511..1487 rows=802140 loops=1)'
    actual_rows: 802140.0
    estimated_rows: 1650000.0
    q_error: 2.056997531602962

- query: SELECT * FROM title t,movie_companies mc,cast_info ci,movie_info_idx mi_idx,movie_keyword
    mk WHERE t.id=mc.movie_id AND t.id=ci.movie_id AND t.id=mi_idx.movie_id AND t.id=mk.movie_id
    AND ci.person_id<2451133 AND mi_idx.info_type_id>99
  qep:
  - node: Nested loop inner join (cost=73.6e+6 rows=184e+6) (actual time=0.186..3.63e+6
      rows=3.93e+9 loops=1)
    actual_rows: 3930000000.0
    estimated_rows: 184000000.0
    q_error: 21.358695652173914
  - node: Nested loop inner join (cost=9.36e+6 rows=15.9e+6) (actual time=0.153..200851
      rows=81.9e+6 loops=1)
    actual_rows: 81900000.0
    estimated_rows: 15900000.0
    q_error: 5.150943396226415
  - node: Nested loop inner join (cost=3.79e+6 rows=4.91e+6) (actual time=0.13..84851
      rows=17.9e+6 loops=1)
    actual_rows: 17900000.0
    estimated_rows: 4910000.0
    q_error: 3.645621181262729
  - node: Nested loop inner join (cost=349801 rows=634560) (actual time=0.0772..3691
      rows=920110 loops=1)
    actual_rows: 920110.0
    estimated_rows: 634560.0
    q_error: 1.4499968482097831
  - node: 'Filter: (mi_idx.info_type_id > 99) (cost=127705 rows=634560) (actual time=0.0472..1247
      rows=920110 loops=1)'
    actual_rows: 920110.0
    estimated_rows: 634560.0
    q_error: 1.4499968482097831
  - node: Table scan on mi_idx (cost=127705 rows=1.27e+6) (actual time=0.0371..1085
      rows=1.38e+6 loops=1)
    actual_rows: 1380000.0
    estimated_rows: 1270000.0
    q_error: 1.0866141732283465
  - node: Single-row index lookup on t using PRIMARY (id=mi_idx.movie_id) (cost=0.25
      rows=1) (actual time=0.00244..0.00247 rows=1 loops=920110)
    actual_rows: 1.0
    estimated_rows: 1.0
    q_error: 1.0
  - node: 'Filter: (ci.person_id < 2451133) (cost=3.87 rows=7.73) (actual time=0.00649..0.0869
      rows=19.5 loops=920110)'
    actual_rows: 19.5
    estimated_rows: 7.73
    q_error: 2.522639068564036
  - node: Index lookup on ci using movie_id_cast_info (movie_id=mi_idx.movie_id) (cost=3.87
      rows=15.5) (actual time=0.00596..0.0838 rows=29.7 loops=920110)
    actual_rows: 29.7
    estimated_rows: 15.5
    q_error: 1.9161290322580644
  - node: Index lookup on mc using movie_id_movie_companies (movie_id=mi_idx.movie_id)
      (cost=0.811 rows=3.24) (actual time=0.00159..0.00616 rows=4.56 loops=17.9e+6)
    actual_rows: 4.56
    estimated_rows: 3.24
    q_error: 1.4074074074074072
  - node: Index lookup on mk using movie_id_movie_keyword (movie_id=mi_idx.movie_id)
      (cost=2.88 rows=11.5) (actual time=0.00684..0.0397 rows=47.9 loops=81.9e+6)
    actual_rows: 47.9
    estimated_rows: 11.5
    q_error: 4.165217391304347

- query: SELECT * FROM title t,movie_info mi WHERE t.id=mi.movie_id AND t.kind_id>1
    AND mi.info_type_id>4
  qep:
  - node: Nested loop inner join (cost=2.71e+6 rows=3.49e+6) (actual time=0.631..26450
      rows=4.41e+6 loops=1)
    actual_rows: 4410000.0
    estimated_rows: 3490000.0
    q_error: 1.2636103151862463
  - node: 'Filter: (t.kind_id > 1) (cost=266255 rows=1.3e+6) (actual time=0.0226..2736
      rows=1.87e+6 loops=1)'
    actual_rows: 1870000.0
    estimated_rows: 1300000.0
    q_error: 1.4384615384615385
  - node: Table scan on t (cost=266255 rows=2.6e+6) (actual time=0.0215..2535 rows=2.53e+6
      loops=1)
    actual_rows: 2530000.0
    estimated_rows: 2600000.0
    q_error: 1.0276679841897234
  - node: 'Filter: (mi.info_type_id > 4) (cost=1.34 rows=2.69) (actual time=0.00592..0.0125
      rows=2.36 loops=1.87e+6)'
    actual_rows: 2.36
    estimated_rows: 2.69
    q_error: 1.1398305084745763
  - node: Index lookup on mi using movie_id_movie_info (movie_id=t.id) (cost=1.34
      rows=5.37) (actual time=0.00518..0.012 rows=3.5 loops=1.87e+6)
    actual_rows: 3.5
    estimated_rows: 5.37
    q_error: 1.5342857142857143

- query: SELECT * FROM title t,cast_info ci,movie_info_idx mi_idx WHERE t.id=ci.movie_id
    AND t.id=mi_idx.movie_id AND t.kind_id>3 AND ci.person_id<1234513
  qep:
  - node: Nested loop inner join (cost=4.01e+6 rows=4.91e+6) (actual time=0.065..31833
      rows=5.91e+6 loops=1)
    actual_rows: 5910000.0
    estimated_rows: 4910000.0
    q_error: 1.2036659877800406
  - node: Nested loop inner join (cost=571898 rows=634560) (actual time=0.0505..2040
      rows=525930 loops=1)
    actual_rows: 525930.0
    estimated_rows: 634560.0
    q_error: 1.2065483999771833
  - node: Table scan on mi_idx (cost=127705 rows=1.27e+6) (actual time=0.0178..850
      rows=1.38e+6 loops=1)
    actual_rows: 1380000.0
    estimated_rows: 1270000.0
    q_error: 1.0866141732283465
  - node: 'Filter: (t.kind_id > 3) (cost=0.25 rows=0.5) (actual time=733e-6..763e-6
      rows=0.381 loops=1.38e+6)'
    actual_rows: 0.381
    estimated_rows: 0.5
    q_error: 1.3123359580052494
  - node: Single-row index lookup on t using PRIMARY (id=mi_idx.movie_id) (cost=0.25
      rows=1) (actual time=585e-6..606e-6 rows=1 loops=1.38e+6)
    actual_rows: 1.0
    estimated_rows: 1.0
    q_error: 1.0
  - node: 'Filter: (ci.person_id < 1234513) (cost=3.87 rows=7.73) (actual time=0.00307..0.056
      rows=11.2 loops=525930)'
    actual_rows: 11.2
    estimated_rows: 7.73
    q_error: 1.448900388098318
  - node: Index lookup on ci using movie_id_cast_info (movie_id=mi_idx.movie_id) (cost=3.87
      rows=15.5) (actual time=0.00243..0.0538 rows=32.9 loops=525930)
    actual_rows: 32.9
    estimated_rows: 15.5
    q_error: 2.1225806451612903

- query: SELECT * FROM title t,cast_info ci,movie_info mi,movie_keyword mk WHERE t.id=ci.movie_id
    AND t.id=mi.movie_id AND t.id=mk.movie_id AND mk.keyword_id=3513
  qep:
  - node: Nested loop inner join (cost=15800 rows=41463) (actual time=2.68..1569 rows=1.22e+6
      loops=1)
    actual_rows: 1220000.0
    estimated_rows: 41463.0
    q_error: 29.423823650001207
  - node: Nested loop inner join (cost=1288 rows=2681) (actual time=2.67..114 rows=17885
      loops=1)
    actual_rows: 17885.0
    estimated_rows: 2681.0
    q_error: 6.671018276762402
  - node: Nested loop inner join (cost=349 rows=499) (actual time=2.64..5.4 rows=499
      loops=1)
    actual_rows: 499.0
    estimated_rows: 499.0
    q_error: 1.0
  - node: Index lookup on mk using keyword_id_movie_keyword (keyword_id=3513) (cost=175
      rows=499) (actual time=2.63..3.66 rows=499 loops=1)
    actual_rows: 499.0
    estimated_rows: 499.0
    q_error: 1.0
  - node: Single-row index lookup on t using PRIMARY (id=mk.movie_id) (cost=0.25 rows=1)
      (actual time=0.00323..0.00326 rows=1 loops=499)
    actual_rows: 1.0
    estimated_rows: 1.0
    q_error: 1.0
  - node: Index lookup on mi using movie_id_movie_info (movie_id=mk.movie_id) (cost=1.34
      rows=5.37) (actual time=0.0271..0.216 rows=35.8 loops=499)
    actual_rows: 35.8
    estimated_rows: 5.37
    q_error: 6.666666666666666
  - node: Index lookup on ci using movie_id_cast_info (movie_id=mk.movie_id) (cost=3.87
      rows=15.5) (actual time=0.00183..0.0781 rows=68.4 loops=17885)
    actual_rows: 68.4
    estimated_rows: 15.5
    q_error: 4.412903225806452

- query: SELECT * FROM title t,movie_companies mc,cast_info ci WHERE t.id=mc.movie_id
    AND t.id=ci.movie_id AND t.kind_id=1 AND t.production_year>2005 AND mc.company_type_id>1
    AND ci.person_id>800979 AND ci.role_id=3
  qep:
  - node: Nested loop inner join (cost=1.89e+6 rows=390083) (actual time=2129..16072
      rows=628217 loops=1)
    actual_rows: 628217.0
    estimated_rows: 390083.0
    q_error: 1.610470079444631
  - node: Nested loop inner join (cost=717249 rows=216625) (actual time=2129..3801
      rows=195858 loops=1)
    actual_rows: 195858.0
    estimated_rows: 216625.0
    q_error: 1.10603089993771
  - node: 'Filter: (mc.company_type_id > 1) (cost=262291 rows=1.3e+6) (actual time=915..1933
      rows=1.33e+6 loops=1)'
    actual_rows: 1330000.0
    estimated_rows: 1300000.0
    q_error: 1.023076923076923
  - node: Table scan on mc (cost=262291 rows=2.6e+6) (actual time=0.0201..1759 rows=2.61e+6
      loops=1)
    actual_rows: 2610000.0
    estimated_rows: 2600000.0
    q_error: 1.0038461538461538
  - node: 'Filter: ((t.kind_id = 1) and (t.production_year > 2005)) (cost=0.25 rows=0.167)
      (actual time=0.00129..0.00131 rows=0.147 loops=1.33e+6)'
    actual_rows: 0.147
    estimated_rows: 0.167
    q_error: 1.1360544217687076
  - node: Single-row index lookup on t using PRIMARY (id=mc.movie_id) (cost=0.25 rows=1)
      (actual time=0.0011..0.00112 rows=1 loops=1.33e+6)
    actual_rows: 1.0
    estimated_rows: 1.0
    q_error: 1.0
  - node: 'Filter: ((ci.role_id = 3) and (ci.person_id > 800979)) (cost=3.87 rows=1.8)
      (actual time=0.0341..0.0623 rows=3.21 loops=195858)'
    actual_rows: 3.21
    estimated_rows: 1.8
    q_error: 1.7833333333333332
  - node: Index lookup on ci using movie_id_cast_info (movie_id=mc.movie_id) (cost=3.87
      rows=15.5) (actual time=0.00307..0.0598 rows=31.5 loops=195858)
    actual_rows: 31.5
    estimated_rows: 15.5
    q_error: 2.032258064516129

- query: SELECT * FROM title t,movie_keyword mk WHERE t.id=mk.movie_id AND mk.keyword_id<70428
  qep:
  - node: Nested loop inner join (cost=1.15e+6 rows=2.09e+6) (actual time=0.834..3081
      rows=4.33e+6 loops=1)
    actual_rows: 4330000.0
    estimated_rows: 2090000.0
    q_error: 2.0717703349282295
  - node: 'Filter: (mk.keyword_id < 70428) (cost=420275 rows=2.09e+6) (actual time=0.815..1503
      rows=4.33e+6 loops=1)'
    actual_rows: 4330000.0
    estimated_rows: 2090000.0
    q_error: 2.0717703349282295
  - node: Table scan on mk (cost=420275 rows=4.18e+6) (actual time=0.814..1235 rows=4.52e+6
      loops=1)
    actual_rows: 4520000.0
    estimated_rows: 4180000.0
    q_error: 1.0813397129186604
  - node: Single-row index lookup on t using PRIMARY (id=mk.movie_id) (cost=0.25 rows=1)
      (actual time=220e-6..242e-6 rows=1 loops=4.33e+6)
    actual_rows: 1.0
    estimated_rows: 1.0
    q_error: 1.0

- query: SELECT * FROM title t,movie_companies mc WHERE t.id=mc.movie_id AND t.production_year<1984
    AND mc.company_id=37708
  qep:
  - node: Nested loop inner join (cost=8.4 rows=4) (actual time=0.188..0.418 rows=4
      loops=1)
    actual_rows: 4.0
    estimated_rows: 4.0
    q_error: 1.0
  - node: Index lookup on mc using company_id_movie_companies (company_id=37708) (cost=4.2
      rows=12) (actual time=0.0734..0.243 rows=12 loops=1)
    actual_rows: 12.0
    estimated_rows: 12.0
    q_error: 1.0
  - node: 'Filter: (t.production_year < 1984) (cost=0.253 rows=0.333) (actual time=0.0132..0.0135
      rows=0.333 loops=12)'
    actual_rows: 0.333
    estimated_rows: 0.333
    q_error: 1.0
  - node: Single-row index lookup on t using PRIMARY (id=mc.movie_id) (cost=0.253
      rows=1) (actual time=0.0119..0.0121 rows=1 loops=12)
    actual_rows: 1.0
    estimated_rows: 1.0
    q_error: 1.0

- query: SELECT * FROM title t,movie_info mi,movie_info_idx mi_idx,movie_keyword mk
    WHERE t.id=mi.movie_id AND t.id=mi_idx.movie_id AND t.id=mk.movie_id AND t.kind_id=7
    AND mk.keyword_id<335
  qep:
  - node: Nested loop inner join (cost=4.2e+6 rows=8.28e+6) (actual time=123..7910
      rows=1.04e+6 loops=1)
    actual_rows: 1040000.0
    estimated_rows: 8280000.0
    q_error: 7.961538461538462
  - node: Nested loop inner join (cost=1.3e+6 rows=1.54e+6) (actual time=123..5936
      rows=73368 loops=1)
    actual_rows: 73368.0
    estimated_rows: 1540000.0
    q_error: 20.99007741794788
  - node: Nested loop inner join (cost=760747 rows=475467) (actual time=110..1828
      rows=52179 loops=1)
    actual_rows: 52179.0
    estimated_rows: 475467.0
    q_error: 9.112229057666877
  - node: 'Index range scan on mk using keyword_id_movie_keyword over (keyword_id
      < 335), with index condition: (mk.keyword_id < 335) (cost=427921 rows=950934)
      (actual time=110..1034 rows=363692 loops=1)'
    actual_rows: 363692.0
    estimated_rows: 950934.0
    q_error: 2.614668455726274
  - node: 'Filter: (t.kind_id = 7) (cost=0.25 rows=0.5) (actual time=0.00205..0.00207
      rows=0.143 loops=363692)'
    actual_rows: 0.143
    estimated_rows: 0.5
    q_error: 3.4965034965034967
  - node: Single-row index lookup on t using PRIMARY (id=mk.movie_id) (cost=0.25 rows=1)
      (actual time=0.00184..0.00187 rows=1 loops=363692)
    actual_rows: 1.0
    estimated_rows: 1.0
    q_error: 1.0
  - node: Index lookup on mi_idx using movie_id_movie_info_idx (movie_id=mk.movie_id)
      (cost=0.811 rows=3.24) (actual time=0.0722..0.0785 rows=1.41 loops=52179)
    actual_rows: 1.41
    estimated_rows: 3.24
    q_error: 2.297872340425532
  - node: Index lookup on mi using movie_id_movie_info (movie_id=mk.movie_id) (cost=1.34
      rows=5.37) (actual time=0.00343..0.0258 rows=14.2 loops=73368)
    actual_rows: 14.2
    estimated_rows: 5.37
    q_error: 2.6443202979515825

- query: SELECT * FROM title t,movie_companies mc WHERE t.id=mc.movie_id AND t.kind_id<7
    AND t.production_year<2012
  qep:
  - node: Nested loop inner join (cost=758390 rows=1.41e+6) (actual time=0.0862..5864
      rows=1.77e+6 loops=1)
    actual_rows: 1770000.0
    estimated_rows: 1410000.0
    q_error: 1.2553191489361701
  - node: 'Filter: ((t.kind_id < 7) and (t.production_year < 2012)) (cost=266255 rows=433502)
      (actual time=0.0194..1965 rows=896788 loops=1)'
    actual_rows: 896788.0
    estimated_rows: 433502.0
    q_error: 2.0687055653722473
  - node: Table scan on t (cost=266255 rows=2.6e+6) (actual time=0.0153..1783 rows=2.53e+6
      loops=1)
    actual_rows: 2530000.0
    estimated_rows: 2600000.0
    q_error: 1.0276679841897234
  - node: Index lookup on mc using movie_id_movie_companies (movie_id=t.id) (cost=0.811
      rows=3.24) (actual time=0.00237..0.00415 rows=1.97 loops=896788)
    actual_rows: 1.97
    estimated_rows: 3.24
    q_error: 1.6446700507614214

- query: SELECT * FROM title t WHERE t.kind_id>2 AND t.production_year=1974
  qep:
  - node: 'Filter: ((t.production_year = 1974) and (t.kind_id > 2)) (cost=266255 rows=130064)
      (actual time=0.46..1743 rows=8942 loops=1)'
    actual_rows: 8942.0
    estimated_rows: 130064.0
    q_error: 14.545291881010959
  - node: Table scan on t (cost=266255 rows=2.6e+6) (actual time=0.0167..1598 rows=2.53e+6
      loops=1)
    actual_rows: 2530000.0
    estimated_rows: 2600000.0
    q_error: 1.0276679841897234

- query: SELECT * FROM title t,movie_info mi WHERE t.id=mi.movie_id AND mi.info_type_id>8
  qep:
  - node: Nested loop inner join (cost=3.77e+6 rows=6.81e+6) (actual time=0.347..21474
      rows=6.22e+6 loops=1)
    actual_rows: 6220000.0
    estimated_rows: 6810000.0
    q_error: 1.094855305466238
  - node: 'Filter: (mi.info_type_id > 8) (cost=1.39e+6 rows=6.81e+6) (actual time=0.0133..12822
      rows=6.22e+6 loops=1)'
    actual_rows: 6220000.0
    estimated_rows: 6810000.0
    q_error: 1.094855305466238
  - node: Table scan on mi (cost=1.39e+6 rows=13.6e+6) (actual time=0.0124..11918
      rows=14.8e+6 loops=1)
    actual_rows: 14800000.0
    estimated_rows: 13600000.0
    q_error: 1.088235294117647
  - node: Single-row index lookup on t using PRIMARY (id=mi.movie_id) (cost=0.25 rows=1)
      (actual time=0.00123..0.00125 rows=1 loops=6.22e+6)
    actual_rows: 1.0
    estimated_rows: 1.0
    q_error: 1.0

- query: SELECT * FROM title t,cast_info ci,movie_info mi,movie_info_idx mi_idx,movie_keyword
    mk WHERE t.id=ci.movie_id AND t.id=mi.movie_id AND t.id=mi_idx.movie_id AND t.id=mk.movie_id
    AND t.kind_id=1 AND mi.info_type_id<4
  qep:
  - node: Nested loop inner join (cost=111e+6 rows=282e+6) (actual time=457..3.33e+6
      rows=2.51e+9 loops=1)
    actual_rows: 2510000000.0
    estimated_rows: 282000000.0
    q_error: 8.900709219858156
  - node: Nested loop inner join (cost=12.2e+6 rows=18.2e+6) (actual time=457..359519
      rows=36.3e+6 loops=1)
    actual_rows: 36300000.0
    estimated_rows: 18200000.0
    q_error: 1.9945054945054945
  - node: Nested loop inner join (cost=5.81e+6 rows=5.62e+6) (actual time=457..287741
      rows=13.5e+6 loops=1)
    actual_rows: 13500000.0
    estimated_rows: 5620000.0
    q_error: 2.402135231316726
  - node: Nested loop inner join (cost=1.88e+6 rows=2.09e+6) (actual time=457..4962
      rows=2.89e+6 loops=1)
    actual_rows: 2890000.0
    estimated_rows: 2090000.0
    q_error: 1.3827751196172249
  - node: Table scan on mk (cost=420275 rows=4.18e+6) (actual time=0.682..1427 rows=4.52e+6
      loops=1)
    actual_rows: 4520000.0
    estimated_rows: 4180000.0
    q_error: 1.0813397129186604
  - node: 'Filter: (t.kind_id = 1) (cost=0.25 rows=0.5) (actual time=565e-6..631e-6
      rows=0.638 loops=4.52e+6)'
    actual_rows: 0.638
    estimated_rows: 0.5
    q_error: 1.276
  - node: Single-row index lookup on t using PRIMARY (id=mk.movie_id) (cost=0.25 rows=1)
      (actual time=397e-6..422e-6 rows=1 loops=4.52e+6)
    actual_rows: 1.0
    estimated_rows: 1.0
    q_error: 1.0
  - node: 'Filter: (mi.info_type_id < 4) (cost=1.34 rows=2.69) (actual time=0.0617..0.0975
      rows=4.66 loops=2.89e+6)'
    actual_rows: 4.66
    estimated_rows: 2.69
    q_error: 1.7323420074349443
  - node: Index lookup on mi using movie_id_movie_info (movie_id=mk.movie_id) (cost=1.34
      rows=5.37) (actual time=0.00323..0.0932 rows=73.2 loops=2.89e+6)
    actual_rows: 73.2
    estimated_rows: 5.37
    q_error: 13.631284916201118
  - node: Index lookup on mi_idx using movie_id_movie_info_idx (movie_id=mk.movie_id)
      (cost=0.811 rows=3.24) (actual time=0.00242..0.0051 rows=2.69 loops=13.5e+6)
    actual_rows: 2.69
    estimated_rows: 3.24
    q_error: 1.204460966542751
  - node: Index lookup on ci using movie_id_cast_info (movie_id=mk.movie_id) (cost=3.87
      rows=15.5) (actual time=0.00156..0.0786 rows=69.3 loops=36.3e+6)
    actual_rows: 69.3
    estimated_rows: 15.5
    q_error: 4.470967741935484

- query: SELECT * FROM title t,movie_info_idx mi_idx WHERE t.id=mi_idx.movie_id AND
    t.kind_id=1 AND t.production_year<1975 AND mi_idx.info_type_id=100
  qep:
  - node: Nested loop inner join (cost=287932 rows=105749) (actual time=525..1431
      rows=62556 loops=1)
    actual_rows: 62556.0
    estimated_rows: 105749.0
    q_error: 1.6904693394718333
  - node: Index lookup on mi_idx using info_type_id_movie_info_idx (info_type_id=100)
      (cost=65836 rows=634560) (actual time=0.233..690 rows=459925 loops=1)
    actual_rows: 459925.0
    estimated_rows: 634560.0
    q_error: 1.3797032124802957
  - node: 'Filter: ((t.kind_id = 1) and (t.production_year < 1975)) (cost=0.25 rows=0.167)
      (actual time=0.00151..0.00152 rows=0.136 loops=459925)'
    actual_rows: 0.136
    estimated_rows: 0.167
    q_error: 1.2279411764705883
  - node: Single-row index lookup on t using PRIMARY (id=mi_idx.movie_id) (cost=0.25
      rows=1) (actual time=0.00132..0.00134 rows=1 loops=459925)
    actual_rows: 1.0
    estimated_rows: 1.0
    q_error: 1.0

- query: SELECT * FROM title t,movie_keyword mk WHERE t.id=mk.movie_id AND t.kind_id=1
    AND t.production_year>1994
  qep:
  - node: Nested loop inner join (cost=1.88e+6 rows=696772) (actual time=582..2958
      rows=1.34e+6 loops=1)
    actual_rows: 1340000.0
    estimated_rows: 696772.0
    q_error: 1.9231542025224895
  - node: Table scan on mk (cost=420275 rows=4.18e+6) (actual time=0.895..904 rows=4.52e+6
      loops=1)
    actual_rows: 4520000.0
    estimated_rows: 4180000.0
    q_error: 1.0813397129186604
  - node: 'Filter: ((t.kind_id = 1) and (t.production_year > 1994)) (cost=0.25 rows=0.167)
      (actual time=350e-6..369e-6 rows=0.297 loops=4.52e+6)'
    actual_rows: 0.297
    estimated_rows: 0.167
    q_error: 1.778443113772455
  - node: Single-row index lookup on t using PRIMARY (id=mk.movie_id) (cost=0.25 rows=1)
      (actual time=202e-6..223e-6 rows=1 loops=4.52e+6)
    actual_rows: 1.0
    estimated_rows: 1.0
    q_error: 1.0

- query: SELECT * FROM movie_keyword mk WHERE mk.keyword_id=12828
  qep:
  - node: Index lookup on mk using keyword_id_movie_keyword (keyword_id=12828) (cost=118
      rows=337) (actual time=0.761..0.814 rows=337 loops=1)
    actual_rows: 337.0
    estimated_rows: 337.0
    q_error: 1.0

- query: SELECT * FROM title t,movie_info_idx mi_idx WHERE t.id=mi_idx.movie_id AND
    t.kind_id<7 AND mi_idx.info_type_id>101
  qep:
  - node: Nested loop inner join (cost=208 rows=130) (actual time=0.0259..0.743 rows=260
      loops=1)
    actual_rows: 260.0
    estimated_rows: 130.0
    q_error: 2.0
  - node: 'Index range scan on mi_idx using info_type_id_movie_info_idx over (101
      < info_type_id), with index condition: (mi_idx.info_type_id > 101) (cost=117
      rows=260) (actual time=0.017..0.28 rows=260 loops=1)'
    actual_rows: 260.0
    estimated_rows: 260.0
    q_error: 1.0
  - node: 'Filter: (t.kind_id < 7) (cost=0.25 rows=0.5) (actual time=0.00163..0.00167
      rows=1 loops=260)'
    actual_rows: 1.0
    estimated_rows: 0.5
    q_error: 2.0
  - node: Single-row index lookup on t using PRIMARY (id=mi_idx.movie_id) (cost=0.25
      rows=1) (actual time=0.00155..0.00156 rows=1 loops=260)
    actual_rows: 1.0
    estimated_rows: 1.0
    q_error: 1.0

- query: SELECT * FROM title t WHERE t.production_year<2007
  qep:
  - node: 'Filter: (t.production_year < 2007) (cost=266255 rows=867004) (actual time=0.037..1854
      rows=1.55e+6 loops=1)'
    actual_rows: 1550000.0
    estimated_rows: 867004.0
    q_error: 1.7877656850487427
  - node: Table scan on t (cost=266255 rows=2.6e+6) (actual time=0.0296..1700 rows=2.53e+6
      loops=1)
    actual_rows: 2530000.0
    estimated_rows: 2600000.0
    q_error: 1.0276679841897234

- query: SELECT * FROM title t,movie_info mi,movie_info_idx mi_idx WHERE t.id=mi.movie_id
    AND t.id=mi_idx.movie_id AND t.kind_id<7 AND t.production_year<2009 AND mi.info_type_id<8
  qep:
  - node: Nested loop inner join (cost=969555 rows=568081) (actual time=0.0429..24879
      rows=6.35e+6 loops=1)
    actual_rows: 6350000.0
    estimated_rows: 568081.0
    q_error: 11.17798342137829
  - node: Nested loop inner join (cost=571898 rows=211499) (actual time=0.0301..2261
      rows=798605 loops=1)
    actual_rows: 798605.0
    estimated_rows: 211499.0
    q_error: 3.7759280185721917
  - node: Table scan on mi_idx (cost=127705 rows=1.27e+6) (actual time=0.0169..934
      rows=1.38e+6 loops=1)
    actual_rows: 1380000.0
    estimated_rows: 1270000.0
    q_error: 1.0866141732283465
  - node: 'Filter: ((t.kind_id < 7) and (t.production_year < 2009)) (cost=0.25 rows=0.167)
      (actual time=803e-6..844e-6 rows=0.579 loops=1.38e+6)'
    actual_rows: 0.579
    estimated_rows: 0.167
    q_error: 3.4670658682634725
  - node: Single-row index lookup on t using PRIMARY (id=mi_idx.movie_id) (cost=0.25
      rows=1) (actual time=624e-6..648e-6 rows=1 loops=1.38e+6)
    actual_rows: 1.0
    estimated_rows: 1.0
    q_error: 1.0
  - node: 'Filter: (mi.info_type_id < 8) (cost=1.34 rows=2.69) (actual time=0.0112..0.0278
      rows=7.95 loops=798605)'
    actual_rows: 7.95
    estimated_rows: 2.69
    q_error: 2.955390334572491
  - node: Index lookup on mi using movie_id_movie_info (movie_id=mi_idx.movie_id)
      (cost=1.34 rows=5.37) (actual time=0.00284..0.0265 rows=18.5 loops=798605)
    actual_rows: 18.5
    estimated_rows: 5.37
    q_error: 3.445065176908752

- query: SELECT * FROM title t,cast_info ci WHERE t.id=ci.movie_id AND ci.role_id>4
  qep:
  - node: Nested loop inner join (cost=9.6e+6 rows=17.4e+6) (actual time=23162..46235
      rows=9.38e+6 loops=1)
    actual_rows: 9380000.0
    estimated_rows: 17400000.0
    q_error: 1.8550106609808101
  - node: 'Filter: (ci.role_id > 4) (cost=3.51e+6 rows=17.4e+6) (actual time=23162..30892
      rows=9.38e+6 loops=1)'
    actual_rows: 9380000.0
    estimated_rows: 17400000.0
    q_error: 1.8550106609808101
  - node: Table scan on ci (cost=3.51e+6 rows=34.8e+6) (actual time=0.0312..28855
      rows=36.2e+6 loops=1)
    actual_rows: 36200000.0
    estimated_rows: 34800000.0
    q_error: 1.0402298850574712
  - node: Single-row index lookup on t using PRIMARY (id=ci.movie_id) (cost=0.25 rows=1)
      (actual time=0.00148..0.00151 rows=1 loops=9.38e+6)
    actual_rows: 1.0
    estimated_rows: 1.0
    q_error: 1.0

- query: SELECT * FROM title t,movie_info_idx mi_idx,movie_keyword mk WHERE t.id=mi_idx.movie_id
    AND t.id=mk.movie_id AND t.kind_id=7 AND t.production_year>1985
  qep:
  - node: Nested loop inner join (cost=1.43e+6 rows=2.44e+6) (actual time=1.01..3951
      rows=885780 loops=1)
    actual_rows: 885780.0
    estimated_rows: 2440000.0
    q_error: 2.754634333581702
  - node: Nested loop inner join (cost=571898 rows=211499) (actual time=0.285..1815
      rows=333258 loops=1)
    actual_rows: 333258.0
    estimated_rows: 211499.0
    q_error: 1.5756953933588338
  - node: Table scan on mi_idx (cost=127705 rows=1.27e+6) (actual time=0.252..793
      rows=1.38e+6 loops=1)
    actual_rows: 1380000.0
    estimated_rows: 1270000.0
    q_error: 1.0866141732283465
  - node: 'Filter: ((t.kind_id = 7) and (t.production_year > 1985)) (cost=0.25 rows=0.167)
      (actual time=638e-6..654e-6 rows=0.241 loops=1.38e+6)'
    actual_rows: 0.241
    estimated_rows: 0.167
    q_error: 1.4431137724550898
  - node: Single-row index lookup on t using PRIMARY (id=mi_idx.movie_id) (cost=0.25
      rows=1) (actual time=479e-6..499e-6 rows=1 loops=1.38e+6)
    actual_rows: 1.0
    estimated_rows: 1.0
    q_error: 1.0
  - node: Index lookup on mk using movie_id_movie_keyword (movie_id=mi_idx.movie_id)
      (cost=2.88 rows=11.5) (actual time=0.00499..0.00617 rows=2.66 loops=333258)
    actual_rows: 2.66
    estimated_rows: 11.5
    q_error: 4.323308270676692

- query: SELECT * FROM movie_keyword mk WHERE mk.keyword_id=1069
  qep:
  - node: Index lookup on mk using keyword_id_movie_keyword (keyword_id=1069) (cost=362
      rows=1034) (actual time=0.642..1.6 rows=1034 loops=1)
    actual_rows: 1034.0
    estimated_rows: 1034.0
    q_error: 1.0

- query: SELECT * FROM title t,movie_companies mc,cast_info ci WHERE t.id=mc.movie_id
    AND t.id=ci.movie_id
  qep:
  - node: Nested loop inner join (cost=15.2e+6 rows=40.2e+6) (actual time=0.127..164498
      rows=80.3e+6 loops=1)
    actual_rows: 80300000.0
    estimated_rows: 40200000.0
    q_error: 1.9975124378109452
  - node: Nested loop inner join (cost=1.17e+6 rows=2.6e+6) (actual time=0.0857..5600
      rows=2.61e+6 loops=1)
    actual_rows: 2610000.0
    estimated_rows: 2600000.0
    q_error: 1.0038461538461538
  - node: Table scan on mc (cost=262291 rows=2.6e+6) (actual time=0.0742..2216 rows=2.61e+6
      loops=1)
    actual_rows: 2610000.0
    estimated_rows: 2600000.0
    q_error: 1.0038461538461538
  - node: Single-row index lookup on t using PRIMARY (id=mc.movie_id) (cost=0.25 rows=1)
      (actual time=0.00112..0.00114 rows=1 loops=2.61e+6)
    actual_rows: 1.0
    estimated_rows: 1.0
    q_error: 1.0
  - node: Index lookup on ci using movie_id_cast_info (movie_id=mc.movie_id) (cost=3.87
      rows=15.5) (actual time=0.00528..0.0593 rows=30.8 loops=2.61e+6)
    actual_rows: 30.8
    estimated_rows: 15.5
    q_error: 1.9870967741935484

- query: SELECT * FROM movie_keyword mk WHERE mk.keyword_id>2469
  qep:
  - node: 'Filter: (mk.keyword_id > 2469) (cost=420275 rows=2.09e+6) (actual time=1.17..945
      rows=2.92e+6 loops=1)'
    actual_rows: 2920000.0
    estimated_rows: 2090000.0
    q_error: 1.3971291866028708
  - node: Table scan on mk (cost=420275 rows=4.18e+6) (actual time=0.714..723 rows=4.52e+6
      loops=1)
    actual_rows: 4520000.0
    estimated_rows: 4180000.0
    q_error: 1.0813397129186604

- query: SELECT * FROM title t,movie_keyword mk WHERE t.id=mk.movie_id AND t.production_year=2012
  qep:
  - node: Nested loop inner join (cost=1.32e+6 rows=3e+6) (actual time=0.0503..2889
      rows=107578 loops=1)
    actual_rows: 107578.0
    estimated_rows: 3000000.0
    q_error: 27.886742642547734
  - node: 'Filter: (t.production_year = 2012) (cost=266255 rows=260127) (actual time=0.0299..1903
      rows=164307 loops=1)'
    actual_rows: 164307.0
    estimated_rows: 260127.0
    q_error: 1.5831766145082071
  - node: Table scan on t (cost=266255 rows=2.6e+6) (actual time=0.0198..1776 rows=2.53e+6
      loops=1)
    actual_rows: 2530000.0
    estimated_rows: 2600000.0
    q_error: 1.0276679841897234
  - node: Index lookup on mk using movie_id_movie_keyword (movie_id=t.id) (cost=2.88
      rows=11.5) (actual time=0.00546..0.00584 rows=0.655 loops=164307)
    actual_rows: 0.655
    estimated_rows: 11.5
    q_error: 17.557251908396946

- query: SELECT * FROM title t,cast_info ci,movie_info mi,movie_keyword mk WHERE t.id=ci.movie_id
    AND t.id=mi.movie_id AND t.id=mk.movie_id AND t.kind_id<7 AND t.production_year=2009
  qep:
  - node: Nested loop inner join (cost=8.36e+6 rows=17.4e+6) (actual time=0.788..1.84e+6
      rows=1.5e+9 loops=1)
    actual_rows: 1500000000.0
    estimated_rows: 17400000.0
    q_error: 86.20689655172414
  - node: Nested loop inner join (cost=2.28e+6 rows=1.12e+6) (actual time=0.774..26544
      rows=10.1e+6 loops=1)
    actual_rows: 10100000.0
    estimated_rows: 1120000.0
    q_error: 9.017857142857142
  - node: Nested loop inner join (cost=1.88e+6 rows=209053) (actual time=0.763..3206
      rows=164531 loops=1)
    actual_rows: 164531.0
    estimated_rows: 209053.0
    q_error: 1.2705994614996565
  - node: Table scan on mk (cost=420275 rows=4.18e+6) (actual time=0.703..958 rows=4.52e+6
      loops=1)
    actual_rows: 4520000.0
    estimated_rows: 4180000.0
    q_error: 1.0813397129186604
  - node: 'Filter: ((t.production_year = 2009) and (t.kind_id < 7)) (cost=0.25 rows=0.05)
      (actual time=408e-6..414e-6 rows=0.0364 loops=4.52e+6)'
    actual_rows: 0.0364
    estimated_rows: 0.05
    q_error: 1.3736263736263736
  - node: Single-row index lookup on t using PRIMARY (id=mk.movie_id) (cost=0.25 rows=1)
      (actual time=233e-6..255e-6 rows=1 loops=4.52e+6)
    actual_rows: 1.0
    estimated_rows: 1.0
    q_error: 1.0
  - node: Index lookup on mi using movie_id_movie_info (movie_id=mk.movie_id) (cost=1.34
      rows=5.37) (actual time=0.00716..0.139 rows=61.6 loops=164531)
    actual_rows: 61.6
    estimated_rows: 5.37
    q_error: 11.471135940409683
  - node: Index lookup on ci using movie_id_cast_info (movie_id=mk.movie_id) (cost=3.87
      rows=15.5) (actual time=0.00176..0.172 rows=148 loops=10.1e+6)
    actual_rows: 148.0
    estimated_rows: 15.5
    q_error: 9.548387096774194

- query: SELECT * FROM title t WHERE t.kind_id>1 AND t.production_year>2013
  qep:
  - node: 'Filter: ((t.kind_id > 1) and (t.production_year > 2013)) (cost=266255 rows=433502)
      (actual time=2.8..1721 rows=298 loops=1)'
    actual_rows: 298.0
    estimated_rows: 433502.0
    q_error: 1454.7046979865772
  - node: Table scan on t (cost=266255 rows=2.6e+6) (actual time=0.0225..1568 rows=2.53e+6
      loops=1)
    actual_rows: 2530000.0
    estimated_rows: 2600000.0
    q_error: 1.0276679841897234

- query: SELECT * FROM title t,movie_companies mc,movie_info mi WHERE t.id=mc.movie_id
    AND t.id=mi.movie_id AND t.production_year>2004
  qep:
  - node: Nested loop inner join (cost=2.8e+6 rows=4.65e+6) (actual time=0.0404..35857
      rows=22.2e+6 loops=1)
    actual_rows: 22200000.0
    estimated_rows: 4650000.0
    q_error: 4.774193548387097
  - node: Nested loop inner join (cost=1.17e+6 rows=866501) (actual time=0.0276..4643
      rows=917132 loops=1)
    actual_rows: 917132.0
    estimated_rows: 866501.0
    q_error: 1.0584315540316744
  - node: Table scan on mc (cost=262291 rows=2.6e+6) (actual time=0.0163..1573 rows=2.61e+6
      loops=1)
    actual_rows: 2610000.0
    estimated_rows: 2600000.0
    q_error: 1.0038461538461538
  - node: 'Filter: (t.production_year > 2004) (cost=0.25 rows=0.333) (actual time=0.00105..0.00108
      rows=0.352 loops=2.61e+6)'
    actual_rows: 0.352
    estimated_rows: 0.333
    q_error: 1.057057057057057
  - node: Single-row index lookup on t using PRIMARY (id=mc.movie_id) (cost=0.25 rows=1)
      (actual time=894e-6..915e-6 rows=1 loops=2.61e+6)
    actual_rows: 1.0
    estimated_rows: 1.0
    q_error: 1.0
  - node: Index lookup on mi using movie_id_movie_info (movie_id=mc.movie_id) (cost=1.34
      rows=5.37) (actual time=0.0035..0.0328 rows=24.2 loops=917132)
    actual_rows: 24.2
    estimated_rows: 5.37
    q_error: 4.506517690875232

- query: SELECT * FROM title t,movie_info mi,movie_info_idx mi_idx,movie_keyword mk
    WHERE t.id=mi.movie_id AND t.id=mi_idx.movie_id AND t.id=mk.movie_id AND t.kind_id=3
    AND mk.keyword_id>121648
  qep:
  - node: Nested loop inner join (cost=37544 rows=36088) (actual time=14.6..237 rows=47745
      loops=1)
    actual_rows: 47745.0
    estimated_rows: 36088.0
    q_error: 1.3230159609842607
  - node: Nested loop inner join (cost=24913 rows=6718) (actual time=14.6..161 rows=2052
      loops=1)
    actual_rows: 2052.0
    estimated_rows: 6718.0
    q_error: 3.2738791423001947
  - node: Nested loop inner join (cost=22562 rows=2072) (actual time=13.4..105 rows=953
      loops=1)
    actual_rows: 953.0
    estimated_rows: 2072.0
    q_error: 2.174186778593914
  - node: 'Index range scan on mk using keyword_id_movie_keyword over (121648 < keyword_id),
      with index condition: (mk.keyword_id > 121648) (cost=12691 rows=28202) (actual
      time=13.4..87.9 rows=14342 loops=1)'
    actual_rows: 14342.0
    estimated_rows: 28202.0
    q_error: 1.9663924138892763
  - node: 'Filter: (t.kind_id = 3) (cost=0.25 rows=0.0735) (actual time=0.0011..0.00111
      rows=0.0664 loops=14342)'
    actual_rows: 0.0664
    estimated_rows: 0.0735
    q_error: 1.1069277108433735
  - node: Single-row index lookup on t using PRIMARY (id=mk.movie_id) (cost=0.25 rows=1)
      (actual time=932e-6..957e-6 rows=1 loops=14342)
    actual_rows: 1.0
    estimated_rows: 1.0
    q_error: 1.0
  - node: Index lookup on mi_idx using movie_id_movie_info_idx (movie_id=mk.movie_id)
      (cost=0.811 rows=3.24) (actual time=0.0446..0.0582 rows=2.15 loops=953)
    actual_rows: 2.15
    estimated_rows: 3.24
    q_error: 1.5069767441860467
  - node: Index lookup on mi using movie_id_movie_info (movie_id=mk.movie_id) (cost=1.34
      rows=5.37) (actual time=0.00309..0.0356 rows=23.3 loops=2052)
    actual_rows: 23.3
    estimated_rows: 5.37
    q_error: 4.338919925512104
